[2.080s] DEBUG:colcon:Command line arguments: ['/usr/bin/colcon', 'build', '--symlink-install']
[2.080s] DEBUG:colcon:Parsed command line arguments: Namespace(allow_overriding=[], ament_cmake_args=None, base_paths=['.'], build_base='build', catkin_cmake_args=None, catkin_skip_building_tests=False, cmake_args=None, cmake_clean_cache=False, cmake_clean_first=False, cmake_force_configure=False, cmake_target=None, cmake_target_skip_unavailable=False, continue_on_error=False, event_handlers=None, executor='parallel', ignore_user_meta=False, install_base='install', log_base=None, log_level=None, main=<bound method BuildVerb.main of <colcon_core.verb.build.BuildVerb object at 0x7f0ffad37ee0>>, merge_install=False, metas=['./colcon.meta'], packages_above=None, packages_above_and_dependencies=None, packages_above_depth=None, packages_end=None, packages_ignore=None, packages_ignore_regex=None, packages_select=None, packages_select_build_failed=False, packages_select_by_dep=None, packages_select_regex=None, packages_select_test_failures=False, packages_skip=None, packages_skip_build_finished=False, packages_skip_by_dep=None, packages_skip_regex=None, packages_skip_test_passed=False, packages_skip_up_to=None, packages_start=None, packages_up_to=None, packages_up_to_regex=None, parallel_workers=8, paths=None, symlink_install=True, test_result_base=None, verb_extension=<colcon_core.verb.build.BuildVerb object at 0x7f0ffad37ee0>, verb_name='build', verb_parser=<colcon_defaults.argument_parser.defaults.DefaultArgumentsDecorator object at 0x7f0ffa9c0340>)
[2.172s] Level 1:colcon.colcon_core.package_discovery:discover_packages(colcon_meta) check parameters
[2.173s] Level 1:colcon.colcon_core.package_discovery:discover_packages(recursive) check parameters
[2.173s] Level 1:colcon.colcon_core.package_discovery:discover_packages(ignore) check parameters
[2.173s] Level 1:colcon.colcon_core.package_discovery:discover_packages(path) check parameters
[2.173s] Level 1:colcon.colcon_core.package_discovery:discover_packages(colcon_meta) discover
[2.173s] Level 1:colcon.colcon_core.package_discovery:discover_packages(recursive) discover
[2.173s] INFO:colcon.colcon_core.package_discovery:Crawling recursively for packages in '/home/ubuntu/ros2_WS/src'
[2.173s] Level 1:colcon.colcon_core.package_identification:_identify(.) by extensions ['ignore', 'ignore_ament_install']
[2.173s] Level 1:colcon.colcon_core.package_identification:_identify(.) by extension 'ignore'
[2.173s] Level 1:colcon.colcon_core.package_identification:_identify(.) by extension 'ignore_ament_install'
[2.173s] Level 1:colcon.colcon_core.package_identification:_identify(.) by extensions ['colcon_pkg']
[2.173s] Level 1:colcon.colcon_core.package_identification:_identify(.) by extension 'colcon_pkg'
[2.174s] Level 1:colcon.colcon_core.package_identification:_identify(.) by extensions ['colcon_meta']
[2.174s] Level 1:colcon.colcon_core.package_identification:_identify(.) by extension 'colcon_meta'
[2.174s] Level 1:colcon.colcon_core.package_identification:_identify(.) by extensions ['ros']
[2.174s] Level 1:colcon.colcon_core.package_identification:_identify(.) by extension 'ros'
[2.184s] Level 1:colcon.colcon_core.package_identification:_identify(.) by extensions ['cmake', 'python']
[2.184s] Level 1:colcon.colcon_core.package_identification:_identify(.) by extension 'cmake'
[2.184s] Level 1:colcon.colcon_core.package_identification:_identify(.) by extension 'python'
[2.184s] Level 1:colcon.colcon_core.package_identification:_identify(.) by extensions ['python_setup_py']
[2.184s] Level 1:colcon.colcon_core.package_identification:_identify(.) by extension 'python_setup_py'
[2.184s] Level 1:colcon.colcon_core.package_identification:_identify(YDLidar-SDK) by extensions ['ignore', 'ignore_ament_install']
[2.184s] Level 1:colcon.colcon_core.package_identification:_identify(YDLidar-SDK) by extension 'ignore'
[2.184s] Level 1:colcon.colcon_core.package_identification:_identify(YDLidar-SDK) by extension 'ignore_ament_install'
[2.185s] Level 1:colcon.colcon_core.package_identification:_identify(YDLidar-SDK) by extensions ['colcon_pkg']
[2.185s] Level 1:colcon.colcon_core.package_identification:_identify(YDLidar-SDK) by extension 'colcon_pkg'
[2.185s] Level 1:colcon.colcon_core.package_identification:_identify(YDLidar-SDK) by extensions ['colcon_meta']
[2.185s] Level 1:colcon.colcon_core.package_identification:_identify(YDLidar-SDK) by extension 'colcon_meta'
[2.185s] Level 1:colcon.colcon_core.package_identification:_identify(YDLidar-SDK) by extensions ['ros']
[2.185s] Level 1:colcon.colcon_core.package_identification:_identify(YDLidar-SDK) by extension 'ros'
[2.185s] Level 1:colcon.colcon_core.package_identification:_identify(YDLidar-SDK) by extensions ['cmake', 'python']
[2.185s] Level 1:colcon.colcon_core.package_identification:_identify(YDLidar-SDK) by extension 'cmake'
[2.203s] Level 1:colcon.colcon_core.package_identification:_identify(YDLidar-SDK) by extension 'python'
[2.203s] DEBUG:colcon.colcon_core.package_identification:Package 'YDLidar-SDK' with type 'cmake' and name 'ydlidar_sdk'
[2.203s] Level 1:colcon.colcon_core.package_identification:_identify(build) by extensions ['ignore', 'ignore_ament_install']
[2.203s] Level 1:colcon.colcon_core.package_identification:_identify(build) by extension 'ignore'
[2.203s] Level 1:colcon.colcon_core.package_identification:_identify(build) ignored
[2.204s] Level 1:colcon.colcon_core.package_identification:_identify(install) by extensions ['ignore', 'ignore_ament_install']
[2.204s] Level 1:colcon.colcon_core.package_identification:_identify(install) by extension 'ignore'
[2.204s] Level 1:colcon.colcon_core.package_identification:_identify(install) ignored
[2.204s] Level 1:colcon.colcon_core.package_identification:_identify(log) by extensions ['ignore', 'ignore_ament_install']
[2.204s] Level 1:colcon.colcon_core.package_identification:_identify(log) by extension 'ignore'
[2.204s] Level 1:colcon.colcon_core.package_identification:_identify(log) ignored
[2.204s] Level 1:colcon.colcon_core.package_identification:_identify(ydlidar_ros2_driver) by extensions ['ignore', 'ignore_ament_install']
[2.204s] Level 1:colcon.colcon_core.package_identification:_identify(ydlidar_ros2_driver) by extension 'ignore'
[2.204s] Level 1:colcon.colcon_core.package_identification:_identify(ydlidar_ros2_driver) by extension 'ignore_ament_install'
[2.205s] Level 1:colcon.colcon_core.package_identification:_identify(ydlidar_ros2_driver) by extensions ['colcon_pkg']
[2.205s] Level 1:colcon.colcon_core.package_identification:_identify(ydlidar_ros2_driver) by extension 'colcon_pkg'
[2.205s] Level 1:colcon.colcon_core.package_identification:_identify(ydlidar_ros2_driver) by extensions ['colcon_meta']
[2.205s] Level 1:colcon.colcon_core.package_identification:_identify(ydlidar_ros2_driver) by extension 'colcon_meta'
[2.205s] Level 1:colcon.colcon_core.package_identification:_identify(ydlidar_ros2_driver) by extensions ['ros']
[2.205s] Level 1:colcon.colcon_core.package_identification:_identify(ydlidar_ros2_driver) by extension 'ros'
[2.208s] DEBUG:colcon.colcon_core.package_identification:Package 'ydlidar_ros2_driver' with type 'ros.ament_cmake' and name 'ydlidar_ros2_driver'
[2.209s] Level 1:colcon.colcon_core.package_identification:_identify(ydlidar_tg15) by extensions ['ignore', 'ignore_ament_install']
[2.209s] Level 1:colcon.colcon_core.package_identification:_identify(ydlidar_tg15) by extension 'ignore'
[2.209s] Level 1:colcon.colcon_core.package_identification:_identify(ydlidar_tg15) by extension 'ignore_ament_install'
[2.209s] Level 1:colcon.colcon_core.package_identification:_identify(ydlidar_tg15) by extensions ['colcon_pkg']
[2.209s] Level 1:colcon.colcon_core.package_identification:_identify(ydlidar_tg15) by extension 'colcon_pkg'
[2.209s] Level 1:colcon.colcon_core.package_identification:_identify(ydlidar_tg15) by extensions ['colcon_meta']
[2.209s] Level 1:colcon.colcon_core.package_identification:_identify(ydlidar_tg15) by extension 'colcon_meta'
[2.209s] Level 1:colcon.colcon_core.package_identification:_identify(ydlidar_tg15) by extensions ['ros']
[2.209s] Level 1:colcon.colcon_core.package_identification:_identify(ydlidar_tg15) by extension 'ros'
[2.210s] DEBUG:colcon.colcon_core.package_identification:Package 'ydlidar_tg15' with type 'ros.ament_python' and name 'ydlidar_tg15'
[2.210s] Level 1:colcon.colcon_core.package_discovery:discover_packages(recursive) using defaults
[2.210s] Level 1:colcon.colcon_core.package_discovery:discover_packages(ignore) discover
[2.210s] Level 1:colcon.colcon_core.package_discovery:discover_packages(ignore) using defaults
[2.210s] Level 1:colcon.colcon_core.package_discovery:discover_packages(path) discover
[2.210s] Level 1:colcon.colcon_core.package_discovery:discover_packages(path) using defaults
[2.411s] Level 1:colcon.colcon_core.package_discovery:discover_packages(prefix_path) check parameters
[2.411s] Level 1:colcon.colcon_core.package_discovery:discover_packages(prefix_path) discover
[2.484s] DEBUG:colcon.colcon_installed_package_information.package_discovery:Found 3 installed packages in /home/ubuntu/ros2_WS/src/install
[2.520s] DEBUG:colcon.colcon_installed_package_information.package_discovery:Found 258 installed packages in /opt/ros/foxy
[2.521s] Level 1:colcon.colcon_core.package_discovery:discover_packages(prefix_path) using defaults
[2.656s] Level 5:colcon.colcon_core.verb:set package 'ydlidar_ros2_driver' build argument 'cmake_args' from command line to 'None'
[2.656s] Level 5:colcon.colcon_core.verb:set package 'ydlidar_ros2_driver' build argument 'cmake_target' from command line to 'None'
[2.656s] Level 5:colcon.colcon_core.verb:set package 'ydlidar_ros2_driver' build argument 'cmake_target_skip_unavailable' from command line to 'False'
[2.656s] Level 5:colcon.colcon_core.verb:set package 'ydlidar_ros2_driver' build argument 'cmake_clean_cache' from command line to 'False'
[2.656s] Level 5:colcon.colcon_core.verb:set package 'ydlidar_ros2_driver' build argument 'cmake_clean_first' from command line to 'False'
[2.656s] Level 5:colcon.colcon_core.verb:set package 'ydlidar_ros2_driver' build argument 'cmake_force_configure' from command line to 'False'
[2.657s] Level 5:colcon.colcon_core.verb:set package 'ydlidar_ros2_driver' build argument 'ament_cmake_args' from command line to 'None'
[2.657s] Level 5:colcon.colcon_core.verb:set package 'ydlidar_ros2_driver' build argument 'catkin_cmake_args' from command line to 'None'
[2.657s] Level 5:colcon.colcon_core.verb:set package 'ydlidar_ros2_driver' build argument 'catkin_skip_building_tests' from command line to 'False'
[2.657s] DEBUG:colcon.colcon_core.verb:Building package 'ydlidar_ros2_driver' with the following arguments: {'ament_cmake_args': None, 'build_base': '/home/ubuntu/ros2_WS/src/build/ydlidar_ros2_driver', 'catkin_cmake_args': None, 'catkin_skip_building_tests': False, 'cmake_args': None, 'cmake_clean_cache': False, 'cmake_clean_first': False, 'cmake_force_configure': False, 'cmake_target': None, 'cmake_target_skip_unavailable': False, 'install_base': '/home/ubuntu/ros2_WS/src/install/ydlidar_ros2_driver', 'merge_install': False, 'path': '/home/ubuntu/ros2_WS/src/ydlidar_ros2_driver', 'symlink_install': True, 'test_result_base': None}
[2.693s] Level 5:colcon.colcon_core.verb:set package 'ydlidar_sdk' build argument 'cmake_args' from command line to 'None'
[2.693s] Level 5:colcon.colcon_core.verb:set package 'ydlidar_sdk' build argument 'cmake_target' from command line to 'None'
[2.693s] Level 5:colcon.colcon_core.verb:set package 'ydlidar_sdk' build argument 'cmake_target_skip_unavailable' from command line to 'False'
[2.693s] Level 5:colcon.colcon_core.verb:set package 'ydlidar_sdk' build argument 'cmake_clean_cache' from command line to 'False'
[2.693s] Level 5:colcon.colcon_core.verb:set package 'ydlidar_sdk' build argument 'cmake_clean_first' from command line to 'False'
[2.693s] Level 5:colcon.colcon_core.verb:set package 'ydlidar_sdk' build argument 'cmake_force_configure' from command line to 'False'
[2.693s] Level 5:colcon.colcon_core.verb:set package 'ydlidar_sdk' build argument 'ament_cmake_args' from command line to 'None'
[2.693s] Level 5:colcon.colcon_core.verb:set package 'ydlidar_sdk' build argument 'catkin_cmake_args' from command line to 'None'
[2.693s] Level 5:colcon.colcon_core.verb:set package 'ydlidar_sdk' build argument 'catkin_skip_building_tests' from command line to 'False'
[2.694s] DEBUG:colcon.colcon_core.verb:Building package 'ydlidar_sdk' with the following arguments: {'ament_cmake_args': None, 'build_base': '/home/ubuntu/ros2_WS/src/build/ydlidar_sdk', 'catkin_cmake_args': None, 'catkin_skip_building_tests': False, 'cmake_args': None, 'cmake_clean_cache': False, 'cmake_clean_first': False, 'cmake_force_configure': False, 'cmake_target': None, 'cmake_target_skip_unavailable': False, 'install_base': '/home/ubuntu/ros2_WS/src/install/ydlidar_sdk', 'merge_install': False, 'path': '/home/ubuntu/ros2_WS/src/YDLidar-SDK', 'symlink_install': True, 'test_result_base': None}
[2.728s] Level 5:colcon.colcon_core.verb:set package 'ydlidar_tg15' build argument 'cmake_args' from command line to 'None'
[2.729s] Level 5:colcon.colcon_core.verb:set package 'ydlidar_tg15' build argument 'cmake_target' from command line to 'None'
[2.729s] Level 5:colcon.colcon_core.verb:set package 'ydlidar_tg15' build argument 'cmake_target_skip_unavailable' from command line to 'False'
[2.729s] Level 5:colcon.colcon_core.verb:set package 'ydlidar_tg15' build argument 'cmake_clean_cache' from command line to 'False'
[2.729s] Level 5:colcon.colcon_core.verb:set package 'ydlidar_tg15' build argument 'cmake_clean_first' from command line to 'False'
[2.729s] Level 5:colcon.colcon_core.verb:set package 'ydlidar_tg15' build argument 'cmake_force_configure' from command line to 'False'
[2.729s] Level 5:colcon.colcon_core.verb:set package 'ydlidar_tg15' build argument 'ament_cmake_args' from command line to 'None'
[2.729s] Level 5:colcon.colcon_core.verb:set package 'ydlidar_tg15' build argument 'catkin_cmake_args' from command line to 'None'
[2.729s] Level 5:colcon.colcon_core.verb:set package 'ydlidar_tg15' build argument 'catkin_skip_building_tests' from command line to 'False'
[2.729s] DEBUG:colcon.colcon_core.verb:Building package 'ydlidar_tg15' with the following arguments: {'ament_cmake_args': None, 'build_base': '/home/ubuntu/ros2_WS/src/build/ydlidar_tg15', 'catkin_cmake_args': None, 'catkin_skip_building_tests': False, 'cmake_args': None, 'cmake_clean_cache': False, 'cmake_clean_first': False, 'cmake_force_configure': False, 'cmake_target': None, 'cmake_target_skip_unavailable': False, 'install_base': '/home/ubuntu/ros2_WS/src/install/ydlidar_tg15', 'merge_install': False, 'path': '/home/ubuntu/ros2_WS/src/ydlidar_tg15', 'symlink_install': True, 'test_result_base': None}
[2.764s] INFO:colcon.colcon_core.executor:Executing jobs using 'parallel' executor
[2.799s] DEBUG:colcon.colcon_parallel_executor.executor.parallel:run_until_complete
[2.800s] INFO:colcon.colcon_ros.task.ament_cmake.build:Building ROS package in '/home/ubuntu/ros2_WS/src/ydlidar_ros2_driver' with build type 'ament_cmake'
[2.800s] INFO:colcon.colcon_cmake.task.cmake.build:Building CMake package in '/home/ubuntu/ros2_WS/src/ydlidar_ros2_driver'
[2.848s] INFO:colcon.colcon_core.plugin_system:Skipping extension 'colcon_core.shell.bat': Not used on non-Windows systems
[2.849s] INFO:colcon.colcon_core.shell:Skip shell extension 'powershell' for command environment: Not usable outside of PowerShell
[2.849s] DEBUG:colcon.colcon_core.shell:Skip shell extension 'dsv' for command environment
[2.963s] INFO:colcon.colcon_cmake.task.cmake.build:Building CMake package in '/home/ubuntu/ros2_WS/src/YDLidar-SDK'
[3.007s] INFO:colcon.colcon_core.shell:Skip shell extension 'powershell' for command environment: Not usable outside of PowerShell
[3.007s] DEBUG:colcon.colcon_core.shell:Skip shell extension 'dsv' for command environment
[3.120s] INFO:colcon.colcon_ros.task.ament_python.build:Building ROS package in '/home/ubuntu/ros2_WS/src/ydlidar_tg15' with build type 'ament_python'
[3.120s] Level 1:colcon.colcon_core.shell:create_environment_hook('ydlidar_tg15', 'ament_prefix_path')
[3.159s] INFO:colcon.colcon_core.shell:Creating environment hook '/home/ubuntu/ros2_WS/src/install/ydlidar_tg15/share/ydlidar_tg15/hook/ament_prefix_path.ps1'
[3.160s] INFO:colcon.colcon_core.shell:Creating environment descriptor '/home/ubuntu/ros2_WS/src/install/ydlidar_tg15/share/ydlidar_tg15/hook/ament_prefix_path.dsv'
[3.160s] INFO:colcon.colcon_core.shell:Creating environment hook '/home/ubuntu/ros2_WS/src/install/ydlidar_tg15/share/ydlidar_tg15/hook/ament_prefix_path.sh'
[3.196s] INFO:colcon.colcon_core.shell:Skip shell extension 'powershell' for command environment: Not usable outside of PowerShell
[3.196s] DEBUG:colcon.colcon_core.shell:Skip shell extension 'dsv' for command environment
[3.315s] DEBUG:colcon.colcon_core.event_handler.log_command:Invoking command in '/home/ubuntu/ros2_WS/src/build/ydlidar_ros2_driver': CMAKE_PREFIX_PATH=${CMAKE_PREFIX_PATH}:/home/ubuntu/ros2_WS/src/install/ydlidar_tg15:/opt/ros/foxy /usr/bin/cmake --build /home/ubuntu/ros2_WS/src/build/ydlidar_ros2_driver -- -j8 -l8
[3.322s] DEBUG:colcon.colcon_core.event_handler.log_command:Invoking command in '/home/ubuntu/ros2_WS/src/build/ydlidar_sdk': /usr/bin/cmake --build /home/ubuntu/ros2_WS/src/build/ydlidar_sdk -- -j8 -l8
[3.619s] INFO:colcon.colcon_core.task.python.build:Building Python package in '/home/ubuntu/ros2_WS/src/ydlidar_tg15'
[3.656s] INFO:colcon.colcon_core.shell:Skip shell extension 'powershell' for command environment: Not usable outside of PowerShell
[3.657s] DEBUG:colcon.colcon_core.shell:Skip shell extension 'dsv' for command environment
[3.774s] DEBUG:colcon.colcon_core.event_handler.log_command:Invoked command in '/home/ubuntu/ros2_WS/src/build/ydlidar_ros2_driver' returned '0': CMAKE_PREFIX_PATH=${CMAKE_PREFIX_PATH}:/home/ubuntu/ros2_WS/src/install/ydlidar_tg15:/opt/ros/foxy /usr/bin/cmake --build /home/ubuntu/ros2_WS/src/build/ydlidar_ros2_driver -- -j8 -l8
[3.777s] DEBUG:colcon.colcon_core.event_handler.log_command:Invoked command in '/home/ubuntu/ros2_WS/src/build/ydlidar_sdk' returned '0': /usr/bin/cmake --build /home/ubuntu/ros2_WS/src/build/ydlidar_sdk -- -j8 -l8
[3.820s] DEBUG:colcon.colcon_core.event_handler.log_command:Invoking command in '/home/ubuntu/ros2_WS/src/build/ydlidar_ros2_driver': CMAKE_PREFIX_PATH=${CMAKE_PREFIX_PATH}:/home/ubuntu/ros2_WS/src/install/ydlidar_tg15:/opt/ros/foxy /usr/bin/cmake --install /home/ubuntu/ros2_WS/src/build/ydlidar_ros2_driver
[3.852s] DEBUG:colcon.colcon_core.event_handler.log_command:Invoking command in '/home/ubuntu/ros2_WS/src/build/ydlidar_sdk': /usr/bin/cmake --install /home/ubuntu/ros2_WS/src/build/ydlidar_sdk
[3.867s] Level 1:colcon.colcon_core.environment:create_environment_scripts_only(ydlidar_ros2_driver)
[3.872s] DEBUG:colcon.colcon_core.event_handler.log_command:Invoked command in '/home/ubuntu/ros2_WS/src/build/ydlidar_ros2_driver' returned '0': CMAKE_PREFIX_PATH=${CMAKE_PREFIX_PATH}:/home/ubuntu/ros2_WS/src/install/ydlidar_tg15:/opt/ros/foxy /usr/bin/cmake --install /home/ubuntu/ros2_WS/src/build/ydlidar_ros2_driver
[3.954s] Level 1:colcon.colcon_core.environment:checking '/home/ubuntu/ros2_WS/src/install/ydlidar_ros2_driver' for CMake module files
[3.955s] Level 1:colcon.colcon_core.environment:checking '/home/ubuntu/ros2_WS/src/install/ydlidar_ros2_driver' for CMake config files
[3.955s] Level 1:colcon.colcon_core.shell:create_environment_hook('ydlidar_ros2_driver', 'cmake_prefix_path')
[3.996s] INFO:colcon.colcon_core.shell:Creating environment hook '/home/ubuntu/ros2_WS/src/install/ydlidar_ros2_driver/share/ydlidar_ros2_driver/hook/cmake_prefix_path.ps1'
[3.996s] INFO:colcon.colcon_core.shell:Creating environment descriptor '/home/ubuntu/ros2_WS/src/install/ydlidar_ros2_driver/share/ydlidar_ros2_driver/hook/cmake_prefix_path.dsv'
[3.997s] INFO:colcon.colcon_core.shell:Creating environment hook '/home/ubuntu/ros2_WS/src/install/ydlidar_ros2_driver/share/ydlidar_ros2_driver/hook/cmake_prefix_path.sh'
[3.997s] Level 1:colcon.colcon_core.environment:checking '/home/ubuntu/ros2_WS/src/install/ydlidar_ros2_driver/lib'
[3.998s] Level 1:colcon.colcon_core.environment:checking '/home/ubuntu/ros2_WS/src/install/ydlidar_ros2_driver/bin'
[3.998s] Level 1:colcon.colcon_core.environment:checking '/home/ubuntu/ros2_WS/src/install/ydlidar_ros2_driver/lib/pkgconfig/ydlidar_ros2_driver.pc'
[3.998s] Level 1:colcon.colcon_core.environment:checking '/home/ubuntu/ros2_WS/src/install/ydlidar_ros2_driver/lib/python3.8/site-packages'
[3.998s] Level 1:colcon.colcon_core.environment:checking '/home/ubuntu/ros2_WS/src/install/ydlidar_ros2_driver/bin'
[4.040s] INFO:colcon.colcon_core.shell:Creating package script '/home/ubuntu/ros2_WS/src/install/ydlidar_ros2_driver/share/ydlidar_ros2_driver/package.ps1'
[4.041s] INFO:colcon.colcon_core.shell:Creating package descriptor '/home/ubuntu/ros2_WS/src/install/ydlidar_ros2_driver/share/ydlidar_ros2_driver/package.dsv'
[4.042s] INFO:colcon.colcon_core.shell:Creating package script '/home/ubuntu/ros2_WS/src/install/ydlidar_ros2_driver/share/ydlidar_ros2_driver/package.sh'
[4.043s] INFO:colcon.colcon_core.shell:Creating package script '/home/ubuntu/ros2_WS/src/install/ydlidar_ros2_driver/share/ydlidar_ros2_driver/package.bash'
[4.043s] INFO:colcon.colcon_core.shell:Creating package script '/home/ubuntu/ros2_WS/src/install/ydlidar_ros2_driver/share/ydlidar_ros2_driver/package.zsh'
[4.044s] Level 1:colcon.colcon_core.environment:create_file_with_runtime_dependencies(/home/ubuntu/ros2_WS/src/install/ydlidar_ros2_driver/share/colcon-core/packages/ydlidar_ros2_driver)
[4.048s] Level 1:colcon.colcon_core.environment:create_environment_scripts_only(ydlidar_sdk)
[4.049s] DEBUG:colcon.colcon_core.event_handler.log_command:Invoked command in '/home/ubuntu/ros2_WS/src/build/ydlidar_sdk' returned '0': /usr/bin/cmake --install /home/ubuntu/ros2_WS/src/build/ydlidar_sdk
[4.096s] Level 1:colcon.colcon_core.environment:checking '/home/ubuntu/ros2_WS/src/install/ydlidar_sdk' for CMake module files
[4.096s] Level 1:colcon.colcon_core.environment:checking '/home/ubuntu/ros2_WS/src/install/ydlidar_sdk' for CMake config files
[4.097s] Level 1:colcon.colcon_core.shell:create_environment_hook('ydlidar_sdk', 'cmake_prefix_path')
[4.139s] INFO:colcon.colcon_core.shell:Creating environment hook '/home/ubuntu/ros2_WS/src/install/ydlidar_sdk/share/ydlidar_sdk/hook/cmake_prefix_path.ps1'
[4.140s] INFO:colcon.colcon_core.shell:Creating environment descriptor '/home/ubuntu/ros2_WS/src/install/ydlidar_sdk/share/ydlidar_sdk/hook/cmake_prefix_path.dsv'
[4.140s] INFO:colcon.colcon_core.shell:Creating environment hook '/home/ubuntu/ros2_WS/src/install/ydlidar_sdk/share/ydlidar_sdk/hook/cmake_prefix_path.sh'
[4.141s] Level 1:colcon.colcon_core.environment:checking '/home/ubuntu/ros2_WS/src/install/ydlidar_sdk/lib'
[4.141s] Level 1:colcon.colcon_core.environment:checking '/home/ubuntu/ros2_WS/src/install/ydlidar_sdk/bin'
[4.141s] Level 1:colcon.colcon_core.shell:create_environment_hook('ydlidar_sdk', 'path')
[4.183s] INFO:colcon.colcon_core.shell:Creating environment hook '/home/ubuntu/ros2_WS/src/install/ydlidar_sdk/share/ydlidar_sdk/hook/path.ps1'
[4.183s] INFO:colcon.colcon_core.shell:Creating environment descriptor '/home/ubuntu/ros2_WS/src/install/ydlidar_sdk/share/ydlidar_sdk/hook/path.dsv'
[4.183s] INFO:colcon.colcon_core.shell:Creating environment hook '/home/ubuntu/ros2_WS/src/install/ydlidar_sdk/share/ydlidar_sdk/hook/path.sh'
[4.184s] Level 1:colcon.colcon_core.environment:checking '/home/ubuntu/ros2_WS/src/install/ydlidar_sdk/lib/pkgconfig/ydlidar_sdk.pc'
[4.184s] Level 1:colcon.colcon_core.environment:checking '/home/ubuntu/ros2_WS/src/install/ydlidar_sdk/lib/python3.8/site-packages'
[4.184s] Level 1:colcon.colcon_core.environment:checking '/home/ubuntu/ros2_WS/src/install/ydlidar_sdk/bin'
[4.184s] Level 1:colcon.colcon_core.shell:create_environment_hook('ydlidar_sdk', 'pythonscriptspath')
[4.227s] INFO:colcon.colcon_core.shell:Creating environment hook '/home/ubuntu/ros2_WS/src/install/ydlidar_sdk/share/ydlidar_sdk/hook/pythonscriptspath.ps1'
[4.227s] INFO:colcon.colcon_core.shell:Creating environment descriptor '/home/ubuntu/ros2_WS/src/install/ydlidar_sdk/share/ydlidar_sdk/hook/pythonscriptspath.dsv'
[4.228s] INFO:colcon.colcon_core.shell:Creating environment hook '/home/ubuntu/ros2_WS/src/install/ydlidar_sdk/share/ydlidar_sdk/hook/pythonscriptspath.sh'
[4.266s] INFO:colcon.colcon_core.shell:Creating package script '/home/ubuntu/ros2_WS/src/install/ydlidar_sdk/share/ydlidar_sdk/package.ps1'
[4.267s] INFO:colcon.colcon_core.shell:Creating package descriptor '/home/ubuntu/ros2_WS/src/install/ydlidar_sdk/share/ydlidar_sdk/package.dsv'
[4.267s] INFO:colcon.colcon_core.shell:Creating package script '/home/ubuntu/ros2_WS/src/install/ydlidar_sdk/share/ydlidar_sdk/package.sh'
[4.268s] INFO:colcon.colcon_core.shell:Creating package script '/home/ubuntu/ros2_WS/src/install/ydlidar_sdk/share/ydlidar_sdk/package.bash'
[4.268s] INFO:colcon.colcon_core.shell:Creating package script '/home/ubuntu/ros2_WS/src/install/ydlidar_sdk/share/ydlidar_sdk/package.zsh'
[4.268s] Level 1:colcon.colcon_core.environment:create_file_with_runtime_dependencies(/home/ubuntu/ros2_WS/src/install/ydlidar_sdk/share/colcon-core/packages/ydlidar_sdk)
[4.305s] Level 1:colcon.colcon_core.environment:create_environment_scripts_only(ydlidar_ros2_driver)
[4.342s] Level 1:colcon.colcon_core.environment:checking '/home/ubuntu/ros2_WS/src/install/ydlidar_ros2_driver' for CMake module files
[4.342s] Level 1:colcon.colcon_core.environment:checking '/home/ubuntu/ros2_WS/src/install/ydlidar_ros2_driver' for CMake config files
[4.343s] Level 1:colcon.colcon_core.shell:create_environment_hook('ydlidar_ros2_driver', 'cmake_prefix_path')
[4.379s] INFO:colcon.colcon_core.shell:Creating environment hook '/home/ubuntu/ros2_WS/src/install/ydlidar_ros2_driver/share/ydlidar_ros2_driver/hook/cmake_prefix_path.ps1'
[4.379s] INFO:colcon.colcon_core.shell:Creating environment descriptor '/home/ubuntu/ros2_WS/src/install/ydlidar_ros2_driver/share/ydlidar_ros2_driver/hook/cmake_prefix_path.dsv'
[4.380s] INFO:colcon.colcon_core.shell:Creating environment hook '/home/ubuntu/ros2_WS/src/install/ydlidar_ros2_driver/share/ydlidar_ros2_driver/hook/cmake_prefix_path.sh'
[4.380s] Level 1:colcon.colcon_core.environment:checking '/home/ubuntu/ros2_WS/src/install/ydlidar_ros2_driver/lib'
[4.380s] Level 1:colcon.colcon_core.environment:checking '/home/ubuntu/ros2_WS/src/install/ydlidar_ros2_driver/bin'
[4.380s] Level 1:colcon.colcon_core.environment:checking '/home/ubuntu/ros2_WS/src/install/ydlidar_ros2_driver/lib/pkgconfig/ydlidar_ros2_driver.pc'
[4.381s] Level 1:colcon.colcon_core.environment:checking '/home/ubuntu/ros2_WS/src/install/ydlidar_ros2_driver/lib/python3.8/site-packages'
[4.381s] Level 1:colcon.colcon_core.environment:checking '/home/ubuntu/ros2_WS/src/install/ydlidar_ros2_driver/bin'
[4.418s] INFO:colcon.colcon_core.shell:Creating package script '/home/ubuntu/ros2_WS/src/install/ydlidar_ros2_driver/share/ydlidar_ros2_driver/package.ps1'
[4.418s] INFO:colcon.colcon_core.shell:Creating package descriptor '/home/ubuntu/ros2_WS/src/install/ydlidar_ros2_driver/share/ydlidar_ros2_driver/package.dsv'
[4.419s] INFO:colcon.colcon_core.shell:Creating package script '/home/ubuntu/ros2_WS/src/install/ydlidar_ros2_driver/share/ydlidar_ros2_driver/package.sh'
[4.419s] INFO:colcon.colcon_core.shell:Creating package script '/home/ubuntu/ros2_WS/src/install/ydlidar_ros2_driver/share/ydlidar_ros2_driver/package.bash'
[4.420s] INFO:colcon.colcon_core.shell:Creating package script '/home/ubuntu/ros2_WS/src/install/ydlidar_ros2_driver/share/ydlidar_ros2_driver/package.zsh'
[4.420s] Level 1:colcon.colcon_core.environment:create_file_with_runtime_dependencies(/home/ubuntu/ros2_WS/src/install/ydlidar_ros2_driver/share/colcon-core/packages/ydlidar_ros2_driver)
[4.424s] DEBUG:colcon.colcon_core.event_handler.log_command:Invoking command in '/home/ubuntu/ros2_WS/src/build/ydlidar_tg15': PYTHONPATH=/home/ubuntu/ros2_WS/src/build/ydlidar_tg15/prefix_override:/home/ubuntu/ros2_WS/src/install/ydlidar_tg15/lib/python3.8/site-packages:${PYTHONPATH} /usr/bin/python3 setup.py develop --editable --build-directory /home/ubuntu/ros2_WS/src/build/ydlidar_tg15/build --no-deps install_data
[4.847s] Level 1:colcon.colcon_core.shell:create_environment_hook('ydlidar_tg15', 'pythonpath_develop')
[4.848s] DEBUG:colcon.colcon_core.event_handler.log_command:Invoked command in '/home/ubuntu/ros2_WS/src/build/ydlidar_tg15' returned '0': PYTHONPATH=/home/ubuntu/ros2_WS/src/build/ydlidar_tg15/prefix_override:/home/ubuntu/ros2_WS/src/install/ydlidar_tg15/lib/python3.8/site-packages:${PYTHONPATH} /usr/bin/python3 setup.py develop --editable --build-directory /home/ubuntu/ros2_WS/src/build/ydlidar_tg15/build --no-deps install_data
[4.896s] INFO:colcon.colcon_core.shell:Creating environment hook '/home/ubuntu/ros2_WS/src/build/ydlidar_tg15/share/ydlidar_tg15/hook/pythonpath_develop.ps1'
[4.897s] INFO:colcon.colcon_core.shell:Creating environment descriptor '/home/ubuntu/ros2_WS/src/build/ydlidar_tg15/share/ydlidar_tg15/hook/pythonpath_develop.dsv'
[4.897s] INFO:colcon.colcon_core.shell:Creating environment hook '/home/ubuntu/ros2_WS/src/build/ydlidar_tg15/share/ydlidar_tg15/hook/pythonpath_develop.sh'
[4.933s] Level 1:colcon.colcon_core.environment:checking '/home/ubuntu/ros2_WS/src/install/ydlidar_tg15' for CMake module files
[4.934s] Level 1:colcon.colcon_core.environment:checking '/home/ubuntu/ros2_WS/src/install/ydlidar_tg15' for CMake config files
[4.935s] Level 1:colcon.colcon_core.environment:checking '/home/ubuntu/ros2_WS/src/install/ydlidar_tg15/lib'
[4.935s] Level 1:colcon.colcon_core.environment:checking '/home/ubuntu/ros2_WS/src/install/ydlidar_tg15/bin'
[4.935s] Level 1:colcon.colcon_core.environment:checking '/home/ubuntu/ros2_WS/src/install/ydlidar_tg15/lib/pkgconfig/ydlidar_tg15.pc'
[4.935s] Level 1:colcon.colcon_core.environment:checking '/home/ubuntu/ros2_WS/src/install/ydlidar_tg15/lib/python3.8/site-packages'
[4.935s] Level 1:colcon.colcon_core.shell:create_environment_hook('ydlidar_tg15', 'pythonpath')
[4.971s] INFO:colcon.colcon_core.shell:Creating environment hook '/home/ubuntu/ros2_WS/src/install/ydlidar_tg15/share/ydlidar_tg15/hook/pythonpath.ps1'
[4.971s] INFO:colcon.colcon_core.shell:Creating environment descriptor '/home/ubuntu/ros2_WS/src/install/ydlidar_tg15/share/ydlidar_tg15/hook/pythonpath.dsv'
[4.972s] INFO:colcon.colcon_core.shell:Creating environment hook '/home/ubuntu/ros2_WS/src/install/ydlidar_tg15/share/ydlidar_tg15/hook/pythonpath.sh'
[4.972s] Level 1:colcon.colcon_core.environment:checking '/home/ubuntu/ros2_WS/src/install/ydlidar_tg15/bin'
[4.972s] Level 1:colcon.colcon_core.environment:create_environment_scripts_only(ydlidar_tg15)
[5.008s] INFO:colcon.colcon_core.shell:Creating package script '/home/ubuntu/ros2_WS/src/install/ydlidar_tg15/share/ydlidar_tg15/package.ps1'
[5.008s] INFO:colcon.colcon_core.shell:Creating package descriptor '/home/ubuntu/ros2_WS/src/install/ydlidar_tg15/share/ydlidar_tg15/package.dsv'
[5.009s] INFO:colcon.colcon_core.shell:Creating package script '/home/ubuntu/ros2_WS/src/install/ydlidar_tg15/share/ydlidar_tg15/package.sh'
[5.009s] INFO:colcon.colcon_core.shell:Creating package script '/home/ubuntu/ros2_WS/src/install/ydlidar_tg15/share/ydlidar_tg15/package.bash'
[5.010s] INFO:colcon.colcon_core.shell:Creating package script '/home/ubuntu/ros2_WS/src/install/ydlidar_tg15/share/ydlidar_tg15/package.zsh'
[5.010s] Level 1:colcon.colcon_core.environment:create_file_with_runtime_dependencies(/home/ubuntu/ros2_WS/src/install/ydlidar_tg15/share/colcon-core/packages/ydlidar_tg15)
[5.011s] DEBUG:colcon.colcon_parallel_executor.executor.parallel:closing loop
[5.011s] DEBUG:colcon.colcon_parallel_executor.executor.parallel:loop closed
[5.011s] DEBUG:colcon.colcon_parallel_executor.executor.parallel:run_until_complete finished with '0'
[5.011s] DEBUG:colcon.colcon_core.event_reactor:joining thread
[5.054s] INFO:colcon.colcon_core.plugin_system:Skipping extension 'colcon_notification.desktop_notification.terminal_notifier': Not used on non-Darwin systems
[5.055s] INFO:colcon.colcon_core.plugin_system:Skipping extension 'colcon_notification.desktop_notification.win32': Not used on non-Windows systems
[5.055s] INFO:colcon.colcon_notification.desktop_notification:Sending desktop notification using 'notify2'
[5.064s] DEBUG:colcon.colcon_core.event_reactor:joined thread
[5.100s] INFO:colcon.colcon_core.shell:Creating prefix script '/home/ubuntu/ros2_WS/src/install/local_setup.ps1'
[5.101s] INFO:colcon.colcon_core.shell:Creating prefix util module '/home/ubuntu/ros2_WS/src/install/_local_setup_util_ps1.py'
[5.102s] INFO:colcon.colcon_core.shell:Creating prefix chain script '/home/ubuntu/ros2_WS/src/install/setup.ps1'
[5.139s] INFO:colcon.colcon_core.shell:Creating prefix script '/home/ubuntu/ros2_WS/src/install/local_setup.sh'
[5.140s] INFO:colcon.colcon_core.shell:Creating prefix util module '/home/ubuntu/ros2_WS/src/install/_local_setup_util_sh.py'
[5.140s] INFO:colcon.colcon_core.shell:Creating prefix chain script '/home/ubuntu/ros2_WS/src/install/setup.sh'
[5.178s] INFO:colcon.colcon_core.shell:Creating prefix script '/home/ubuntu/ros2_WS/src/install/local_setup.bash'
[5.179s] INFO:colcon.colcon_core.shell:Creating prefix chain script '/home/ubuntu/ros2_WS/src/install/setup.bash'
[5.215s] INFO:colcon.colcon_core.shell:Creating prefix script '/home/ubuntu/ros2_WS/src/install/local_setup.zsh'
[5.215s] INFO:colcon.colcon_core.shell:Creating prefix chain script '/home/ubuntu/ros2_WS/src/install/setup.zsh'
