CMake Deprecation Warning at CMakeLists.txt:50 (cmake_policy):
  The OLD behavior for policy CMP0053 will be removed from a future version
  of CMake.

  The cmake-policies(7) manual explains that the OLD behaviors of all
  policies are deprecated and that a policy should be set to OLD only under
  specific short-term circumstances.  Projects should be ported to the NEW
  behavior and not rely on setting a policy to OLD.


CMake Deprecation Warning at CMakeLists.txt:53 (cmake_policy):
  The OLD behavior for policy CMP0037 will be removed from a future version
  of CMake.

  The cmake-policies(7) manual explains that the OLD behaviors of all
  policies are deprecated and that a policy should be set to OLD only under
  specific short-term circumstances.  Projects should be ported to the NEW
  behavior and not rely on setting a policy to OLD.


CMake Deprecation Warning at CMakeLists.txt:56 (cmake_policy):
  The OLD behavior for policy CMP0043 will be removed from a future version
  of CMake.

  The cmake-policies(7) manual explains that the OLD behaviors of all
  policies are deprecated and that a policy should be set to OLD only under
  specific short-term circumstances.  Projects should be ported to the NEW
  behavior and not rely on setting a policy to OLD.


CMake Deprecation Warning at cmake/install_package.cmake:101 (cmake_policy):
  The OLD behavior for policy CMP0026 will be removed from a future version
  of CMake.

  The cmake-policies(7) manual explains that the OLD behaviors of all
  policies are deprecated and that a policy should be set to OLD only under
  specific short-term circumstances.  Projects should be ported to the NEW
  behavior and not rely on setting a policy to OLD.
Call Stack (most recent call first):
  CMakeLists.txt:168 (install_package)


CMake Warning (dev) at cmake/install_package.cmake:191 (install):
  Policy CMP0062 is not set: Disallow install() of export() result.  Run
  "cmake --help-policy CMP0062" for policy details.  Use the cmake_policy
  command to set the policy and suppress this warning.

  The file

    /home/ubuntu/ros2_WS/src/build/ydlidar_sdk/ydlidar_sdkTargets.cmake

  was generated by the export() command.  It should not be installed with the
  install() command.  Use the install(EXPORT) mechanism instead.  See the
  cmake-packages(7) manual for more.

Call Stack (most recent call first):
  CMakeLists.txt:168 (install_package)
This warning is for project developers.  Use -Wno-dev to suppress it.

In file included from [01m[K/home/ubuntu/ros2_WS/src/YDLidar-SDK/core/serial/common.h:45[m[K,
                 from [01m[K/home/ubuntu/ros2_WS/src/YDLidar-SDK/core/serial/serial.cpp:12[m[K:
[01m[K/home/ubuntu/ros2_WS/src/YDLidar-SDK/./core/base/thread.h:[m[K In member function ‘[01m[Kint ydlidar::core::base::Thread::join(long unsigned int)[m[K’:
[01m[K/home/ubuntu/ros2_WS/src/YDLidar-SDK/./core/base/thread.h:136:46:[m[K [01;35m[Kwarning: [m[Kformat ‘[01m[K%X[m[K’ expects argument of type ‘[01m[Kunsigned int[m[K’, but argument 2 has type ‘[01m[K_size_t[m[K’ {aka ‘[01m[Klong unsigned int[m[K’} [[01;35m[K-Wformat=[m[K]
  136 |           printf("[YDLIDAR DEBUG] Thread [0x[01;35m[K%X[m[K] ready to cancel[%d]\n", [32m[K_handle[m[K, s);
      |                                             [01;35m[K~^[m[K                          [32m[K~~~~~~~[m[K
      |                                              [01;35m[K|[m[K                          [32m[K|[m[K
      |                                              [01;35m[Kunsigned int[m[K               [32m[K_size_t {aka long unsigned int}[m[K
      |                                             [32m[K%lX[m[K
[01m[K/home/ubuntu/ros2_WS/src/YDLidar-SDK/./core/base/thread.h:138:46:[m[K [01;35m[Kwarning: [m[Kformat ‘[01m[K%X[m[K’ expects argument of type ‘[01m[Kunsigned int[m[K’, but argument 2 has type ‘[01m[K_size_t[m[K’ {aka ‘[01m[Klong unsigned int[m[K’} [[01;35m[K-Wformat=[m[K]
  138 |           printf("[YDLIDAR DEBUG] Thread [0x[01;35m[K%X[m[K] ready to cancel[%d] time[%u]\n",
      |                                             [01;35m[K~^[m[K
      |                                              [01;35m[K|[m[K
      |                                              [01;35m[Kunsigned int[m[K
      |                                             [32m[K%lX[m[K
  139 |             [32m[K_handle[m[K, s, getms() - t);
      |             [32m[K~~~~~~~[m[K                           
      |             [32m[K|[m[K
      |             [32m[K_size_t {aka long unsigned int}[m[K
[01m[K/home/ubuntu/ros2_WS/src/YDLidar-SDK/./core/base/thread.h:142:42:[m[K [01;35m[Kwarning: [m[Kformat ‘[01m[K%X[m[K’ expects argument of type ‘[01m[Kunsigned int[m[K’, but argument 2 has type ‘[01m[K_size_t[m[K’ {aka ‘[01m[Klong unsigned int[m[K’} [[01;35m[K-Wformat=[m[K]
  142 |             printf("[YDLIDAR] Thread [0x[01;35m[K%X[m[K] has been canceled in other thread\n", [32m[K_handle[m[K);
      |                                         [01;35m[K~^[m[K                                        [32m[K~~~~~~~[m[K
      |                                          [01;35m[K|[m[K                                        [32m[K|[m[K
      |                                          [01;35m[Kunsigned int[m[K                             [32m[K_size_t {aka long unsigned int}[m[K
      |                                         [32m[K%lX[m[K
[01m[K/home/ubuntu/ros2_WS/src/YDLidar-SDK/./core/base/thread.h:147:74:[m[K [01;35m[Kwarning: [m[Kformat ‘[01m[K%X[m[K’ expects argument of type ‘[01m[Kunsigned int[m[K’, but argument 3 has type ‘[01m[K_size_t[m[K’ {aka ‘[01m[Klong unsigned int[m[K’} [[01;35m[K-Wformat=[m[K]
  147 |             fprintf(stderr, "[YDLIDAR] An error occurred while thread[0x[01;35m[K%X[m[K] cancelled!\n", [32m[K_handle[m[K);
      |                                                                         [01;35m[K~^[m[K                 [32m[K~~~~~~~[m[K
      |                                                                          [01;35m[K|[m[K                 [32m[K|[m[K
      |                                                                          [01;35m[Kunsigned int[m[K      [32m[K_size_t {aka long unsigned int}[m[K
      |                                                                         [32m[K%lX[m[K
[01m[K/home/ubuntu/ros2_WS/src/YDLidar-SDK/./core/base/thread.h:151:40:[m[K [01;35m[Kwarning: [m[Kformat ‘[01m[K%X[m[K’ expects argument of type ‘[01m[Kunsigned int[m[K’, but argument 2 has type ‘[01m[K_size_t[m[K’ {aka ‘[01m[Klong unsigned int[m[K’} [[01;35m[K-Wformat=[m[K]
  151 |           printf("[YDLIDAR] Thread [0x[01;35m[K%X[m[K] has been canceled\n", [32m[K_handle[m[K);
      |                                       [01;35m[K~^[m[K                        [32m[K~~~~~~~[m[K
      |                                        [01;35m[K|[m[K                        [32m[K|[m[K
      |                                        [01;35m[Kunsigned int[m[K             [32m[K_size_t {aka long unsigned int}[m[K
      |                                       [32m[K%lX[m[K
make[2]: *** [CMakeFiles/ydlidar_sdk.dir/build.make:206: CMakeFiles/ydlidar_sdk.dir/src/GSLidarDriver.cpp.o] Interrupt
make[2]: *** [CMakeFiles/ydlidar_sdk.dir/build.make:154: CMakeFiles/ydlidar_sdk.dir/core/serial/impl/unix/list_ports_linux.cpp.o] Interrupt
make[2]: *** [CMakeFiles/ydlidar_sdk.dir/build.make:128: CMakeFiles/ydlidar_sdk.dir/core/serial/serial.cpp.o] Interrupt
make[2]: *** [CMakeFiles/ydlidar_sdk.dir/build.make:180: CMakeFiles/ydlidar_sdk.dir/src/CYdLidar.cpp.o] Interrupt
make[2]: *** [CMakeFiles/ydlidar_sdk.dir/build.make:193: CMakeFiles/ydlidar_sdk.dir/src/ETLidarDriver.cpp.o] Interrupt
make[2]: *** [CMakeFiles/ydlidar_sdk.dir/build.make:219: CMakeFiles/ydlidar_sdk.dir/src/SDMLidarDriver.cpp.o] Interrupt
make[2]: *** [CMakeFiles/ydlidar_sdk.dir/build.make:115: CMakeFiles/ydlidar_sdk.dir/core/network/SimpleSocket.cpp.o] Interrupt
make[2]: *** [CMakeFiles/ydlidar_sdk.dir/build.make:232: CMakeFiles/ydlidar_sdk.dir/src/YDlidarDriver.cpp.o] Interrupt
make[1]: *** [CMakeFiles/Makefile2:344: CMakeFiles/ydlidar_sdk.dir/all] Interrupt
make: *** [Makefile:163: all] Interrupt
