-- The C compiler identification is GNU 9.4.0
-- The CXX compiler identification is GNU 9.4.0
-- Check for working C compiler: /usr/bin/cc
-- Check for working C compiler: /usr/bin/cc -- works
-- Detecting C compiler ABI info
-- Detecting C compiler ABI info - done
-- Detecting C compile features
-- Detecting C compile features - done
-- Check for working CXX compiler: /usr/bin/c++
-- Check for working CXX compiler: /usr/bin/c++ -- works
-- Detecting CXX compiler ABI info
-- Detecting CXX compiler ABI info - done
-- Detecting CXX compile features
-- Detecting CXX compile features - done
-- Current platform: Linux
CMake Deprecation Warning at CMakeLists.txt:50 (cmake_policy):
  The OLD behavior for policy CMP0053 will be removed from a future version
  of CMake.

  The cmake-policies(7) manual explains that the OLD behaviors of all
  policies are deprecated and that a policy should be set to OLD only under
  specific short-term circumstances.  Projects should be ported to the NEW
  behavior and not rely on setting a policy to OLD.


CMake Deprecation Warning at CMakeLists.txt:53 (cmake_policy):
  The OLD behavior for policy CMP0037 will be removed from a future version
  of CMake.

  The cmake-policies(7) manual explains that the OLD behaviors of all
  policies are deprecated and that a policy should be set to OLD only under
  specific short-term circumstances.  Projects should be ported to the NEW
  behavior and not rely on setting a policy to OLD.


CMake Deprecation Warning at CMakeLists.txt:56 (cmake_policy):
  The OLD behavior for policy CMP0043 will be removed from a future version
  of CMake.

  The cmake-policies(7) manual explains that the OLD behaviors of all
  policies are deprecated and that a policy should be set to OLD only under
  specific short-term circumstances.  Projects should be ported to the NEW
  behavior and not rely on setting a policy to OLD.


-- Could NOT find SWIG (missing: SWIG_EXECUTABLE SWIG_DIR) 
-- Found PythonInterp: /usr/bin/python3.8 (found version "3.8.10") 
-- Found PythonLibs: /usr/lib/x86_64-linux-gnu/libpython3.8.so (found version "3.8.10") 
-- Found GTest: /usr/lib/x86_64-linux-gnu/libgtest.a  
CMake Deprecation Warning at cmake/install_package.cmake:101 (cmake_policy):
  The OLD behavior for policy CMP0026 will be removed from a future version
  of CMake.

  The cmake-policies(7) manual explains that the OLD behaviors of all
  policies are deprecated and that a policy should be set to OLD only under
  specific short-term circumstances.  Projects should be ported to the NEW
  behavior and not rely on setting a policy to OLD.
Call Stack (most recent call first):
  CMakeLists.txt:168 (install_package)


CMake Warning (dev) at cmake/install_package.cmake:191 (install):
  Policy CMP0062 is not set: Disallow install() of export() result.  Run
  "cmake --help-policy CMP0062" for policy details.  Use the cmake_policy
  command to set the policy and suppress this warning.

  The file

    /home/ubuntu/ros2_WS/src/build/ydlidar_sdk/ydlidar_sdkTargets.cmake

  was generated by the export() command.  It should not be installed with the
  install() command.  Use the install(EXPORT) mechanism instead.  See the
  cmake-packages(7) manual for more.

Call Stack (most recent call first):
  CMakeLists.txt:168 (install_package)
This warning is for project developers.  Use -Wno-dev to suppress it.

-- 
-- +===========================================================================+
-- |         Resulting configuration for                             |
-- +===========================================================================+
--  _________________________ PLATFORM _____________________________
--  Host                        : Linux5.15.0-92-genericx86_64
--  Is the system big endian?   :  No 
--  Word size (32/64 bit)       : 64
--  CMake version               : 3.16.3
--  CMake generator             : Unix Makefiles
--  CMake build tool            : /usr/bin/make
--  Compiler                    : GNU
--  Configuration               : 
-- 
--  __________________________ OPTIONS _____________________________
--  Build YDLidar-SDK as a shared library?　　 :  No 
--  Build Examples?　　　　　　　　　　　　　　 : Yes 
--  Build C Sharp API?　　　　　　　　　　　　 :  No 
--  Build TEST?  			　　　 :  No 
-- 
--  _________________________ INSTALL _____________________
--  Install prefix                    : /home/ubuntu/ros2_WS/src/install/ydlidar_sdk
-- 
--  _______________________ WRAPPERS/BINDINGS ______________________
--  Python bindings (pyydlidar)   :  No 
--   - dep: Swig found?       :  No [Version: ]
--   - dep: PythonLibs found?  : Yes [Version: 3.8.10]
-- 
-- Configuring done
-- Generating done
-- Build files have been written to: /home/ubuntu/ros2_WS/src/build/ydlidar_sdk
[35m[1mScanning dependencies of target ydlidar_sdk[0m
[  2%] [32mBuilding CXX object CMakeFiles/ydlidar_sdk.dir/core/common/ydlidar_def.cpp.o[0m
[  4%] [32mBuilding CXX object CMakeFiles/ydlidar_sdk.dir/core/base/timer.cpp.o[0m
[  7%] [32mBuilding CXX object CMakeFiles/ydlidar_sdk.dir/core/network/SimpleSocket.cpp.o[0m
[  9%] [32mBuilding CXX object CMakeFiles/ydlidar_sdk.dir/core/network/ActiveSocket.cpp.o[0m
[ 11%] [32mBuilding C object CMakeFiles/ydlidar_sdk.dir/core/serial/impl/unix/lock.c.o[0m
[ 14%] [32mBuilding CXX object CMakeFiles/ydlidar_sdk.dir/core/serial/serial.cpp.o[0m
[ 16%] [32mBuilding CXX object CMakeFiles/ydlidar_sdk.dir/core/network/PassiveSocket.cpp.o[0m
[ 19%] [32mBuilding CXX object CMakeFiles/ydlidar_sdk.dir/core/serial/impl/unix/list_ports_linux.cpp.o[0m
[ 21%] [32mBuilding CXX object CMakeFiles/ydlidar_sdk.dir/core/serial/impl/unix/unix_serial.cpp.o[0m
[ 23%] [32mBuilding CXX object CMakeFiles/ydlidar_sdk.dir/src/CYdLidar.cpp.o[0m
[ 26%] [32mBuilding CXX object CMakeFiles/ydlidar_sdk.dir/src/ETLidarDriver.cpp.o[0m
[ 28%] [32mBuilding CXX object CMakeFiles/ydlidar_sdk.dir/src/GSLidarDriver.cpp.o[0m
[ 30%] [32mBuilding CXX object CMakeFiles/ydlidar_sdk.dir/src/SDMLidarDriver.cpp.o[0m
In file included from [01m[K/home/ubuntu/ros2_WS/src/YDLidar-SDK/core/serial/common.h:45[m[K,
                 from [01m[K/home/ubuntu/ros2_WS/src/YDLidar-SDK/core/serial/serial.cpp:12[m[K:
[01m[K/home/ubuntu/ros2_WS/src/YDLidar-SDK/./core/base/thread.h:[m[K In member function ‘[01m[Kint ydlidar::core::base::Thread::join(long unsigned int)[m[K’:
[01m[K/home/ubuntu/ros2_WS/src/YDLidar-SDK/./core/base/thread.h:136:46:[m[K [01;35m[Kwarning: [m[Kformat ‘[01m[K%X[m[K’ expects argument of type ‘[01m[Kunsigned int[m[K’, but argument 2 has type ‘[01m[K_size_t[m[K’ {aka ‘[01m[Klong unsigned int[m[K’} [[01;35m[K-Wformat=[m[K]
  136 |           printf("[YDLIDAR DEBUG] Thread [0x[01;35m[K%X[m[K] ready to cancel[%d]\n", [32m[K_handle[m[K, s);
      |                                             [01;35m[K~^[m[K                          [32m[K~~~~~~~[m[K
      |                                              [01;35m[K|[m[K                          [32m[K|[m[K
      |                                              [01;35m[Kunsigned int[m[K               [32m[K_size_t {aka long unsigned int}[m[K
      |                                             [32m[K%lX[m[K
[01m[K/home/ubuntu/ros2_WS/src/YDLidar-SDK/./core/base/thread.h:138:46:[m[K [01;35m[Kwarning: [m[Kformat ‘[01m[K%X[m[K’ expects argument of type ‘[01m[Kunsigned int[m[K’, but argument 2 has type ‘[01m[K_size_t[m[K’ {aka ‘[01m[Klong unsigned int[m[K’} [[01;35m[K-Wformat=[m[K]
  138 |           printf("[YDLIDAR DEBUG] Thread [0x[01;35m[K%X[m[K] ready to cancel[%d] time[%u]\n",
      |                                             [01;35m[K~^[m[K
      |                                              [01;35m[K|[m[K
      |                                              [01;35m[Kunsigned int[m[K
      |                                             [32m[K%lX[m[K
  139 |             [32m[K_handle[m[K, s, getms() - t);
      |             [32m[K~~~~~~~[m[K                           
      |             [32m[K|[m[K
      |             [32m[K_size_t {aka long unsigned int}[m[K
[01m[K/home/ubuntu/ros2_WS/src/YDLidar-SDK/./core/base/thread.h:142:42:[m[K [01;35m[Kwarning: [m[Kformat ‘[01m[K%X[m[K’ expects argument of type ‘[01m[Kunsigned int[m[K’, but argument 2 has type ‘[01m[K_size_t[m[K’ {aka ‘[01m[Klong unsigned int[m[K’} [[01;35m[K-Wformat=[m[K]
  142 |             printf("[YDLIDAR] Thread [0x[01;35m[K%X[m[K] has been canceled in other thread\n", [32m[K_handle[m[K);
      |                                         [01;35m[K~^[m[K                                        [32m[K~~~~~~~[m[K
      |                                          [01;35m[K|[m[K                                        [32m[K|[m[K
      |                                          [01;35m[Kunsigned int[m[K                             [32m[K_size_t {aka long unsigned int}[m[K
      |                                         [32m[K%lX[m[K
[01m[K/home/ubuntu/ros2_WS/src/YDLidar-SDK/./core/base/thread.h:147:74:[m[K [01;35m[Kwarning: [m[Kformat ‘[01m[K%X[m[K’ expects argument of type ‘[01m[Kunsigned int[m[K’, but argument 3 has type ‘[01m[K_size_t[m[K’ {aka ‘[01m[Klong unsigned int[m[K’} [[01;35m[K-Wformat=[m[K]
  147 |             fprintf(stderr, "[YDLIDAR] An error occurred while thread[0x[01;35m[K%X[m[K] cancelled!\n", [32m[K_handle[m[K);
      |                                                                         [01;35m[K~^[m[K                 [32m[K~~~~~~~[m[K
      |                                                                          [01;35m[K|[m[K                 [32m[K|[m[K
      |                                                                          [01;35m[Kunsigned int[m[K      [32m[K_size_t {aka long unsigned int}[m[K
      |                                                                         [32m[K%lX[m[K
[01m[K/home/ubuntu/ros2_WS/src/YDLidar-SDK/./core/base/thread.h:151:40:[m[K [01;35m[Kwarning: [m[Kformat ‘[01m[K%X[m[K’ expects argument of type ‘[01m[Kunsigned int[m[K’, but argument 2 has type ‘[01m[K_size_t[m[K’ {aka ‘[01m[Klong unsigned int[m[K’} [[01;35m[K-Wformat=[m[K]
  151 |           printf("[YDLIDAR] Thread [0x[01;35m[K%X[m[K] has been canceled\n", [32m[K_handle[m[K);
      |                                       [01;35m[K~^[m[K                        [32m[K~~~~~~~[m[K
      |                                        [01;35m[K|[m[K                        [32m[K|[m[K
      |                                        [01;35m[Kunsigned int[m[K             [32m[K_size_t {aka long unsigned int}[m[K
      |                                       [32m[K%lX[m[K
[ 33%] [32mBuilding CXX object CMakeFiles/ydlidar_sdk.dir/src/YDlidarDriver.cpp.o[0m
make[2]: *** [CMakeFiles/ydlidar_sdk.dir/build.make:206: CMakeFiles/ydlidar_sdk.dir/src/GSLidarDriver.cpp.o] Interrupt
make[2]: *** [CMakeFiles/ydlidar_sdk.dir/build.make:154: CMakeFiles/ydlidar_sdk.dir/core/serial/impl/unix/list_ports_linux.cpp.o] Interrupt
make[2]: *** [CMakeFiles/ydlidar_sdk.dir/build.make:128: CMakeFiles/ydlidar_sdk.dir/core/serial/serial.cpp.o] Interrupt
make[2]: *** [CMakeFiles/ydlidar_sdk.dir/build.make:180: CMakeFiles/ydlidar_sdk.dir/src/CYdLidar.cpp.o] Interrupt
make[2]: *** [CMakeFiles/ydlidar_sdk.dir/build.make:193: CMakeFiles/ydlidar_sdk.dir/src/ETLidarDriver.cpp.o] Interrupt
make[2]: *** [CMakeFiles/ydlidar_sdk.dir/build.make:219: CMakeFiles/ydlidar_sdk.dir/src/SDMLidarDriver.cpp.o] Interrupt
make[2]: *** [CMakeFiles/ydlidar_sdk.dir/build.make:115: CMakeFiles/ydlidar_sdk.dir/core/network/SimpleSocket.cpp.o] Interrupt
make[2]: *** [CMakeFiles/ydlidar_sdk.dir/build.make:232: CMakeFiles/ydlidar_sdk.dir/src/YDlidarDriver.cpp.o] Interrupt
make[1]: *** [CMakeFiles/Makefile2:344: CMakeFiles/ydlidar_sdk.dir/all] Interrupt
make: *** [Makefile:163: all] Interrupt
