[0.364s] Invoking command in '/home/ubuntu/ros2_WS/src/build/ydlidar_sdk': /usr/bin/cmake /home/ubuntu/ros2_WS/src/YDLidar-SDK -DCMAKE_INSTALL_PREFIX=/home/ubuntu/ros2_WS/src/install/ydlidar_sdk
[0.453s] -- The C compiler identification is GNU 9.4.0
[0.543s] -- The CXX compiler identification is GNU 9.4.0
[0.553s] -- Check for working C compiler: /usr/bin/cc
[0.645s] -- Check for working C compiler: /usr/bin/cc -- works
[0.646s] -- Detecting C compiler ABI info
[0.742s] -- Detecting C compiler ABI info - done
[0.762s] -- Detecting C compile features
[0.763s] -- Detecting C compile features - done
[0.769s] -- Check for working CXX compiler: /usr/bin/c++
[0.881s] -- Check for working CXX compiler: /usr/bin/c++ -- works
[0.885s] -- Detecting CXX compiler ABI info
[1.005s] -- Detecting CXX compiler ABI info - done
[1.037s] -- Detecting CXX compile features
[1.039s] -- Detecting CXX compile features - done
[1.041s] -- Current platform: Linux
[1.042s] CMake Deprecation Warning at CMakeLists.txt:50 (cmake_policy):
[1.043s]   The OLD behavior for policy CMP0053 will be removed from a future version
[1.043s]   of CMake.
[1.043s] 
[1.043s]   The cmake-policies(7) manual explains that the OLD behaviors of all
[1.043s]   policies are deprecated and that a policy should be set to OLD only under
[1.043s]   specific short-term circumstances.  Projects should be ported to the NEW
[1.043s]   behavior and not rely on setting a policy to OLD.
[1.044s] 
[1.044s] 
[1.044s] CMake Deprecation Warning at CMakeLists.txt:53 (cmake_policy):
[1.044s]   The OLD behavior for policy CMP0037 will be removed from a future version
[1.044s]   of CMake.
[1.045s] 
[1.045s]   The cmake-policies(7) manual explains that the OLD behaviors of all
[1.045s]   policies are deprecated and that a policy should be set to OLD only under
[1.045s]   specific short-term circumstances.  Projects should be ported to the NEW
[1.046s]   behavior and not rely on setting a policy to OLD.
[1.046s] 
[1.046s] 
[1.046s] CMake Deprecation Warning at CMakeLists.txt:56 (cmake_policy):
[1.046s]   The OLD behavior for policy CMP0043 will be removed from a future version
[1.047s]   of CMake.
[1.047s] 
[1.047s]   The cmake-policies(7) manual explains that the OLD behaviors of all
[1.047s]   policies are deprecated and that a policy should be set to OLD only under
[1.047s]   specific short-term circumstances.  Projects should be ported to the NEW
[1.048s]   behavior and not rely on setting a policy to OLD.
[1.048s] 
[1.048s] 
[1.048s] -- Could NOT find SWIG (missing: SWIG_EXECUTABLE SWIG_DIR) 
[1.077s] -- Found PythonInterp: /usr/bin/python3.8 (found version "3.8.10") 
[1.096s] -- Found PythonLibs: /usr/lib/x86_64-linux-gnu/libpython3.8.so (found version "3.8.10") 
[1.134s] -- Found GTest: /usr/lib/x86_64-linux-gnu/libgtest.a  
[1.532s] CMake Deprecation Warning at cmake/install_package.cmake:101 (cmake_policy):
[1.532s]   The OLD behavior for policy CMP0026 will be removed from a future version
[1.532s]   of CMake.
[1.533s] 
[1.533s]   The cmake-policies(7) manual explains that the OLD behaviors of all
[1.533s]   policies are deprecated and that a policy should be set to OLD only under
[1.533s]   specific short-term circumstances.  Projects should be ported to the NEW
[1.534s]   behavior and not rely on setting a policy to OLD.
[1.534s] Call Stack (most recent call first):
[1.534s]   CMakeLists.txt:168 (install_package)
[1.534s] 
[1.534s] 
[1.539s] CMake Warning (dev) at cmake/install_package.cmake:191 (install):
[1.539s]   Policy CMP0062 is not set: Disallow install() of export() result.  Run
[1.539s]   "cmake --help-policy CMP0062" for policy details.  Use the cmake_policy
[1.540s]   command to set the policy and suppress this warning.
[1.540s] 
[1.540s]   The file
[1.541s] 
[1.541s]     /home/ubuntu/ros2_WS/src/build/ydlidar_sdk/ydlidar_sdkTargets.cmake
[1.541s] 
[1.541s]   was generated by the export() command.  It should not be installed with the
[1.541s]   install() command.  Use the install(EXPORT) mechanism instead.  See the
[1.542s]   cmake-packages(7) manual for more.
[1.542s] 
[1.542s] Call Stack (most recent call first):
[1.542s]   CMakeLists.txt:168 (install_package)
[1.543s] This warning is for project developers.  Use -Wno-dev to suppress it.
[1.543s] 
[1.566s] -- 
[1.567s] -- +===========================================================================+
[1.567s] -- |         Resulting configuration for                             |
[1.567s] -- +===========================================================================+
[1.567s] --  _________________________ PLATFORM _____________________________
[1.568s] --  Host                        : Linux5.15.0-92-genericx86_64
[1.568s] --  Is the system big endian?   :  No 
[1.568s] --  Word size (32/64 bit)       : 64
[1.568s] --  CMake version               : 3.16.3
[1.568s] --  CMake generator             : Unix Makefiles
[1.568s] --  CMake build tool            : /usr/bin/make
[1.568s] --  Compiler                    : GNU
[1.569s] --  Configuration               : 
[1.569s] -- 
[1.569s] --  __________________________ OPTIONS _____________________________
[1.569s] --  Build YDLidar-SDK as a shared library?　　 :  No 
[1.569s] --  Build Examples?　　　　　　　　　　　　　　 : Yes 
[1.569s] --  Build C Sharp API?　　　　　　　　　　　　 :  No 
[1.570s] --  Build TEST?  			　　　 :  No 
[1.570s] -- 
[1.570s] --  _________________________ INSTALL _____________________
[1.570s] --  Install prefix                    : /home/ubuntu/ros2_WS/src/install/ydlidar_sdk
[1.570s] -- 
[1.570s] --  _______________________ WRAPPERS/BINDINGS ______________________
[1.571s] --  Python bindings (pyydlidar)   :  No 
[1.571s] --   - dep: Swig found?       :  No [Version: ]
[1.571s] --   - dep: PythonLibs found?  : Yes [Version: 3.8.10]
[1.571s] -- 
[1.580s] -- Configuring done
[1.625s] -- Generating done
[1.629s] -- Build files have been written to: /home/ubuntu/ros2_WS/src/build/ydlidar_sdk
[1.647s] Invoked command in '/home/ubuntu/ros2_WS/src/build/ydlidar_sdk' returned '0': /usr/bin/cmake /home/ubuntu/ros2_WS/src/YDLidar-SDK -DCMAKE_INSTALL_PREFIX=/home/ubuntu/ros2_WS/src/install/ydlidar_sdk
[1.650s] Invoking command in '/home/ubuntu/ros2_WS/src/build/ydlidar_sdk': /usr/bin/cmake --build /home/ubuntu/ros2_WS/src/build/ydlidar_sdk -- -j8 -l8
[1.700s] [35m[1mScanning dependencies of target ydlidar_sdk[0m
[1.742s] [  2%] [32mBuilding CXX object CMakeFiles/ydlidar_sdk.dir/core/common/ydlidar_def.cpp.o[0m
[1.743s] [  4%] [32mBuilding CXX object CMakeFiles/ydlidar_sdk.dir/core/base/timer.cpp.o[0m
[1.748s] [  7%] [32mBuilding CXX object CMakeFiles/ydlidar_sdk.dir/core/network/SimpleSocket.cpp.o[0m
[1.754s] [  9%] [32mBuilding CXX object CMakeFiles/ydlidar_sdk.dir/core/network/ActiveSocket.cpp.o[0m
[1.770s] [ 11%] [32mBuilding C object CMakeFiles/ydlidar_sdk.dir/core/serial/impl/unix/lock.c.o[0m
[1.775s] [ 14%] [32mBuilding CXX object CMakeFiles/ydlidar_sdk.dir/core/serial/serial.cpp.o[0m
[1.777s] [ 16%] [32mBuilding CXX object CMakeFiles/ydlidar_sdk.dir/core/network/PassiveSocket.cpp.o[0m
[1.795s] [ 19%] [32mBuilding CXX object CMakeFiles/ydlidar_sdk.dir/core/serial/impl/unix/list_ports_linux.cpp.o[0m
[1.936s] [ 21%] [32mBuilding CXX object CMakeFiles/ydlidar_sdk.dir/core/serial/impl/unix/unix_serial.cpp.o[0m
[2.063s] [ 23%] [32mBuilding CXX object CMakeFiles/ydlidar_sdk.dir/src/CYdLidar.cpp.o[0m
[2.334s] [ 26%] [32mBuilding CXX object CMakeFiles/ydlidar_sdk.dir/src/ETLidarDriver.cpp.o[0m
[2.668s] [ 28%] [32mBuilding CXX object CMakeFiles/ydlidar_sdk.dir/src/GSLidarDriver.cpp.o[0m
[2.997s] [ 30%] [32mBuilding CXX object CMakeFiles/ydlidar_sdk.dir/src/SDMLidarDriver.cpp.o[0m
[3.049s] In file included from [01m[K/home/ubuntu/ros2_WS/src/YDLidar-SDK/core/serial/common.h:45[m[K,
[3.049s]                  from [01m[K/home/ubuntu/ros2_WS/src/YDLidar-SDK/core/serial/serial.cpp:12[m[K:
[3.049s] [01m[K/home/ubuntu/ros2_WS/src/YDLidar-SDK/./core/base/thread.h:[m[K In member function ‘[01m[Kint ydlidar::core::base::Thread::join(long unsigned int)[m[K’:
[3.050s] [01m[K/home/ubuntu/ros2_WS/src/YDLidar-SDK/./core/base/thread.h:136:46:[m[K [01;35m[Kwarning: [m[Kformat ‘[01m[K%X[m[K’ expects argument of type ‘[01m[Kunsigned int[m[K’, but argument 2 has type ‘[01m[K_size_t[m[K’ {aka ‘[01m[Klong unsigned int[m[K’} [[01;35m[K-Wformat=[m[K]
[3.050s]   136 |           printf("[YDLIDAR DEBUG] Thread [0x[01;35m[K%X[m[K] ready to cancel[%d]\n", [32m[K_handle[m[K, s);
[3.050s]       |                                             [01;35m[K~^[m[K                          [32m[K~~~~~~~[m[K
[3.050s]       |                                              [01;35m[K|[m[K                          [32m[K|[m[K
[3.051s]       |                                              [01;35m[Kunsigned int[m[K               [32m[K_size_t {aka long unsigned int}[m[K
[3.051s]       |                                             [32m[K%lX[m[K
[3.051s] [01m[K/home/ubuntu/ros2_WS/src/YDLidar-SDK/./core/base/thread.h:138:46:[m[K [01;35m[Kwarning: [m[Kformat ‘[01m[K%X[m[K’ expects argument of type ‘[01m[Kunsigned int[m[K’, but argument 2 has type ‘[01m[K_size_t[m[K’ {aka ‘[01m[Klong unsigned int[m[K’} [[01;35m[K-Wformat=[m[K]
[3.052s]   138 |           printf("[YDLIDAR DEBUG] Thread [0x[01;35m[K%X[m[K] ready to cancel[%d] time[%u]\n",
[3.052s]       |                                             [01;35m[K~^[m[K
[3.052s]       |                                              [01;35m[K|[m[K
[3.052s]       |                                              [01;35m[Kunsigned int[m[K
[3.052s]       |                                             [32m[K%lX[m[K
[3.053s]   139 |             [32m[K_handle[m[K, s, getms() - t);
[3.053s]       |             [32m[K~~~~~~~[m[K                           
[3.053s]       |             [32m[K|[m[K
[3.053s]       |             [32m[K_size_t {aka long unsigned int}[m[K
[3.062s] [01m[K/home/ubuntu/ros2_WS/src/YDLidar-SDK/./core/base/thread.h:142:42:[m[K [01;35m[Kwarning: [m[Kformat ‘[01m[K%X[m[K’ expects argument of type ‘[01m[Kunsigned int[m[K’, but argument 2 has type ‘[01m[K_size_t[m[K’ {aka ‘[01m[Klong unsigned int[m[K’} [[01;35m[K-Wformat=[m[K]
[3.063s]   142 |             printf("[YDLIDAR] Thread [0x[01;35m[K%X[m[K] has been canceled in other thread\n", [32m[K_handle[m[K);
[3.063s]       |                                         [01;35m[K~^[m[K                                        [32m[K~~~~~~~[m[K
[3.063s]       |                                          [01;35m[K|[m[K                                        [32m[K|[m[K
[3.063s]       |                                          [01;35m[Kunsigned int[m[K                             [32m[K_size_t {aka long unsigned int}[m[K
[3.064s]       |                                         [32m[K%lX[m[K
[3.064s] [01m[K/home/ubuntu/ros2_WS/src/YDLidar-SDK/./core/base/thread.h:147:74:[m[K [01;35m[Kwarning: [m[Kformat ‘[01m[K%X[m[K’ expects argument of type ‘[01m[Kunsigned int[m[K’, but argument 3 has type ‘[01m[K_size_t[m[K’ {aka ‘[01m[Klong unsigned int[m[K’} [[01;35m[K-Wformat=[m[K]
[3.064s]   147 |             fprintf(stderr, "[YDLIDAR] An error occurred while thread[0x[01;35m[K%X[m[K] cancelled!\n", [32m[K_handle[m[K);
[3.064s]       |                                                                         [01;35m[K~^[m[K                 [32m[K~~~~~~~[m[K
[3.065s]       |                                                                          [01;35m[K|[m[K                 [32m[K|[m[K
[3.065s]       |                                                                          [01;35m[Kunsigned int[m[K      [32m[K_size_t {aka long unsigned int}[m[K
[3.065s]       |                                                                         [32m[K%lX[m[K
[3.065s] [01m[K/home/ubuntu/ros2_WS/src/YDLidar-SDK/./core/base/thread.h:151:40:[m[K [01;35m[Kwarning: [m[Kformat ‘[01m[K%X[m[K’ expects argument of type ‘[01m[Kunsigned int[m[K’, but argument 2 has type ‘[01m[K_size_t[m[K’ {aka ‘[01m[Klong unsigned int[m[K’} [[01;35m[K-Wformat=[m[K]
[3.065s]   151 |           printf("[YDLIDAR] Thread [0x[01;35m[K%X[m[K] has been canceled\n", [32m[K_handle[m[K);
[3.066s]       |                                       [01;35m[K~^[m[K                        [32m[K~~~~~~~[m[K
[3.066s]       |                                        [01;35m[K|[m[K                        [32m[K|[m[K
[3.066s]       |                                        [01;35m[Kunsigned int[m[K             [32m[K_size_t {aka long unsigned int}[m[K
[3.066s]       |                                       [32m[K%lX[m[K
[3.115s] [ 33%] [32mBuilding CXX object CMakeFiles/ydlidar_sdk.dir/src/YDlidarDriver.cpp.o[0m
[3.140s] make[2]: *** [CMakeFiles/ydlidar_sdk.dir/build.make:206: CMakeFiles/ydlidar_sdk.dir/src/GSLidarDriver.cpp.o] Interrupt
[3.140s] make[2]: *** [CMakeFiles/ydlidar_sdk.dir/build.make:154: CMakeFiles/ydlidar_sdk.dir/core/serial/impl/unix/list_ports_linux.cpp.o] Interrupt
[3.140s] make[2]: *** [CMakeFiles/ydlidar_sdk.dir/build.make:128: CMakeFiles/ydlidar_sdk.dir/core/serial/serial.cpp.o] Interrupt
[3.141s] make[2]: *** [CMakeFiles/ydlidar_sdk.dir/build.make:180: CMakeFiles/ydlidar_sdk.dir/src/CYdLidar.cpp.o] Interrupt
[3.141s] make[2]: *** [CMakeFiles/ydlidar_sdk.dir/build.make:193: CMakeFiles/ydlidar_sdk.dir/src/ETLidarDriver.cpp.o] Interrupt
[3.141s] make[2]: *** [CMakeFiles/ydlidar_sdk.dir/build.make:219: CMakeFiles/ydlidar_sdk.dir/src/SDMLidarDriver.cpp.o] Interrupt
[3.144s] make[2]: *** [CMakeFiles/ydlidar_sdk.dir/build.make:115: CMakeFiles/ydlidar_sdk.dir/core/network/SimpleSocket.cpp.o] Interrupt
[3.149s] make[2]: *** [CMakeFiles/ydlidar_sdk.dir/build.make:232: CMakeFiles/ydlidar_sdk.dir/src/YDlidarDriver.cpp.o] Interrupt
[3.150s] make[1]: *** [CMakeFiles/Makefile2:344: CMakeFiles/ydlidar_sdk.dir/all] Interrupt
[3.151s] make: *** [Makefile:163: all] Interrupt
