[0.589s] Invoking command in '/home/ubuntu/ros2_WS/src/build/ydlidar_ros2_driver': CMAKE_PREFIX_PATH=${CMAKE_PREFIX_PATH}:/home/ubuntu/ros2_WS/src/install/ydlidar_tg15:/opt/ros/foxy /usr/bin/cmake --build /home/ubuntu/ros2_WS/src/build/ydlidar_ros2_driver -- -j8 -l8
[0.686s] [ 50%] Built target ydlidar_ros2_driver_client
[0.690s] [100%] Built target ydlidar_ros2_driver_node
[1.125s] Invoked command in '/home/ubuntu/ros2_WS/src/build/ydlidar_ros2_driver' returned '0': CMAKE_PREFIX_PATH=${CMAKE_PREFIX_PATH}:/home/ubuntu/ros2_WS/src/install/ydlidar_tg15:/opt/ros/foxy /usr/bin/cmake --build /home/ubuntu/ros2_WS/src/build/ydlidar_ros2_driver -- -j8 -l8
[1.178s] Invoking command in '/home/ubuntu/ros2_WS/src/build/ydlidar_ros2_driver': CMAKE_PREFIX_PATH=${CMAKE_PREFIX_PATH}:/home/ubuntu/ros2_WS/src/install/ydlidar_tg15:/opt/ros/foxy /usr/bin/cmake --install /home/ubuntu/ros2_WS/src/build/ydlidar_ros2_driver
[1.189s] -- Install configuration: ""
[1.189s] -- Execute custom install script
[1.190s] -- Up-to-date symlink: /home/ubuntu/ros2_WS/src/install/ydlidar_ros2_driver/lib/ydlidar_ros2_driver/ydlidar_ros2_driver_node
[1.191s] -- Up-to-date symlink: /home/ubuntu/ros2_WS/src/install/ydlidar_ros2_driver/lib/ydlidar_ros2_driver/ydlidar_ros2_driver_client
[1.192s] -- Up-to-date symlink: /home/ubuntu/ros2_WS/src/install/ydlidar_ros2_driver/share/ydlidar_ros2_driver/launch/ydlidar.py
[1.193s] -- Up-to-date symlink: /home/ubuntu/ros2_WS/src/install/ydlidar_ros2_driver/share/ydlidar_ros2_driver/launch/ydlidar_launch.py
[1.193s] -- Up-to-date symlink: /home/ubuntu/ros2_WS/src/install/ydlidar_ros2_driver/share/ydlidar_ros2_driver/launch/ydlidar_launch_view.py
[1.194s] -- Up-to-date symlink: /home/ubuntu/ros2_WS/src/install/ydlidar_ros2_driver/share/ydlidar_ros2_driver/params/G1.yaml
[1.194s] -- Up-to-date symlink: /home/ubuntu/ros2_WS/src/install/ydlidar_ros2_driver/share/ydlidar_ros2_driver/params/G2.yaml
[1.194s] -- Up-to-date symlink: /home/ubuntu/ros2_WS/src/install/ydlidar_ros2_driver/share/ydlidar_ros2_driver/params/G6.yaml
[1.195s] -- Up-to-date symlink: /home/ubuntu/ros2_WS/src/install/ydlidar_ros2_driver/share/ydlidar_ros2_driver/params/GS2.yaml
[1.195s] -- Up-to-date symlink: /home/ubuntu/ros2_WS/src/install/ydlidar_ros2_driver/share/ydlidar_ros2_driver/params/TEA.yaml
[1.196s] -- Up-to-date symlink: /home/ubuntu/ros2_WS/src/install/ydlidar_ros2_driver/share/ydlidar_ros2_driver/params/TG.yaml
[1.196s] -- Up-to-date symlink: /home/ubuntu/ros2_WS/src/install/ydlidar_ros2_driver/share/ydlidar_ros2_driver/params/TminiPro.yaml
[1.196s] -- Up-to-date symlink: /home/ubuntu/ros2_WS/src/install/ydlidar_ros2_driver/share/ydlidar_ros2_driver/params/X2.yaml
[1.197s] -- Up-to-date symlink: /home/ubuntu/ros2_WS/src/install/ydlidar_ros2_driver/share/ydlidar_ros2_driver/params/X4-Pro.yaml
[1.197s] -- Up-to-date symlink: /home/ubuntu/ros2_WS/src/install/ydlidar_ros2_driver/share/ydlidar_ros2_driver/params/X4.yaml
[1.197s] -- Up-to-date symlink: /home/ubuntu/ros2_WS/src/install/ydlidar_ros2_driver/share/ydlidar_ros2_driver/params/ydlidar.yaml
[1.198s] -- Up-to-date symlink: /home/ubuntu/ros2_WS/src/install/ydlidar_ros2_driver/share/ydlidar_ros2_driver/startup/initenv.sh
[1.199s] -- Up-to-date symlink: /home/ubuntu/ros2_WS/src/install/ydlidar_ros2_driver/share/ydlidar_ros2_driver/config/ydlidar.rviz
[1.200s] -- Up-to-date symlink: /home/ubuntu/ros2_WS/src/install/ydlidar_ros2_driver/share/ament_index/resource_index/package_run_dependencies/ydlidar_ros2_driver
[1.200s] -- Up-to-date symlink: /home/ubuntu/ros2_WS/src/install/ydlidar_ros2_driver/share/ament_index/resource_index/parent_prefix_path/ydlidar_ros2_driver
[1.201s] -- Up-to-date symlink: /home/ubuntu/ros2_WS/src/install/ydlidar_ros2_driver/share/ydlidar_ros2_driver/environment/ament_prefix_path.sh
[1.202s] -- Up-to-date symlink: /home/ubuntu/ros2_WS/src/install/ydlidar_ros2_driver/share/ydlidar_ros2_driver/environment/ament_prefix_path.dsv
[1.202s] -- Up-to-date symlink: /home/ubuntu/ros2_WS/src/install/ydlidar_ros2_driver/share/ydlidar_ros2_driver/environment/path.sh
[1.203s] -- Up-to-date symlink: /home/ubuntu/ros2_WS/src/install/ydlidar_ros2_driver/share/ydlidar_ros2_driver/environment/path.dsv
[1.203s] -- Up-to-date symlink: /home/ubuntu/ros2_WS/src/install/ydlidar_ros2_driver/share/ydlidar_ros2_driver/local_setup.bash
[1.204s] -- Up-to-date symlink: /home/ubuntu/ros2_WS/src/install/ydlidar_ros2_driver/share/ydlidar_ros2_driver/local_setup.sh
[1.205s] -- Up-to-date symlink: /home/ubuntu/ros2_WS/src/install/ydlidar_ros2_driver/share/ydlidar_ros2_driver/local_setup.zsh
[1.205s] -- Up-to-date symlink: /home/ubuntu/ros2_WS/src/install/ydlidar_ros2_driver/share/ydlidar_ros2_driver/local_setup.dsv
[1.206s] -- Symlinking: /home/ubuntu/ros2_WS/src/install/ydlidar_ros2_driver/share/ydlidar_ros2_driver/package.dsv
[1.223s] -- Up-to-date symlink: /home/ubuntu/ros2_WS/src/install/ydlidar_ros2_driver/share/ament_index/resource_index/packages/ydlidar_ros2_driver
[1.224s] -- Up-to-date symlink: /home/ubuntu/ros2_WS/src/install/ydlidar_ros2_driver/share/ydlidar_ros2_driver/cmake/ydlidar_ros2_driverConfig.cmake
[1.224s] -- Up-to-date symlink: /home/ubuntu/ros2_WS/src/install/ydlidar_ros2_driver/share/ydlidar_ros2_driver/cmake/ydlidar_ros2_driverConfig-version.cmake
[1.225s] -- Up-to-date symlink: /home/ubuntu/ros2_WS/src/install/ydlidar_ros2_driver/share/ydlidar_ros2_driver/package.xml
[1.228s] Invoked command in '/home/ubuntu/ros2_WS/src/build/ydlidar_ros2_driver' returned '0': CMAKE_PREFIX_PATH=${CMAKE_PREFIX_PATH}:/home/ubuntu/ros2_WS/src/install/ydlidar_tg15:/opt/ros/foxy /usr/bin/cmake --install /home/ubuntu/ros2_WS/src/build/ydlidar_ros2_driver
