[2.136s] DEBUG:colcon:Command line arguments: ['/usr/bin/colcon', 'build', '--symlink-install', '--packages-select', 'ydlidar_tg15']
[2.136s] DEBUG:colcon:Parsed command line arguments: Namespace(allow_overriding=[], ament_cmake_args=None, base_paths=['.'], build_base='build', catkin_cmake_args=None, catkin_skip_building_tests=False, cmake_args=None, cmake_clean_cache=False, cmake_clean_first=False, cmake_force_configure=False, cmake_target=None, cmake_target_skip_unavailable=False, continue_on_error=False, event_handlers=None, executor='parallel', ignore_user_meta=False, install_base='install', log_base=None, log_level=None, main=<bound method BuildVerb.main of <colcon_core.verb.build.BuildVerb object at 0x7f0bc10bcd90>>, merge_install=False, metas=['./colcon.meta'], packages_above=None, packages_above_and_dependencies=None, packages_above_depth=None, packages_end=None, packages_ignore=None, packages_ignore_regex=None, packages_select=['ydlidar_tg15'], packages_select_build_failed=False, packages_select_by_dep=None, packages_select_regex=None, packages_select_test_failures=False, packages_skip=None, packages_skip_build_finished=False, packages_skip_by_dep=None, packages_skip_regex=None, packages_skip_test_passed=False, packages_skip_up_to=None, packages_start=None, packages_up_to=None, packages_up_to_regex=None, parallel_workers=8, paths=None, symlink_install=True, test_result_base=None, verb_extension=<colcon_core.verb.build.BuildVerb object at 0x7f0bc10bcd90>, verb_name='build', verb_parser=<colcon_defaults.argument_parser.defaults.DefaultArgumentsDecorator object at 0x7f0bc0c8c8b0>)
[2.228s] Level 1:colcon.colcon_core.package_discovery:discover_packages(colcon_meta) check parameters
[2.229s] Level 1:colcon.colcon_core.package_discovery:discover_packages(recursive) check parameters
[2.229s] Level 1:colcon.colcon_core.package_discovery:discover_packages(ignore) check parameters
[2.229s] Level 1:colcon.colcon_core.package_discovery:discover_packages(path) check parameters
[2.229s] Level 1:colcon.colcon_core.package_discovery:discover_packages(colcon_meta) discover
[2.229s] Level 1:colcon.colcon_core.package_discovery:discover_packages(recursive) discover
[2.229s] INFO:colcon.colcon_core.package_discovery:Crawling recursively for packages in '/home/ubuntu/ros2_WS/src'
[2.229s] Level 1:colcon.colcon_core.package_identification:_identify(.) by extensions ['ignore', 'ignore_ament_install']
[2.229s] Level 1:colcon.colcon_core.package_identification:_identify(.) by extension 'ignore'
[2.229s] Level 1:colcon.colcon_core.package_identification:_identify(.) by extension 'ignore_ament_install'
[2.229s] Level 1:colcon.colcon_core.package_identification:_identify(.) by extensions ['colcon_pkg']
[2.229s] Level 1:colcon.colcon_core.package_identification:_identify(.) by extension 'colcon_pkg'
[2.229s] Level 1:colcon.colcon_core.package_identification:_identify(.) by extensions ['colcon_meta']
[2.229s] Level 1:colcon.colcon_core.package_identification:_identify(.) by extension 'colcon_meta'
[2.229s] Level 1:colcon.colcon_core.package_identification:_identify(.) by extensions ['ros']
[2.229s] Level 1:colcon.colcon_core.package_identification:_identify(.) by extension 'ros'
[2.239s] Level 1:colcon.colcon_core.package_identification:_identify(.) by extensions ['cmake', 'python']
[2.239s] Level 1:colcon.colcon_core.package_identification:_identify(.) by extension 'cmake'
[2.239s] Level 1:colcon.colcon_core.package_identification:_identify(.) by extension 'python'
[2.239s] Level 1:colcon.colcon_core.package_identification:_identify(.) by extensions ['python_setup_py']
[2.239s] Level 1:colcon.colcon_core.package_identification:_identify(.) by extension 'python_setup_py'
[2.239s] Level 1:colcon.colcon_core.package_identification:_identify(YDLidar-SDK) by extensions ['ignore', 'ignore_ament_install']
[2.240s] Level 1:colcon.colcon_core.package_identification:_identify(YDLidar-SDK) by extension 'ignore'
[2.240s] Level 1:colcon.colcon_core.package_identification:_identify(YDLidar-SDK) by extension 'ignore_ament_install'
[2.240s] Level 1:colcon.colcon_core.package_identification:_identify(YDLidar-SDK) by extensions ['colcon_pkg']
[2.240s] Level 1:colcon.colcon_core.package_identification:_identify(YDLidar-SDK) by extension 'colcon_pkg'
[2.240s] Level 1:colcon.colcon_core.package_identification:_identify(YDLidar-SDK) by extensions ['colcon_meta']
[2.240s] Level 1:colcon.colcon_core.package_identification:_identify(YDLidar-SDK) by extension 'colcon_meta'
[2.240s] Level 1:colcon.colcon_core.package_identification:_identify(YDLidar-SDK) by extensions ['ros']
[2.240s] Level 1:colcon.colcon_core.package_identification:_identify(YDLidar-SDK) by extension 'ros'
[2.240s] Level 1:colcon.colcon_core.package_identification:_identify(YDLidar-SDK) by extensions ['cmake', 'python']
[2.240s] Level 1:colcon.colcon_core.package_identification:_identify(YDLidar-SDK) by extension 'cmake'
[2.263s] Level 1:colcon.colcon_core.package_identification:_identify(YDLidar-SDK) by extension 'python'
[2.263s] DEBUG:colcon.colcon_core.package_identification:Package 'YDLidar-SDK' with type 'cmake' and name 'ydlidar_sdk'
[2.263s] Level 1:colcon.colcon_core.package_identification:_identify(build) by extensions ['ignore', 'ignore_ament_install']
[2.263s] Level 1:colcon.colcon_core.package_identification:_identify(build) by extension 'ignore'
[2.263s] Level 1:colcon.colcon_core.package_identification:_identify(build) ignored
[2.264s] Level 1:colcon.colcon_core.package_identification:_identify(install) by extensions ['ignore', 'ignore_ament_install']
[2.264s] Level 1:colcon.colcon_core.package_identification:_identify(install) by extension 'ignore'
[2.264s] Level 1:colcon.colcon_core.package_identification:_identify(install) ignored
[2.264s] Level 1:colcon.colcon_core.package_identification:_identify(log) by extensions ['ignore', 'ignore_ament_install']
[2.264s] Level 1:colcon.colcon_core.package_identification:_identify(log) by extension 'ignore'
[2.264s] Level 1:colcon.colcon_core.package_identification:_identify(log) ignored
[2.264s] Level 1:colcon.colcon_core.package_identification:_identify(ydlidar_ros2_driver) by extensions ['ignore', 'ignore_ament_install']
[2.264s] Level 1:colcon.colcon_core.package_identification:_identify(ydlidar_ros2_driver) by extension 'ignore'
[2.264s] Level 1:colcon.colcon_core.package_identification:_identify(ydlidar_ros2_driver) by extension 'ignore_ament_install'
[2.264s] Level 1:colcon.colcon_core.package_identification:_identify(ydlidar_ros2_driver) by extensions ['colcon_pkg']
[2.264s] Level 1:colcon.colcon_core.package_identification:_identify(ydlidar_ros2_driver) by extension 'colcon_pkg'
[2.265s] Level 1:colcon.colcon_core.package_identification:_identify(ydlidar_ros2_driver) by extensions ['colcon_meta']
[2.265s] Level 1:colcon.colcon_core.package_identification:_identify(ydlidar_ros2_driver) by extension 'colcon_meta'
[2.265s] Level 1:colcon.colcon_core.package_identification:_identify(ydlidar_ros2_driver) by extensions ['ros']
[2.265s] Level 1:colcon.colcon_core.package_identification:_identify(ydlidar_ros2_driver) by extension 'ros'
[2.267s] DEBUG:colcon.colcon_core.package_identification:Package 'ydlidar_ros2_driver' with type 'ros.ament_cmake' and name 'ydlidar_ros2_driver'
[2.267s] Level 1:colcon.colcon_core.package_identification:_identify(ydlidar_tg15) by extensions ['ignore', 'ignore_ament_install']
[2.267s] Level 1:colcon.colcon_core.package_identification:_identify(ydlidar_tg15) by extension 'ignore'
[2.267s] Level 1:colcon.colcon_core.package_identification:_identify(ydlidar_tg15) by extension 'ignore_ament_install'
[2.268s] Level 1:colcon.colcon_core.package_identification:_identify(ydlidar_tg15) by extensions ['colcon_pkg']
[2.268s] Level 1:colcon.colcon_core.package_identification:_identify(ydlidar_tg15) by extension 'colcon_pkg'
[2.268s] Level 1:colcon.colcon_core.package_identification:_identify(ydlidar_tg15) by extensions ['colcon_meta']
[2.268s] Level 1:colcon.colcon_core.package_identification:_identify(ydlidar_tg15) by extension 'colcon_meta'
[2.268s] Level 1:colcon.colcon_core.package_identification:_identify(ydlidar_tg15) by extensions ['ros']
[2.268s] Level 1:colcon.colcon_core.package_identification:_identify(ydlidar_tg15) by extension 'ros'
[2.268s] DEBUG:colcon.colcon_core.package_identification:Package 'ydlidar_tg15' with type 'ros.ament_python' and name 'ydlidar_tg15'
[2.268s] Level 1:colcon.colcon_core.package_discovery:discover_packages(recursive) using defaults
[2.268s] Level 1:colcon.colcon_core.package_discovery:discover_packages(ignore) discover
[2.269s] Level 1:colcon.colcon_core.package_discovery:discover_packages(ignore) using defaults
[2.269s] Level 1:colcon.colcon_core.package_discovery:discover_packages(path) discover
[2.269s] Level 1:colcon.colcon_core.package_discovery:discover_packages(path) using defaults
[2.400s] INFO:colcon.colcon_core.package_selection:Skipping not selected package 'ydlidar_ros2_driver' in 'ydlidar_ros2_driver'
[2.400s] INFO:colcon.colcon_core.package_selection:Skipping not selected package 'ydlidar_sdk' in 'YDLidar-SDK'
[2.476s] Level 1:colcon.colcon_core.package_discovery:discover_packages(prefix_path) check parameters
[2.476s] Level 1:colcon.colcon_core.package_discovery:discover_packages(prefix_path) discover
[2.511s] WARNING:colcon.colcon_ros.prefix_path.ament:The path '/home/ubuntu/ros2_WS/src/install/ydlidar_ros2_driver' in the environment variable AMENT_PREFIX_PATH doesn't exist
[2.511s] WARNING:colcon.colcon_ros.prefix_path.catkin:The path '/home/ubuntu/ros2_WS/src/install/ydlidar_sdk' in the environment variable CMAKE_PREFIX_PATH doesn't exist
[2.511s] WARNING:colcon.colcon_ros.prefix_path.catkin:The path '/home/ubuntu/ros2_WS/src/install/ydlidar_ros2_driver' in the environment variable CMAKE_PREFIX_PATH doesn't exist
[2.547s] DEBUG:colcon.colcon_installed_package_information.package_discovery:Found 0 installed packages in /home/ubuntu/ros2_WS/src/install
[2.588s] DEBUG:colcon.colcon_installed_package_information.package_discovery:Found 258 installed packages in /opt/ros/foxy
[2.589s] Level 1:colcon.colcon_core.package_discovery:discover_packages(prefix_path) using defaults
[2.729s] Level 5:colcon.colcon_core.verb:set package 'ydlidar_tg15' build argument 'cmake_args' from command line to 'None'
[2.729s] Level 5:colcon.colcon_core.verb:set package 'ydlidar_tg15' build argument 'cmake_target' from command line to 'None'
[2.729s] Level 5:colcon.colcon_core.verb:set package 'ydlidar_tg15' build argument 'cmake_target_skip_unavailable' from command line to 'False'
[2.729s] Level 5:colcon.colcon_core.verb:set package 'ydlidar_tg15' build argument 'cmake_clean_cache' from command line to 'False'
[2.729s] Level 5:colcon.colcon_core.verb:set package 'ydlidar_tg15' build argument 'cmake_clean_first' from command line to 'False'
[2.730s] Level 5:colcon.colcon_core.verb:set package 'ydlidar_tg15' build argument 'cmake_force_configure' from command line to 'False'
[2.730s] Level 5:colcon.colcon_core.verb:set package 'ydlidar_tg15' build argument 'ament_cmake_args' from command line to 'None'
[2.730s] Level 5:colcon.colcon_core.verb:set package 'ydlidar_tg15' build argument 'catkin_cmake_args' from command line to 'None'
[2.730s] Level 5:colcon.colcon_core.verb:set package 'ydlidar_tg15' build argument 'catkin_skip_building_tests' from command line to 'False'
[2.730s] DEBUG:colcon.colcon_core.verb:Building package 'ydlidar_tg15' with the following arguments: {'ament_cmake_args': None, 'build_base': '/home/ubuntu/ros2_WS/src/build/ydlidar_tg15', 'catkin_cmake_args': None, 'catkin_skip_building_tests': False, 'cmake_args': None, 'cmake_clean_cache': False, 'cmake_clean_first': False, 'cmake_force_configure': False, 'cmake_target': None, 'cmake_target_skip_unavailable': False, 'install_base': '/home/ubuntu/ros2_WS/src/install/ydlidar_tg15', 'merge_install': False, 'path': '/home/ubuntu/ros2_WS/src/ydlidar_tg15', 'symlink_install': True, 'test_result_base': None}
[2.767s] INFO:colcon.colcon_core.executor:Executing jobs using 'parallel' executor
[2.807s] DEBUG:colcon.colcon_parallel_executor.executor.parallel:run_until_complete
[2.807s] INFO:colcon.colcon_ros.task.ament_python.build:Building ROS package in '/home/ubuntu/ros2_WS/src/ydlidar_tg15' with build type 'ament_python'
[2.808s] Level 1:colcon.colcon_core.shell:create_environment_hook('ydlidar_tg15', 'ament_prefix_path')
[2.844s] INFO:colcon.colcon_core.plugin_system:Skipping extension 'colcon_core.shell.bat': Not used on non-Windows systems
[2.845s] INFO:colcon.colcon_core.shell:Creating environment hook '/home/ubuntu/ros2_WS/src/install/ydlidar_tg15/share/ydlidar_tg15/hook/ament_prefix_path.ps1'
[2.845s] INFO:colcon.colcon_core.shell:Creating environment descriptor '/home/ubuntu/ros2_WS/src/install/ydlidar_tg15/share/ydlidar_tg15/hook/ament_prefix_path.dsv'
[2.846s] INFO:colcon.colcon_core.shell:Creating environment hook '/home/ubuntu/ros2_WS/src/install/ydlidar_tg15/share/ydlidar_tg15/hook/ament_prefix_path.sh'
[2.894s] INFO:colcon.colcon_core.shell:Skip shell extension 'powershell' for command environment: Not usable outside of PowerShell
[2.894s] DEBUG:colcon.colcon_core.shell:Skip shell extension 'dsv' for command environment
[3.221s] INFO:colcon.colcon_core.task.python.build:Building Python package in '/home/ubuntu/ros2_WS/src/ydlidar_tg15'
[3.258s] INFO:colcon.colcon_core.shell:Skip shell extension 'powershell' for command environment: Not usable outside of PowerShell
[3.258s] DEBUG:colcon.colcon_core.shell:Skip shell extension 'dsv' for command environment
[3.734s] DEBUG:colcon.colcon_core.event_handler.log_command:Invoking command in '/home/ubuntu/ros2_WS/src/build/ydlidar_tg15': PYTHONPATH=/home/ubuntu/ros2_WS/src/build/ydlidar_tg15/prefix_override:/home/ubuntu/ros2_WS/src/install/ydlidar_tg15/lib/python3.8/site-packages:${PYTHONPATH} /usr/bin/python3 setup.py develop --editable --build-directory /home/ubuntu/ros2_WS/src/build/ydlidar_tg15/build --no-deps install_data
[4.169s] Level 1:colcon.colcon_core.shell:create_environment_hook('ydlidar_tg15', 'pythonpath_develop')
[4.170s] DEBUG:colcon.colcon_core.event_handler.log_command:Invoked command in '/home/ubuntu/ros2_WS/src/build/ydlidar_tg15' returned '0': PYTHONPATH=/home/ubuntu/ros2_WS/src/build/ydlidar_tg15/prefix_override:/home/ubuntu/ros2_WS/src/install/ydlidar_tg15/lib/python3.8/site-packages:${PYTHONPATH} /usr/bin/python3 setup.py develop --editable --build-directory /home/ubuntu/ros2_WS/src/build/ydlidar_tg15/build --no-deps install_data
[4.206s] INFO:colcon.colcon_core.shell:Creating environment hook '/home/ubuntu/ros2_WS/src/build/ydlidar_tg15/share/ydlidar_tg15/hook/pythonpath_develop.ps1'
[4.206s] INFO:colcon.colcon_core.shell:Creating environment descriptor '/home/ubuntu/ros2_WS/src/build/ydlidar_tg15/share/ydlidar_tg15/hook/pythonpath_develop.dsv'
[4.207s] INFO:colcon.colcon_core.shell:Creating environment hook '/home/ubuntu/ros2_WS/src/build/ydlidar_tg15/share/ydlidar_tg15/hook/pythonpath_develop.sh'
[4.249s] Level 1:colcon.colcon_core.environment:checking '/home/ubuntu/ros2_WS/src/install/ydlidar_tg15' for CMake module files
[4.250s] Level 1:colcon.colcon_core.environment:checking '/home/ubuntu/ros2_WS/src/install/ydlidar_tg15' for CMake config files
[4.251s] Level 1:colcon.colcon_core.environment:checking '/home/ubuntu/ros2_WS/src/install/ydlidar_tg15/lib'
[4.251s] Level 1:colcon.colcon_core.environment:checking '/home/ubuntu/ros2_WS/src/install/ydlidar_tg15/bin'
[4.251s] Level 1:colcon.colcon_core.environment:checking '/home/ubuntu/ros2_WS/src/install/ydlidar_tg15/lib/pkgconfig/ydlidar_tg15.pc'
[4.251s] Level 1:colcon.colcon_core.environment:checking '/home/ubuntu/ros2_WS/src/install/ydlidar_tg15/lib/python3.8/site-packages'
[4.251s] Level 1:colcon.colcon_core.shell:create_environment_hook('ydlidar_tg15', 'pythonpath')
[4.287s] INFO:colcon.colcon_core.shell:Creating environment hook '/home/ubuntu/ros2_WS/src/install/ydlidar_tg15/share/ydlidar_tg15/hook/pythonpath.ps1'
[4.287s] INFO:colcon.colcon_core.shell:Creating environment descriptor '/home/ubuntu/ros2_WS/src/install/ydlidar_tg15/share/ydlidar_tg15/hook/pythonpath.dsv'
[4.287s] INFO:colcon.colcon_core.shell:Creating environment hook '/home/ubuntu/ros2_WS/src/install/ydlidar_tg15/share/ydlidar_tg15/hook/pythonpath.sh'
[4.288s] Level 1:colcon.colcon_core.environment:checking '/home/ubuntu/ros2_WS/src/install/ydlidar_tg15/bin'
[4.288s] Level 1:colcon.colcon_core.environment:create_environment_scripts_only(ydlidar_tg15)
[4.327s] INFO:colcon.colcon_core.shell:Creating package script '/home/ubuntu/ros2_WS/src/install/ydlidar_tg15/share/ydlidar_tg15/package.ps1'
[4.328s] INFO:colcon.colcon_core.shell:Creating package descriptor '/home/ubuntu/ros2_WS/src/install/ydlidar_tg15/share/ydlidar_tg15/package.dsv'
[4.328s] INFO:colcon.colcon_core.shell:Creating package script '/home/ubuntu/ros2_WS/src/install/ydlidar_tg15/share/ydlidar_tg15/package.sh'
[4.329s] INFO:colcon.colcon_core.shell:Creating package script '/home/ubuntu/ros2_WS/src/install/ydlidar_tg15/share/ydlidar_tg15/package.bash'
[4.330s] INFO:colcon.colcon_core.shell:Creating package script '/home/ubuntu/ros2_WS/src/install/ydlidar_tg15/share/ydlidar_tg15/package.zsh'
[4.330s] Level 1:colcon.colcon_core.environment:create_file_with_runtime_dependencies(/home/ubuntu/ros2_WS/src/install/ydlidar_tg15/share/colcon-core/packages/ydlidar_tg15)
[4.331s] DEBUG:colcon.colcon_parallel_executor.executor.parallel:closing loop
[4.331s] DEBUG:colcon.colcon_parallel_executor.executor.parallel:loop closed
[4.331s] DEBUG:colcon.colcon_parallel_executor.executor.parallel:run_until_complete finished with '0'
[4.331s] DEBUG:colcon.colcon_core.event_reactor:joining thread
[4.372s] INFO:colcon.colcon_core.plugin_system:Skipping extension 'colcon_notification.desktop_notification.terminal_notifier': Not used on non-Darwin systems
[4.372s] INFO:colcon.colcon_core.plugin_system:Skipping extension 'colcon_notification.desktop_notification.win32': Not used on non-Windows systems
[4.372s] INFO:colcon.colcon_notification.desktop_notification:Sending desktop notification using 'notify2'
[4.382s] DEBUG:colcon.colcon_core.event_reactor:joined thread
[4.417s] INFO:colcon.colcon_core.shell:Creating prefix script '/home/ubuntu/ros2_WS/src/install/local_setup.ps1'
[4.418s] INFO:colcon.colcon_core.shell:Creating prefix util module '/home/ubuntu/ros2_WS/src/install/_local_setup_util_ps1.py'
[4.420s] INFO:colcon.colcon_core.shell:Creating prefix chain script '/home/ubuntu/ros2_WS/src/install/setup.ps1'
[4.461s] INFO:colcon.colcon_core.shell:Creating prefix script '/home/ubuntu/ros2_WS/src/install/local_setup.sh'
[4.462s] INFO:colcon.colcon_core.shell:Creating prefix util module '/home/ubuntu/ros2_WS/src/install/_local_setup_util_sh.py'
[4.462s] INFO:colcon.colcon_core.shell:Creating prefix chain script '/home/ubuntu/ros2_WS/src/install/setup.sh'
[4.498s] INFO:colcon.colcon_core.shell:Creating prefix script '/home/ubuntu/ros2_WS/src/install/local_setup.bash'
[4.499s] INFO:colcon.colcon_core.shell:Creating prefix chain script '/home/ubuntu/ros2_WS/src/install/setup.bash'
[4.540s] INFO:colcon.colcon_core.shell:Creating prefix script '/home/ubuntu/ros2_WS/src/install/local_setup.zsh'
[4.541s] INFO:colcon.colcon_core.shell:Creating prefix chain script '/home/ubuntu/ros2_WS/src/install/setup.zsh'
