-- Found ament_cmake: 0.9.12 (/opt/ros/foxy/share/ament_cmake/cmake)
-- Using PYTHON_EXECUTABLE: /usr/bin/python3
-- Override CMake install command with custom implementation using symlinks instead of copying resources
-- Found rclcpp: 2.4.3 (/opt/ros/foxy/share/rclcpp/cmake)
-- Using all available rosidl_typesupport_c: rosidl_typesupport_fastrtps_c;rosidl_typesupport_introspection_c
-- Found rosidl_adapter: 1.3.1 (/opt/ros/foxy/share/rosidl_adapter/cmake)
-- Using all available rosidl_typesupport_cpp: rosidl_typesupport_fastrtps_cpp;rosidl_typesupport_introspection_cpp
-- Found rmw_implementation_cmake: 1.0.4 (/opt/ros/foxy/share/rmw_implementation_cmake/cmake)
-- Using RMW implementation 'rmw_fastrtps_cpp' as default
-- Found sensor_msgs: 2.0.5 (/opt/ros/foxy/share/sensor_msgs/cmake)
-- Found visualization_msgs: 2.0.5 (/opt/ros/foxy/share/visualization_msgs/cmake)
-- Found std_srvs: 2.0.5 (/opt/ros/foxy/share/std_srvs/cmake)
-- Found ament_lint_auto: 0.9.8 (/opt/ros/foxy/share/ament_lint_auto/cmake)
-- Added test 'copyright' to check source files copyright and LICENSE
-- Added test 'cppcheck' to perform static code analysis on C / C++ code
-- Configured cppcheck include dirs: /home/ubuntu/ros2_WS/src/ydlidar_ros2_driver/src
-- Configured cppcheck exclude dirs and/or files: 
-- Added test 'cpplint' to check C / C++ code against the Google style
-- Configured cpplint exclude dirs and/or files: 
-- Added test 'flake8' to check Python code syntax and style conventions
-- Added test 'lint_cmake' to check CMake code style
-- Added test 'pep257' to check Python code against some of the style conventions in PEP 257
-- Added test 'uncrustify' to check C / C++ code style
-- Configured uncrustify additional arguments: 
-- Added test 'xmllint' to check XML markup files
-- Configuring done
-- Generating done
-- Build files have been written to: /home/ubuntu/ros2_WS/build/ydlidar_ros2_driver
[35m[1mScanning dependencies of target ydlidar_ros2_driver_client[0m
[35m[1mScanning dependencies of target ydlidar_ros2_driver_node[0m
[ 25%] [32mBuilding CXX object CMakeFiles/ydlidar_ros2_driver_client.dir/src/ydlidar_ros2_driver_client.cpp.o[0m
[ 50%] [32mBuilding CXX object CMakeFiles/ydlidar_ros2_driver_node.dir/src/ydlidar_ros2_driver_node.cpp.o[0m
In file included from [01m[K/home/ubuntu/ros2_WS/install/ydlidar_sdk/include/core/base/v8stdint.h:142[m[K,
                 from [01m[K/home/ubuntu/ros2_WS/install/ydlidar_sdk/include/core/common/DriverInterface.h:2[m[K,
                 from [01m[K/home/ubuntu/ros2_WS/install/ydlidar_sdk/include/src/CYdLidar.h:48[m[K,
                 from [01m[K/home/ubuntu/ros2_WS/src/ydlidar_ros2_driver/src/ydlidar_ros2_driver_node.cpp:16[m[K:
[01m[K/home/ubuntu/ros2_WS/install/ydlidar_sdk/include/core/base/ydlidar.h:[m[K In function ‘[01m[Kbool ydlidar::core::base::fileExists(const string&)[m[K’:
[01m[K/home/ubuntu/ros2_WS/install/ydlidar_sdk/include/core/base/ydlidar.h:183:24:[m[K [01;35m[Kwarning: [m[Kmissing initializer for member ‘[01m[Kstat::st_ino[m[K’ [[01;35m[K-Wmissing-field-initializers[m[K]
  183 |   struct stat info = {0[01;35m[K}[m[K;
      |                        [01;35m[K^[m[K
[01m[K/home/ubuntu/ros2_WS/install/ydlidar_sdk/include/core/base/ydlidar.h:183:24:[m[K [01;35m[Kwarning: [m[Kmissing initializer for member ‘[01m[Kstat::st_nlink[m[K’ [[01;35m[K-Wmissing-field-initializers[m[K]
[01m[K/home/ubuntu/ros2_WS/install/ydlidar_sdk/include/core/base/ydlidar.h:183:24:[m[K [01;35m[Kwarning: [m[Kmissing initializer for member ‘[01m[Kstat::st_mode[m[K’ [[01;35m[K-Wmissing-field-initializers[m[K]
[01m[K/home/ubuntu/ros2_WS/install/ydlidar_sdk/include/core/base/ydlidar.h:183:24:[m[K [01;35m[Kwarning: [m[Kmissing initializer for member ‘[01m[Kstat::st_uid[m[K’ [[01;35m[K-Wmissing-field-initializers[m[K]
[01m[K/home/ubuntu/ros2_WS/install/ydlidar_sdk/include/core/base/ydlidar.h:183:24:[m[K [01;35m[Kwarning: [m[Kmissing initializer for member ‘[01m[Kstat::st_gid[m[K’ [[01;35m[K-Wmissing-field-initializers[m[K]
[01m[K/home/ubuntu/ros2_WS/install/ydlidar_sdk/include/core/base/ydlidar.h:183:24:[m[K [01;35m[Kwarning: [m[Kmissing initializer for member ‘[01m[Kstat::__pad0[m[K’ [[01;35m[K-Wmissing-field-initializers[m[K]
[01m[K/home/ubuntu/ros2_WS/install/ydlidar_sdk/include/core/base/ydlidar.h:183:24:[m[K [01;35m[Kwarning: [m[Kmissing initializer for member ‘[01m[Kstat::st_rdev[m[K’ [[01;35m[K-Wmissing-field-initializers[m[K]
[01m[K/home/ubuntu/ros2_WS/install/ydlidar_sdk/include/core/base/ydlidar.h:183:24:[m[K [01;35m[Kwarning: [m[Kmissing initializer for member ‘[01m[Kstat::st_size[m[K’ [[01;35m[K-Wmissing-field-initializers[m[K]
[01m[K/home/ubuntu/ros2_WS/install/ydlidar_sdk/include/core/base/ydlidar.h:183:24:[m[K [01;35m[Kwarning: [m[Kmissing initializer for member ‘[01m[Kstat::st_blksize[m[K’ [[01;35m[K-Wmissing-field-initializers[m[K]
[01m[K/home/ubuntu/ros2_WS/install/ydlidar_sdk/include/core/base/ydlidar.h:183:24:[m[K [01;35m[Kwarning: [m[Kmissing initializer for member ‘[01m[Kstat::st_blocks[m[K’ [[01;35m[K-Wmissing-field-initializers[m[K]
[01m[K/home/ubuntu/ros2_WS/install/ydlidar_sdk/include/core/base/ydlidar.h:183:24:[m[K [01;35m[Kwarning: [m[Kmissing initializer for member ‘[01m[Kstat::st_atim[m[K’ [[01;35m[K-Wmissing-field-initializers[m[K]
[01m[K/home/ubuntu/ros2_WS/install/ydlidar_sdk/include/core/base/ydlidar.h:183:24:[m[K [01;35m[Kwarning: [m[Kmissing initializer for member ‘[01m[Kstat::st_mtim[m[K’ [[01;35m[K-Wmissing-field-initializers[m[K]
[01m[K/home/ubuntu/ros2_WS/install/ydlidar_sdk/include/core/base/ydlidar.h:183:24:[m[K [01;35m[Kwarning: [m[Kmissing initializer for member ‘[01m[Kstat::st_ctim[m[K’ [[01;35m[K-Wmissing-field-initializers[m[K]
[01m[K/home/ubuntu/ros2_WS/install/ydlidar_sdk/include/core/base/ydlidar.h:183:24:[m[K [01;35m[Kwarning: [m[Kmissing initializer for member ‘[01m[Kstat::__glibc_reserved[m[K’ [[01;35m[K-Wmissing-field-initializers[m[K]
In file included from [01m[K/home/ubuntu/ros2_WS/install/ydlidar_sdk/include/core/common/DriverInterface.h:3[m[K,
                 from [01m[K/home/ubuntu/ros2_WS/install/ydlidar_sdk/include/src/CYdLidar.h:48[m[K,
                 from [01m[K/home/ubuntu/ros2_WS/src/ydlidar_ros2_driver/src/ydlidar_ros2_driver_node.cpp:16[m[K:
[01m[K/home/ubuntu/ros2_WS/install/ydlidar_sdk/include/core/base/thread.h:[m[K In static member function ‘[01m[Kstatic ydlidar::core::base::Thread ydlidar::core::base::Thread::createThread(thread_proc_t, void*)[m[K’:
[01m[K/home/ubuntu/ros2_WS/install/ydlidar_sdk/include/core/base/thread.h:55:61:[m[K [01;35m[Kwarning: [m[Kcast between incompatible function types from ‘[01m[Kthread_proc_t[m[K’ {aka ‘[01m[Klong unsigned int (*)(void*)[m[K’} to ‘[01m[Kvoid* (*)(void*)[m[K’ [[01;35m[K-Wcast-function-type[m[K]
   55 |                                    NULL, (void *(*)(void *))[01;35m[Kproc[m[K,
      |                                                             [01;35m[K^~~~[m[K
[01m[K/home/ubuntu/ros2_WS/install/ydlidar_sdk/include/core/base/thread.h:[m[K In member function ‘[01m[Kint ydlidar::core::base::Thread::join(long unsigned int)[m[K’:
[01m[K/home/ubuntu/ros2_WS/install/ydlidar_sdk/include/core/base/thread.h:136:46:[m[K [01;35m[Kwarning: [m[Kformat ‘[01m[K%X[m[K’ expects argument of type ‘[01m[Kunsigned int[m[K’, but argument 2 has type ‘[01m[K_size_t[m[K’ {aka ‘[01m[Klong unsigned int[m[K’} [[01;35m[K-Wformat=[m[K]
  136 |           printf("[YDLIDAR DEBUG] Thread [0x[01;35m[K%X[m[K] ready to cancel[%d]\n", [32m[K_handle[m[K, s);
      |                                             [01;35m[K~^[m[K                          [32m[K~~~~~~~[m[K
      |                                              [01;35m[K|[m[K                          [32m[K|[m[K
      |                                              [01;35m[Kunsigned int[m[K               [32m[K_size_t {aka long unsigned int}[m[K
      |                                             [32m[K%lX[m[K
[01m[K/home/ubuntu/ros2_WS/install/ydlidar_sdk/include/core/base/thread.h:138:46:[m[K [01;35m[Kwarning: [m[Kformat ‘[01m[K%X[m[K’ expects argument of type ‘[01m[Kunsigned int[m[K’, but argument 2 has type ‘[01m[K_size_t[m[K’ {aka ‘[01m[Klong unsigned int[m[K’} [[01;35m[K-Wformat=[m[K]
  138 |           printf("[YDLIDAR DEBUG] Thread [0x[01;35m[K%X[m[K] ready to cancel[%d] time[%u]\n",
      |                                             [01;35m[K~^[m[K
      |                                              [01;35m[K|[m[K
      |                                              [01;35m[Kunsigned int[m[K
      |                                             [32m[K%lX[m[K
  139 |             [32m[K_handle[m[K, s, getms() - t);
      |             [32m[K~~~~~~~[m[K                           
      |             [32m[K|[m[K
      |             [32m[K_size_t {aka long unsigned int}[m[K
[01m[K/home/ubuntu/ros2_WS/install/ydlidar_sdk/include/core/base/thread.h:142:42:[m[K [01;35m[Kwarning: [m[Kformat ‘[01m[K%X[m[K’ expects argument of type ‘[01m[Kunsigned int[m[K’, but argument 2 has type ‘[01m[K_size_t[m[K’ {aka ‘[01m[Klong unsigned int[m[K’} [[01;35m[K-Wformat=[m[K]
  142 |             printf("[YDLIDAR] Thread [0x[01;35m[K%X[m[K] has been canceled in other thread\n", [32m[K_handle[m[K);
      |                                         [01;35m[K~^[m[K                                        [32m[K~~~~~~~[m[K
      |                                          [01;35m[K|[m[K                                        [32m[K|[m[K
      |                                          [01;35m[Kunsigned int[m[K                             [32m[K_size_t {aka long unsigned int}[m[K
      |                                         [32m[K%lX[m[K
[01m[K/home/ubuntu/ros2_WS/install/ydlidar_sdk/include/core/base/thread.h:147:74:[m[K [01;35m[Kwarning: [m[Kformat ‘[01m[K%X[m[K’ expects argument of type ‘[01m[Kunsigned int[m[K’, but argument 3 has type ‘[01m[K_size_t[m[K’ {aka ‘[01m[Klong unsigned int[m[K’} [[01;35m[K-Wformat=[m[K]
  147 |             fprintf(stderr, "[YDLIDAR] An error occurred while thread[0x[01;35m[K%X[m[K] cancelled!\n", [32m[K_handle[m[K);
      |                                                                         [01;35m[K~^[m[K                 [32m[K~~~~~~~[m[K
      |                                                                          [01;35m[K|[m[K                 [32m[K|[m[K
      |                                                                          [01;35m[Kunsigned int[m[K      [32m[K_size_t {aka long unsigned int}[m[K
      |                                                                         [32m[K%lX[m[K
[01m[K/home/ubuntu/ros2_WS/install/ydlidar_sdk/include/core/base/thread.h:151:40:[m[K [01;35m[Kwarning: [m[Kformat ‘[01m[K%X[m[K’ expects argument of type ‘[01m[Kunsigned int[m[K’, but argument 2 has type ‘[01m[K_size_t[m[K’ {aka ‘[01m[Klong unsigned int[m[K’} [[01;35m[K-Wformat=[m[K]
  151 |           printf("[YDLIDAR] Thread [0x[01;35m[K%X[m[K] has been canceled\n", [32m[K_handle[m[K);
      |                                       [01;35m[K~^[m[K                        [32m[K~~~~~~~[m[K
      |                                        [01;35m[K|[m[K                        [32m[K|[m[K
      |                                        [01;35m[Kunsigned int[m[K             [32m[K_size_t {aka long unsigned int}[m[K
      |                                       [32m[K%lX[m[K
In file included from [01m[K/home/ubuntu/ros2_WS/install/ydlidar_sdk/include/core/common/DriverInterface.h:6[m[K,
                 from [01m[K/home/ubuntu/ros2_WS/install/ydlidar_sdk/include/src/CYdLidar.h:48[m[K,
                 from [01m[K/home/ubuntu/ros2_WS/src/ydlidar_ros2_driver/src/ydlidar_ros2_driver_node.cpp:16[m[K:
[01m[K/home/ubuntu/ros2_WS/install/ydlidar_sdk/include/core/common/ydlidar_protocol.h:[m[K At global scope:
[01m[K/home/ubuntu/ros2_WS/install/ydlidar_sdk/include/core/common/ydlidar_protocol.h:302:22:[m[K [01;35m[Kwarning: [m[Kmissing initializer for member ‘[01m[Kdevice_info::firmware_version[m[K’ [[01;35m[K-Wmissing-field-initializers[m[K]
  302 |   device_info di = {0[01;35m[K}[m[K;
      |                      [01;35m[K^[m[K
[01m[K/home/ubuntu/ros2_WS/install/ydlidar_sdk/include/core/common/ydlidar_protocol.h:302:22:[m[K [01;35m[Kwarning: [m[Kmissing initializer for member ‘[01m[Kdevice_info::hardware_version[m[K’ [[01;35m[K-Wmissing-field-initializers[m[K]
[01m[K/home/ubuntu/ros2_WS/install/ydlidar_sdk/include/core/common/ydlidar_protocol.h:302:22:[m[K [01;35m[Kwarning: [m[Kmissing initializer for member ‘[01m[Kdevice_info::serialnum[m[K’ [[01;35m[K-Wmissing-field-initializers[m[K]
In file included from [01m[K/home/ubuntu/ros2_WS/install/ydlidar_sdk/include/src/CYdLidar.h:48[m[K,
                 from [01m[K/home/ubuntu/ros2_WS/src/ydlidar_ros2_driver/src/ydlidar_ros2_driver_node.cpp:16[m[K:
[01m[K/home/ubuntu/ros2_WS/install/ydlidar_sdk/include/core/common/DriverInterface.h:[m[K In member function ‘[01m[Kvirtual bool ydlidar::core::common::DriverInterface::getDeviceInfoEx(device_info&, int)[m[K’:
[01m[K/home/ubuntu/ros2_WS/install/ydlidar_sdk/include/core/common/DriverInterface.h:268:59:[m[K [01;35m[Kwarning: [m[Kunused parameter ‘[01m[Ktype[m[K’ [[01;35m[K-Wunused-parameter[m[K]
  268 |         virtual bool getDeviceInfoEx(device_info &di, [01;35m[Kint type=EPT_Module[m[K)
      |                                                       [01;35m[K~~~~^~~~~~~~~~~~~~~[m[K
[01m[K/home/ubuntu/ros2_WS/install/ydlidar_sdk/include/core/common/DriverInterface.h:[m[K In member function ‘[01m[Kvirtual result_t ydlidar::core::common::DriverInterface::getScanFrequency(scan_frequency&, uint32_t)[m[K’:
[01m[K/home/ubuntu/ros2_WS/install/ydlidar_sdk/include/core/common/DriverInterface.h:316:59:[m[K [01;35m[Kwarning: [m[Kunused parameter ‘[01m[Kfrequency[m[K’ [[01;35m[K-Wunused-parameter[m[K]
  316 |         virtual result_t getScanFrequency([01;35m[Kscan_frequency &frequency[m[K,
      |                                           [01;35m[K~~~~~~~~~~~~~~~~^~~~~~~~~[m[K
[01m[K/home/ubuntu/ros2_WS/install/ydlidar_sdk/include/core/common/DriverInterface.h:317:52:[m[K [01;35m[Kwarning: [m[Kunused parameter ‘[01m[Ktimeout[m[K’ [[01;35m[K-Wunused-parameter[m[K]
  317 |                                           [01;35m[Kuint32_t timeout = DEFAULT_TIMEOUT[m[K)
      |                                           [01;35m[K~~~~~~~~~^~~~~~~~~~~~~~~~~~~~~~~~~[m[K
[01m[K/home/ubuntu/ros2_WS/install/ydlidar_sdk/include/core/common/DriverInterface.h:[m[K In member function ‘[01m[Kvirtual result_t ydlidar::core::common::DriverInterface::setScanFrequencyAdd(scan_frequency&, uint32_t)[m[K’:
[01m[K/home/ubuntu/ros2_WS/install/ydlidar_sdk/include/core/common/DriverInterface.h:331:62:[m[K [01;35m[Kwarning: [m[Kunused parameter ‘[01m[Kfrequency[m[K’ [[01;35m[K-Wunused-parameter[m[K]
  331 |         virtual result_t setScanFrequencyAdd([01;35m[Kscan_frequency &frequency[m[K,
      |                                              [01;35m[K~~~~~~~~~~~~~~~~^~~~~~~~~[m[K
[01m[K/home/ubuntu/ros2_WS/install/ydlidar_sdk/include/core/common/DriverInterface.h:332:55:[m[K [01;35m[Kwarning: [m[Kunused parameter ‘[01m[Ktimeout[m[K’ [[01;35m[K-Wunused-parameter[m[K]
  332 |                                              [01;35m[Kuint32_t timeout = DEFAULT_TIMEOUT[m[K)
      |                                              [01;35m[K~~~~~~~~~^~~~~~~~~~~~~~~~~~~~~~~~~[m[K
[01m[K/home/ubuntu/ros2_WS/install/ydlidar_sdk/include/core/common/DriverInterface.h:[m[K In member function ‘[01m[Kvirtual result_t ydlidar::core::common::DriverInterface::setScanFrequencyDis(scan_frequency&, uint32_t)[m[K’:
[01m[K/home/ubuntu/ros2_WS/install/ydlidar_sdk/include/core/common/DriverInterface.h:346:62:[m[K [01;35m[Kwarning: [m[Kunused parameter ‘[01m[Kfrequency[m[K’ [[01;35m[K-Wunused-parameter[m[K]
  346 |         virtual result_t setScanFrequencyDis([01;35m[Kscan_frequency &frequency[m[K,
      |                                              [01;35m[K~~~~~~~~~~~~~~~~^~~~~~~~~[m[K
[01m[K/home/ubuntu/ros2_WS/install/ydlidar_sdk/include/core/common/DriverInterface.h:347:55:[m[K [01;35m[Kwarning: [m[Kunused parameter ‘[01m[Ktimeout[m[K’ [[01;35m[K-Wunused-parameter[m[K]
  347 |                                              [01;35m[Kuint32_t timeout = DEFAULT_TIMEOUT[m[K)
      |                                              [01;35m[K~~~~~~~~~^~~~~~~~~~~~~~~~~~~~~~~~~[m[K
[01m[K/home/ubuntu/ros2_WS/install/ydlidar_sdk/include/core/common/DriverInterface.h:[m[K In member function ‘[01m[Kvirtual result_t ydlidar::core::common::DriverInterface::setScanFrequencyAddMic(scan_frequency&, uint32_t)[m[K’:
[01m[K/home/ubuntu/ros2_WS/install/ydlidar_sdk/include/core/common/DriverInterface.h:361:65:[m[K [01;35m[Kwarning: [m[Kunused parameter ‘[01m[Kfrequency[m[K’ [[01;35m[K-Wunused-parameter[m[K]
  361 |         virtual result_t setScanFrequencyAddMic([01;35m[Kscan_frequency &frequency[m[K,
      |                                                 [01;35m[K~~~~~~~~~~~~~~~~^~~~~~~~~[m[K
[01m[K/home/ubuntu/ros2_WS/install/ydlidar_sdk/include/core/common/DriverInterface.h:362:58:[m[K [01;35m[Kwarning: [m[Kunused parameter ‘[01m[Ktimeout[m[K’ [[01;35m[K-Wunused-parameter[m[K]
  362 |                                                 [01;35m[Kuint32_t timeout = DEFAULT_TIMEOUT[m[K)
      |                                                 [01;35m[K~~~~~~~~~^~~~~~~~~~~~~~~~~~~~~~~~~[m[K
[01m[K/home/ubuntu/ros2_WS/install/ydlidar_sdk/include/core/common/DriverInterface.h:[m[K In member function ‘[01m[Kvirtual result_t ydlidar::core::common::DriverInterface::setScanFrequencyDisMic(scan_frequency&, uint32_t)[m[K’:
[01m[K/home/ubuntu/ros2_WS/install/ydlidar_sdk/include/core/common/DriverInterface.h:376:65:[m[K [01;35m[Kwarning: [m[Kunused parameter ‘[01m[Kfrequency[m[K’ [[01;35m[K-Wunused-parameter[m[K]
  376 |         virtual result_t setScanFrequencyDisMic([01;35m[Kscan_frequency &frequency[m[K,
      |                                                 [01;35m[K~~~~~~~~~~~~~~~~^~~~~~~~~[m[K
[01m[K/home/ubuntu/ros2_WS/install/ydlidar_sdk/include/core/common/DriverInterface.h:377:58:[m[K [01;35m[Kwarning: [m[Kunused parameter ‘[01m[Ktimeout[m[K’ [[01;35m[K-Wunused-parameter[m[K]
  377 |                                                 [01;35m[Kuint32_t timeout = DEFAULT_TIMEOUT[m[K)
      |                                                 [01;35m[K~~~~~~~~~^~~~~~~~~~~~~~~~~~~~~~~~~[m[K
[01m[K/home/ubuntu/ros2_WS/install/ydlidar_sdk/include/core/common/DriverInterface.h:[m[K In member function ‘[01m[Kvirtual result_t ydlidar::core::common::DriverInterface::getSamplingRate(sampling_rate&, uint32_t)[m[K’:
[01m[K/home/ubuntu/ros2_WS/install/ydlidar_sdk/include/core/common/DriverInterface.h:391:57:[m[K [01;35m[Kwarning: [m[Kunused parameter ‘[01m[Krate[m[K’ [[01;35m[K-Wunused-parameter[m[K]
  391 |         virtual result_t getSamplingRate([01;35m[Ksampling_rate &rate[m[K,
      |                                          [01;35m[K~~~~~~~~~~~~~~~^~~~[m[K
[01m[K/home/ubuntu/ros2_WS/install/ydlidar_sdk/include/core/common/DriverInterface.h:392:51:[m[K [01;35m[Kwarning: [m[Kunused parameter ‘[01m[Ktimeout[m[K’ [[01;35m[K-Wunused-parameter[m[K]
  392 |                                          [01;35m[Kuint32_t timeout = DEFAULT_TIMEOUT[m[K)
      |                                          [01;35m[K~~~~~~~~~^~~~~~~~~~~~~~~~~~~~~~~~~[m[K
[01m[K/home/ubuntu/ros2_WS/install/ydlidar_sdk/include/core/common/DriverInterface.h:[m[K In member function ‘[01m[Kvirtual result_t ydlidar::core::common::DriverInterface::setSamplingRate(sampling_rate&, uint32_t)[m[K’:
[01m[K/home/ubuntu/ros2_WS/install/ydlidar_sdk/include/core/common/DriverInterface.h:406:57:[m[K [01;35m[Kwarning: [m[Kunused parameter ‘[01m[Krate[m[K’ [[01;35m[K-Wunused-parameter[m[K]
  406 |         virtual result_t setSamplingRate([01;35m[Ksampling_rate &rate[m[K,
      |                                          [01;35m[K~~~~~~~~~~~~~~~^~~~[m[K
[01m[K/home/ubuntu/ros2_WS/install/ydlidar_sdk/include/core/common/DriverInterface.h:407:51:[m[K [01;35m[Kwarning: [m[Kunused parameter ‘[01m[Ktimeout[m[K’ [[01;35m[K-Wunused-parameter[m[K]
  407 |                                          [01;35m[Kuint32_t timeout = DEFAULT_TIMEOUT[m[K)
      |                                          [01;35m[K~~~~~~~~~^~~~~~~~~~~~~~~~~~~~~~~~~[m[K
[01m[K/home/ubuntu/ros2_WS/install/ydlidar_sdk/include/core/common/DriverInterface.h:[m[K In member function ‘[01m[Kvirtual result_t ydlidar::core::common::DriverInterface::getZeroOffsetAngle(offset_angle&, uint32_t)[m[K’:
[01m[K/home/ubuntu/ros2_WS/install/ydlidar_sdk/include/core/common/DriverInterface.h:421:59:[m[K [01;35m[Kwarning: [m[Kunused parameter ‘[01m[Kangle[m[K’ [[01;35m[K-Wunused-parameter[m[K]
  421 |         virtual result_t getZeroOffsetAngle([01;35m[Koffset_angle &angle[m[K,
      |                                             [01;35m[K~~~~~~~~~~~~~~^~~~~[m[K
[01m[K/home/ubuntu/ros2_WS/install/ydlidar_sdk/include/core/common/DriverInterface.h:422:54:[m[K [01;35m[Kwarning: [m[Kunused parameter ‘[01m[Ktimeout[m[K’ [[01;35m[K-Wunused-parameter[m[K]
  422 |                                             [01;35m[Kuint32_t timeout = DEFAULT_TIMEOUT[m[K)
      |                                             [01;35m[K~~~~~~~~~^~~~~~~~~~~~~~~~~~~~~~~~~[m[K
[01m[K/home/ubuntu/ros2_WS/install/ydlidar_sdk/include/core/common/DriverInterface.h:[m[K In member function ‘[01m[Kvirtual result_t ydlidar::core::common::DriverInterface::setScanHeartbeat(scan_heart_beat&, uint32_t)[m[K’:
[01m[K/home/ubuntu/ros2_WS/install/ydlidar_sdk/include/core/common/DriverInterface.h:437:60:[m[K [01;35m[Kwarning: [m[Kunused parameter ‘[01m[Kbeat[m[K’ [[01;35m[K-Wunused-parameter[m[K]
  437 |         virtual result_t setScanHeartbeat([01;35m[Kscan_heart_beat &beat[m[K,
      |                                           [01;35m[K~~~~~~~~~~~~~~~~~^~~~[m[K
[01m[K/home/ubuntu/ros2_WS/install/ydlidar_sdk/include/core/common/DriverInterface.h:438:52:[m[K [01;35m[Kwarning: [m[Kunused parameter ‘[01m[Ktimeout[m[K’ [[01;35m[K-Wunused-parameter[m[K]
  438 |                                           [01;35m[Kuint32_t timeout = DEFAULT_TIMEOUT[m[K)
      |                                           [01;35m[K~~~~~~~~~^~~~~~~~~~~~~~~~~~~~~~~~~[m[K
[01m[K/home/ubuntu/ros2_WS/install/ydlidar_sdk/include/core/common/DriverInterface.h:[m[K In member function ‘[01m[Kvirtual result_t ydlidar::core::common::DriverInterface::setWorkMode(int, uint8_t)[m[K’:
[01m[K/home/ubuntu/ros2_WS/install/ydlidar_sdk/include/core/common/DriverInterface.h:469:42:[m[K [01;35m[Kwarning: [m[Kunused parameter ‘[01m[Kmode[m[K’ [[01;35m[K-Wunused-parameter[m[K]
  469 |         virtual result_t setWorkMode([01;35m[Kint mode = 0[m[K, uint8_t addr = 0x00) {
      |                                      [01;35m[K~~~~^~~~~~~~[m[K
[01m[K/home/ubuntu/ros2_WS/install/ydlidar_sdk/include/core/common/DriverInterface.h:469:60:[m[K [01;35m[Kwarning: [m[Kunused parameter ‘[01m[Kaddr[m[K’ [[01;35m[K-Wunused-parameter[m[K]
  469 |         virtual result_t setWorkMode(int mode = 0, [01;35m[Kuint8_t addr = 0x00[m[K) {
      |                                                    [01;35m[K~~~~~~~~^~~~~~~~~~~[m[K
[01m[K/home/ubuntu/ros2_WS/src/ydlidar_ros2_driver/src/ydlidar_ros2_driver_node.cpp:[m[K In lambda function:
[01m[K/home/ubuntu/ros2_WS/src/ydlidar_ros2_driver/src/ydlidar_ros2_driver_node.cpp:168:54:[m[K [01;35m[Kwarning: [m[Kunused parameter ‘[01m[Krequest_header[m[K’ [[01;35m[K-Wunused-parameter[m[K]
  168 |     [&laser]([01;35m[Kconst std::shared_ptr<rmw_request_id_t> request_header[m[K,
      |              [01;35m[K~~~~~~~~~~~~~~~~~~~~~~~~~~~~~~~~~~~~~~~~^~~~~~~~~~~~~~[m[K
[01m[K/home/ubuntu/ros2_WS/src/ydlidar_ros2_driver/src/ydlidar_ros2_driver_node.cpp:169:56:[m[K [01;35m[Kwarning: [m[Kunused parameter ‘[01m[Kreq[m[K’ [[01;35m[K-Wunused-parameter[m[K]
  169 |   [01;35m[Kconst std::shared_ptr<std_srvs::srv::Empty::Request> req[m[K,
      |   [01;35m[K~~~~~~~~~~~~~~~~~~~~~~~~~~~~~~~~~~~~~~~~~~~~~~~~~~~~~^~~[m[K
[01m[K/home/ubuntu/ros2_WS/src/ydlidar_ros2_driver/src/ydlidar_ros2_driver_node.cpp:170:51:[m[K [01;35m[Kwarning: [m[Kunused parameter ‘[01m[Kresponse[m[K’ [[01;35m[K-Wunused-parameter[m[K]
  170 |   [01;35m[Kstd::shared_ptr<std_srvs::srv::Empty::Response> response[m[K) -> bool
      |   [01;35m[K~~~~~~~~~~~~~~~~~~~~~~~~~~~~~~~~~~~~~~~~~~~~~~~~^~~~~~~~[m[K
[01m[K/home/ubuntu/ros2_WS/src/ydlidar_ros2_driver/src/ydlidar_ros2_driver_node.cpp:[m[K In lambda function:
[01m[K/home/ubuntu/ros2_WS/src/ydlidar_ros2_driver/src/ydlidar_ros2_driver_node.cpp:178:54:[m[K [01;35m[Kwarning: [m[Kunused parameter ‘[01m[Krequest_header[m[K’ [[01;35m[K-Wunused-parameter[m[K]
  178 |     [&laser]([01;35m[Kconst std::shared_ptr<rmw_request_id_t> request_header[m[K,
      |              [01;35m[K~~~~~~~~~~~~~~~~~~~~~~~~~~~~~~~~~~~~~~~~^~~~~~~~~~~~~~[m[K
[01m[K/home/ubuntu/ros2_WS/src/ydlidar_ros2_driver/src/ydlidar_ros2_driver_node.cpp:179:56:[m[K [01;35m[Kwarning: [m[Kunused parameter ‘[01m[Kreq[m[K’ [[01;35m[K-Wunused-parameter[m[K]
  179 |   [01;35m[Kconst std::shared_ptr<std_srvs::srv::Empty::Request> req[m[K,
      |   [01;35m[K~~~~~~~~~~~~~~~~~~~~~~~~~~~~~~~~~~~~~~~~~~~~~~~~~~~~~^~~[m[K
[01m[K/home/ubuntu/ros2_WS/src/ydlidar_ros2_driver/src/ydlidar_ros2_driver_node.cpp:180:51:[m[K [01;35m[Kwarning: [m[Kunused parameter ‘[01m[Kresponse[m[K’ [[01;35m[K-Wunused-parameter[m[K]
  180 |   [01;35m[Kstd::shared_ptr<std_srvs::srv::Empty::Response> response[m[K) -> bool
      |   [01;35m[K~~~~~~~~~~~~~~~~~~~~~~~~~~~~~~~~~~~~~~~~~~~~~~~~^~~~~~~~[m[K
[ 75%] [32m[1mLinking CXX executable ydlidar_ros2_driver_node[0m
[ 75%] Built target ydlidar_ros2_driver_node
[100%] [32m[1mLinking CXX executable ydlidar_ros2_driver_client[0m
[100%] Built target ydlidar_ros2_driver_client
-- Install configuration: ""
-- Execute custom install script
-- Up-to-date symlink: /home/ubuntu/ros2_WS/install/ydlidar_ros2_driver/lib/ydlidar_ros2_driver/ydlidar_ros2_driver_node
-- Up-to-date symlink: /home/ubuntu/ros2_WS/install/ydlidar_ros2_driver/lib/ydlidar_ros2_driver/ydlidar_ros2_driver_client
-- Up-to-date symlink: /home/ubuntu/ros2_WS/install/ydlidar_ros2_driver/share/ydlidar_ros2_driver/launch/ydlidar.py
-- Up-to-date symlink: /home/ubuntu/ros2_WS/install/ydlidar_ros2_driver/share/ydlidar_ros2_driver/launch/ydlidar_launch.py
-- Up-to-date symlink: /home/ubuntu/ros2_WS/install/ydlidar_ros2_driver/share/ydlidar_ros2_driver/launch/ydlidar_launch_view.py
-- Up-to-date symlink: /home/ubuntu/ros2_WS/install/ydlidar_ros2_driver/share/ydlidar_ros2_driver/params/G1.yaml
-- Up-to-date symlink: /home/ubuntu/ros2_WS/install/ydlidar_ros2_driver/share/ydlidar_ros2_driver/params/G2.yaml
-- Up-to-date symlink: /home/ubuntu/ros2_WS/install/ydlidar_ros2_driver/share/ydlidar_ros2_driver/params/G6.yaml
-- Up-to-date symlink: /home/ubuntu/ros2_WS/install/ydlidar_ros2_driver/share/ydlidar_ros2_driver/params/GS2.yaml
-- Up-to-date symlink: /home/ubuntu/ros2_WS/install/ydlidar_ros2_driver/share/ydlidar_ros2_driver/params/TEA.yaml
-- Up-to-date symlink: /home/ubuntu/ros2_WS/install/ydlidar_ros2_driver/share/ydlidar_ros2_driver/params/TG.yaml
-- Up-to-date symlink: /home/ubuntu/ros2_WS/install/ydlidar_ros2_driver/share/ydlidar_ros2_driver/params/TminiPro.yaml
-- Up-to-date symlink: /home/ubuntu/ros2_WS/install/ydlidar_ros2_driver/share/ydlidar_ros2_driver/params/X2.yaml
-- Up-to-date symlink: /home/ubuntu/ros2_WS/install/ydlidar_ros2_driver/share/ydlidar_ros2_driver/params/X4-Pro.yaml
-- Up-to-date symlink: /home/ubuntu/ros2_WS/install/ydlidar_ros2_driver/share/ydlidar_ros2_driver/params/X4.yaml
-- Up-to-date symlink: /home/ubuntu/ros2_WS/install/ydlidar_ros2_driver/share/ydlidar_ros2_driver/params/ydlidar.yaml
-- Up-to-date symlink: /home/ubuntu/ros2_WS/install/ydlidar_ros2_driver/share/ydlidar_ros2_driver/startup/initenv.sh
-- Up-to-date symlink: /home/ubuntu/ros2_WS/install/ydlidar_ros2_driver/share/ydlidar_ros2_driver/config/ydlidar.rviz
-- Up-to-date symlink: /home/ubuntu/ros2_WS/install/ydlidar_ros2_driver/share/ament_index/resource_index/package_run_dependencies/ydlidar_ros2_driver
-- Up-to-date symlink: /home/ubuntu/ros2_WS/install/ydlidar_ros2_driver/share/ament_index/resource_index/parent_prefix_path/ydlidar_ros2_driver
-- Up-to-date symlink: /home/ubuntu/ros2_WS/install/ydlidar_ros2_driver/share/ydlidar_ros2_driver/environment/ament_prefix_path.sh
-- Up-to-date symlink: /home/ubuntu/ros2_WS/install/ydlidar_ros2_driver/share/ydlidar_ros2_driver/environment/ament_prefix_path.dsv
-- Up-to-date symlink: /home/ubuntu/ros2_WS/install/ydlidar_ros2_driver/share/ydlidar_ros2_driver/environment/path.sh
-- Up-to-date symlink: /home/ubuntu/ros2_WS/install/ydlidar_ros2_driver/share/ydlidar_ros2_driver/environment/path.dsv
-- Up-to-date symlink: /home/ubuntu/ros2_WS/install/ydlidar_ros2_driver/share/ydlidar_ros2_driver/local_setup.bash
-- Up-to-date symlink: /home/ubuntu/ros2_WS/install/ydlidar_ros2_driver/share/ydlidar_ros2_driver/local_setup.sh
-- Up-to-date symlink: /home/ubuntu/ros2_WS/install/ydlidar_ros2_driver/share/ydlidar_ros2_driver/local_setup.zsh
-- Up-to-date symlink: /home/ubuntu/ros2_WS/install/ydlidar_ros2_driver/share/ydlidar_ros2_driver/local_setup.dsv
-- Symlinking: /home/ubuntu/ros2_WS/install/ydlidar_ros2_driver/share/ydlidar_ros2_driver/package.dsv
-- Up-to-date symlink: /home/ubuntu/ros2_WS/install/ydlidar_ros2_driver/share/ament_index/resource_index/packages/ydlidar_ros2_driver
-- Up-to-date symlink: /home/ubuntu/ros2_WS/install/ydlidar_ros2_driver/share/ydlidar_ros2_driver/cmake/ydlidar_ros2_driverConfig.cmake
-- Up-to-date symlink: /home/ubuntu/ros2_WS/install/ydlidar_ros2_driver/share/ydlidar_ros2_driver/cmake/ydlidar_ros2_driverConfig-version.cmake
-- Up-to-date symlink: /home/ubuntu/ros2_WS/install/ydlidar_ros2_driver/share/ydlidar_ros2_driver/package.xml
