[0.865s] Invoking command in '/home/ubuntu/ros2_WS/src/build/ydlidar_tg15': PYTHONPATH=/home/ubuntu/ros2_WS/src/build/ydlidar_tg15/prefix_override:/home/ubuntu/ros2_WS/src/install/ydlidar_tg15/lib/python3.8/site-packages:${PYTHONPATH} /usr/bin/python3 setup.py develop --editable --build-directory /home/ubuntu/ros2_WS/src/build/ydlidar_tg15/build --no-deps install_data
[1.067s] running develop
[1.186s] running egg_info
[1.186s] writing ydlidar_tg15.egg-info/PKG-INFO
[1.187s] writing dependency_links to ydlidar_tg15.egg-info/dependency_links.txt
[1.187s] writing entry points to ydlidar_tg15.egg-info/entry_points.txt
[1.187s] writing requirements to ydlidar_tg15.egg-info/requires.txt
[1.187s] writing top-level names to ydlidar_tg15.egg-info/top_level.txt
[1.216s] reading manifest file 'ydlidar_tg15.egg-info/SOURCES.txt'
[1.217s] writing manifest file 'ydlidar_tg15.egg-info/SOURCES.txt'
[1.247s] running build_ext
[1.247s] Creating /home/ubuntu/ros2_WS/src/install/ydlidar_tg15/lib/python3.8/site-packages/ydlidar-tg15.egg-link (link to .)
[1.248s] Installing ydlidar_tg15_node script to /home/ubuntu/ros2_WS/src/install/ydlidar_tg15/lib/ydlidar_x4_example
[1.248s] 
[1.249s] Installed /home/ubuntu/ros2_WS/src/build/ydlidar_tg15
[1.249s] running install_data
[1.249s] copying launch/2dmapping.launch.py -> /home/ubuntu/ros2_WS/src/install/ydlidar_tg15/share/ydlidar_tg15/launch
[1.249s] creating /home/ubuntu/ros2_WS/src/install/ydlidar_tg15/share/ydlidar_tg15/config
[1.249s] copying config/ydlidar_mapping2d.lua -> /home/ubuntu/ros2_WS/src/install/ydlidar_tg15/share/ydlidar_tg15/config
[1.249s] copying param/ydlidar_tg15_param.yaml -> /home/ubuntu/ros2_WS/src/install/ydlidar_tg15/share/ydlidar_tg15/param
[1.272s] Invoked command in '/home/ubuntu/ros2_WS/src/build/ydlidar_tg15' returned '0': PYTHONPATH=/home/ubuntu/ros2_WS/src/build/ydlidar_tg15/prefix_override:/home/ubuntu/ros2_WS/src/install/ydlidar_tg15/lib/python3.8/site-packages:${PYTHONPATH} /usr/bin/python3 setup.py develop --editable --build-directory /home/ubuntu/ros2_WS/src/build/ydlidar_tg15/build --no-deps install_data
