[0.581s] Invoking command in '/home/ubuntu/ros2_WS/src/build/ydlidar_ros2_driver': CMAKE_PREFIX_PATH=${CMAKE_PREFIX_PATH}:/home/ubuntu/ros2_WS/src/install/ydlidar_tg15:/opt/ros/foxy /usr/bin/cmake --build /home/ubuntu/ros2_WS/src/build/ydlidar_ros2_driver -- -j8 -l8
[1.107s] [ 50%] Built target ydlidar_ros2_driver_client
[1.108s] [100%] Built target ydlidar_ros2_driver_node
[1.122s] Invoked command in '/home/ubuntu/ros2_WS/src/build/ydlidar_ros2_driver' returned '0': CMAKE_PREFIX_PATH=${CMAKE_PREFIX_PATH}:/home/ubuntu/ros2_WS/src/install/ydlidar_tg15:/opt/ros/foxy /usr/bin/cmake --build /home/ubuntu/ros2_WS/src/build/ydlidar_ros2_driver -- -j8 -l8
[1.162s] Invoking command in '/home/ubuntu/ros2_WS/src/build/ydlidar_ros2_driver': CMAKE_PREFIX_PATH=${CMAKE_PREFIX_PATH}:/home/ubuntu/ros2_WS/src/install/ydlidar_tg15:/opt/ros/foxy /usr/bin/cmake --install /home/ubuntu/ros2_WS/src/build/ydlidar_ros2_driver
[1.172s] -- Install configuration: ""
[1.173s] -- Execute custom install script
[1.174s] -- Up-to-date symlink: /home/ubuntu/ros2_WS/src/install/ydlidar_ros2_driver/lib/ydlidar_ros2_driver/ydlidar_ros2_driver_node
[1.175s] -- Up-to-date symlink: /home/ubuntu/ros2_WS/src/install/ydlidar_ros2_driver/lib/ydlidar_ros2_driver/ydlidar_ros2_driver_client
[1.176s] -- Up-to-date symlink: /home/ubuntu/ros2_WS/src/install/ydlidar_ros2_driver/share/ydlidar_ros2_driver/launch/ydlidar.py
[1.176s] -- Up-to-date symlink: /home/ubuntu/ros2_WS/src/install/ydlidar_ros2_driver/share/ydlidar_ros2_driver/launch/ydlidar_launch.py
[1.177s] -- Up-to-date symlink: /home/ubuntu/ros2_WS/src/install/ydlidar_ros2_driver/share/ydlidar_ros2_driver/launch/ydlidar_launch_view.py
[1.178s] -- Up-to-date symlink: /home/ubuntu/ros2_WS/src/install/ydlidar_ros2_driver/share/ydlidar_ros2_driver/params/G1.yaml
[1.179s] -- Up-to-date symlink: /home/ubuntu/ros2_WS/src/install/ydlidar_ros2_driver/share/ydlidar_ros2_driver/params/G2.yaml
[1.179s] -- Up-to-date symlink: /home/ubuntu/ros2_WS/src/install/ydlidar_ros2_driver/share/ydlidar_ros2_driver/params/G6.yaml
[1.180s] -- Up-to-date symlink: /home/ubuntu/ros2_WS/src/install/ydlidar_ros2_driver/share/ydlidar_ros2_driver/params/GS2.yaml
[1.180s] -- Up-to-date symlink: /home/ubuntu/ros2_WS/src/install/ydlidar_ros2_driver/share/ydlidar_ros2_driver/params/TEA.yaml
[1.181s] -- Up-to-date symlink: /home/ubuntu/ros2_WS/src/install/ydlidar_ros2_driver/share/ydlidar_ros2_driver/params/TG.yaml
[1.182s] -- Up-to-date symlink: /home/ubuntu/ros2_WS/src/install/ydlidar_ros2_driver/share/ydlidar_ros2_driver/params/TminiPro.yaml
[1.183s] -- Up-to-date symlink: /home/ubuntu/ros2_WS/src/install/ydlidar_ros2_driver/share/ydlidar_ros2_driver/params/X2.yaml
[1.183s] -- Up-to-date symlink: /home/ubuntu/ros2_WS/src/install/ydlidar_ros2_driver/share/ydlidar_ros2_driver/params/X4-Pro.yaml
[1.183s] -- Up-to-date symlink: /home/ubuntu/ros2_WS/src/install/ydlidar_ros2_driver/share/ydlidar_ros2_driver/params/X4.yaml
[1.184s] -- Up-to-date symlink: /home/ubuntu/ros2_WS/src/install/ydlidar_ros2_driver/share/ydlidar_ros2_driver/params/ydlidar.yaml
[1.184s] -- Up-to-date symlink: /home/ubuntu/ros2_WS/src/install/ydlidar_ros2_driver/share/ydlidar_ros2_driver/startup/initenv.sh
[1.185s] -- Up-to-date symlink: /home/ubuntu/ros2_WS/src/install/ydlidar_ros2_driver/share/ydlidar_ros2_driver/config/ydlidar.rviz
[1.186s] -- Up-to-date symlink: /home/ubuntu/ros2_WS/src/install/ydlidar_ros2_driver/share/ament_index/resource_index/package_run_dependencies/ydlidar_ros2_driver
[1.187s] -- Up-to-date symlink: /home/ubuntu/ros2_WS/src/install/ydlidar_ros2_driver/share/ament_index/resource_index/parent_prefix_path/ydlidar_ros2_driver
[1.187s] -- Up-to-date symlink: /home/ubuntu/ros2_WS/src/install/ydlidar_ros2_driver/share/ydlidar_ros2_driver/environment/ament_prefix_path.sh
[1.188s] -- Up-to-date symlink: /home/ubuntu/ros2_WS/src/install/ydlidar_ros2_driver/share/ydlidar_ros2_driver/environment/ament_prefix_path.dsv
[1.192s] -- Up-to-date symlink: /home/ubuntu/ros2_WS/src/install/ydlidar_ros2_driver/share/ydlidar_ros2_driver/environment/path.sh
[1.193s] -- Up-to-date symlink: /home/ubuntu/ros2_WS/src/install/ydlidar_ros2_driver/share/ydlidar_ros2_driver/environment/path.dsv
[1.193s] -- Up-to-date symlink: /home/ubuntu/ros2_WS/src/install/ydlidar_ros2_driver/share/ydlidar_ros2_driver/local_setup.bash
[1.193s] -- Up-to-date symlink: /home/ubuntu/ros2_WS/src/install/ydlidar_ros2_driver/share/ydlidar_ros2_driver/local_setup.sh
[1.194s] -- Up-to-date symlink: /home/ubuntu/ros2_WS/src/install/ydlidar_ros2_driver/share/ydlidar_ros2_driver/local_setup.zsh
[1.194s] -- Up-to-date symlink: /home/ubuntu/ros2_WS/src/install/ydlidar_ros2_driver/share/ydlidar_ros2_driver/local_setup.dsv
[1.194s] -- Symlinking: /home/ubuntu/ros2_WS/src/install/ydlidar_ros2_driver/share/ydlidar_ros2_driver/package.dsv
[1.210s] -- Up-to-date symlink: /home/ubuntu/ros2_WS/src/install/ydlidar_ros2_driver/share/ament_index/resource_index/packages/ydlidar_ros2_driver
[1.211s] -- Up-to-date symlink: /home/ubuntu/ros2_WS/src/install/ydlidar_ros2_driver/share/ydlidar_ros2_driver/cmake/ydlidar_ros2_driverConfig.cmake
[1.214s] -- Up-to-date symlink: /home/ubuntu/ros2_WS/src/install/ydlidar_ros2_driver/share/ydlidar_ros2_driver/cmake/ydlidar_ros2_driverConfig-version.cmake
[1.216s] -- Up-to-date symlink: /home/ubuntu/ros2_WS/src/install/ydlidar_ros2_driver/share/ydlidar_ros2_driver/package.xml
[1.220s] Invoked command in '/home/ubuntu/ros2_WS/src/build/ydlidar_ros2_driver' returned '0': CMAKE_PREFIX_PATH=${CMAKE_PREFIX_PATH}:/home/ubuntu/ros2_WS/src/install/ydlidar_tg15:/opt/ros/foxy /usr/bin/cmake --install /home/ubuntu/ros2_WS/src/build/ydlidar_ros2_driver
