[2.355s] DEBUG:colcon:Command line arguments: ['/usr/bin/colcon', 'build', '--symlink-install']
[2.355s] DEBUG:colcon:Parsed command line arguments: Namespace(allow_overriding=[], ament_cmake_args=None, base_paths=['.'], build_base='build', catkin_cmake_args=None, catkin_skip_building_tests=False, cmake_args=None, cmake_clean_cache=False, cmake_clean_first=False, cmake_force_configure=False, cmake_target=None, cmake_target_skip_unavailable=False, continue_on_error=False, event_handlers=None, executor='parallel', ignore_user_meta=False, install_base='install', log_base=None, log_level=None, main=<bound method BuildVerb.main of <colcon_core.verb.build.BuildVerb object at 0x7f2a3b75ae20>>, merge_install=False, metas=['./colcon.meta'], packages_above=None, packages_above_and_dependencies=None, packages_above_depth=None, packages_end=None, packages_ignore=None, packages_ignore_regex=None, packages_select=None, packages_select_build_failed=False, packages_select_by_dep=None, packages_select_regex=None, packages_select_test_failures=False, packages_skip=None, packages_skip_build_finished=False, packages_skip_by_dep=None, packages_skip_regex=None, packages_skip_test_passed=False, packages_skip_up_to=None, packages_start=None, packages_up_to=None, packages_up_to_regex=None, parallel_workers=8, paths=None, symlink_install=True, test_result_base=None, verb_extension=<colcon_core.verb.build.BuildVerb object at 0x7f2a3b75ae20>, verb_name='build', verb_parser=<colcon_defaults.argument_parser.defaults.DefaultArgumentsDecorator object at 0x7f2a3b710a30>)
[2.454s] Level 1:colcon.colcon_core.package_discovery:discover_packages(colcon_meta) check parameters
[2.454s] Level 1:colcon.colcon_core.package_discovery:discover_packages(recursive) check parameters
[2.454s] Level 1:colcon.colcon_core.package_discovery:discover_packages(ignore) check parameters
[2.454s] Level 1:colcon.colcon_core.package_discovery:discover_packages(path) check parameters
[2.454s] Level 1:colcon.colcon_core.package_discovery:discover_packages(colcon_meta) discover
[2.454s] Level 1:colcon.colcon_core.package_discovery:discover_packages(recursive) discover
[2.454s] INFO:colcon.colcon_core.package_discovery:Crawling recursively for packages in '/home/ubuntu/ros2_WS'
[2.455s] Level 1:colcon.colcon_core.package_identification:_identify(.) by extensions ['ignore', 'ignore_ament_install']
[2.455s] Level 1:colcon.colcon_core.package_identification:_identify(.) by extension 'ignore'
[2.455s] Level 1:colcon.colcon_core.package_identification:_identify(.) by extension 'ignore_ament_install'
[2.455s] Level 1:colcon.colcon_core.package_identification:_identify(.) by extensions ['colcon_pkg']
[2.455s] Level 1:colcon.colcon_core.package_identification:_identify(.) by extension 'colcon_pkg'
[2.455s] Level 1:colcon.colcon_core.package_identification:_identify(.) by extensions ['colcon_meta']
[2.455s] Level 1:colcon.colcon_core.package_identification:_identify(.) by extension 'colcon_meta'
[2.455s] Level 1:colcon.colcon_core.package_identification:_identify(.) by extensions ['ros']
[2.455s] Level 1:colcon.colcon_core.package_identification:_identify(.) by extension 'ros'
[2.465s] Level 1:colcon.colcon_core.package_identification:_identify(.) by extensions ['cmake', 'python']
[2.466s] Level 1:colcon.colcon_core.package_identification:_identify(.) by extension 'cmake'
[2.466s] Level 1:colcon.colcon_core.package_identification:_identify(.) by extension 'python'
[2.466s] Level 1:colcon.colcon_core.package_identification:_identify(.) by extensions ['python_setup_py']
[2.466s] Level 1:colcon.colcon_core.package_identification:_identify(.) by extension 'python_setup_py'
[2.466s] Level 1:colcon.colcon_core.package_identification:_identify(build) by extensions ['ignore', 'ignore_ament_install']
[2.466s] Level 1:colcon.colcon_core.package_identification:_identify(build) by extension 'ignore'
[2.466s] Level 1:colcon.colcon_core.package_identification:_identify(build) ignored
[2.466s] Level 1:colcon.colcon_core.package_identification:_identify(install) by extensions ['ignore', 'ignore_ament_install']
[2.466s] Level 1:colcon.colcon_core.package_identification:_identify(install) by extension 'ignore'
[2.466s] Level 1:colcon.colcon_core.package_identification:_identify(install) ignored
[2.467s] Level 1:colcon.colcon_core.package_identification:_identify(log) by extensions ['ignore', 'ignore_ament_install']
[2.467s] Level 1:colcon.colcon_core.package_identification:_identify(log) by extension 'ignore'
[2.467s] Level 1:colcon.colcon_core.package_identification:_identify(log) ignored
[2.467s] Level 1:colcon.colcon_core.package_identification:_identify(src) by extensions ['ignore', 'ignore_ament_install']
[2.467s] Level 1:colcon.colcon_core.package_identification:_identify(src) by extension 'ignore'
[2.467s] Level 1:colcon.colcon_core.package_identification:_identify(src) by extension 'ignore_ament_install'
[2.467s] Level 1:colcon.colcon_core.package_identification:_identify(src) by extensions ['colcon_pkg']
[2.467s] Level 1:colcon.colcon_core.package_identification:_identify(src) by extension 'colcon_pkg'
[2.467s] Level 1:colcon.colcon_core.package_identification:_identify(src) by extensions ['colcon_meta']
[2.467s] Level 1:colcon.colcon_core.package_identification:_identify(src) by extension 'colcon_meta'
[2.467s] Level 1:colcon.colcon_core.package_identification:_identify(src) by extensions ['ros']
[2.467s] Level 1:colcon.colcon_core.package_identification:_identify(src) by extension 'ros'
[2.467s] Level 1:colcon.colcon_core.package_identification:_identify(src) by extensions ['cmake', 'python']
[2.467s] Level 1:colcon.colcon_core.package_identification:_identify(src) by extension 'cmake'
[2.467s] Level 1:colcon.colcon_core.package_identification:_identify(src) by extension 'python'
[2.468s] Level 1:colcon.colcon_core.package_identification:_identify(src) by extensions ['python_setup_py']
[2.468s] Level 1:colcon.colcon_core.package_identification:_identify(src) by extension 'python_setup_py'
[2.468s] Level 1:colcon.colcon_core.package_identification:_identify(src/YDLidar-SDK) by extensions ['ignore', 'ignore_ament_install']
[2.468s] Level 1:colcon.colcon_core.package_identification:_identify(src/YDLidar-SDK) by extension 'ignore'
[2.468s] Level 1:colcon.colcon_core.package_identification:_identify(src/YDLidar-SDK) by extension 'ignore_ament_install'
[2.468s] Level 1:colcon.colcon_core.package_identification:_identify(src/YDLidar-SDK) by extensions ['colcon_pkg']
[2.468s] Level 1:colcon.colcon_core.package_identification:_identify(src/YDLidar-SDK) by extension 'colcon_pkg'
[2.468s] Level 1:colcon.colcon_core.package_identification:_identify(src/YDLidar-SDK) by extensions ['colcon_meta']
[2.468s] Level 1:colcon.colcon_core.package_identification:_identify(src/YDLidar-SDK) by extension 'colcon_meta'
[2.468s] Level 1:colcon.colcon_core.package_identification:_identify(src/YDLidar-SDK) by extensions ['ros']
[2.468s] Level 1:colcon.colcon_core.package_identification:_identify(src/YDLidar-SDK) by extension 'ros'
[2.469s] Level 1:colcon.colcon_core.package_identification:_identify(src/YDLidar-SDK) by extensions ['cmake', 'python']
[2.469s] Level 1:colcon.colcon_core.package_identification:_identify(src/YDLidar-SDK) by extension 'cmake'
[2.494s] Level 1:colcon.colcon_core.package_identification:_identify(src/YDLidar-SDK) by extension 'python'
[2.495s] DEBUG:colcon.colcon_core.package_identification:Package 'src/YDLidar-SDK' with type 'cmake' and name 'ydlidar_sdk'
[2.495s] Level 1:colcon.colcon_core.package_identification:_identify(src/ydlidar_ros2_driver) by extensions ['ignore', 'ignore_ament_install']
[2.495s] Level 1:colcon.colcon_core.package_identification:_identify(src/ydlidar_ros2_driver) by extension 'ignore'
[2.495s] Level 1:colcon.colcon_core.package_identification:_identify(src/ydlidar_ros2_driver) by extension 'ignore_ament_install'
[2.495s] Level 1:colcon.colcon_core.package_identification:_identify(src/ydlidar_ros2_driver) by extensions ['colcon_pkg']
[2.495s] Level 1:colcon.colcon_core.package_identification:_identify(src/ydlidar_ros2_driver) by extension 'colcon_pkg'
[2.495s] Level 1:colcon.colcon_core.package_identification:_identify(src/ydlidar_ros2_driver) by extensions ['colcon_meta']
[2.495s] Level 1:colcon.colcon_core.package_identification:_identify(src/ydlidar_ros2_driver) by extension 'colcon_meta'
[2.495s] Level 1:colcon.colcon_core.package_identification:_identify(src/ydlidar_ros2_driver) by extensions ['ros']
[2.495s] Level 1:colcon.colcon_core.package_identification:_identify(src/ydlidar_ros2_driver) by extension 'ros'
[2.499s] DEBUG:colcon.colcon_core.package_identification:Package 'src/ydlidar_ros2_driver' with type 'ros.ament_cmake' and name 'ydlidar_ros2_driver'
[2.499s] Level 1:colcon.colcon_core.package_discovery:discover_packages(recursive) using defaults
[2.499s] Level 1:colcon.colcon_core.package_discovery:discover_packages(ignore) discover
[2.499s] Level 1:colcon.colcon_core.package_discovery:discover_packages(ignore) using defaults
[2.499s] Level 1:colcon.colcon_core.package_discovery:discover_packages(path) discover
[2.499s] Level 1:colcon.colcon_core.package_discovery:discover_packages(path) using defaults
[2.723s] Level 1:colcon.colcon_core.package_discovery:discover_packages(prefix_path) check parameters
[2.723s] Level 1:colcon.colcon_core.package_discovery:discover_packages(prefix_path) discover
[2.762s] WARNING:colcon.colcon_core.prefix_path.colcon:The path '/home/ubuntu/ros2_work_space/install' in the environment variable COLCON_PREFIX_PATH doesn't exist
[2.762s] WARNING:colcon.colcon_core.prefix_path.colcon:The path '/home/ubuntu/ros2_ws/install' in the environment variable COLCON_PREFIX_PATH doesn't exist
[2.762s] WARNING:colcon.colcon_ros.prefix_path.ament:The path '/home/ubuntu/ros2_work_space/install/ydlidar_ros2_driver' in the environment variable AMENT_PREFIX_PATH doesn't exist
[2.762s] WARNING:colcon.colcon_ros.prefix_path.ament:The path '/home/ubuntu/ros2_ws/install/ydlidar_tg15' in the environment variable AMENT_PREFIX_PATH doesn't exist
[2.762s] WARNING:colcon.colcon_ros.prefix_path.ament:The path '/home/ubuntu/ros2_ws/install/ydlidar_ros2_driver' in the environment variable AMENT_PREFIX_PATH doesn't exist
[2.762s] WARNING:colcon.colcon_ros.prefix_path.ament:The path '/home/ubuntu/ros2_ws/install/ydliar_tg15_mapping' in the environment variable AMENT_PREFIX_PATH doesn't exist
[2.763s] WARNING:colcon.colcon_ros.prefix_path.catkin:The path '/home/ubuntu/ros2_work_space/install/ydlidar_sdk' in the environment variable CMAKE_PREFIX_PATH doesn't exist
[2.763s] WARNING:colcon.colcon_ros.prefix_path.catkin:The path '/home/ubuntu/ros2_work_space/install/ydlidar_ros2_driver' in the environment variable CMAKE_PREFIX_PATH doesn't exist
[2.763s] WARNING:colcon.colcon_ros.prefix_path.catkin:The path '/home/ubuntu/ros2_ws/install/ydlidar_sdk' in the environment variable CMAKE_PREFIX_PATH doesn't exist
[2.763s] WARNING:colcon.colcon_ros.prefix_path.catkin:The path '/home/ubuntu/ros2_ws/install/ydlidar_ros2_driver' in the environment variable CMAKE_PREFIX_PATH doesn't exist
[2.809s] DEBUG:colcon.colcon_installed_package_information.package_discovery:Found 3 installed packages in /home/ubuntu/install
[2.851s] DEBUG:colcon.colcon_installed_package_information.package_discovery:Found 258 installed packages in /opt/ros/foxy
[2.852s] Level 1:colcon.colcon_core.package_discovery:discover_packages(prefix_path) using defaults
[3.016s] Level 5:colcon.colcon_core.verb:set package 'ydlidar_ros2_driver' build argument 'cmake_args' from command line to 'None'
[3.016s] Level 5:colcon.colcon_core.verb:set package 'ydlidar_ros2_driver' build argument 'cmake_target' from command line to 'None'
[3.016s] Level 5:colcon.colcon_core.verb:set package 'ydlidar_ros2_driver' build argument 'cmake_target_skip_unavailable' from command line to 'False'
[3.016s] Level 5:colcon.colcon_core.verb:set package 'ydlidar_ros2_driver' build argument 'cmake_clean_cache' from command line to 'False'
[3.016s] Level 5:colcon.colcon_core.verb:set package 'ydlidar_ros2_driver' build argument 'cmake_clean_first' from command line to 'False'
[3.016s] Level 5:colcon.colcon_core.verb:set package 'ydlidar_ros2_driver' build argument 'cmake_force_configure' from command line to 'False'
[3.016s] Level 5:colcon.colcon_core.verb:set package 'ydlidar_ros2_driver' build argument 'ament_cmake_args' from command line to 'None'
[3.016s] Level 5:colcon.colcon_core.verb:set package 'ydlidar_ros2_driver' build argument 'catkin_cmake_args' from command line to 'None'
[3.016s] Level 5:colcon.colcon_core.verb:set package 'ydlidar_ros2_driver' build argument 'catkin_skip_building_tests' from command line to 'False'
[3.016s] DEBUG:colcon.colcon_core.verb:Building package 'ydlidar_ros2_driver' with the following arguments: {'ament_cmake_args': None, 'build_base': '/home/ubuntu/ros2_WS/build/ydlidar_ros2_driver', 'catkin_cmake_args': None, 'catkin_skip_building_tests': False, 'cmake_args': None, 'cmake_clean_cache': False, 'cmake_clean_first': False, 'cmake_force_configure': False, 'cmake_target': None, 'cmake_target_skip_unavailable': False, 'install_base': '/home/ubuntu/ros2_WS/install/ydlidar_ros2_driver', 'merge_install': False, 'path': '/home/ubuntu/ros2_WS/src/ydlidar_ros2_driver', 'symlink_install': True, 'test_result_base': None}
[3.054s] Level 5:colcon.colcon_core.verb:set package 'ydlidar_sdk' build argument 'cmake_args' from command line to 'None'
[3.054s] Level 5:colcon.colcon_core.verb:set package 'ydlidar_sdk' build argument 'cmake_target' from command line to 'None'
[3.054s] Level 5:colcon.colcon_core.verb:set package 'ydlidar_sdk' build argument 'cmake_target_skip_unavailable' from command line to 'False'
[3.054s] Level 5:colcon.colcon_core.verb:set package 'ydlidar_sdk' build argument 'cmake_clean_cache' from command line to 'False'
[3.054s] Level 5:colcon.colcon_core.verb:set package 'ydlidar_sdk' build argument 'cmake_clean_first' from command line to 'False'
[3.054s] Level 5:colcon.colcon_core.verb:set package 'ydlidar_sdk' build argument 'cmake_force_configure' from command line to 'False'
[3.054s] Level 5:colcon.colcon_core.verb:set package 'ydlidar_sdk' build argument 'ament_cmake_args' from command line to 'None'
[3.054s] Level 5:colcon.colcon_core.verb:set package 'ydlidar_sdk' build argument 'catkin_cmake_args' from command line to 'None'
[3.054s] Level 5:colcon.colcon_core.verb:set package 'ydlidar_sdk' build argument 'catkin_skip_building_tests' from command line to 'False'
[3.054s] DEBUG:colcon.colcon_core.verb:Building package 'ydlidar_sdk' with the following arguments: {'ament_cmake_args': None, 'build_base': '/home/ubuntu/ros2_WS/build/ydlidar_sdk', 'catkin_cmake_args': None, 'catkin_skip_building_tests': False, 'cmake_args': None, 'cmake_clean_cache': False, 'cmake_clean_first': False, 'cmake_force_configure': False, 'cmake_target': None, 'cmake_target_skip_unavailable': False, 'install_base': '/home/ubuntu/ros2_WS/install/ydlidar_sdk', 'merge_install': False, 'path': '/home/ubuntu/ros2_WS/src/YDLidar-SDK', 'symlink_install': True, 'test_result_base': None}
[3.091s] INFO:colcon.colcon_core.executor:Executing jobs using 'parallel' executor
[3.137s] DEBUG:colcon.colcon_parallel_executor.executor.parallel:run_until_complete
[3.137s] INFO:colcon.colcon_ros.task.ament_cmake.build:Building ROS package in '/home/ubuntu/ros2_WS/src/ydlidar_ros2_driver' with build type 'ament_cmake'
[3.137s] INFO:colcon.colcon_cmake.task.cmake.build:Building CMake package in '/home/ubuntu/ros2_WS/src/ydlidar_ros2_driver'
[3.177s] INFO:colcon.colcon_core.plugin_system:Skipping extension 'colcon_core.shell.bat': Not used on non-Windows systems
[3.177s] INFO:colcon.colcon_core.shell:Skip shell extension 'powershell' for command environment: Not usable outside of PowerShell
[3.177s] DEBUG:colcon.colcon_core.shell:Skip shell extension 'dsv' for command environment
[3.307s] INFO:colcon.colcon_cmake.task.cmake.build:Building CMake package in '/home/ubuntu/ros2_WS/src/YDLidar-SDK'
[3.351s] INFO:colcon.colcon_core.shell:Skip shell extension 'powershell' for command environment: Not usable outside of PowerShell
[3.351s] DEBUG:colcon.colcon_core.shell:Skip shell extension 'dsv' for command environment
[3.485s] DEBUG:colcon.colcon_core.event_handler.log_command:Invoking command in '/home/ubuntu/ros2_WS/build/ydlidar_ros2_driver': CMAKE_PREFIX_PATH=${CMAKE_PREFIX_PATH}:/home/ubuntu/ros2_ws/install/ydlidar_tg15:/home/ubuntu/ros2_ws/install/ydliar_tg15_mapping:/home/ubuntu/install/ydlidar_tg15:/opt/ros/foxy /usr/bin/cmake --build /home/ubuntu/ros2_WS/build/ydlidar_ros2_driver -- -j8 -l8
[3.492s] DEBUG:colcon.colcon_core.event_handler.log_command:Invoking command in '/home/ubuntu/ros2_WS/build/ydlidar_sdk': /usr/bin/cmake --build /home/ubuntu/ros2_WS/build/ydlidar_sdk -- -j8 -l8
[3.610s] DEBUG:colcon.colcon_core.event_handler.log_command:Invoked command in '/home/ubuntu/ros2_WS/build/ydlidar_ros2_driver' returned '0': CMAKE_PREFIX_PATH=${CMAKE_PREFIX_PATH}:/home/ubuntu/ros2_ws/install/ydlidar_tg15:/home/ubuntu/ros2_ws/install/ydliar_tg15_mapping:/home/ubuntu/install/ydlidar_tg15:/opt/ros/foxy /usr/bin/cmake --build /home/ubuntu/ros2_WS/build/ydlidar_ros2_driver -- -j8 -l8
[3.675s] DEBUG:colcon.colcon_core.event_handler.log_command:Invoking command in '/home/ubuntu/ros2_WS/build/ydlidar_ros2_driver': CMAKE_PREFIX_PATH=${CMAKE_PREFIX_PATH}:/home/ubuntu/ros2_ws/install/ydlidar_tg15:/home/ubuntu/ros2_ws/install/ydliar_tg15_mapping:/home/ubuntu/install/ydlidar_tg15:/opt/ros/foxy /usr/bin/cmake --install /home/ubuntu/ros2_WS/build/ydlidar_ros2_driver
[3.680s] DEBUG:colcon.colcon_core.event_handler.log_command:Invoked command in '/home/ubuntu/ros2_WS/build/ydlidar_sdk' returned '0': /usr/bin/cmake --build /home/ubuntu/ros2_WS/build/ydlidar_sdk -- -j8 -l8
[3.715s] Level 1:colcon.colcon_core.environment:create_environment_scripts_only(ydlidar_ros2_driver)
[3.716s] DEBUG:colcon.colcon_core.event_handler.log_command:Invoked command in '/home/ubuntu/ros2_WS/build/ydlidar_ros2_driver' returned '0': CMAKE_PREFIX_PATH=${CMAKE_PREFIX_PATH}:/home/ubuntu/ros2_ws/install/ydlidar_tg15:/home/ubuntu/ros2_ws/install/ydliar_tg15_mapping:/home/ubuntu/install/ydlidar_tg15:/opt/ros/foxy /usr/bin/cmake --install /home/ubuntu/ros2_WS/build/ydlidar_ros2_driver
[3.770s] Level 1:colcon.colcon_core.environment:checking '/home/ubuntu/ros2_WS/install/ydlidar_ros2_driver' for CMake module files
[3.771s] Level 1:colcon.colcon_core.environment:checking '/home/ubuntu/ros2_WS/install/ydlidar_ros2_driver' for CMake config files
[3.771s] Level 1:colcon.colcon_core.shell:create_environment_hook('ydlidar_ros2_driver', 'cmake_prefix_path')
[3.809s] INFO:colcon.colcon_core.shell:Creating environment hook '/home/ubuntu/ros2_WS/install/ydlidar_ros2_driver/share/ydlidar_ros2_driver/hook/cmake_prefix_path.ps1'
[3.810s] INFO:colcon.colcon_core.shell:Creating environment descriptor '/home/ubuntu/ros2_WS/install/ydlidar_ros2_driver/share/ydlidar_ros2_driver/hook/cmake_prefix_path.dsv'
[3.810s] INFO:colcon.colcon_core.shell:Creating environment hook '/home/ubuntu/ros2_WS/install/ydlidar_ros2_driver/share/ydlidar_ros2_driver/hook/cmake_prefix_path.sh'
[3.811s] Level 1:colcon.colcon_core.environment:checking '/home/ubuntu/ros2_WS/install/ydlidar_ros2_driver/lib'
[3.812s] Level 1:colcon.colcon_core.environment:checking '/home/ubuntu/ros2_WS/install/ydlidar_ros2_driver/bin'
[3.812s] Level 1:colcon.colcon_core.environment:checking '/home/ubuntu/ros2_WS/install/ydlidar_ros2_driver/lib/pkgconfig/ydlidar_ros2_driver.pc'
[3.812s] Level 1:colcon.colcon_core.environment:checking '/home/ubuntu/ros2_WS/install/ydlidar_ros2_driver/lib/python3.8/site-packages'
[3.812s] Level 1:colcon.colcon_core.environment:checking '/home/ubuntu/ros2_WS/install/ydlidar_ros2_driver/bin'
[3.857s] INFO:colcon.colcon_core.shell:Creating package script '/home/ubuntu/ros2_WS/install/ydlidar_ros2_driver/share/ydlidar_ros2_driver/package.ps1'
[3.858s] INFO:colcon.colcon_core.shell:Creating package descriptor '/home/ubuntu/ros2_WS/install/ydlidar_ros2_driver/share/ydlidar_ros2_driver/package.dsv'
[3.858s] INFO:colcon.colcon_core.shell:Creating package script '/home/ubuntu/ros2_WS/install/ydlidar_ros2_driver/share/ydlidar_ros2_driver/package.sh'
[3.859s] INFO:colcon.colcon_core.shell:Creating package script '/home/ubuntu/ros2_WS/install/ydlidar_ros2_driver/share/ydlidar_ros2_driver/package.bash'
[3.860s] INFO:colcon.colcon_core.shell:Creating package script '/home/ubuntu/ros2_WS/install/ydlidar_ros2_driver/share/ydlidar_ros2_driver/package.zsh'
[3.860s] Level 1:colcon.colcon_core.environment:create_file_with_runtime_dependencies(/home/ubuntu/ros2_WS/install/ydlidar_ros2_driver/share/colcon-core/packages/ydlidar_ros2_driver)
[3.866s] DEBUG:colcon.colcon_core.event_handler.log_command:Invoking command in '/home/ubuntu/ros2_WS/build/ydlidar_sdk': /usr/bin/cmake --install /home/ubuntu/ros2_WS/build/ydlidar_sdk
[3.974s] Level 1:colcon.colcon_core.environment:create_environment_scripts_only(ydlidar_ros2_driver)
[4.014s] Level 1:colcon.colcon_core.environment:checking '/home/ubuntu/ros2_WS/install/ydlidar_ros2_driver' for CMake module files
[4.014s] Level 1:colcon.colcon_core.environment:checking '/home/ubuntu/ros2_WS/install/ydlidar_ros2_driver' for CMake config files
[4.015s] Level 1:colcon.colcon_core.shell:create_environment_hook('ydlidar_ros2_driver', 'cmake_prefix_path')
[4.057s] INFO:colcon.colcon_core.shell:Creating environment hook '/home/ubuntu/ros2_WS/install/ydlidar_ros2_driver/share/ydlidar_ros2_driver/hook/cmake_prefix_path.ps1'
[4.058s] INFO:colcon.colcon_core.shell:Creating environment descriptor '/home/ubuntu/ros2_WS/install/ydlidar_ros2_driver/share/ydlidar_ros2_driver/hook/cmake_prefix_path.dsv'
[4.058s] INFO:colcon.colcon_core.shell:Creating environment hook '/home/ubuntu/ros2_WS/install/ydlidar_ros2_driver/share/ydlidar_ros2_driver/hook/cmake_prefix_path.sh'
[4.059s] Level 1:colcon.colcon_core.environment:checking '/home/ubuntu/ros2_WS/install/ydlidar_ros2_driver/lib'
[4.059s] Level 1:colcon.colcon_core.environment:checking '/home/ubuntu/ros2_WS/install/ydlidar_ros2_driver/bin'
[4.059s] Level 1:colcon.colcon_core.environment:checking '/home/ubuntu/ros2_WS/install/ydlidar_ros2_driver/lib/pkgconfig/ydlidar_ros2_driver.pc'
[4.059s] Level 1:colcon.colcon_core.environment:checking '/home/ubuntu/ros2_WS/install/ydlidar_ros2_driver/lib/python3.8/site-packages'
[4.059s] Level 1:colcon.colcon_core.environment:checking '/home/ubuntu/ros2_WS/install/ydlidar_ros2_driver/bin'
[4.105s] INFO:colcon.colcon_core.shell:Creating package script '/home/ubuntu/ros2_WS/install/ydlidar_ros2_driver/share/ydlidar_ros2_driver/package.ps1'
[4.106s] INFO:colcon.colcon_core.shell:Creating package descriptor '/home/ubuntu/ros2_WS/install/ydlidar_ros2_driver/share/ydlidar_ros2_driver/package.dsv'
[4.106s] INFO:colcon.colcon_core.shell:Creating package script '/home/ubuntu/ros2_WS/install/ydlidar_ros2_driver/share/ydlidar_ros2_driver/package.sh'
[4.107s] INFO:colcon.colcon_core.shell:Creating package script '/home/ubuntu/ros2_WS/install/ydlidar_ros2_driver/share/ydlidar_ros2_driver/package.bash'
[4.107s] INFO:colcon.colcon_core.shell:Creating package script '/home/ubuntu/ros2_WS/install/ydlidar_ros2_driver/share/ydlidar_ros2_driver/package.zsh'
[4.108s] Level 1:colcon.colcon_core.environment:create_file_with_runtime_dependencies(/home/ubuntu/ros2_WS/install/ydlidar_ros2_driver/share/colcon-core/packages/ydlidar_ros2_driver)
[4.108s] Level 1:colcon.colcon_core.environment:create_environment_scripts_only(ydlidar_sdk)
[4.109s] DEBUG:colcon.colcon_core.event_handler.log_command:Invoked command in '/home/ubuntu/ros2_WS/build/ydlidar_sdk' returned '0': /usr/bin/cmake --install /home/ubuntu/ros2_WS/build/ydlidar_sdk
[4.152s] Level 1:colcon.colcon_core.environment:checking '/home/ubuntu/ros2_WS/install/ydlidar_sdk' for CMake module files
[4.152s] Level 1:colcon.colcon_core.environment:checking '/home/ubuntu/ros2_WS/install/ydlidar_sdk' for CMake config files
[4.152s] Level 1:colcon.colcon_core.shell:create_environment_hook('ydlidar_sdk', 'cmake_prefix_path')
[4.192s] INFO:colcon.colcon_core.shell:Creating environment hook '/home/ubuntu/ros2_WS/install/ydlidar_sdk/share/ydlidar_sdk/hook/cmake_prefix_path.ps1'
[4.193s] INFO:colcon.colcon_core.shell:Creating environment descriptor '/home/ubuntu/ros2_WS/install/ydlidar_sdk/share/ydlidar_sdk/hook/cmake_prefix_path.dsv'
[4.193s] INFO:colcon.colcon_core.shell:Creating environment hook '/home/ubuntu/ros2_WS/install/ydlidar_sdk/share/ydlidar_sdk/hook/cmake_prefix_path.sh'
[4.194s] Level 1:colcon.colcon_core.environment:checking '/home/ubuntu/ros2_WS/install/ydlidar_sdk/lib'
[4.194s] Level 1:colcon.colcon_core.environment:checking '/home/ubuntu/ros2_WS/install/ydlidar_sdk/bin'
[4.194s] Level 1:colcon.colcon_core.shell:create_environment_hook('ydlidar_sdk', 'path')
[4.232s] INFO:colcon.colcon_core.shell:Creating environment hook '/home/ubuntu/ros2_WS/install/ydlidar_sdk/share/ydlidar_sdk/hook/path.ps1'
[4.233s] INFO:colcon.colcon_core.shell:Creating environment descriptor '/home/ubuntu/ros2_WS/install/ydlidar_sdk/share/ydlidar_sdk/hook/path.dsv'
[4.233s] INFO:colcon.colcon_core.shell:Creating environment hook '/home/ubuntu/ros2_WS/install/ydlidar_sdk/share/ydlidar_sdk/hook/path.sh'
[4.234s] Level 1:colcon.colcon_core.environment:checking '/home/ubuntu/ros2_WS/install/ydlidar_sdk/lib/pkgconfig/ydlidar_sdk.pc'
[4.234s] Level 1:colcon.colcon_core.environment:checking '/home/ubuntu/ros2_WS/install/ydlidar_sdk/lib/python3.8/site-packages'
[4.234s] Level 1:colcon.colcon_core.environment:checking '/home/ubuntu/ros2_WS/install/ydlidar_sdk/bin'
[4.234s] Level 1:colcon.colcon_core.shell:create_environment_hook('ydlidar_sdk', 'pythonscriptspath')
[4.279s] INFO:colcon.colcon_core.shell:Creating environment hook '/home/ubuntu/ros2_WS/install/ydlidar_sdk/share/ydlidar_sdk/hook/pythonscriptspath.ps1'
[4.279s] INFO:colcon.colcon_core.shell:Creating environment descriptor '/home/ubuntu/ros2_WS/install/ydlidar_sdk/share/ydlidar_sdk/hook/pythonscriptspath.dsv'
[4.280s] INFO:colcon.colcon_core.shell:Creating environment hook '/home/ubuntu/ros2_WS/install/ydlidar_sdk/share/ydlidar_sdk/hook/pythonscriptspath.sh'
[4.319s] INFO:colcon.colcon_core.shell:Creating package script '/home/ubuntu/ros2_WS/install/ydlidar_sdk/share/ydlidar_sdk/package.ps1'
[4.320s] INFO:colcon.colcon_core.shell:Creating package descriptor '/home/ubuntu/ros2_WS/install/ydlidar_sdk/share/ydlidar_sdk/package.dsv'
[4.321s] INFO:colcon.colcon_core.shell:Creating package script '/home/ubuntu/ros2_WS/install/ydlidar_sdk/share/ydlidar_sdk/package.sh'
[4.321s] INFO:colcon.colcon_core.shell:Creating package script '/home/ubuntu/ros2_WS/install/ydlidar_sdk/share/ydlidar_sdk/package.bash'
[4.322s] INFO:colcon.colcon_core.shell:Creating package script '/home/ubuntu/ros2_WS/install/ydlidar_sdk/share/ydlidar_sdk/package.zsh'
[4.322s] Level 1:colcon.colcon_core.environment:create_file_with_runtime_dependencies(/home/ubuntu/ros2_WS/install/ydlidar_sdk/share/colcon-core/packages/ydlidar_sdk)
[4.322s] DEBUG:colcon.colcon_parallel_executor.executor.parallel:closing loop
[4.323s] DEBUG:colcon.colcon_parallel_executor.executor.parallel:loop closed
[4.323s] DEBUG:colcon.colcon_parallel_executor.executor.parallel:run_until_complete finished with '0'
[4.323s] DEBUG:colcon.colcon_core.event_reactor:joining thread
[4.374s] INFO:colcon.colcon_core.plugin_system:Skipping extension 'colcon_notification.desktop_notification.terminal_notifier': Not used on non-Darwin systems
[4.374s] INFO:colcon.colcon_core.plugin_system:Skipping extension 'colcon_notification.desktop_notification.win32': Not used on non-Windows systems
[4.374s] INFO:colcon.colcon_notification.desktop_notification:Sending desktop notification using 'notify2'
[4.383s] DEBUG:colcon.colcon_core.event_reactor:joined thread
[4.424s] INFO:colcon.colcon_core.shell:Creating prefix script '/home/ubuntu/ros2_WS/install/local_setup.ps1'
[4.425s] INFO:colcon.colcon_core.shell:Creating prefix util module '/home/ubuntu/ros2_WS/install/_local_setup_util_ps1.py'
[4.426s] INFO:colcon.colcon_core.shell:Creating prefix chain script '/home/ubuntu/ros2_WS/install/setup.ps1'
[4.469s] INFO:colcon.colcon_core.shell:Creating prefix script '/home/ubuntu/ros2_WS/install/local_setup.sh'
[4.470s] INFO:colcon.colcon_core.shell:Creating prefix util module '/home/ubuntu/ros2_WS/install/_local_setup_util_sh.py'
[4.470s] INFO:colcon.colcon_core.shell:Creating prefix chain script '/home/ubuntu/ros2_WS/install/setup.sh'
[4.511s] INFO:colcon.colcon_core.shell:Creating prefix script '/home/ubuntu/ros2_WS/install/local_setup.bash'
[4.511s] INFO:colcon.colcon_core.shell:Creating prefix chain script '/home/ubuntu/ros2_WS/install/setup.bash'
[4.550s] INFO:colcon.colcon_core.shell:Creating prefix script '/home/ubuntu/ros2_WS/install/local_setup.zsh'
[4.550s] INFO:colcon.colcon_core.shell:Creating prefix chain script '/home/ubuntu/ros2_WS/install/setup.zsh'
