[1.357s] Invoking command in '/home/ubuntu/ros2_WS/build/ydlidar_tg15': PYTHONPATH=/home/ubuntu/ros2_WS/build/ydlidar_tg15/prefix_override:/home/ubuntu/ros2_WS/install/ydlidar_tg15/lib/python3.8/site-packages:${PYTHONPATH} /usr/bin/python3 setup.py develop --editable --build-directory /home/ubuntu/ros2_WS/build/ydlidar_tg15/build --no-deps install_data
[1.566s] running develop
[1.695s] running egg_info
[1.695s] writing ydlidar_tg15.egg-info/PKG-INFO
[1.695s] writing dependency_links to ydlidar_tg15.egg-info/dependency_links.txt
[1.695s] writing entry points to ydlidar_tg15.egg-info/entry_points.txt
[1.695s] writing requirements to ydlidar_tg15.egg-info/requires.txt
[1.696s] writing top-level names to ydlidar_tg15.egg-info/top_level.txt
[1.726s] reading manifest file 'ydlidar_tg15.egg-info/SOURCES.txt'
[1.727s] writing manifest file 'ydlidar_tg15.egg-info/SOURCES.txt'
[1.768s] running build_ext
[1.769s] Creating /home/ubuntu/ros2_WS/install/ydlidar_tg15/lib/python3.8/site-packages/ydlidar-tg15.egg-link (link to .)
[1.770s] Installing ydlidar_tg15_node script to /home/ubuntu/ros2_WS/install/ydlidar_tg15/lib/ydlidar_x4_example
[1.770s] 
[1.770s] Installed /home/ubuntu/ros2_WS/build/ydlidar_tg15
[1.770s] running install_data
[1.770s] copying launch/2dmapping.launch.py -> /home/ubuntu/ros2_WS/install/ydlidar_tg15/share/ydlidar_tg15/launch
[1.771s] creating /home/ubuntu/ros2_WS/install/ydlidar_tg15/share/ydlidar_tg15/config
[1.771s] copying config/ydlidar_mapping2d.lua -> /home/ubuntu/ros2_WS/install/ydlidar_tg15/share/ydlidar_tg15/config
[1.796s] Invoked command in '/home/ubuntu/ros2_WS/build/ydlidar_tg15' returned '0': PYTHONPATH=/home/ubuntu/ros2_WS/build/ydlidar_tg15/prefix_override:/home/ubuntu/ros2_WS/install/ydlidar_tg15/lib/python3.8/site-packages:${PYTHONPATH} /usr/bin/python3 setup.py develop --editable --build-directory /home/ubuntu/ros2_WS/build/ydlidar_tg15/build --no-deps install_data
