[2.346s] DEBUG:colcon:Command line arguments: ['/usr/bin/colcon', 'build', '--symlink-install']
[2.347s] DEBUG:colcon:Parsed command line arguments: Namespace(allow_overriding=[], ament_cmake_args=None, base_paths=['.'], build_base='build', catkin_cmake_args=None, catkin_skip_building_tests=False, cmake_args=None, cmake_clean_cache=False, cmake_clean_first=False, cmake_force_configure=False, cmake_target=None, cmake_target_skip_unavailable=False, continue_on_error=False, event_handlers=None, executor='parallel', ignore_user_meta=False, install_base='install', log_base=None, log_level=None, main=<bound method BuildVerb.main of <colcon_core.verb.build.BuildVerb object at 0x7f64fa0bba30>>, merge_install=False, metas=['./colcon.meta'], packages_above=None, packages_above_and_dependencies=None, packages_above_depth=None, packages_end=None, packages_ignore=None, packages_ignore_regex=None, packages_select=None, packages_select_build_failed=False, packages_select_by_dep=None, packages_select_regex=None, packages_select_test_failures=False, packages_skip=None, packages_skip_build_finished=False, packages_skip_by_dep=None, packages_skip_regex=None, packages_skip_test_passed=False, packages_skip_up_to=None, packages_start=None, packages_up_to=None, packages_up_to_regex=None, parallel_workers=8, paths=None, symlink_install=True, test_result_base=None, verb_extension=<colcon_core.verb.build.BuildVerb object at 0x7f64fa0bba30>, verb_name='build', verb_parser=<colcon_defaults.argument_parser.defaults.DefaultArgumentsDecorator object at 0x7f64f9d2d640>)
[2.446s] Level 1:colcon.colcon_core.package_discovery:discover_packages(colcon_meta) check parameters
[2.446s] Level 1:colcon.colcon_core.package_discovery:discover_packages(recursive) check parameters
[2.446s] Level 1:colcon.colcon_core.package_discovery:discover_packages(ignore) check parameters
[2.446s] Level 1:colcon.colcon_core.package_discovery:discover_packages(path) check parameters
[2.446s] Level 1:colcon.colcon_core.package_discovery:discover_packages(colcon_meta) discover
[2.446s] Level 1:colcon.colcon_core.package_discovery:discover_packages(recursive) discover
[2.446s] INFO:colcon.colcon_core.package_discovery:Crawling recursively for packages in '/home/ubuntu/ros2_WS'
[2.446s] Level 1:colcon.colcon_core.package_identification:_identify(.) by extensions ['ignore', 'ignore_ament_install']
[2.446s] Level 1:colcon.colcon_core.package_identification:_identify(.) by extension 'ignore'
[2.447s] Level 1:colcon.colcon_core.package_identification:_identify(.) by extension 'ignore_ament_install'
[2.447s] Level 1:colcon.colcon_core.package_identification:_identify(.) by extensions ['colcon_pkg']
[2.447s] Level 1:colcon.colcon_core.package_identification:_identify(.) by extension 'colcon_pkg'
[2.447s] Level 1:colcon.colcon_core.package_identification:_identify(.) by extensions ['colcon_meta']
[2.447s] Level 1:colcon.colcon_core.package_identification:_identify(.) by extension 'colcon_meta'
[2.447s] Level 1:colcon.colcon_core.package_identification:_identify(.) by extensions ['ros']
[2.447s] Level 1:colcon.colcon_core.package_identification:_identify(.) by extension 'ros'
[2.460s] Level 1:colcon.colcon_core.package_identification:_identify(.) by extensions ['cmake', 'python']
[2.460s] Level 1:colcon.colcon_core.package_identification:_identify(.) by extension 'cmake'
[2.460s] Level 1:colcon.colcon_core.package_identification:_identify(.) by extension 'python'
[2.460s] Level 1:colcon.colcon_core.package_identification:_identify(.) by extensions ['python_setup_py']
[2.460s] Level 1:colcon.colcon_core.package_identification:_identify(.) by extension 'python_setup_py'
[2.460s] Level 1:colcon.colcon_core.package_identification:_identify(build) by extensions ['ignore', 'ignore_ament_install']
[2.461s] Level 1:colcon.colcon_core.package_identification:_identify(build) by extension 'ignore'
[2.461s] Level 1:colcon.colcon_core.package_identification:_identify(build) ignored
[2.461s] Level 1:colcon.colcon_core.package_identification:_identify(install) by extensions ['ignore', 'ignore_ament_install']
[2.461s] Level 1:colcon.colcon_core.package_identification:_identify(install) by extension 'ignore'
[2.461s] Level 1:colcon.colcon_core.package_identification:_identify(install) ignored
[2.461s] Level 1:colcon.colcon_core.package_identification:_identify(log) by extensions ['ignore', 'ignore_ament_install']
[2.461s] Level 1:colcon.colcon_core.package_identification:_identify(log) by extension 'ignore'
[2.461s] Level 1:colcon.colcon_core.package_identification:_identify(log) ignored
[2.461s] Level 1:colcon.colcon_core.package_identification:_identify(src) by extensions ['ignore', 'ignore_ament_install']
[2.461s] Level 1:colcon.colcon_core.package_identification:_identify(src) by extension 'ignore'
[2.461s] Level 1:colcon.colcon_core.package_identification:_identify(src) by extension 'ignore_ament_install'
[2.461s] Level 1:colcon.colcon_core.package_identification:_identify(src) by extensions ['colcon_pkg']
[2.461s] Level 1:colcon.colcon_core.package_identification:_identify(src) by extension 'colcon_pkg'
[2.462s] Level 1:colcon.colcon_core.package_identification:_identify(src) by extensions ['colcon_meta']
[2.462s] Level 1:colcon.colcon_core.package_identification:_identify(src) by extension 'colcon_meta'
[2.462s] Level 1:colcon.colcon_core.package_identification:_identify(src) by extensions ['ros']
[2.462s] Level 1:colcon.colcon_core.package_identification:_identify(src) by extension 'ros'
[2.462s] Level 1:colcon.colcon_core.package_identification:_identify(src) by extensions ['cmake', 'python']
[2.462s] Level 1:colcon.colcon_core.package_identification:_identify(src) by extension 'cmake'
[2.462s] Level 1:colcon.colcon_core.package_identification:_identify(src) by extension 'python'
[2.462s] Level 1:colcon.colcon_core.package_identification:_identify(src) by extensions ['python_setup_py']
[2.462s] Level 1:colcon.colcon_core.package_identification:_identify(src) by extension 'python_setup_py'
[2.462s] Level 1:colcon.colcon_core.package_identification:_identify(src/YDLidar-SDK) by extensions ['ignore', 'ignore_ament_install']
[2.462s] Level 1:colcon.colcon_core.package_identification:_identify(src/YDLidar-SDK) by extension 'ignore'
[2.462s] Level 1:colcon.colcon_core.package_identification:_identify(src/YDLidar-SDK) by extension 'ignore_ament_install'
[2.462s] Level 1:colcon.colcon_core.package_identification:_identify(src/YDLidar-SDK) by extensions ['colcon_pkg']
[2.462s] Level 1:colcon.colcon_core.package_identification:_identify(src/YDLidar-SDK) by extension 'colcon_pkg'
[2.462s] Level 1:colcon.colcon_core.package_identification:_identify(src/YDLidar-SDK) by extensions ['colcon_meta']
[2.462s] Level 1:colcon.colcon_core.package_identification:_identify(src/YDLidar-SDK) by extension 'colcon_meta'
[2.462s] Level 1:colcon.colcon_core.package_identification:_identify(src/YDLidar-SDK) by extensions ['ros']
[2.463s] Level 1:colcon.colcon_core.package_identification:_identify(src/YDLidar-SDK) by extension 'ros'
[2.463s] Level 1:colcon.colcon_core.package_identification:_identify(src/YDLidar-SDK) by extensions ['cmake', 'python']
[2.463s] Level 1:colcon.colcon_core.package_identification:_identify(src/YDLidar-SDK) by extension 'cmake'
[2.484s] Level 1:colcon.colcon_core.package_identification:_identify(src/YDLidar-SDK) by extension 'python'
[2.484s] DEBUG:colcon.colcon_core.package_identification:Package 'src/YDLidar-SDK' with type 'cmake' and name 'ydlidar_sdk'
[2.484s] Level 1:colcon.colcon_core.package_identification:_identify(src/ydlidar_ros2_driver) by extensions ['ignore', 'ignore_ament_install']
[2.484s] Level 1:colcon.colcon_core.package_identification:_identify(src/ydlidar_ros2_driver) by extension 'ignore'
[2.485s] Level 1:colcon.colcon_core.package_identification:_identify(src/ydlidar_ros2_driver) by extension 'ignore_ament_install'
[2.485s] Level 1:colcon.colcon_core.package_identification:_identify(src/ydlidar_ros2_driver) by extensions ['colcon_pkg']
[2.485s] Level 1:colcon.colcon_core.package_identification:_identify(src/ydlidar_ros2_driver) by extension 'colcon_pkg'
[2.485s] Level 1:colcon.colcon_core.package_identification:_identify(src/ydlidar_ros2_driver) by extensions ['colcon_meta']
[2.485s] Level 1:colcon.colcon_core.package_identification:_identify(src/ydlidar_ros2_driver) by extension 'colcon_meta'
[2.485s] Level 1:colcon.colcon_core.package_identification:_identify(src/ydlidar_ros2_driver) by extensions ['ros']
[2.485s] Level 1:colcon.colcon_core.package_identification:_identify(src/ydlidar_ros2_driver) by extension 'ros'
[2.487s] DEBUG:colcon.colcon_core.package_identification:Package 'src/ydlidar_ros2_driver' with type 'ros.ament_cmake' and name 'ydlidar_ros2_driver'
[2.487s] Level 1:colcon.colcon_core.package_discovery:discover_packages(recursive) using defaults
[2.487s] Level 1:colcon.colcon_core.package_discovery:discover_packages(ignore) discover
[2.487s] Level 1:colcon.colcon_core.package_discovery:discover_packages(ignore) using defaults
[2.487s] Level 1:colcon.colcon_core.package_discovery:discover_packages(path) discover
[2.488s] Level 1:colcon.colcon_core.package_discovery:discover_packages(path) using defaults
[2.715s] Level 1:colcon.colcon_core.package_discovery:discover_packages(prefix_path) check parameters
[2.715s] Level 1:colcon.colcon_core.package_discovery:discover_packages(prefix_path) discover
[2.772s] WARNING:colcon.colcon_core.prefix_path.colcon:The path '/home/ubuntu/ros2_work_space/install' in the environment variable COLCON_PREFIX_PATH doesn't exist
[2.772s] WARNING:colcon.colcon_core.prefix_path.colcon:The path '/home/ubuntu/ros2_ws/install' in the environment variable COLCON_PREFIX_PATH doesn't exist
[2.772s] WARNING:colcon.colcon_ros.prefix_path.ament:The path '/home/ubuntu/ros2_work_space/install/ydlidar_ros2_driver' in the environment variable AMENT_PREFIX_PATH doesn't exist
[2.772s] WARNING:colcon.colcon_ros.prefix_path.ament:The path '/home/ubuntu/ros2_ws/install/ydlidar_tg15' in the environment variable AMENT_PREFIX_PATH doesn't exist
[2.772s] WARNING:colcon.colcon_ros.prefix_path.ament:The path '/home/ubuntu/ros2_ws/install/ydlidar_ros2_driver' in the environment variable AMENT_PREFIX_PATH doesn't exist
[2.772s] WARNING:colcon.colcon_ros.prefix_path.ament:The path '/home/ubuntu/ros2_ws/install/ydliar_tg15_mapping' in the environment variable AMENT_PREFIX_PATH doesn't exist
[2.773s] WARNING:colcon.colcon_ros.prefix_path.catkin:The path '/home/ubuntu/ros2_work_space/install/ydlidar_sdk' in the environment variable CMAKE_PREFIX_PATH doesn't exist
[2.773s] WARNING:colcon.colcon_ros.prefix_path.catkin:The path '/home/ubuntu/ros2_work_space/install/ydlidar_ros2_driver' in the environment variable CMAKE_PREFIX_PATH doesn't exist
[2.773s] WARNING:colcon.colcon_ros.prefix_path.catkin:The path '/home/ubuntu/ros2_ws/install/ydlidar_sdk' in the environment variable CMAKE_PREFIX_PATH doesn't exist
[2.773s] WARNING:colcon.colcon_ros.prefix_path.catkin:The path '/home/ubuntu/ros2_ws/install/ydlidar_ros2_driver' in the environment variable CMAKE_PREFIX_PATH doesn't exist
[2.814s] DEBUG:colcon.colcon_installed_package_information.package_discovery:Found 3 installed packages in /home/ubuntu/install
[2.857s] DEBUG:colcon.colcon_installed_package_information.package_discovery:Found 258 installed packages in /opt/ros/foxy
[2.859s] Level 1:colcon.colcon_core.package_discovery:discover_packages(prefix_path) using defaults
[3.010s] Level 5:colcon.colcon_core.verb:set package 'ydlidar_ros2_driver' build argument 'cmake_args' from command line to 'None'
[3.010s] Level 5:colcon.colcon_core.verb:set package 'ydlidar_ros2_driver' build argument 'cmake_target' from command line to 'None'
[3.010s] Level 5:colcon.colcon_core.verb:set package 'ydlidar_ros2_driver' build argument 'cmake_target_skip_unavailable' from command line to 'False'
[3.010s] Level 5:colcon.colcon_core.verb:set package 'ydlidar_ros2_driver' build argument 'cmake_clean_cache' from command line to 'False'
[3.010s] Level 5:colcon.colcon_core.verb:set package 'ydlidar_ros2_driver' build argument 'cmake_clean_first' from command line to 'False'
[3.010s] Level 5:colcon.colcon_core.verb:set package 'ydlidar_ros2_driver' build argument 'cmake_force_configure' from command line to 'False'
[3.010s] Level 5:colcon.colcon_core.verb:set package 'ydlidar_ros2_driver' build argument 'ament_cmake_args' from command line to 'None'
[3.010s] Level 5:colcon.colcon_core.verb:set package 'ydlidar_ros2_driver' build argument 'catkin_cmake_args' from command line to 'None'
[3.010s] Level 5:colcon.colcon_core.verb:set package 'ydlidar_ros2_driver' build argument 'catkin_skip_building_tests' from command line to 'False'
[3.010s] DEBUG:colcon.colcon_core.verb:Building package 'ydlidar_ros2_driver' with the following arguments: {'ament_cmake_args': None, 'build_base': '/home/ubuntu/ros2_WS/build/ydlidar_ros2_driver', 'catkin_cmake_args': None, 'catkin_skip_building_tests': False, 'cmake_args': None, 'cmake_clean_cache': False, 'cmake_clean_first': False, 'cmake_force_configure': False, 'cmake_target': None, 'cmake_target_skip_unavailable': False, 'install_base': '/home/ubuntu/ros2_WS/install/ydlidar_ros2_driver', 'merge_install': False, 'path': '/home/ubuntu/ros2_WS/src/ydlidar_ros2_driver', 'symlink_install': True, 'test_result_base': None}
[3.054s] Level 5:colcon.colcon_core.verb:set package 'ydlidar_sdk' build argument 'cmake_args' from command line to 'None'
[3.054s] Level 5:colcon.colcon_core.verb:set package 'ydlidar_sdk' build argument 'cmake_target' from command line to 'None'
[3.054s] Level 5:colcon.colcon_core.verb:set package 'ydlidar_sdk' build argument 'cmake_target_skip_unavailable' from command line to 'False'
[3.054s] Level 5:colcon.colcon_core.verb:set package 'ydlidar_sdk' build argument 'cmake_clean_cache' from command line to 'False'
[3.054s] Level 5:colcon.colcon_core.verb:set package 'ydlidar_sdk' build argument 'cmake_clean_first' from command line to 'False'
[3.054s] Level 5:colcon.colcon_core.verb:set package 'ydlidar_sdk' build argument 'cmake_force_configure' from command line to 'False'
[3.054s] Level 5:colcon.colcon_core.verb:set package 'ydlidar_sdk' build argument 'ament_cmake_args' from command line to 'None'
[3.054s] Level 5:colcon.colcon_core.verb:set package 'ydlidar_sdk' build argument 'catkin_cmake_args' from command line to 'None'
[3.054s] Level 5:colcon.colcon_core.verb:set package 'ydlidar_sdk' build argument 'catkin_skip_building_tests' from command line to 'False'
[3.054s] DEBUG:colcon.colcon_core.verb:Building package 'ydlidar_sdk' with the following arguments: {'ament_cmake_args': None, 'build_base': '/home/ubuntu/ros2_WS/build/ydlidar_sdk', 'catkin_cmake_args': None, 'catkin_skip_building_tests': False, 'cmake_args': None, 'cmake_clean_cache': False, 'cmake_clean_first': False, 'cmake_force_configure': False, 'cmake_target': None, 'cmake_target_skip_unavailable': False, 'install_base': '/home/ubuntu/ros2_WS/install/ydlidar_sdk', 'merge_install': False, 'path': '/home/ubuntu/ros2_WS/src/YDLidar-SDK', 'symlink_install': True, 'test_result_base': None}
[3.092s] INFO:colcon.colcon_core.executor:Executing jobs using 'parallel' executor
[3.132s] DEBUG:colcon.colcon_parallel_executor.executor.parallel:run_until_complete
[3.132s] INFO:colcon.colcon_ros.task.ament_cmake.build:Building ROS package in '/home/ubuntu/ros2_WS/src/ydlidar_ros2_driver' with build type 'ament_cmake'
[3.132s] INFO:colcon.colcon_cmake.task.cmake.build:Building CMake package in '/home/ubuntu/ros2_WS/src/ydlidar_ros2_driver'
[3.190s] INFO:colcon.colcon_core.plugin_system:Skipping extension 'colcon_core.shell.bat': Not used on non-Windows systems
[3.190s] INFO:colcon.colcon_core.shell:Skip shell extension 'powershell' for command environment: Not usable outside of PowerShell
[3.190s] DEBUG:colcon.colcon_core.shell:Skip shell extension 'dsv' for command environment
[3.319s] INFO:colcon.colcon_cmake.task.cmake.build:Building CMake package in '/home/ubuntu/ros2_WS/src/YDLidar-SDK'
[3.365s] INFO:colcon.colcon_core.shell:Skip shell extension 'powershell' for command environment: Not usable outside of PowerShell
[3.365s] DEBUG:colcon.colcon_core.shell:Skip shell extension 'dsv' for command environment
[3.497s] DEBUG:colcon.colcon_core.event_handler.log_command:Invoking command in '/home/ubuntu/ros2_WS/build/ydlidar_ros2_driver': CMAKE_PREFIX_PATH=${CMAKE_PREFIX_PATH}:/home/ubuntu/ros2_ws/install/ydlidar_tg15:/home/ubuntu/ros2_ws/install/ydliar_tg15_mapping:/home/ubuntu/install/ydlidar_tg15:/opt/ros/foxy /usr/bin/cmake --build /home/ubuntu/ros2_WS/build/ydlidar_ros2_driver -- -j8 -l8
[3.509s] DEBUG:colcon.colcon_core.event_handler.log_command:Invoking command in '/home/ubuntu/ros2_WS/build/ydlidar_sdk': /usr/bin/cmake --build /home/ubuntu/ros2_WS/build/ydlidar_sdk -- -j8 -l8
[5.084s] DEBUG:colcon.colcon_core.event_handler.log_command:Invoked command in '/home/ubuntu/ros2_WS/build/ydlidar_sdk' returned '0': /usr/bin/cmake --build /home/ubuntu/ros2_WS/build/ydlidar_sdk -- -j8 -l8
[5.180s] DEBUG:colcon.colcon_core.event_handler.log_command:Invoking command in '/home/ubuntu/ros2_WS/build/ydlidar_sdk': /usr/bin/cmake --install /home/ubuntu/ros2_WS/build/ydlidar_sdk
[5.263s] Level 1:colcon.colcon_core.environment:create_environment_scripts_only(ydlidar_sdk)
[5.264s] DEBUG:colcon.colcon_core.event_handler.log_command:Invoked command in '/home/ubuntu/ros2_WS/build/ydlidar_sdk' returned '0': /usr/bin/cmake --install /home/ubuntu/ros2_WS/build/ydlidar_sdk
[5.336s] Level 1:colcon.colcon_core.environment:checking '/home/ubuntu/ros2_WS/install/ydlidar_sdk' for CMake module files
[5.336s] Level 1:colcon.colcon_core.environment:checking '/home/ubuntu/ros2_WS/install/ydlidar_sdk' for CMake config files
[5.337s] Level 1:colcon.colcon_core.shell:create_environment_hook('ydlidar_sdk', 'cmake_prefix_path')
[5.415s] INFO:colcon.colcon_core.shell:Creating environment hook '/home/ubuntu/ros2_WS/install/ydlidar_sdk/share/ydlidar_sdk/hook/cmake_prefix_path.ps1'
[5.416s] INFO:colcon.colcon_core.shell:Creating environment descriptor '/home/ubuntu/ros2_WS/install/ydlidar_sdk/share/ydlidar_sdk/hook/cmake_prefix_path.dsv'
[5.417s] INFO:colcon.colcon_core.shell:Creating environment hook '/home/ubuntu/ros2_WS/install/ydlidar_sdk/share/ydlidar_sdk/hook/cmake_prefix_path.sh'
[5.418s] Level 1:colcon.colcon_core.environment:checking '/home/ubuntu/ros2_WS/install/ydlidar_sdk/lib'
[5.418s] Level 1:colcon.colcon_core.environment:checking '/home/ubuntu/ros2_WS/install/ydlidar_sdk/bin'
[5.418s] Level 1:colcon.colcon_core.shell:create_environment_hook('ydlidar_sdk', 'path')
[5.484s] INFO:colcon.colcon_core.shell:Creating environment hook '/home/ubuntu/ros2_WS/install/ydlidar_sdk/share/ydlidar_sdk/hook/path.ps1'
[5.484s] INFO:colcon.colcon_core.shell:Creating environment descriptor '/home/ubuntu/ros2_WS/install/ydlidar_sdk/share/ydlidar_sdk/hook/path.dsv'
[5.485s] INFO:colcon.colcon_core.shell:Creating environment hook '/home/ubuntu/ros2_WS/install/ydlidar_sdk/share/ydlidar_sdk/hook/path.sh'
[5.485s] Level 1:colcon.colcon_core.environment:checking '/home/ubuntu/ros2_WS/install/ydlidar_sdk/lib/pkgconfig/ydlidar_sdk.pc'
[5.486s] Level 1:colcon.colcon_core.environment:checking '/home/ubuntu/ros2_WS/install/ydlidar_sdk/lib/python3.8/site-packages'
[5.486s] Level 1:colcon.colcon_core.environment:checking '/home/ubuntu/ros2_WS/install/ydlidar_sdk/bin'
[5.486s] Level 1:colcon.colcon_core.shell:create_environment_hook('ydlidar_sdk', 'pythonscriptspath')
[5.549s] INFO:colcon.colcon_core.shell:Creating environment hook '/home/ubuntu/ros2_WS/install/ydlidar_sdk/share/ydlidar_sdk/hook/pythonscriptspath.ps1'
[5.549s] INFO:colcon.colcon_core.shell:Creating environment descriptor '/home/ubuntu/ros2_WS/install/ydlidar_sdk/share/ydlidar_sdk/hook/pythonscriptspath.dsv'
[5.550s] INFO:colcon.colcon_core.shell:Creating environment hook '/home/ubuntu/ros2_WS/install/ydlidar_sdk/share/ydlidar_sdk/hook/pythonscriptspath.sh'
[5.629s] INFO:colcon.colcon_core.shell:Creating package script '/home/ubuntu/ros2_WS/install/ydlidar_sdk/share/ydlidar_sdk/package.ps1'
[5.630s] INFO:colcon.colcon_core.shell:Creating package descriptor '/home/ubuntu/ros2_WS/install/ydlidar_sdk/share/ydlidar_sdk/package.dsv'
[5.632s] INFO:colcon.colcon_core.shell:Creating package script '/home/ubuntu/ros2_WS/install/ydlidar_sdk/share/ydlidar_sdk/package.sh'
[5.633s] INFO:colcon.colcon_core.shell:Creating package script '/home/ubuntu/ros2_WS/install/ydlidar_sdk/share/ydlidar_sdk/package.bash'
[5.635s] INFO:colcon.colcon_core.shell:Creating package script '/home/ubuntu/ros2_WS/install/ydlidar_sdk/share/ydlidar_sdk/package.zsh'
[5.636s] Level 1:colcon.colcon_core.environment:create_file_with_runtime_dependencies(/home/ubuntu/ros2_WS/install/ydlidar_sdk/share/colcon-core/packages/ydlidar_sdk)
[9.770s] DEBUG:colcon.colcon_core.event_handler.log_command:Invoked command in '/home/ubuntu/ros2_WS/build/ydlidar_ros2_driver' returned '0': CMAKE_PREFIX_PATH=${CMAKE_PREFIX_PATH}:/home/ubuntu/ros2_ws/install/ydlidar_tg15:/home/ubuntu/ros2_ws/install/ydliar_tg15_mapping:/home/ubuntu/install/ydlidar_tg15:/opt/ros/foxy /usr/bin/cmake --build /home/ubuntu/ros2_WS/build/ydlidar_ros2_driver -- -j8 -l8
[9.799s] DEBUG:colcon.colcon_core.event_handler.log_command:Invoking command in '/home/ubuntu/ros2_WS/build/ydlidar_ros2_driver': CMAKE_PREFIX_PATH=${CMAKE_PREFIX_PATH}:/home/ubuntu/ros2_ws/install/ydlidar_tg15:/home/ubuntu/ros2_ws/install/ydliar_tg15_mapping:/home/ubuntu/install/ydlidar_tg15:/opt/ros/foxy /usr/bin/cmake --install /home/ubuntu/ros2_WS/build/ydlidar_ros2_driver
[10.134s] Level 1:colcon.colcon_core.environment:create_environment_scripts_only(ydlidar_ros2_driver)
[10.135s] DEBUG:colcon.colcon_core.event_handler.log_command:Invoked command in '/home/ubuntu/ros2_WS/build/ydlidar_ros2_driver' returned '0': CMAKE_PREFIX_PATH=${CMAKE_PREFIX_PATH}:/home/ubuntu/ros2_ws/install/ydlidar_tg15:/home/ubuntu/ros2_ws/install/ydliar_tg15_mapping:/home/ubuntu/install/ydlidar_tg15:/opt/ros/foxy /usr/bin/cmake --install /home/ubuntu/ros2_WS/build/ydlidar_ros2_driver
[10.174s] Level 1:colcon.colcon_core.environment:checking '/home/ubuntu/ros2_WS/install/ydlidar_ros2_driver' for CMake module files
[10.175s] Level 1:colcon.colcon_core.environment:checking '/home/ubuntu/ros2_WS/install/ydlidar_ros2_driver' for CMake config files
[10.175s] Level 1:colcon.colcon_core.shell:create_environment_hook('ydlidar_ros2_driver', 'cmake_prefix_path')
[10.217s] INFO:colcon.colcon_core.shell:Creating environment hook '/home/ubuntu/ros2_WS/install/ydlidar_ros2_driver/share/ydlidar_ros2_driver/hook/cmake_prefix_path.ps1'
[10.218s] INFO:colcon.colcon_core.shell:Creating environment descriptor '/home/ubuntu/ros2_WS/install/ydlidar_ros2_driver/share/ydlidar_ros2_driver/hook/cmake_prefix_path.dsv'
[10.218s] INFO:colcon.colcon_core.shell:Creating environment hook '/home/ubuntu/ros2_WS/install/ydlidar_ros2_driver/share/ydlidar_ros2_driver/hook/cmake_prefix_path.sh'
[10.219s] Level 1:colcon.colcon_core.environment:checking '/home/ubuntu/ros2_WS/install/ydlidar_ros2_driver/lib'
[10.219s] Level 1:colcon.colcon_core.environment:checking '/home/ubuntu/ros2_WS/install/ydlidar_ros2_driver/bin'
[10.219s] Level 1:colcon.colcon_core.environment:checking '/home/ubuntu/ros2_WS/install/ydlidar_ros2_driver/lib/pkgconfig/ydlidar_ros2_driver.pc'
[10.219s] Level 1:colcon.colcon_core.environment:checking '/home/ubuntu/ros2_WS/install/ydlidar_ros2_driver/lib/python3.8/site-packages'
[10.219s] Level 1:colcon.colcon_core.environment:checking '/home/ubuntu/ros2_WS/install/ydlidar_ros2_driver/bin'
[10.259s] INFO:colcon.colcon_core.shell:Creating package script '/home/ubuntu/ros2_WS/install/ydlidar_ros2_driver/share/ydlidar_ros2_driver/package.ps1'
[10.260s] INFO:colcon.colcon_core.shell:Creating package descriptor '/home/ubuntu/ros2_WS/install/ydlidar_ros2_driver/share/ydlidar_ros2_driver/package.dsv'
[10.260s] INFO:colcon.colcon_core.shell:Creating package script '/home/ubuntu/ros2_WS/install/ydlidar_ros2_driver/share/ydlidar_ros2_driver/package.sh'
[10.261s] INFO:colcon.colcon_core.shell:Creating package script '/home/ubuntu/ros2_WS/install/ydlidar_ros2_driver/share/ydlidar_ros2_driver/package.bash'
[10.261s] INFO:colcon.colcon_core.shell:Creating package script '/home/ubuntu/ros2_WS/install/ydlidar_ros2_driver/share/ydlidar_ros2_driver/package.zsh'
[10.262s] Level 1:colcon.colcon_core.environment:create_file_with_runtime_dependencies(/home/ubuntu/ros2_WS/install/ydlidar_ros2_driver/share/colcon-core/packages/ydlidar_ros2_driver)
[10.331s] Level 1:colcon.colcon_core.environment:create_environment_scripts_only(ydlidar_ros2_driver)
[10.370s] Level 1:colcon.colcon_core.environment:checking '/home/ubuntu/ros2_WS/install/ydlidar_ros2_driver' for CMake module files
[10.371s] Level 1:colcon.colcon_core.environment:checking '/home/ubuntu/ros2_WS/install/ydlidar_ros2_driver' for CMake config files
[10.371s] Level 1:colcon.colcon_core.shell:create_environment_hook('ydlidar_ros2_driver', 'cmake_prefix_path')
[10.414s] INFO:colcon.colcon_core.shell:Creating environment hook '/home/ubuntu/ros2_WS/install/ydlidar_ros2_driver/share/ydlidar_ros2_driver/hook/cmake_prefix_path.ps1'
[10.414s] INFO:colcon.colcon_core.shell:Creating environment descriptor '/home/ubuntu/ros2_WS/install/ydlidar_ros2_driver/share/ydlidar_ros2_driver/hook/cmake_prefix_path.dsv'
[10.415s] INFO:colcon.colcon_core.shell:Creating environment hook '/home/ubuntu/ros2_WS/install/ydlidar_ros2_driver/share/ydlidar_ros2_driver/hook/cmake_prefix_path.sh'
[10.416s] Level 1:colcon.colcon_core.environment:checking '/home/ubuntu/ros2_WS/install/ydlidar_ros2_driver/lib'
[10.416s] Level 1:colcon.colcon_core.environment:checking '/home/ubuntu/ros2_WS/install/ydlidar_ros2_driver/bin'
[10.416s] Level 1:colcon.colcon_core.environment:checking '/home/ubuntu/ros2_WS/install/ydlidar_ros2_driver/lib/pkgconfig/ydlidar_ros2_driver.pc'
[10.416s] Level 1:colcon.colcon_core.environment:checking '/home/ubuntu/ros2_WS/install/ydlidar_ros2_driver/lib/python3.8/site-packages'
[10.417s] Level 1:colcon.colcon_core.environment:checking '/home/ubuntu/ros2_WS/install/ydlidar_ros2_driver/bin'
[10.457s] INFO:colcon.colcon_core.shell:Creating package script '/home/ubuntu/ros2_WS/install/ydlidar_ros2_driver/share/ydlidar_ros2_driver/package.ps1'
[10.457s] INFO:colcon.colcon_core.shell:Creating package descriptor '/home/ubuntu/ros2_WS/install/ydlidar_ros2_driver/share/ydlidar_ros2_driver/package.dsv'
[10.458s] INFO:colcon.colcon_core.shell:Creating package script '/home/ubuntu/ros2_WS/install/ydlidar_ros2_driver/share/ydlidar_ros2_driver/package.sh'
[10.458s] INFO:colcon.colcon_core.shell:Creating package script '/home/ubuntu/ros2_WS/install/ydlidar_ros2_driver/share/ydlidar_ros2_driver/package.bash'
[10.459s] INFO:colcon.colcon_core.shell:Creating package script '/home/ubuntu/ros2_WS/install/ydlidar_ros2_driver/share/ydlidar_ros2_driver/package.zsh'
[10.459s] Level 1:colcon.colcon_core.environment:create_file_with_runtime_dependencies(/home/ubuntu/ros2_WS/install/ydlidar_ros2_driver/share/colcon-core/packages/ydlidar_ros2_driver)
[10.460s] DEBUG:colcon.colcon_parallel_executor.executor.parallel:closing loop
[10.460s] DEBUG:colcon.colcon_parallel_executor.executor.parallel:loop closed
[10.460s] DEBUG:colcon.colcon_parallel_executor.executor.parallel:run_until_complete finished with '0'
[10.460s] DEBUG:colcon.colcon_core.event_reactor:joining thread
[10.508s] INFO:colcon.colcon_core.plugin_system:Skipping extension 'colcon_notification.desktop_notification.terminal_notifier': Not used on non-Darwin systems
[10.508s] INFO:colcon.colcon_core.plugin_system:Skipping extension 'colcon_notification.desktop_notification.win32': Not used on non-Windows systems
[10.508s] INFO:colcon.colcon_notification.desktop_notification:Sending desktop notification using 'notify2'
[10.523s] DEBUG:colcon.colcon_core.event_reactor:joined thread
[10.561s] INFO:colcon.colcon_core.shell:Creating prefix script '/home/ubuntu/ros2_WS/install/local_setup.ps1'
[10.562s] INFO:colcon.colcon_core.shell:Creating prefix util module '/home/ubuntu/ros2_WS/install/_local_setup_util_ps1.py'
[10.563s] INFO:colcon.colcon_core.shell:Creating prefix chain script '/home/ubuntu/ros2_WS/install/setup.ps1'
[10.602s] INFO:colcon.colcon_core.shell:Creating prefix script '/home/ubuntu/ros2_WS/install/local_setup.sh'
[10.603s] INFO:colcon.colcon_core.shell:Creating prefix util module '/home/ubuntu/ros2_WS/install/_local_setup_util_sh.py'
[10.604s] INFO:colcon.colcon_core.shell:Creating prefix chain script '/home/ubuntu/ros2_WS/install/setup.sh'
[10.649s] INFO:colcon.colcon_core.shell:Creating prefix script '/home/ubuntu/ros2_WS/install/local_setup.bash'
[10.650s] INFO:colcon.colcon_core.shell:Creating prefix chain script '/home/ubuntu/ros2_WS/install/setup.bash'
[10.688s] INFO:colcon.colcon_core.shell:Creating prefix script '/home/ubuntu/ros2_WS/install/local_setup.zsh'
[10.688s] INFO:colcon.colcon_core.shell:Creating prefix chain script '/home/ubuntu/ros2_WS/install/setup.zsh'
