[0.926s] Invoking command in '/home/ubuntu/ros2_WS/src/build/ydlidar_tg15': PYTHONPATH=/home/ubuntu/ros2_WS/src/build/ydlidar_tg15/prefix_override:/home/ubuntu/ros2_WS/src/install/ydlidar_tg15/lib/python3.8/site-packages:${PYTHONPATH} /usr/bin/python3 setup.py develop --editable --build-directory /home/ubuntu/ros2_WS/src/build/ydlidar_tg15/build --no-deps install_data
[1.141s] running develop
[1.267s] running egg_info
[1.267s] writing ydlidar_tg15.egg-info/PKG-INFO
[1.267s] writing dependency_links to ydlidar_tg15.egg-info/dependency_links.txt
[1.268s] writing entry points to ydlidar_tg15.egg-info/entry_points.txt
[1.268s] writing requirements to ydlidar_tg15.egg-info/requires.txt
[1.268s] writing top-level names to ydlidar_tg15.egg-info/top_level.txt
[1.298s] reading manifest file 'ydlidar_tg15.egg-info/SOURCES.txt'
[1.299s] writing manifest file 'ydlidar_tg15.egg-info/SOURCES.txt'
[1.336s] running build_ext
[1.337s] Creating /home/ubuntu/ros2_WS/src/install/ydlidar_tg15/lib/python3.8/site-packages/ydlidar-tg15.egg-link (link to .)
[1.337s] Installing example_node script to /home/ubuntu/ros2_WS/src/install/ydlidar_tg15/lib/ydlidar_x4_example
[1.338s] 
[1.338s] Installed /home/ubuntu/ros2_WS/src/build/ydlidar_tg15
[1.338s] running install_data
[1.338s] copying resource/ydlidar_tg15 -> /home/ubuntu/ros2_WS/src/install/ydlidar_tg15/share/ament_index/resource_index/packages
[1.338s] copying package.xml -> /home/ubuntu/ros2_WS/src/install/ydlidar_tg15/share/ydlidar_tg15
[1.338s] creating /home/ubuntu/ros2_WS/src/install/ydlidar_tg15/share/ydlidar_tg15/launch
[1.338s] copying launch/ydlidar_tg15.launch.py -> /home/ubuntu/ros2_WS/src/install/ydlidar_tg15/share/ydlidar_tg15/launch
[1.338s] creating /home/ubuntu/ros2_WS/src/install/ydlidar_tg15/share/ydlidar_tg15/param
[1.338s] copying param/ydlidar_tg15_param.yaml -> /home/ubuntu/ros2_WS/src/install/ydlidar_tg15/share/ydlidar_tg15/param
[1.362s] Invoked command in '/home/ubuntu/ros2_WS/src/build/ydlidar_tg15' returned '0': PYTHONPATH=/home/ubuntu/ros2_WS/src/build/ydlidar_tg15/prefix_override:/home/ubuntu/ros2_WS/src/install/ydlidar_tg15/lib/python3.8/site-packages:${PYTHONPATH} /usr/bin/python3 setup.py develop --editable --build-directory /home/ubuntu/ros2_WS/src/build/ydlidar_tg15/build --no-deps install_data
