[  2%] [32mBuilding CXX object CMakeFiles/ydlidar_sdk.dir/core/serial/serial.cpp.o[0m
[  4%] [32mBuilding CXX object CMakeFiles/ydlidar_sdk.dir/core/network/SimpleSocket.cpp.o[0m
[  7%] [32mBuilding CXX object CMakeFiles/ydlidar_sdk.dir/src/ETLidarDriver.cpp.o[0m
[  9%] [32mBuilding CXX object CMakeFiles/ydlidar_sdk.dir/src/CYdLidar.cpp.o[0m
[ 11%] [32mBuilding CXX object CMakeFiles/ydlidar_sdk.dir/src/GSLidarDriver.cpp.o[0m
[ 14%] [32mBuilding CXX object CMakeFiles/ydlidar_sdk.dir/core/serial/impl/unix/list_ports_linux.cpp.o[0m
[ 16%] [32mBuilding CXX object CMakeFiles/ydlidar_sdk.dir/src/SDMLidarDriver.cpp.o[0m
[ 19%] [32mBuilding CXX object CMakeFiles/ydlidar_sdk.dir/src/YDlidarDriver.cpp.o[0m
[ 21%] [32mBuilding CXX object CMakeFiles/ydlidar_sdk.dir/src/ydlidar_sdk.cpp.o[0m
[ 23%] [32mBuilding CXX object CMakeFiles/ydlidar_sdk.dir/src/filters/NoiseFilter.cpp.o[0m
[ 26%] [32mBuilding CXX object CMakeFiles/ydlidar_sdk.dir/src/filters/StrongLightFilter.cpp.o[0m
[ 28%] [32m[1mLinking CXX static library libydlidar_sdk.a[0m
[ 42%] Built target ydlidar_sdk
[35m[1mScanning dependencies of target tri_test[0m
[35m[1mScanning dependencies of target et_test[0m
[35m[1mScanning dependencies of target gs_test[0m
[35m[1mScanning dependencies of target tof_test[0m
[35m[1mScanning dependencies of target sdm_test[0m
[35m[1mScanning dependencies of target tri_restart[0m
[35m[1mScanning dependencies of target tri_and_gs_test[0m
[35m[1mScanning dependencies of target gs_ota[0m
[ 45%] [32mBuilding CXX object examples/CMakeFiles/et_test.dir/et_test.cpp.o[0m
[ 47%] [32mBuilding CXX object examples/CMakeFiles/sdm_test.dir/sdm_test.cpp.o[0m
[ 50%] [32mBuilding CXX object examples/CMakeFiles/tri_test.dir/tri_test.cpp.o[0m
[ 52%] [32mBuilding CXX object examples/CMakeFiles/tri_and_gs_test.dir/tri_and_gs_test.cpp.o[0m
[ 54%] [32mBuilding CXX object examples/CMakeFiles/gs_test.dir/gs_test.cpp.o[0m
[ 57%] [32mBuilding CXX object examples/CMakeFiles/gs_ota.dir/gs_ota.cpp.o[0m
[ 59%] [32mBuilding CXX object examples/CMakeFiles/tri_restart.dir/tri_restart.cpp.o[0m
[ 61%] [32mBuilding CXX object examples/CMakeFiles/tof_test.dir/tof_test.cpp.o[0m
[ 64%] [32m[1mLinking CXX executable ../tri_restart[0m
[ 66%] [32m[1mLinking CXX executable ../et_test[0m
[ 69%] [32m[1mLinking CXX executable ../sdm_test[0m
[ 71%] [32m[1mLinking CXX executable ../tri_and_gs_test[0m
[ 73%] [32m[1mLinking CXX executable ../tof_test[0m
[ 73%] Built target tri_restart
[ 73%] Built target tri_and_gs_test
[ 73%] Built target et_test
[ 73%] Built target sdm_test
[35m[1mScanning dependencies of target lidar_c_api_test[0m
[35m[1mScanning dependencies of target tmini_test[0m
[35m[1mScanning dependencies of target scl_test[0m
[ 76%] [32m[1mLinking CXX executable ../gs_test[0m
[ 78%] [32mBuilding C object examples/CMakeFiles/lidar_c_api_test.dir/lidar_c_api_test.c.o[0m
[ 80%] [32mBuilding CXX object examples/CMakeFiles/tmini_test.dir/tmini_test.cpp.o[0m
[35m[1mScanning dependencies of target tea_test[0m
[ 83%] [32m[1mLinking CXX executable ../tri_test[0m
[ 85%] [32mBuilding CXX object examples/CMakeFiles/scl_test.dir/scl_test.cpp.o[0m
[ 88%] [32mBuilding CXX object examples/CMakeFiles/tea_test.dir/tea_test.cpp.o[0m
[ 90%] [32m[1mLinking CXX executable ../lidar_c_api_test[0m
[ 90%] Built target tof_test
[ 92%] [32m[1mLinking CXX executable ../gs_ota[0m
[ 92%] Built target gs_test
[ 92%] Built target tri_test
[ 92%] Built target lidar_c_api_test
[ 92%] Built target gs_ota
[ 95%] [32m[1mLinking CXX executable ../tmini_test[0m
[ 97%] [32m[1mLinking CXX executable ../tea_test[0m
[ 97%] Built target tmini_test
[ 97%] Built target tea_test
[100%] [32m[1mLinking CXX executable ../scl_test[0m
[100%] Built target scl_test
-- Install configuration: ""
-- Installing: /home/ubuntu/ros2_WS/src/install/ydlidar_sdk/include/core/base/datatype.h
-- Installing: /home/ubuntu/ros2_WS/src/install/ydlidar_sdk/include/core/base/locker.h
-- Installing: /home/ubuntu/ros2_WS/src/install/ydlidar_sdk/include/core/base/thread.h
-- Installing: /home/ubuntu/ros2_WS/src/install/ydlidar_sdk/include/core/base/timer.h
-- Installing: /home/ubuntu/ros2_WS/src/install/ydlidar_sdk/include/core/base/typedef.h
-- Installing: /home/ubuntu/ros2_WS/src/install/ydlidar_sdk/include/core/base/utils.h
-- Installing: /home/ubuntu/ros2_WS/src/install/ydlidar_sdk/include/core/base/v8stdint.h
-- Installing: /home/ubuntu/ros2_WS/src/install/ydlidar_sdk/include/core/base/ydlidar.h
-- Installing: /home/ubuntu/ros2_WS/src/install/ydlidar_sdk/include/core/common/ChannelDevice.h
-- Installing: /home/ubuntu/ros2_WS/src/install/ydlidar_sdk/include/core/common/DriverInterface.h
-- Installing: /home/ubuntu/ros2_WS/src/install/ydlidar_sdk/include/core/common/ydlidar_datatype.h
-- Installing: /home/ubuntu/ros2_WS/src/install/ydlidar_sdk/include/core/common/ydlidar_def.h
-- Installing: /home/ubuntu/ros2_WS/src/install/ydlidar_sdk/include/core/common/ydlidar_help.h
-- Installing: /home/ubuntu/ros2_WS/src/install/ydlidar_sdk/include/core/common/ydlidar_protocol.h
-- Installing: /home/ubuntu/ros2_WS/src/install/ydlidar_sdk/include/core/math/angles.h
-- Installing: /home/ubuntu/ros2_WS/src/install/ydlidar_sdk/include/core/network/ActiveSocket.h
-- Installing: /home/ubuntu/ros2_WS/src/install/ydlidar_sdk/include/core/network/PassiveSocket.h
-- Installing: /home/ubuntu/ros2_WS/src/install/ydlidar_sdk/include/core/network/SimpleSocket.h
-- Installing: /home/ubuntu/ros2_WS/src/install/ydlidar_sdk/include/core/network/StatTimer.h
-- Installing: /home/ubuntu/ros2_WS/src/install/ydlidar_sdk/include/core/serial/common.h
-- Installing: /home/ubuntu/ros2_WS/src/install/ydlidar_sdk/include/core/serial/serial.h
-- Installing: /home/ubuntu/ros2_WS/src/install/ydlidar_sdk/include/core/serial/impl/unix/lock.h
-- Installing: /home/ubuntu/ros2_WS/src/install/ydlidar_sdk/include/core/serial/impl/unix/unix.h
-- Installing: /home/ubuntu/ros2_WS/src/install/ydlidar_sdk/include/core/serial/impl/unix/unix_serial.h
-- Installing: /home/ubuntu/ros2_WS/src/install/ydlidar_sdk/include/src/CYdLidar.h
-- Installing: /home/ubuntu/ros2_WS/src/install/ydlidar_sdk/include/src/ETLidarDriver.h
-- Installing: /home/ubuntu/ros2_WS/src/install/ydlidar_sdk/include/src/GSLidarDriver.h
-- Installing: /home/ubuntu/ros2_WS/src/install/ydlidar_sdk/include/src/SDMLidarDriver.h
-- Installing: /home/ubuntu/ros2_WS/src/install/ydlidar_sdk/include/src/YDlidarDriver.h
-- Installing: /home/ubuntu/ros2_WS/src/install/ydlidar_sdk/include/src/ydlidar_sdk.h
-- Installing: /home/ubuntu/ros2_WS/src/install/ydlidar_sdk/include/src/filters/FilterInterface.h
-- Installing: /home/ubuntu/ros2_WS/src/install/ydlidar_sdk/include/src/filters/NoiseFilter.h
-- Installing: /home/ubuntu/ros2_WS/src/install/ydlidar_sdk/include/src/filters/StrongLightFilter.h
-- Installing: /home/ubuntu/ros2_WS/src/install/ydlidar_sdk/include/ydlidar_config.h
-- Installing: /home/ubuntu/ros2_WS/src/install/ydlidar_sdk/lib/libydlidar_sdk.a
-- Installing: /home/ubuntu/ros2_WS/src/install/ydlidar_sdk/lib/pkgconfig/YDLIDAR_SDK.pc
-- Installing: /home/ubuntu/ros2_WS/src/install/ydlidar_sdk/lib/cmake/ydlidar_sdk/ydlidar_sdkConfig.cmake
-- Installing: /home/ubuntu/ros2_WS/src/install/ydlidar_sdk/lib/cmake/ydlidar_sdk/ydlidar_sdkTargets.cmake
-- Installing: /home/ubuntu/ros2_WS/src/install/ydlidar_sdk/lib/cmake/ydlidar_sdk/ydlidar_sdkConfigVersion.cmake
-- Installing: /home/ubuntu/ros2_WS/src/install/ydlidar_sdk/share/YDLIDAR_SDK/FindYDLIDAR_SDK.cmake
-- Up-to-date: /home/ubuntu/ros2_WS/src/install/ydlidar_sdk/share/YDLIDAR_SDK
-- Installing: /home/ubuntu/ros2_WS/src/install/ydlidar_sdk/share/YDLIDAR_SDK/cmake_uninstall.cmake.in
-- Installing: /home/ubuntu/ros2_WS/src/install/ydlidar_sdk/share/YDLIDAR_SDK/PkgConfig.pc.in
-- Installing: /home/ubuntu/ros2_WS/src/install/ydlidar_sdk/share/YDLIDAR_SDK/FindPackage.cmake.in
-- Installing: /home/ubuntu/ros2_WS/src/install/ydlidar_sdk/share/YDLIDAR_SDK/script_show_final_summary.cmake
-- Installing: /home/ubuntu/ros2_WS/src/install/ydlidar_sdk/share/YDLIDAR_SDK/install_package.cmake
-- Installing: /home/ubuntu/ros2_WS/src/install/ydlidar_sdk/share/YDLIDAR_SDK/PackageConfigVersion.cmake.in
-- Installing: /home/ubuntu/ros2_WS/src/install/ydlidar_sdk/share/YDLIDAR_SDK/PackageConfig.cmake.in
-- Installing: /home/ubuntu/ros2_WS/src/install/ydlidar_sdk/share/YDLIDAR_SDK/common
-- Installing: /home/ubuntu/ros2_WS/src/install/ydlidar_sdk/share/YDLIDAR_SDK/common/ydlidar_base.cmake
-- Installing: /home/ubuntu/ros2_WS/src/install/ydlidar_sdk/share/YDLIDAR_SDK/common/ydlidar_parse.cmake
-- Installing: /home/ubuntu/ros2_WS/src/install/ydlidar_sdk/share/YDLIDAR_SDK/LICENSE.txt
-- Installing: /home/ubuntu/ros2_WS/src/install/ydlidar_sdk/share/YDLIDAR_SDK/README.md
-- Installing: /home/ubuntu/ros2_WS/src/install/ydlidar_sdk/share/YDLIDAR_SDK/doc
-- Installing: /home/ubuntu/ros2_WS/src/install/ydlidar_sdk/share/YDLIDAR_SDK/doc/quickstart
-- Installing: /home/ubuntu/ros2_WS/src/install/ydlidar_sdk/share/YDLIDAR_SDK/doc/quickstart/ydlidar_sdk_software_installation_guide.md
-- Installing: /home/ubuntu/ros2_WS/src/install/ydlidar_sdk/share/YDLIDAR_SDK/doc/quickstart/README.md
-- Installing: /home/ubuntu/ros2_WS/src/install/ydlidar_sdk/share/YDLIDAR_SDK/doc/YDLidar-SDK-Communication-Protocol.md
-- Installing: /home/ubuntu/ros2_WS/src/install/ydlidar_sdk/share/YDLIDAR_SDK/doc/Dataset.md
-- Installing: /home/ubuntu/ros2_WS/src/install/ydlidar_sdk/share/YDLIDAR_SDK/doc/YDLidar-SDK-Communication-Protocol.html
-- Installing: /home/ubuntu/ros2_WS/src/install/ydlidar_sdk/share/YDLIDAR_SDK/doc/YDLIDAR_SDK_API_for_Developers.md
-- Installing: /home/ubuntu/ros2_WS/src/install/ydlidar_sdk/share/YDLIDAR_SDK/doc/FAQs
-- Installing: /home/ubuntu/ros2_WS/src/install/ydlidar_sdk/share/YDLIDAR_SDK/doc/FAQs/General_FAQs_cn.md
-- Installing: /home/ubuntu/ros2_WS/src/install/ydlidar_sdk/share/YDLIDAR_SDK/doc/FAQs/Hardware_FAQs_cn.md
-- Installing: /home/ubuntu/ros2_WS/src/install/ydlidar_sdk/share/YDLIDAR_SDK/doc/FAQs/Hardware_FAQs.md
-- Installing: /home/ubuntu/ros2_WS/src/install/ydlidar_sdk/share/YDLIDAR_SDK/doc/FAQs/Software_FAQs.md
-- Installing: /home/ubuntu/ros2_WS/src/install/ydlidar_sdk/share/YDLIDAR_SDK/doc/FAQs/README.md
-- Installing: /home/ubuntu/ros2_WS/src/install/ydlidar_sdk/share/YDLIDAR_SDK/doc/FAQs/General_FAQs.md
-- Installing: /home/ubuntu/ros2_WS/src/install/ydlidar_sdk/share/YDLIDAR_SDK/doc/FAQs/Software_FAQs_cn.md
-- Installing: /home/ubuntu/ros2_WS/src/install/ydlidar_sdk/share/YDLIDAR_SDK/doc/howto
-- Installing: /home/ubuntu/ros2_WS/src/install/ydlidar_sdk/share/YDLIDAR_SDK/doc/howto/how_to_gerenrate_vs_project_by_cmake.md
-- Installing: /home/ubuntu/ros2_WS/src/install/ydlidar_sdk/share/YDLIDAR_SDK/doc/howto/how_to_create_a_pull.md
-- Installing: /home/ubuntu/ros2_WS/src/install/ydlidar_sdk/share/YDLIDAR_SDK/doc/howto/how_to_build_and_debug_using_vscode.md
-- Installing: /home/ubuntu/ros2_WS/src/install/ydlidar_sdk/share/YDLIDAR_SDK/doc/howto/how_to_build_and_install.md
-- Installing: /home/ubuntu/ros2_WS/src/install/ydlidar_sdk/share/YDLIDAR_SDK/doc/howto/how_to_create_a_csharp_project.md
-- Installing: /home/ubuntu/ros2_WS/src/install/ydlidar_sdk/share/YDLIDAR_SDK/doc/howto/how_to_solve_slow_pull_from_cn.md
-- Installing: /home/ubuntu/ros2_WS/src/install/ydlidar_sdk/share/YDLIDAR_SDK/doc/howto/how_to_create_a_udev_rules.md
-- Installing: /home/ubuntu/ros2_WS/src/install/ydlidar_sdk/share/YDLIDAR_SDK/doc/howto/images
-- Installing: /home/ubuntu/ros2_WS/src/install/ydlidar_sdk/share/YDLIDAR_SDK/doc/howto/images/csharp_library.png
-- Installing: /home/ubuntu/ros2_WS/src/install/ydlidar_sdk/share/YDLIDAR_SDK/doc/howto/images/ttyUSB0.png
-- Installing: /home/ubuntu/ros2_WS/src/install/ydlidar_sdk/share/YDLIDAR_SDK/doc/howto/images/ttyUSB1.png
-- Installing: /home/ubuntu/ros2_WS/src/install/ydlidar_sdk/share/YDLIDAR_SDK/doc/howto/images/ydlidar_lidar_monitor.png
-- Installing: /home/ubuntu/ros2_WS/src/install/ydlidar_sdk/share/YDLIDAR_SDK/doc/howto/images/cpack.png
-- Installing: /home/ubuntu/ros2_WS/src/install/ydlidar_sdk/share/YDLIDAR_SDK/doc/howto/images/csharp_exception.png
-- Installing: /home/ubuntu/ros2_WS/src/install/ydlidar_sdk/share/YDLIDAR_SDK/doc/howto/images/sdk_scanning.png
-- Installing: /home/ubuntu/ros2_WS/src/install/ydlidar_sdk/share/YDLIDAR_SDK/doc/howto/images/sdk_init.png
-- Installing: /home/ubuntu/ros2_WS/src/install/ydlidar_sdk/share/YDLIDAR_SDK/doc/howto/images/csharp_build.png
-- Installing: /home/ubuntu/ros2_WS/src/install/ydlidar_sdk/share/YDLIDAR_SDK/doc/howto/images/csharp_project.png
-- Installing: /home/ubuntu/ros2_WS/src/install/ydlidar_sdk/share/YDLIDAR_SDK/doc/howto/images/sequence.png
-- Installing: /home/ubuntu/ros2_WS/src/install/ydlidar_sdk/share/YDLIDAR_SDK/doc/howto/images/csharp_running.png
-- Installing: /home/ubuntu/ros2_WS/src/install/ydlidar_sdk/share/YDLIDAR_SDK/doc/howto/images/vscode
-- Installing: /home/ubuntu/ros2_WS/src/install/ydlidar_sdk/share/YDLIDAR_SDK/doc/howto/images/vscode/run_tasks.jpg
-- Installing: /home/ubuntu/ros2_WS/src/install/ydlidar_sdk/share/YDLIDAR_SDK/doc/howto/images/vscode/tasks.png
-- Installing: /home/ubuntu/ros2_WS/src/install/ydlidar_sdk/share/YDLIDAR_SDK/doc/howto/README.md
-- Installing: /home/ubuntu/ros2_WS/src/install/ydlidar_sdk/share/YDLIDAR_SDK/doc/SDK.pdf
-- Installing: /home/ubuntu/ros2_WS/src/install/ydlidar_sdk/share/YDLIDAR_SDK/doc/Diagram.md
-- Installing: /home/ubuntu/ros2_WS/src/install/ydlidar_sdk/share/YDLIDAR_SDK/doc/YDLidar-SDK-Communication-Protocol.pdf
-- Installing: /home/ubuntu/ros2_WS/src/install/ydlidar_sdk/share/YDLIDAR_SDK/doc/images
-- Installing: /home/ubuntu/ros2_WS/src/install/ydlidar_sdk/share/YDLIDAR_SDK/doc/images/angle_q2.png
-- Installing: /home/ubuntu/ros2_WS/src/install/ydlidar_sdk/share/YDLIDAR_SDK/doc/images/YDLidar.png
-- Installing: /home/ubuntu/ros2_WS/src/install/ydlidar_sdk/share/YDLIDAR_SDK/doc/images/YDLidar.jpg
-- Installing: /home/ubuntu/ros2_WS/src/install/ydlidar_sdk/share/YDLIDAR_SDK/doc/images/frame.png
-- Installing: /home/ubuntu/ros2_WS/src/install/ydlidar_sdk/share/YDLIDAR_SDK/doc/images/frame_intensity.png
-- Installing: /home/ubuntu/ros2_WS/src/install/ydlidar_sdk/share/YDLIDAR_SDK/doc/images/sdk_architecture.png
-- Installing: /home/ubuntu/ros2_WS/src/install/ydlidar_sdk/share/YDLIDAR_SDK/doc/images/system_workflow.png
-- Installing: /home/ubuntu/ros2_WS/src/install/ydlidar_sdk/share/YDLIDAR_SDK/doc/images/EAI.png
-- Installing: /home/ubuntu/ros2_WS/src/install/ydlidar_sdk/share/YDLIDAR_SDK/doc/images/sdk_scanning.png
-- Installing: /home/ubuntu/ros2_WS/src/install/ydlidar_sdk/share/YDLIDAR_SDK/doc/images/sdk_init.png
-- Installing: /home/ubuntu/ros2_WS/src/install/ydlidar_sdk/share/YDLIDAR_SDK/doc/images/sequence.png
-- Installing: /home/ubuntu/ros2_WS/src/install/ydlidar_sdk/share/YDLIDAR_SDK/doc/images/communication_mechanism.png
-- Installing: /home/ubuntu/ros2_WS/src/install/ydlidar_sdk/share/YDLIDAR_SDK/doc/images/FlowChart.png
-- Installing: /home/ubuntu/ros2_WS/src/install/ydlidar_sdk/share/YDLIDAR_SDK/doc/README.md
-- Installing: /home/ubuntu/ros2_WS/src/install/ydlidar_sdk/share/YDLIDAR_SDK/doc/Tutorials.md
-- Installing: /home/ubuntu/ros2_WS/src/install/ydlidar_sdk/share/YDLIDAR_SDK/doc/tutorials
-- Installing: /home/ubuntu/ros2_WS/src/install/ydlidar_sdk/share/YDLIDAR_SDK/doc/tutorials/writing_lidar_tutorial_c.md
-- Installing: /home/ubuntu/ros2_WS/src/install/ydlidar_sdk/share/YDLIDAR_SDK/doc/tutorials/examine_the_simple_lidar_tutorial.md
-- Installing: /home/ubuntu/ros2_WS/src/install/ydlidar_sdk/share/YDLIDAR_SDK/doc/tutorials/writing_lidar_tutorial_python.md
-- Installing: /home/ubuntu/ros2_WS/src/install/ydlidar_sdk/share/YDLIDAR_SDK/doc/tutorials/writing_lidar_tutorial_c++.md
-- Installing: /home/ubuntu/ros2_WS/src/install/ydlidar_sdk/share/YDLIDAR_SDK/doc/tutorials/writing_lidar_network_adapter_tutorial_c++.md
-- Installing: /home/ubuntu/ros2_WS/src/install/ydlidar_sdk/share/YDLIDAR_SDK/doc/YDLidar_SDK_Communication_Protocol.pdf
-- Installing: /home/ubuntu/ros2_WS/src/install/ydlidar_sdk/startup/initenv.sh
-- Installing: /home/ubuntu/ros2_WS/src/install/ydlidar_sdk/bin/et_test
-- Installing: /home/ubuntu/ros2_WS/src/install/ydlidar_sdk/bin/gs_ota
-- Installing: /home/ubuntu/ros2_WS/src/install/ydlidar_sdk/bin/gs_test
-- Installing: /home/ubuntu/ros2_WS/src/install/ydlidar_sdk/bin/scl_test
-- Installing: /home/ubuntu/ros2_WS/src/install/ydlidar_sdk/bin/sdm_test
-- Installing: /home/ubuntu/ros2_WS/src/install/ydlidar_sdk/bin/tea_test
-- Installing: /home/ubuntu/ros2_WS/src/install/ydlidar_sdk/bin/tmini_test
-- Installing: /home/ubuntu/ros2_WS/src/install/ydlidar_sdk/bin/tof_test
-- Installing: /home/ubuntu/ros2_WS/src/install/ydlidar_sdk/bin/tri_and_gs_test
-- Installing: /home/ubuntu/ros2_WS/src/install/ydlidar_sdk/bin/tri_restart
-- Installing: /home/ubuntu/ros2_WS/src/install/ydlidar_sdk/bin/tri_test
-- Installing: /home/ubuntu/ros2_WS/src/install/ydlidar_sdk/bin/lidar_c_api_test
