[0.944s] Invoking command in '/home/ubuntu/ros2_WS/src/build/ydlidar_tg15': PYTHONPATH=/home/ubuntu/ros2_WS/src/build/ydlidar_tg15/prefix_override:/home/ubuntu/ros2_WS/src/install/ydlidar_tg15/lib/python3.8/site-packages:${PYTHONPATH} /usr/bin/python3 setup.py develop --editable --build-directory /home/ubuntu/ros2_WS/src/build/ydlidar_tg15/build --no-deps install_data
[1.163s] running develop
[1.293s] running egg_info
[1.293s] creating ydlidar_tg15.egg-info
[1.293s] writing ydlidar_tg15.egg-info/PKG-INFO
[1.293s] writing dependency_links to ydlidar_tg15.egg-info/dependency_links.txt
[1.293s] writing entry points to ydlidar_tg15.egg-info/entry_points.txt
[1.294s] writing requirements to ydlidar_tg15.egg-info/requires.txt
[1.294s] writing top-level names to ydlidar_tg15.egg-info/top_level.txt
[1.295s] writing manifest file 'ydlidar_tg15.egg-info/SOURCES.txt'
[1.325s] reading manifest file 'ydlidar_tg15.egg-info/SOURCES.txt'
[1.326s] writing manifest file 'ydlidar_tg15.egg-info/SOURCES.txt'
[1.357s] running build_ext
[1.358s] Creating /home/ubuntu/ros2_WS/src/install/ydlidar_tg15/lib/python3.8/site-packages/site.py
[1.360s] Creating /home/ubuntu/ros2_WS/src/install/ydlidar_tg15/lib/python3.8/site-packages/ydlidar-tg15.egg-link (link to .)
[1.361s] Installing example_node script to /home/ubuntu/ros2_WS/src/install/ydlidar_tg15/lib/ydlidar_x4_example
[1.361s] 
[1.361s] Installed /home/ubuntu/ros2_WS/src/build/ydlidar_tg15
[1.361s] running install_data
[1.362s] creating /home/ubuntu/ros2_WS/src/install/ydlidar_tg15/share/ament_index
[1.362s] creating /home/ubuntu/ros2_WS/src/install/ydlidar_tg15/share/ament_index/resource_index
[1.362s] creating /home/ubuntu/ros2_WS/src/install/ydlidar_tg15/share/ament_index/resource_index/packages
[1.362s] error: can't copy 'resource/ydlidar_tg15': doesn't exist or not a regular file
[1.389s] Invoked command in '/home/ubuntu/ros2_WS/src/build/ydlidar_tg15' returned '1': PYTHONPATH=/home/ubuntu/ros2_WS/src/build/ydlidar_tg15/prefix_override:/home/ubuntu/ros2_WS/src/install/ydlidar_tg15/lib/python3.8/site-packages:${PYTHONPATH} /usr/bin/python3 setup.py develop --editable --build-directory /home/ubuntu/ros2_WS/src/build/ydlidar_tg15/build --no-deps install_data
