[0.189s] Invoking command in '/home/ubuntu/ros2_WS/build/ydlidar_sdk': /usr/bin/cmake --build /home/ubuntu/ros2_WS/build/ydlidar_sdk -- -j8 -l8
[0.257s] [ 42%] Built target ydlidar_sdk
[0.308s] [ 47%] Built target sdm_test
[0.316s] [ 52%] Built target gs_test
[0.318s] [ 57%] Built target tof_test
[0.319s] [ 61%] Built target et_test
[0.323s] [ 66%] Built target tri_and_gs_test
[0.327s] [ 71%] Built target tri_test
[0.338s] [ 76%] Built target gs_ota
[0.340s] [ 80%] Built target tri_restart
[0.359s] [ 83%] [32mBuilding CXX object examples/CMakeFiles/tmini_test.dir/tmini_test.cpp.o[0m
[0.363s] [ 85%] [32mBuilding CXX object examples/CMakeFiles/tea_test.dir/tea_test.cpp.o[0m
[0.367s] [ 90%] Built target lidar_c_api_test
[0.380s] [ 92%] [32mBuilding CXX object examples/CMakeFiles/scl_test.dir/scl_test.cpp.o[0m
[0.614s] In file included from [01m[K/home/ubuntu/ros2_WS/src/YDLidar-SDK/./core/common/DriverInterface.h:3[m[K,
[0.614s]                  from [01m[K/home/ubuntu/ros2_WS/src/YDLidar-SDK/src/CYdLidar.h:48[m[K,
[0.615s]                  from [01m[K/home/ubuntu/ros2_WS/src/YDLidar-SDK/examples/tmini_test.cpp:34[m[K:
[0.615s] [01m[K/home/ubuntu/ros2_WS/src/YDLidar-SDK/./core/base/thread.h:[m[K In member function ‘[01m[Kint ydlidar::core::base::Thread::join(long unsigned int)[m[K’:
[0.615s] [01m[K/home/ubuntu/ros2_WS/src/YDLidar-SDK/./core/base/thread.h:136:46:[m[K [01;35m[Kwarning: [m[Kformat ‘[01m[K%X[m[K’ expects argument of type ‘[01m[Kunsigned int[m[K’, but argument 2 has type ‘[01m[K_size_t[m[K’ {aka ‘[01m[Klong unsigned int[m[K’} [[01;35m[K-Wformat=[m[K]
[0.615s]   136 |           printf("[YDLIDAR DEBUG] Thread [0x[01;35m[K%X[m[K] ready to cancel[%d]\n", [32m[K_handle[m[K, s);
[0.616s]       |                                             [01;35m[K~^[m[K                          [32m[K~~~~~~~[m[K
[0.616s]       |                                              [01;35m[K|[m[K                          [32m[K|[m[K
[0.616s]       |                                              [01;35m[Kunsigned int[m[K               [32m[K_size_t {aka long unsigned int}[m[K
[0.616s]       |                                             [32m[K%lX[m[K
[0.617s] [01m[K/home/ubuntu/ros2_WS/src/YDLidar-SDK/./core/base/thread.h:138:46:[m[K [01;35m[Kwarning: [m[Kformat ‘[01m[K%X[m[K’ expects argument of type ‘[01m[Kunsigned int[m[K’, but argument 2 has type ‘[01m[K_size_t[m[K’ {aka ‘[01m[Klong unsigned int[m[K’} [[01;35m[K-Wformat=[m[K]
[0.617s]   138 |           printf("[YDLIDAR DEBUG] Thread [0x[01;35m[K%X[m[K] ready to cancel[%d] time[%u]\n",
[0.617s]       |                                             [01;35m[K~^[m[K
[0.617s]       |                                              [01;35m[K|[m[K
[0.617s]       |                                              [01;35m[Kunsigned int[m[K
[0.618s]       |                                             [32m[K%lX[m[K
[0.618s]   139 |             [32m[K_handle[m[K, s, getms() - t);
[0.618s]       |             [32m[K~~~~~~~[m[K                           
[0.618s]       |             [32m[K|[m[K
[0.619s]       |             [32m[K_size_t {aka long unsigned int}[m[K
[0.619s] [01m[K/home/ubuntu/ros2_WS/src/YDLidar-SDK/./core/base/thread.h:142:42:[m[K [01;35m[Kwarning: [m[Kformat ‘[01m[K%X[m[K’ expects argument of type ‘[01m[Kunsigned int[m[K’, but argument 2 has type ‘[01m[K_size_t[m[K’ {aka ‘[01m[Klong unsigned int[m[K’} [[01;35m[K-Wformat=[m[K]
[0.619s]   142 |             printf("[YDLIDAR] Thread [0x[01;35m[K%X[m[K] has been canceled in other thread\n", [32m[K_handle[m[K);
[0.619s]       |                                         [01;35m[K~^[m[K                                        [32m[K~~~~~~~[m[K
[0.619s]       |                                          [01;35m[K|[m[K                                        [32m[K|[m[K
[0.620s]       |                                          [01;35m[Kunsigned int[m[K                             [32m[K_size_t {aka long unsigned int}[m[K
[0.620s]       |                                         [32m[K%lX[m[K
[0.620s] [01m[K/home/ubuntu/ros2_WS/src/YDLidar-SDK/./core/base/thread.h:147:74:[m[K [01;35m[Kwarning: [m[Kformat ‘[01m[K%X[m[K’ expects argument of type ‘[01m[Kunsigned int[m[K’, but argument 3 has type ‘[01m[K_size_t[m[K’ {aka ‘[01m[Klong unsigned int[m[K’} [[01;35m[K-Wformat=[m[K]
[0.620s]   147 |             fprintf(stderr, "[YDLIDAR] An error occurred while thread[0x[01;35m[K%X[m[K] cancelled!\n", [32m[K_handle[m[K);
[0.621s]       |                                                                         [01;35m[K~^[m[K                 [32m[K~~~~~~~[m[K
[0.621s]       |                                                                          [01;35m[K|[m[K                 [32m[K|[m[K
[0.621s]       |                                                                          [01;35m[Kunsigned int[m[K      [32m[K_size_t {aka long unsigned int}[m[K
[0.621s]       |                                                                         [32m[K%lX[m[K
[0.622s] [01m[K/home/ubuntu/ros2_WS/src/YDLidar-SDK/./core/base/thread.h:151:40:[m[K [01;35m[Kwarning: [m[Kformat ‘[01m[K%X[m[K’ expects argument of type ‘[01m[Kunsigned int[m[K’, but argument 2 has type ‘[01m[K_size_t[m[K’ {aka ‘[01m[Klong unsigned int[m[K’} [[01;35m[K-Wformat=[m[K]
[0.622s]   151 |           printf("[YDLIDAR] Thread [0x[01;35m[K%X[m[K] has been canceled\n", [32m[K_handle[m[K);
[0.622s]       |                                       [01;35m[K~^[m[K                        [32m[K~~~~~~~[m[K
[0.622s]       |                                        [01;35m[K|[m[K                        [32m[K|[m[K
[0.622s]       |                                        [01;35m[Kunsigned int[m[K             [32m[K_size_t {aka long unsigned int}[m[K
[0.623s]       |                                       [32m[K%lX[m[K
[0.639s] In file included from [01m[K/home/ubuntu/ros2_WS/src/YDLidar-SDK/./core/common/DriverInterface.h:3[m[K,
[0.639s]                  from [01m[K/home/ubuntu/ros2_WS/src/YDLidar-SDK/src/CYdLidar.h:48[m[K,
[0.640s]                  from [01m[K/home/ubuntu/ros2_WS/src/YDLidar-SDK/examples/scl_test.cpp:34[m[K:
[0.640s] [01m[K/home/ubuntu/ros2_WS/src/YDLidar-SDK/./core/base/thread.h:[m[K In member function ‘[01m[Kint ydlidar::core::base::Thread::join(long unsigned int)[m[K’:
[0.640s] [01m[K/home/ubuntu/ros2_WS/src/YDLidar-SDK/./core/base/thread.h:136:46:[m[K [01;35m[Kwarning: [m[Kformat ‘[01m[K%X[m[K’ expects argument of type ‘[01m[Kunsigned int[m[K’, but argument 2 has type ‘[01m[K_size_t[m[K’ {aka ‘[01m[Klong unsigned int[m[K’} [[01;35m[K-Wformat=[m[K]
[0.640s]   136 |           printf("[YDLIDAR DEBUG] Thread [0x[01;35m[K%X[m[K] ready to cancel[%d]\n", [32m[K_handle[m[K, s);
[0.640s]       |                                             [01;35m[K~^[m[K                          [32m[K~~~~~~~[m[K
[0.641s]       |                                              [01;35m[K|[m[K                          [32m[K|[m[K
[0.641s]       |                                              [01;35m[Kunsigned int[m[K               [32m[K_size_t {aka long unsigned int}[m[K
[0.641s]       |                                             [32m[K%lX[m[K
[0.641s] [01m[K/home/ubuntu/ros2_WS/src/YDLidar-SDK/./core/base/thread.h:138:46:[m[K [01;35m[Kwarning: [m[Kformat ‘[01m[K%X[m[K’ expects argument of type ‘[01m[Kunsigned int[m[K’, but argument 2 has type ‘[01m[K_size_t[m[K’ {aka ‘[01m[Klong unsigned int[m[K’} [[01;35m[K-Wformat=[m[K]
[0.642s]   138 |           printf("[YDLIDAR DEBUG] Thread [0x[01;35m[K%X[m[K] ready to cancel[%d] time[%u]\n",
[0.642s]       |                                             [01;35m[K~^[m[K
[0.642s]       |                                              [01;35m[K|[m[K
[0.643s]       |                                              [01;35m[Kunsigned int[m[K
[0.643s]       |                                             [32m[K%lX[m[K
[0.643s]   139 |             [32m[K_handle[m[K, s, getms() - t);
[0.643s]       |             [32m[K~~~~~~~[m[K                           
[0.644s]       |             [32m[K|[m[K
[0.644s]       |             [32m[K_size_t {aka long unsigned int}[m[K
[0.644s] [01m[K/home/ubuntu/ros2_WS/src/YDLidar-SDK/./core/base/thread.h:142:42:[m[K [01;35m[Kwarning: [m[Kformat ‘[01m[K%X[m[K’ expects argument of type ‘[01m[Kunsigned int[m[K’, but argument 2 has type ‘[01m[K_size_t[m[K’ {aka ‘[01m[Klong unsigned int[m[K’} [[01;35m[K-Wformat=[m[K]
[0.644s]   142 |             printf("[YDLIDAR] Thread [0x[01;35m[K%X[m[K] has been canceled in other thread\n", [32m[K_handle[m[K);
[0.645s]       |                                         [01;35m[K~^[m[K                                        [32m[K~~~~~~~[m[K
[0.645s]       |                                          [01;35m[K|[m[K                                        [32m[K|[m[K
[0.645s]       |                                          [01;35m[Kunsigned int[m[K                             [32m[K_size_t {aka long unsigned int}[m[K
[0.646s]       |                                         [32m[K%lX[m[K
[0.646s] [01m[K/home/ubuntu/ros2_WS/src/YDLidar-SDK/./core/base/thread.h:147:74:[m[K [01;35m[Kwarning: [m[Kformat ‘[01m[K%X[m[K’ expects argument of type ‘[01m[Kunsigned int[m[K’, but argument 3 has type ‘[01m[K_size_t[m[K’ {aka ‘[01m[Klong unsigned int[m[K’} [[01;35m[K-Wformat=[m[K]
[0.646s]   147 |             fprintf(stderr, "[YDLIDAR] An error occurred while thread[0x[01;35m[K%X[m[K] cancelled!\n", [32m[K_handle[m[K);
[0.646s]       |                                                                         [01;35m[K~^[m[K                 [32m[K~~~~~~~[m[K
[0.646s]       |                                                                          [01;35m[K|[m[K                 [32m[K|[m[K
[0.647s]       |                                                                          [01;35m[Kunsigned int[m[K      [32m[K_size_t {aka long unsigned int}[m[K
[0.647s]       |                                                                         [32m[K%lX[m[K
[0.647s] [01m[K/home/ubuntu/ros2_WS/src/YDLidar-SDK/./core/base/thread.h:151:40:[m[K [01;35m[Kwarning: [m[Kformat ‘[01m[K%X[m[K’ expects argument of type ‘[01m[Kunsigned int[m[K’, but argument 2 has type ‘[01m[K_size_t[m[K’ {aka ‘[01m[Klong unsigned int[m[K’} [[01;35m[K-Wformat=[m[K]
[0.647s]   151 |           printf("[YDLIDAR] Thread [0x[01;35m[K%X[m[K] has been canceled\n", [32m[K_handle[m[K);
[0.647s]       |                                       [01;35m[K~^[m[K                        [32m[K~~~~~~~[m[K
[0.648s]       |                                        [01;35m[K|[m[K                        [32m[K|[m[K
[0.648s]       |                                        [01;35m[Kunsigned int[m[K             [32m[K_size_t {aka long unsigned int}[m[K
[0.648s]       |                                       [32m[K%lX[m[K
[0.731s] In file included from [01m[K/home/ubuntu/ros2_WS/src/YDLidar-SDK/./core/common/DriverInterface.h:3[m[K,
[0.731s]                  from [01m[K/home/ubuntu/ros2_WS/src/YDLidar-SDK/src/CYdLidar.h:48[m[K,
[0.732s]                  from [01m[K/home/ubuntu/ros2_WS/src/YDLidar-SDK/examples/tea_test.cpp:38[m[K:
[0.732s] [01m[K/home/ubuntu/ros2_WS/src/YDLidar-SDK/./core/base/thread.h:[m[K In member function ‘[01m[Kint ydlidar::core::base::Thread::join(long unsigned int)[m[K’:
[0.732s] [01m[K/home/ubuntu/ros2_WS/src/YDLidar-SDK/./core/base/thread.h:136:46:[m[K [01;35m[Kwarning: [m[Kformat ‘[01m[K%X[m[K’ expects argument of type ‘[01m[Kunsigned int[m[K’, but argument 2 has type ‘[01m[K_size_t[m[K’ {aka ‘[01m[Klong unsigned int[m[K’} [[01;35m[K-Wformat=[m[K]
[0.732s]   136 |           printf("[YDLIDAR DEBUG] Thread [0x[01;35m[K%X[m[K] ready to cancel[%d]\n", [32m[K_handle[m[K, s);
[0.733s]       |                                             [01;35m[K~^[m[K                          [32m[K~~~~~~~[m[K
[0.733s]       |                                              [01;35m[K|[m[K                          [32m[K|[m[K
[0.733s]       |                                              [01;35m[Kunsigned int[m[K               [32m[K_size_t {aka long unsigned int}[m[K
[0.733s]       |                                             [32m[K%lX[m[K
[0.733s] [01m[K/home/ubuntu/ros2_WS/src/YDLidar-SDK/./core/base/thread.h:138:46:[m[K [01;35m[Kwarning: [m[Kformat ‘[01m[K%X[m[K’ expects argument of type ‘[01m[Kunsigned int[m[K’, but argument 2 has type ‘[01m[K_size_t[m[K’ {aka ‘[01m[Klong unsigned int[m[K’} [[01;35m[K-Wformat=[m[K]
[0.734s]   138 |           printf("[YDLIDAR DEBUG] Thread [0x[01;35m[K%X[m[K] ready to cancel[%d] time[%u]\n",
[0.734s]       |                                             [01;35m[K~^[m[K
[0.734s]       |                                              [01;35m[K|[m[K
[0.734s]       |                                              [01;35m[Kunsigned int[m[K
[0.734s]       |                                             [32m[K%lX[m[K
[0.735s]   139 |             [32m[K_handle[m[K, s, getms() - t);
[0.735s]       |             [32m[K~~~~~~~[m[K                           
[0.735s]       |             [32m[K|[m[K
[0.735s]       |             [32m[K_size_t {aka long unsigned int}[m[K
[0.735s] [01m[K/home/ubuntu/ros2_WS/src/YDLidar-SDK/./core/base/thread.h:142:42:[m[K [01;35m[Kwarning: [m[Kformat ‘[01m[K%X[m[K’ expects argument of type ‘[01m[Kunsigned int[m[K’, but argument 2 has type ‘[01m[K_size_t[m[K’ {aka ‘[01m[Klong unsigned int[m[K’} [[01;35m[K-Wformat=[m[K]
[0.736s]   142 |             printf("[YDLIDAR] Thread [0x[01;35m[K%X[m[K] has been canceled in other thread\n", [32m[K_handle[m[K);
[0.736s]       |                                         [01;35m[K~^[m[K                                        [32m[K~~~~~~~[m[K
[0.736s]       |                                          [01;35m[K|[m[K                                        [32m[K|[m[K
[0.737s]       |                                          [01;35m[Kunsigned int[m[K                             [32m[K_size_t {aka long unsigned int}[m[K
[0.737s]       |                                         [32m[K%lX[m[K
[0.737s] [01m[K/home/ubuntu/ros2_WS/src/YDLidar-SDK/./core/base/thread.h:147:74:[m[K [01;35m[Kwarning: [m[Kformat ‘[01m[K%X[m[K’ expects argument of type ‘[01m[Kunsigned int[m[K’, but argument 3 has type ‘[01m[K_size_t[m[K’ {aka ‘[01m[Klong unsigned int[m[K’} [[01;35m[K-Wformat=[m[K]
[0.737s]   147 |             fprintf(stderr, "[YDLIDAR] An error occurred while thread[0x[01;35m[K%X[m[K] cancelled!\n", [32m[K_handle[m[K);
[0.737s]       |                                                                         [01;35m[K~^[m[K                 [32m[K~~~~~~~[m[K
[0.737s]       |                                                                          [01;35m[K|[m[K                 [32m[K|[m[K
[0.738s]       |                                                                          [01;35m[Kunsigned int[m[K      [32m[K_size_t {aka long unsigned int}[m[K
[0.738s]       |                                                                         [32m[K%lX[m[K
[0.738s] [01m[K/home/ubuntu/ros2_WS/src/YDLidar-SDK/./core/base/thread.h:151:40:[m[K [01;35m[Kwarning: [m[Kformat ‘[01m[K%X[m[K’ expects argument of type ‘[01m[Kunsigned int[m[K’, but argument 2 has type ‘[01m[K_size_t[m[K’ {aka ‘[01m[Klong unsigned int[m[K’} [[01;35m[K-Wformat=[m[K]
[0.738s]   151 |           printf("[YDLIDAR] Thread [0x[01;35m[K%X[m[K] has been canceled\n", [32m[K_handle[m[K);
[0.739s]       |                                       [01;35m[K~^[m[K                        [32m[K~~~~~~~[m[K
[0.739s]       |                                        [01;35m[K|[m[K                        [32m[K|[m[K
[0.739s]       |                                        [01;35m[Kunsigned int[m[K             [32m[K_size_t {aka long unsigned int}[m[K
[0.739s]       |                                       [32m[K%lX[m[K
[0.896s] [01m[K/home/ubuntu/ros2_WS/src/YDLidar-SDK/examples/tea_test.cpp:[m[K In function ‘[01m[Kint main(int, char**)[m[K’:
[0.896s] [01m[K/home/ubuntu/ros2_WS/src/YDLidar-SDK/examples/tea_test.cpp:219:42:[m[K [01;35m[Kwarning: [m[Kformat ‘[01m[K%llu[m[K’ expects argument of type ‘[01m[Klong long unsigned int[m[K’, but argument 3 has type ‘[01m[Kstd::vector<LaserPoint>::size_type[m[K’ {aka ‘[01m[Klong unsigned int[m[K’} [[01;35m[K-Wformat=[m[K]
[0.896s]   219 |       fprintf(stdout, "Scan received [[01;35m[K%llu[m[K] points is [%f]s [%f]\n",
[0.896s]       |                                       [01;35m[K~~~^[m[K
[0.896s]       |                                          [01;35m[K|[m[K
[0.897s]       |                                          [01;35m[Klong long unsigned int[m[K
[0.897s]       |                                       [32m[K%lu[m[K
[0.897s]   220 |               [32m[Kscan.points.size()[m[K,
[0.897s]       |               [32m[K~~~~~~~~~~~~~~~~~~[m[K          
[0.897s]       |                               [32m[K|[m[K
[0.898s]       |                               [32m[Kstd::vector<LaserPoint>::size_type {aka long unsigned int}[m[K
[0.898s] [01m[K/home/ubuntu/ros2_WS/src/YDLidar-SDK/examples/tea_test.cpp:227:18:[m[K [01;35m[Kwarning: [m[Kformat ‘[01m[K%d[m[K’ expects argument of type ‘[01m[Kint[m[K’, but argument 2 has type ‘[01m[Ksize_t[m[K’ {aka ‘[01m[Klong unsigned int[m[K’} [[01;35m[K-Wformat=[m[K]
[0.898s]   227 |         printf("[01;35m[K%d[m[K d %.0f a %.02f i %.0f\n", [32m[Ki[m[K, p.range, p.angle * 180.0 / M_PI, p.intensity);
[0.899s]       |                 [01;35m[K~^[m[K                           [32m[K~[m[K
[0.899s]       |                  [01;35m[K|[m[K                           [32m[K|[m[K
[0.899s]       |                  [01;35m[Kint[m[K                         [32m[Ksize_t {aka long unsigned int}[m[K
[0.899s]       |                 [32m[K%ld[m[K
[1.109s] [ 95%] [32m[1mLinking CXX executable ../tmini_test[0m
[1.167s] [ 97%] [32m[1mLinking CXX executable ../tea_test[0m
[1.216s] [01m[K/home/ubuntu/ros2_WS/src/YDLidar-SDK/examples/scl_test.cpp:[m[K In function ‘[01m[Kint main(int, char**)[m[K’:
[1.217s] [01m[K/home/ubuntu/ros2_WS/src/YDLidar-SDK/examples/scl_test.cpp:333:33:[m[K [01;35m[Kwarning: [m[Kformat ‘[01m[K%llu[m[K’ expects argument of type ‘[01m[Klong long unsigned int[m[K’, but argument 2 has type ‘[01m[Kstd::vector<LaserPoint>::size_type[m[K’ {aka ‘[01m[Klong unsigned int[m[K’} [[01;35m[K-Wformat=[m[K]
[1.217s]   333 |       printf("Scan received [[01;35m[K%llu[m[K] points stamp [%llu]\n",
[1.217s]       |                              [01;35m[K~~~^[m[K
[1.218s]       |                                 [01;35m[K|[m[K
[1.218s]       |                                 [01;35m[Klong long unsigned int[m[K
[1.218s]       |                              [32m[K%lu[m[K
[1.218s]   334 |              [32m[Kscan.points.size()[m[K,
[1.219s]       |              [32m[K~~~~~~~~~~~~~~~~~~[m[K  
[1.219s]       |                              [32m[K|[m[K
[1.219s]       |                              [32m[Kstd::vector<LaserPoint>::size_type {aka long unsigned int}[m[K
[1.219s] [01m[K/home/ubuntu/ros2_WS/src/YDLidar-SDK/examples/scl_test.cpp:333:53:[m[K [01;35m[Kwarning: [m[Kformat ‘[01m[K%llu[m[K’ expects argument of type ‘[01m[Klong long unsigned int[m[K’, but argument 3 has type ‘[01m[Kuint64_t[m[K’ {aka ‘[01m[Klong unsigned int[m[K’} [[01;35m[K-Wformat=[m[K]
[1.220s]   333 |       printf("Scan received [%llu] points stamp [[01;35m[K%llu[m[K]\n",
[1.220s]       |                                                  [01;35m[K~~~^[m[K
[1.220s]       |                                                     [01;35m[K|[m[K
[1.220s]       |                                                     [01;35m[Klong long unsigned int[m[K
[1.220s]       |                                                  [32m[K%lu[m[K
[1.220s]   334 |              scan.points.size(),
[1.221s]   335 |              [32m[Kscan.stamp[m[K);
[1.221s]       |              [32m[K~~~~~~~~~~[m[K                              
[1.221s]       |                   [32m[K|[m[K
[1.221s]       |                   [32m[Kuint64_t {aka long unsigned int}[m[K
[1.332s] [ 97%] Built target tmini_test
[1.417s] [ 97%] Built target tea_test
[1.551s] [100%] [32m[1mLinking CXX executable ../scl_test[0m
[1.748s] [100%] Built target scl_test
[1.764s] Invoked command in '/home/ubuntu/ros2_WS/build/ydlidar_sdk' returned '0': /usr/bin/cmake --build /home/ubuntu/ros2_WS/build/ydlidar_sdk -- -j8 -l8
[1.860s] Invoking command in '/home/ubuntu/ros2_WS/build/ydlidar_sdk': /usr/bin/cmake --install /home/ubuntu/ros2_WS/build/ydlidar_sdk
[1.871s] -- Install configuration: ""
[1.871s] -- Installing: /home/ubuntu/ros2_WS/install/ydlidar_sdk/include/core/base/datatype.h
[1.872s] -- Installing: /home/ubuntu/ros2_WS/install/ydlidar_sdk/include/core/base/locker.h
[1.872s] -- Installing: /home/ubuntu/ros2_WS/install/ydlidar_sdk/include/core/base/thread.h
[1.872s] -- Installing: /home/ubuntu/ros2_WS/install/ydlidar_sdk/include/core/base/timer.h
[1.872s] -- Installing: /home/ubuntu/ros2_WS/install/ydlidar_sdk/include/core/base/typedef.h
[1.873s] -- Installing: /home/ubuntu/ros2_WS/install/ydlidar_sdk/include/core/base/utils.h
[1.873s] -- Installing: /home/ubuntu/ros2_WS/install/ydlidar_sdk/include/core/base/v8stdint.h
[1.873s] -- Installing: /home/ubuntu/ros2_WS/install/ydlidar_sdk/include/core/base/ydlidar.h
[1.873s] -- Installing: /home/ubuntu/ros2_WS/install/ydlidar_sdk/include/core/common/ChannelDevice.h
[1.874s] -- Installing: /home/ubuntu/ros2_WS/install/ydlidar_sdk/include/core/common/DriverInterface.h
[1.874s] -- Installing: /home/ubuntu/ros2_WS/install/ydlidar_sdk/include/core/common/ydlidar_datatype.h
[1.874s] -- Installing: /home/ubuntu/ros2_WS/install/ydlidar_sdk/include/core/common/ydlidar_def.h
[1.875s] -- Installing: /home/ubuntu/ros2_WS/install/ydlidar_sdk/include/core/common/ydlidar_help.h
[1.875s] -- Installing: /home/ubuntu/ros2_WS/install/ydlidar_sdk/include/core/common/ydlidar_protocol.h
[1.875s] -- Installing: /home/ubuntu/ros2_WS/install/ydlidar_sdk/include/core/math/angles.h
[1.878s] -- Installing: /home/ubuntu/ros2_WS/install/ydlidar_sdk/include/core/network/ActiveSocket.h
[1.878s] -- Installing: /home/ubuntu/ros2_WS/install/ydlidar_sdk/include/core/network/PassiveSocket.h
[1.878s] -- Installing: /home/ubuntu/ros2_WS/install/ydlidar_sdk/include/core/network/SimpleSocket.h
[1.879s] -- Installing: /home/ubuntu/ros2_WS/install/ydlidar_sdk/include/core/network/StatTimer.h
[1.879s] -- Installing: /home/ubuntu/ros2_WS/install/ydlidar_sdk/include/core/serial/common.h
[1.879s] -- Installing: /home/ubuntu/ros2_WS/install/ydlidar_sdk/include/core/serial/serial.h
[1.879s] -- Installing: /home/ubuntu/ros2_WS/install/ydlidar_sdk/include/core/serial/impl/unix/lock.h
[1.880s] -- Installing: /home/ubuntu/ros2_WS/install/ydlidar_sdk/include/core/serial/impl/unix/unix.h
[1.880s] -- Installing: /home/ubuntu/ros2_WS/install/ydlidar_sdk/include/core/serial/impl/unix/unix_serial.h
[1.880s] -- Installing: /home/ubuntu/ros2_WS/install/ydlidar_sdk/include/src/CYdLidar.h
[1.880s] -- Installing: /home/ubuntu/ros2_WS/install/ydlidar_sdk/include/src/ETLidarDriver.h
[1.880s] -- Installing: /home/ubuntu/ros2_WS/install/ydlidar_sdk/include/src/GSLidarDriver.h
[1.881s] -- Installing: /home/ubuntu/ros2_WS/install/ydlidar_sdk/include/src/SDMLidarDriver.h
[1.881s] -- Installing: /home/ubuntu/ros2_WS/install/ydlidar_sdk/include/src/YDlidarDriver.h
[1.881s] -- Installing: /home/ubuntu/ros2_WS/install/ydlidar_sdk/include/src/ydlidar_sdk.h
[1.881s] -- Installing: /home/ubuntu/ros2_WS/install/ydlidar_sdk/include/src/filters/FilterInterface.h
[1.882s] -- Installing: /home/ubuntu/ros2_WS/install/ydlidar_sdk/include/src/filters/NoiseFilter.h
[1.882s] -- Installing: /home/ubuntu/ros2_WS/install/ydlidar_sdk/include/src/filters/StrongLightFilter.h
[1.882s] -- Installing: /home/ubuntu/ros2_WS/install/ydlidar_sdk/include/ydlidar_config.h
[1.882s] -- Installing: /home/ubuntu/ros2_WS/install/ydlidar_sdk/lib/libydlidar_sdk.a
[1.886s] -- Installing: /home/ubuntu/ros2_WS/install/ydlidar_sdk/lib/pkgconfig/YDLIDAR_SDK.pc
[1.887s] -- Installing: /home/ubuntu/ros2_WS/install/ydlidar_sdk/lib/cmake/ydlidar_sdk/ydlidar_sdkConfig.cmake
[1.887s] -- Installing: /home/ubuntu/ros2_WS/install/ydlidar_sdk/lib/cmake/ydlidar_sdk/ydlidar_sdkTargets.cmake
[1.887s] -- Installing: /home/ubuntu/ros2_WS/install/ydlidar_sdk/lib/cmake/ydlidar_sdk/ydlidar_sdkConfigVersion.cmake
[1.887s] -- Installing: /home/ubuntu/ros2_WS/install/ydlidar_sdk/share/YDLIDAR_SDK/FindYDLIDAR_SDK.cmake
[1.888s] -- Up-to-date: /home/ubuntu/ros2_WS/install/ydlidar_sdk/share/YDLIDAR_SDK
[1.888s] -- Installing: /home/ubuntu/ros2_WS/install/ydlidar_sdk/share/YDLIDAR_SDK/cmake_uninstall.cmake.in
[1.888s] -- Installing: /home/ubuntu/ros2_WS/install/ydlidar_sdk/share/YDLIDAR_SDK/PkgConfig.pc.in
[1.888s] -- Installing: /home/ubuntu/ros2_WS/install/ydlidar_sdk/share/YDLIDAR_SDK/FindPackage.cmake.in
[1.889s] -- Installing: /home/ubuntu/ros2_WS/install/ydlidar_sdk/share/YDLIDAR_SDK/script_show_final_summary.cmake
[1.889s] -- Installing: /home/ubuntu/ros2_WS/install/ydlidar_sdk/share/YDLIDAR_SDK/install_package.cmake
[1.889s] -- Installing: /home/ubuntu/ros2_WS/install/ydlidar_sdk/share/YDLIDAR_SDK/PackageConfigVersion.cmake.in
[1.889s] -- Installing: /home/ubuntu/ros2_WS/install/ydlidar_sdk/share/YDLIDAR_SDK/PackageConfig.cmake.in
[1.889s] -- Installing: /home/ubuntu/ros2_WS/install/ydlidar_sdk/share/YDLIDAR_SDK/common
[1.890s] -- Installing: /home/ubuntu/ros2_WS/install/ydlidar_sdk/share/YDLIDAR_SDK/common/ydlidar_base.cmake
[1.890s] -- Installing: /home/ubuntu/ros2_WS/install/ydlidar_sdk/share/YDLIDAR_SDK/common/ydlidar_parse.cmake
[1.890s] -- Installing: /home/ubuntu/ros2_WS/install/ydlidar_sdk/share/YDLIDAR_SDK/LICENSE.txt
[1.890s] -- Installing: /home/ubuntu/ros2_WS/install/ydlidar_sdk/share/YDLIDAR_SDK/README.md
[1.891s] -- Installing: /home/ubuntu/ros2_WS/install/ydlidar_sdk/share/YDLIDAR_SDK/doc
[1.891s] -- Installing: /home/ubuntu/ros2_WS/install/ydlidar_sdk/share/YDLIDAR_SDK/doc/quickstart
[1.891s] -- Installing: /home/ubuntu/ros2_WS/install/ydlidar_sdk/share/YDLIDAR_SDK/doc/quickstart/ydlidar_sdk_software_installation_guide.md
[1.891s] -- Installing: /home/ubuntu/ros2_WS/install/ydlidar_sdk/share/YDLIDAR_SDK/doc/quickstart/README.md
[1.891s] -- Installing: /home/ubuntu/ros2_WS/install/ydlidar_sdk/share/YDLIDAR_SDK/doc/YDLidar-SDK-Communication-Protocol.md
[1.892s] -- Installing: /home/ubuntu/ros2_WS/install/ydlidar_sdk/share/YDLIDAR_SDK/doc/Dataset.md
[1.892s] -- Installing: /home/ubuntu/ros2_WS/install/ydlidar_sdk/share/YDLIDAR_SDK/doc/YDLidar-SDK-Communication-Protocol.html
[1.892s] -- Installing: /home/ubuntu/ros2_WS/install/ydlidar_sdk/share/YDLIDAR_SDK/doc/YDLIDAR_SDK_API_for_Developers.md
[1.892s] -- Installing: /home/ubuntu/ros2_WS/install/ydlidar_sdk/share/YDLIDAR_SDK/doc/FAQs
[1.893s] -- Installing: /home/ubuntu/ros2_WS/install/ydlidar_sdk/share/YDLIDAR_SDK/doc/FAQs/General_FAQs_cn.md
[1.893s] -- Installing: /home/ubuntu/ros2_WS/install/ydlidar_sdk/share/YDLIDAR_SDK/doc/FAQs/Hardware_FAQs_cn.md
[1.894s] -- Installing: /home/ubuntu/ros2_WS/install/ydlidar_sdk/share/YDLIDAR_SDK/doc/FAQs/Hardware_FAQs.md
[1.894s] -- Installing: /home/ubuntu/ros2_WS/install/ydlidar_sdk/share/YDLIDAR_SDK/doc/FAQs/Software_FAQs.md
[1.894s] -- Installing: /home/ubuntu/ros2_WS/install/ydlidar_sdk/share/YDLIDAR_SDK/doc/FAQs/README.md
[1.894s] -- Installing: /home/ubuntu/ros2_WS/install/ydlidar_sdk/share/YDLIDAR_SDK/doc/FAQs/General_FAQs.md
[1.895s] -- Installing: /home/ubuntu/ros2_WS/install/ydlidar_sdk/share/YDLIDAR_SDK/doc/FAQs/Software_FAQs_cn.md
[1.895s] -- Installing: /home/ubuntu/ros2_WS/install/ydlidar_sdk/share/YDLIDAR_SDK/doc/howto
[1.895s] -- Installing: /home/ubuntu/ros2_WS/install/ydlidar_sdk/share/YDLIDAR_SDK/doc/howto/how_to_gerenrate_vs_project_by_cmake.md
[1.895s] -- Installing: /home/ubuntu/ros2_WS/install/ydlidar_sdk/share/YDLIDAR_SDK/doc/howto/how_to_create_a_pull.md
[1.895s] -- Installing: /home/ubuntu/ros2_WS/install/ydlidar_sdk/share/YDLIDAR_SDK/doc/howto/how_to_build_and_debug_using_vscode.md
[1.896s] -- Installing: /home/ubuntu/ros2_WS/install/ydlidar_sdk/share/YDLIDAR_SDK/doc/howto/how_to_build_and_install.md
[1.896s] -- Installing: /home/ubuntu/ros2_WS/install/ydlidar_sdk/share/YDLIDAR_SDK/doc/howto/how_to_create_a_csharp_project.md
[1.896s] -- Installing: /home/ubuntu/ros2_WS/install/ydlidar_sdk/share/YDLIDAR_SDK/doc/howto/how_to_solve_slow_pull_from_cn.md
[1.896s] -- Installing: /home/ubuntu/ros2_WS/install/ydlidar_sdk/share/YDLIDAR_SDK/doc/howto/how_to_create_a_udev_rules.md
[1.896s] -- Installing: /home/ubuntu/ros2_WS/install/ydlidar_sdk/share/YDLIDAR_SDK/doc/howto/images
[1.897s] -- Installing: /home/ubuntu/ros2_WS/install/ydlidar_sdk/share/YDLIDAR_SDK/doc/howto/images/csharp_library.png
[1.897s] -- Installing: /home/ubuntu/ros2_WS/install/ydlidar_sdk/share/YDLIDAR_SDK/doc/howto/images/ttyUSB0.png
[1.897s] -- Installing: /home/ubuntu/ros2_WS/install/ydlidar_sdk/share/YDLIDAR_SDK/doc/howto/images/ttyUSB1.png
[1.897s] -- Installing: /home/ubuntu/ros2_WS/install/ydlidar_sdk/share/YDLIDAR_SDK/doc/howto/images/ydlidar_lidar_monitor.png
[1.901s] -- Installing: /home/ubuntu/ros2_WS/install/ydlidar_sdk/share/YDLIDAR_SDK/doc/howto/images/cpack.png
[1.902s] -- Installing: /home/ubuntu/ros2_WS/install/ydlidar_sdk/share/YDLIDAR_SDK/doc/howto/images/csharp_exception.png
[1.902s] -- Installing: /home/ubuntu/ros2_WS/install/ydlidar_sdk/share/YDLIDAR_SDK/doc/howto/images/sdk_scanning.png
[1.908s] -- Installing: /home/ubuntu/ros2_WS/install/ydlidar_sdk/share/YDLIDAR_SDK/doc/howto/images/sdk_init.png
[1.908s] -- Installing: /home/ubuntu/ros2_WS/install/ydlidar_sdk/share/YDLIDAR_SDK/doc/howto/images/csharp_build.png
[1.908s] -- Installing: /home/ubuntu/ros2_WS/install/ydlidar_sdk/share/YDLIDAR_SDK/doc/howto/images/csharp_project.png
[1.909s] -- Installing: /home/ubuntu/ros2_WS/install/ydlidar_sdk/share/YDLIDAR_SDK/doc/howto/images/sequence.png
[1.909s] -- Installing: /home/ubuntu/ros2_WS/install/ydlidar_sdk/share/YDLIDAR_SDK/doc/howto/images/csharp_running.png
[1.909s] -- Installing: /home/ubuntu/ros2_WS/install/ydlidar_sdk/share/YDLIDAR_SDK/doc/howto/images/vscode
[1.909s] -- Installing: /home/ubuntu/ros2_WS/install/ydlidar_sdk/share/YDLIDAR_SDK/doc/howto/images/vscode/run_tasks.jpg
[1.910s] -- Installing: /home/ubuntu/ros2_WS/install/ydlidar_sdk/share/YDLIDAR_SDK/doc/howto/images/vscode/tasks.png
[1.910s] -- Installing: /home/ubuntu/ros2_WS/install/ydlidar_sdk/share/YDLIDAR_SDK/doc/howto/README.md
[1.910s] -- Installing: /home/ubuntu/ros2_WS/install/ydlidar_sdk/share/YDLIDAR_SDK/doc/SDK.pdf
[1.910s] -- Installing: /home/ubuntu/ros2_WS/install/ydlidar_sdk/share/YDLIDAR_SDK/doc/Diagram.md
[1.911s] -- Installing: /home/ubuntu/ros2_WS/install/ydlidar_sdk/share/YDLIDAR_SDK/doc/YDLidar-SDK-Communication-Protocol.pdf
[1.911s] -- Installing: /home/ubuntu/ros2_WS/install/ydlidar_sdk/share/YDLIDAR_SDK/doc/images
[1.911s] -- Installing: /home/ubuntu/ros2_WS/install/ydlidar_sdk/share/YDLIDAR_SDK/doc/images/angle_q2.png
[1.911s] -- Installing: /home/ubuntu/ros2_WS/install/ydlidar_sdk/share/YDLIDAR_SDK/doc/images/YDLidar.png
[1.912s] -- Installing: /home/ubuntu/ros2_WS/install/ydlidar_sdk/share/YDLIDAR_SDK/doc/images/YDLidar.jpg
[1.912s] -- Installing: /home/ubuntu/ros2_WS/install/ydlidar_sdk/share/YDLIDAR_SDK/doc/images/frame.png
[1.912s] -- Installing: /home/ubuntu/ros2_WS/install/ydlidar_sdk/share/YDLIDAR_SDK/doc/images/frame_intensity.png
[1.912s] -- Installing: /home/ubuntu/ros2_WS/install/ydlidar_sdk/share/YDLIDAR_SDK/doc/images/sdk_architecture.png
[1.912s] -- Installing: /home/ubuntu/ros2_WS/install/ydlidar_sdk/share/YDLIDAR_SDK/doc/images/system_workflow.png
[1.913s] -- Installing: /home/ubuntu/ros2_WS/install/ydlidar_sdk/share/YDLIDAR_SDK/doc/images/EAI.png
[1.914s] -- Installing: /home/ubuntu/ros2_WS/install/ydlidar_sdk/share/YDLIDAR_SDK/doc/images/sdk_scanning.png
[1.914s] -- Installing: /home/ubuntu/ros2_WS/install/ydlidar_sdk/share/YDLIDAR_SDK/doc/images/sdk_init.png
[1.914s] -- Installing: /home/ubuntu/ros2_WS/install/ydlidar_sdk/share/YDLIDAR_SDK/doc/images/sequence.png
[1.914s] -- Installing: /home/ubuntu/ros2_WS/install/ydlidar_sdk/share/YDLIDAR_SDK/doc/images/communication_mechanism.png
[1.915s] -- Installing: /home/ubuntu/ros2_WS/install/ydlidar_sdk/share/YDLIDAR_SDK/doc/images/FlowChart.png
[1.915s] -- Installing: /home/ubuntu/ros2_WS/install/ydlidar_sdk/share/YDLIDAR_SDK/doc/README.md
[1.915s] -- Installing: /home/ubuntu/ros2_WS/install/ydlidar_sdk/share/YDLIDAR_SDK/doc/Tutorials.md
[1.915s] -- Installing: /home/ubuntu/ros2_WS/install/ydlidar_sdk/share/YDLIDAR_SDK/doc/tutorials
[1.915s] -- Installing: /home/ubuntu/ros2_WS/install/ydlidar_sdk/share/YDLIDAR_SDK/doc/tutorials/writing_lidar_tutorial_c.md
[1.916s] -- Installing: /home/ubuntu/ros2_WS/install/ydlidar_sdk/share/YDLIDAR_SDK/doc/tutorials/examine_the_simple_lidar_tutorial.md
[1.916s] -- Installing: /home/ubuntu/ros2_WS/install/ydlidar_sdk/share/YDLIDAR_SDK/doc/tutorials/writing_lidar_tutorial_python.md
[1.916s] -- Installing: /home/ubuntu/ros2_WS/install/ydlidar_sdk/share/YDLIDAR_SDK/doc/tutorials/writing_lidar_tutorial_c++.md
[1.916s] -- Installing: /home/ubuntu/ros2_WS/install/ydlidar_sdk/share/YDLIDAR_SDK/doc/tutorials/writing_lidar_network_adapter_tutorial_c++.md
[1.917s] -- Installing: /home/ubuntu/ros2_WS/install/ydlidar_sdk/share/YDLIDAR_SDK/doc/YDLidar_SDK_Communication_Protocol.pdf
[1.917s] -- Installing: /home/ubuntu/ros2_WS/install/ydlidar_sdk/startup/initenv.sh
[1.921s] -- Installing: /home/ubuntu/ros2_WS/install/ydlidar_sdk/bin/et_test
[1.922s] -- Installing: /home/ubuntu/ros2_WS/install/ydlidar_sdk/bin/gs_ota
[1.925s] -- Installing: /home/ubuntu/ros2_WS/install/ydlidar_sdk/bin/gs_test
[1.926s] -- Installing: /home/ubuntu/ros2_WS/install/ydlidar_sdk/bin/scl_test
[1.928s] -- Installing: /home/ubuntu/ros2_WS/install/ydlidar_sdk/bin/sdm_test
[1.929s] -- Installing: /home/ubuntu/ros2_WS/install/ydlidar_sdk/bin/tea_test
[1.931s] -- Installing: /home/ubuntu/ros2_WS/install/ydlidar_sdk/bin/tmini_test
[1.933s] -- Installing: /home/ubuntu/ros2_WS/install/ydlidar_sdk/bin/tof_test
[1.934s] -- Installing: /home/ubuntu/ros2_WS/install/ydlidar_sdk/bin/tri_and_gs_test
[1.936s] -- Installing: /home/ubuntu/ros2_WS/install/ydlidar_sdk/bin/tri_restart
[1.937s] -- Installing: /home/ubuntu/ros2_WS/install/ydlidar_sdk/bin/tri_test
[1.939s] -- Installing: /home/ubuntu/ros2_WS/install/ydlidar_sdk/bin/lidar_c_api_test
[1.944s] Invoked command in '/home/ubuntu/ros2_WS/build/ydlidar_sdk' returned '0': /usr/bin/cmake --install /home/ubuntu/ros2_WS/build/ydlidar_sdk
