[0.514s] Invoking command in '/home/ubuntu/ros2_WS/build/ydlidar_ros2_driver': CMAKE_PREFIX_PATH=${CMAKE_PREFIX_PATH}:/home/ubuntu/install/ydlidar_tg15:/opt/ros/foxy /usr/bin/cmake --build /home/ubuntu/ros2_WS/build/ydlidar_ros2_driver -- -j8 -l8
[0.984s] [100%] Built target ydlidar_ros2_driver_client
[0.984s] [100%] Built target ydlidar_ros2_driver_node
[0.999s] Invoked command in '/home/ubuntu/ros2_WS/build/ydlidar_ros2_driver' returned '0': CMAKE_PREFIX_PATH=${CMAKE_PREFIX_PATH}:/home/ubuntu/install/ydlidar_tg15:/opt/ros/foxy /usr/bin/cmake --build /home/ubuntu/ros2_WS/build/ydlidar_ros2_driver -- -j8 -l8
[1.039s] Invoking command in '/home/ubuntu/ros2_WS/build/ydlidar_ros2_driver': CMAKE_PREFIX_PATH=${CMAKE_PREFIX_PATH}:/home/ubuntu/install/ydlidar_tg15:/opt/ros/foxy /usr/bin/cmake --install /home/ubuntu/ros2_WS/build/ydlidar_ros2_driver
[1.049s] -- Install configuration: ""
[1.050s] -- Execute custom install script
[1.051s] -- Up-to-date symlink: /home/ubuntu/ros2_WS/install/ydlidar_ros2_driver/lib/ydlidar_ros2_driver/ydlidar_ros2_driver_node
[1.051s] -- Up-to-date symlink: /home/ubuntu/ros2_WS/install/ydlidar_ros2_driver/lib/ydlidar_ros2_driver/ydlidar_ros2_driver_client
[1.052s] -- Up-to-date symlink: /home/ubuntu/ros2_WS/install/ydlidar_ros2_driver/share/ydlidar_ros2_driver/launch/ydlidar.py
[1.053s] -- Up-to-date symlink: /home/ubuntu/ros2_WS/install/ydlidar_ros2_driver/share/ydlidar_ros2_driver/launch/ydlidar_launch.py
[1.053s] -- Up-to-date symlink: /home/ubuntu/ros2_WS/install/ydlidar_ros2_driver/share/ydlidar_ros2_driver/launch/ydlidar_launch_view.py
[1.054s] -- Up-to-date symlink: /home/ubuntu/ros2_WS/install/ydlidar_ros2_driver/share/ydlidar_ros2_driver/params/G1.yaml
[1.054s] -- Up-to-date symlink: /home/ubuntu/ros2_WS/install/ydlidar_ros2_driver/share/ydlidar_ros2_driver/params/G2.yaml
[1.054s] -- Up-to-date symlink: /home/ubuntu/ros2_WS/install/ydlidar_ros2_driver/share/ydlidar_ros2_driver/params/G6.yaml
[1.055s] -- Up-to-date symlink: /home/ubuntu/ros2_WS/install/ydlidar_ros2_driver/share/ydlidar_ros2_driver/params/GS2.yaml
[1.055s] -- Up-to-date symlink: /home/ubuntu/ros2_WS/install/ydlidar_ros2_driver/share/ydlidar_ros2_driver/params/TEA.yaml
[1.056s] -- Up-to-date symlink: /home/ubuntu/ros2_WS/install/ydlidar_ros2_driver/share/ydlidar_ros2_driver/params/TG.yaml
[1.056s] -- Up-to-date symlink: /home/ubuntu/ros2_WS/install/ydlidar_ros2_driver/share/ydlidar_ros2_driver/params/TminiPro.yaml
[1.056s] -- Up-to-date symlink: /home/ubuntu/ros2_WS/install/ydlidar_ros2_driver/share/ydlidar_ros2_driver/params/X2.yaml
[1.056s] -- Up-to-date symlink: /home/ubuntu/ros2_WS/install/ydlidar_ros2_driver/share/ydlidar_ros2_driver/params/X4-Pro.yaml
[1.057s] -- Up-to-date symlink: /home/ubuntu/ros2_WS/install/ydlidar_ros2_driver/share/ydlidar_ros2_driver/params/X4.yaml
[1.057s] -- Up-to-date symlink: /home/ubuntu/ros2_WS/install/ydlidar_ros2_driver/share/ydlidar_ros2_driver/params/ydlidar.yaml
[1.058s] -- Up-to-date symlink: /home/ubuntu/ros2_WS/install/ydlidar_ros2_driver/share/ydlidar_ros2_driver/startup/initenv.sh
[1.059s] -- Up-to-date symlink: /home/ubuntu/ros2_WS/install/ydlidar_ros2_driver/share/ydlidar_ros2_driver/config/ydlidar.rviz
[1.059s] -- Up-to-date symlink: /home/ubuntu/ros2_WS/install/ydlidar_ros2_driver/share/ament_index/resource_index/package_run_dependencies/ydlidar_ros2_driver
[1.060s] -- Up-to-date symlink: /home/ubuntu/ros2_WS/install/ydlidar_ros2_driver/share/ament_index/resource_index/parent_prefix_path/ydlidar_ros2_driver
[1.061s] -- Up-to-date symlink: /home/ubuntu/ros2_WS/install/ydlidar_ros2_driver/share/ydlidar_ros2_driver/environment/ament_prefix_path.sh
[1.061s] -- Up-to-date symlink: /home/ubuntu/ros2_WS/install/ydlidar_ros2_driver/share/ydlidar_ros2_driver/environment/ament_prefix_path.dsv
[1.062s] -- Up-to-date symlink: /home/ubuntu/ros2_WS/install/ydlidar_ros2_driver/share/ydlidar_ros2_driver/environment/path.sh
[1.063s] -- Up-to-date symlink: /home/ubuntu/ros2_WS/install/ydlidar_ros2_driver/share/ydlidar_ros2_driver/environment/path.dsv
[1.064s] -- Up-to-date symlink: /home/ubuntu/ros2_WS/install/ydlidar_ros2_driver/share/ydlidar_ros2_driver/local_setup.bash
[1.068s] -- Up-to-date symlink: /home/ubuntu/ros2_WS/install/ydlidar_ros2_driver/share/ydlidar_ros2_driver/local_setup.sh
[1.071s] -- Up-to-date symlink: /home/ubuntu/ros2_WS/install/ydlidar_ros2_driver/share/ydlidar_ros2_driver/local_setup.zsh
[1.071s] -- Up-to-date symlink: /home/ubuntu/ros2_WS/install/ydlidar_ros2_driver/share/ydlidar_ros2_driver/local_setup.dsv
[1.071s] -- Symlinking: /home/ubuntu/ros2_WS/install/ydlidar_ros2_driver/share/ydlidar_ros2_driver/package.dsv
[1.079s] -- Up-to-date symlink: /home/ubuntu/ros2_WS/install/ydlidar_ros2_driver/share/ament_index/resource_index/packages/ydlidar_ros2_driver
[1.080s] -- Up-to-date symlink: /home/ubuntu/ros2_WS/install/ydlidar_ros2_driver/share/ydlidar_ros2_driver/cmake/ydlidar_ros2_driverConfig.cmake
[1.081s] -- Up-to-date symlink: /home/ubuntu/ros2_WS/install/ydlidar_ros2_driver/share/ydlidar_ros2_driver/cmake/ydlidar_ros2_driverConfig-version.cmake
[1.084s] -- Up-to-date symlink: /home/ubuntu/ros2_WS/install/ydlidar_ros2_driver/share/ydlidar_ros2_driver/package.xml
[1.092s] Invoked command in '/home/ubuntu/ros2_WS/build/ydlidar_ros2_driver' returned '0': CMAKE_PREFIX_PATH=${CMAKE_PREFIX_PATH}:/home/ubuntu/install/ydlidar_tg15:/opt/ros/foxy /usr/bin/cmake --install /home/ubuntu/ros2_WS/build/ydlidar_ros2_driver
