[0.526s] Invoking command in '/home/ubuntu/ros2_WS/src/build/ydlidar_ros2_driver': CMAKE_PREFIX_PATH=${CMAKE_PREFIX_PATH}:/opt/ros/foxy /usr/bin/cmake /home/ubuntu/ros2_WS/src/ydlidar_ros2_driver -DAMENT_CMAKE_SYMLINK_INSTALL=1 -DCMAKE_INSTALL_PREFIX=/home/ubuntu/ros2_WS/src/install/ydlidar_ros2_driver
[0.595s] -- The C compiler identification is GNU 9.4.0
[0.664s] -- The CXX compiler identification is GNU 9.4.0
[0.675s] -- Check for working C compiler: /usr/bin/cc
[0.764s] -- Check for working C compiler: /usr/bin/cc -- works
[0.765s] -- Detecting C compiler ABI info
[0.858s] -- Detecting C compiler ABI info - done
[0.882s] -- Detecting C compile features
[0.882s] -- Detecting C compile features - done
[0.885s] -- Check for working CXX compiler: /usr/bin/c++
[0.999s] -- Check for working CXX compiler: /usr/bin/c++ -- works
[1.002s] -- Detecting CXX compiler ABI info
[1.128s] -- Detecting CXX compiler ABI info - done
[1.146s] -- Detecting CXX compile features
[1.147s] -- Detecting CXX compile features - done
[1.150s] -- Found ament_cmake: 0.9.12 (/opt/ros/foxy/share/ament_cmake/cmake)
[1.181s] -- Found PythonInterp: /usr/bin/python3 (found suitable version "3.8.10", minimum required is "3") 
[1.181s] -- Using PYTHON_EXECUTABLE: /usr/bin/python3
[1.439s] -- Override CMake install command with custom implementation using symlinks instead of copying resources
[1.467s] -- Found rclcpp: 2.4.3 (/opt/ros/foxy/share/rclcpp/cmake)
[1.530s] -- Using all available rosidl_typesupport_c: rosidl_typesupport_fastrtps_c;rosidl_typesupport_introspection_c
[1.538s] -- Found rosidl_adapter: 1.3.1 (/opt/ros/foxy/share/rosidl_adapter/cmake)
[1.658s] -- Found OpenSSL: /usr/lib/x86_64-linux-gnu/libcrypto.so (found version "1.1.1f")  
[1.711s] -- Found FastRTPS: /opt/ros/foxy/include  
[1.845s] -- Using all available rosidl_typesupport_cpp: rosidl_typesupport_fastrtps_cpp;rosidl_typesupport_introspection_cpp
[1.975s] -- Found rmw_implementation_cmake: 1.0.4 (/opt/ros/foxy/share/rmw_implementation_cmake/cmake)
[1.979s] -- Using RMW implementation 'rmw_fastrtps_cpp' as default
[1.982s] -- Looking for pthread.h
[2.357s] -- Looking for pthread.h - found
[2.364s] -- Performing Test CMAKE_HAVE_LIBC_PTHREAD
[2.811s] -- Performing Test CMAKE_HAVE_LIBC_PTHREAD - Failed
[2.825s] -- Looking for pthread_create in pthreads
[3.206s] -- Looking for pthread_create in pthreads - not found
[3.206s] -- Looking for pthread_create in pthread
