[0.365s] Invoking command in '/home/ubuntu/ros2_WS/build/ydlidar_ros2_driver': CMAKE_PREFIX_PATH=${CMAKE_PREFIX_PATH}:/home/ubuntu/ros2_ws/install/ydlidar_tg15:/home/ubuntu/ros2_ws/install/ydliar_tg15_mapping:/home/ubuntu/install/ydlidar_tg15:/opt/ros/foxy /usr/bin/cmake --build /home/ubuntu/ros2_WS/build/ydlidar_ros2_driver -- -j8 -l8
[0.442s] [ 25%] [32mBuilding CXX object CMakeFiles/ydlidar_ros2_driver_client.dir/src/ydlidar_ros2_driver_client.cpp.o[0m
[0.449s] [ 50%] [32mBuilding CXX object CMakeFiles/ydlidar_ros2_driver_node.dir/src/ydlidar_ros2_driver_node.cpp.o[0m
[1.014s] In file included from [01m[K/home/ubuntu/install/ydlidar_sdk/include/core/base/v8stdint.h:142[m[K,
[1.014s]                  from [01m[K/home/ubuntu/install/ydlidar_sdk/include/core/common/DriverInterface.h:2[m[K,
[1.014s]                  from [01m[K/home/ubuntu/install/ydlidar_sdk/include/src/CYdLidar.h:48[m[K,
[1.014s]                  from [01m[K/home/ubuntu/ros2_WS/src/ydlidar_ros2_driver/src/ydlidar_ros2_driver_node.cpp:16[m[K:
[1.015s] [01m[K/home/ubuntu/install/ydlidar_sdk/include/core/base/ydlidar.h:[m[K In function ‘[01m[Kbool ydlidar::core::base::fileExists(const string&)[m[K’:
[1.015s] [01m[K/home/ubuntu/install/ydlidar_sdk/include/core/base/ydlidar.h:183:24:[m[K [01;35m[Kwarning: [m[Kmissing initializer for member ‘[01m[Kstat::st_ino[m[K’ [[01;35m[K-Wmissing-field-initializers[m[K]
[1.015s]   183 |   struct stat info = {0[01;35m[K}[m[K;
[1.015s]       |                        [01;35m[K^[m[K
[1.015s] [01m[K/home/ubuntu/install/ydlidar_sdk/include/core/base/ydlidar.h:183:24:[m[K [01;35m[Kwarning: [m[Kmissing initializer for member ‘[01m[Kstat::st_nlink[m[K’ [[01;35m[K-Wmissing-field-initializers[m[K]
[1.016s] [01m[K/home/ubuntu/install/ydlidar_sdk/include/core/base/ydlidar.h:183:24:[m[K [01;35m[Kwarning: [m[Kmissing initializer for member ‘[01m[Kstat::st_mode[m[K’ [[01;35m[K-Wmissing-field-initializers[m[K]
[1.016s] [01m[K/home/ubuntu/install/ydlidar_sdk/include/core/base/ydlidar.h:183:24:[m[K [01;35m[Kwarning: [m[Kmissing initializer for member ‘[01m[Kstat::st_uid[m[K’ [[01;35m[K-Wmissing-field-initializers[m[K]
[1.016s] [01m[K/home/ubuntu/install/ydlidar_sdk/include/core/base/ydlidar.h:183:24:[m[K [01;35m[Kwarning: [m[Kmissing initializer for member ‘[01m[Kstat::st_gid[m[K’ [[01;35m[K-Wmissing-field-initializers[m[K]
[1.016s] [01m[K/home/ubuntu/install/ydlidar_sdk/include/core/base/ydlidar.h:183:24:[m[K [01;35m[Kwarning: [m[Kmissing initializer for member ‘[01m[Kstat::__pad0[m[K’ [[01;35m[K-Wmissing-field-initializers[m[K]
[1.016s] [01m[K/home/ubuntu/install/ydlidar_sdk/include/core/base/ydlidar.h:183:24:[m[K [01;35m[Kwarning: [m[Kmissing initializer for member ‘[01m[Kstat::st_rdev[m[K’ [[01;35m[K-Wmissing-field-initializers[m[K]
[1.017s] [01m[K/home/ubuntu/install/ydlidar_sdk/include/core/base/ydlidar.h:183:24:[m[K [01;35m[Kwarning: [m[Kmissing initializer for member ‘[01m[Kstat::st_size[m[K’ [[01;35m[K-Wmissing-field-initializers[m[K]
[1.017s] [01m[K/home/ubuntu/install/ydlidar_sdk/include/core/base/ydlidar.h:183:24:[m[K [01;35m[Kwarning: [m[Kmissing initializer for member ‘[01m[Kstat::st_blksize[m[K’ [[01;35m[K-Wmissing-field-initializers[m[K]
[1.017s] [01m[K/home/ubuntu/install/ydlidar_sdk/include/core/base/ydlidar.h:183:24:[m[K [01;35m[Kwarning: [m[Kmissing initializer for member ‘[01m[Kstat::st_blocks[m[K’ [[01;35m[K-Wmissing-field-initializers[m[K]
[1.018s] [01m[K/home/ubuntu/install/ydlidar_sdk/include/core/base/ydlidar.h:183:24:[m[K [01;35m[Kwarning: [m[Kmissing initializer for member ‘[01m[Kstat::st_atim[m[K’ [[01;35m[K-Wmissing-field-initializers[m[K]
[1.018s] [01m[K/home/ubuntu/install/ydlidar_sdk/include/core/base/ydlidar.h:183:24:[m[K [01;35m[Kwarning: [m[Kmissing initializer for member ‘[01m[Kstat::st_mtim[m[K’ [[01;35m[K-Wmissing-field-initializers[m[K]
[1.018s] [01m[K/home/ubuntu/install/ydlidar_sdk/include/core/base/ydlidar.h:183:24:[m[K [01;35m[Kwarning: [m[Kmissing initializer for member ‘[01m[Kstat::st_ctim[m[K’ [[01;35m[K-Wmissing-field-initializers[m[K]
[1.018s] [01m[K/home/ubuntu/install/ydlidar_sdk/include/core/base/ydlidar.h:183:24:[m[K [01;35m[Kwarning: [m[Kmissing initializer for member ‘[01m[Kstat::__glibc_reserved[m[K’ [[01;35m[K-Wmissing-field-initializers[m[K]
[1.018s] In file included from [01m[K/home/ubuntu/install/ydlidar_sdk/include/core/common/DriverInterface.h:3[m[K,
[1.019s]                  from [01m[K/home/ubuntu/install/ydlidar_sdk/include/src/CYdLidar.h:48[m[K,
[1.019s]                  from [01m[K/home/ubuntu/ros2_WS/src/ydlidar_ros2_driver/src/ydlidar_ros2_driver_node.cpp:16[m[K:
[1.019s] [01m[K/home/ubuntu/install/ydlidar_sdk/include/core/base/thread.h:[m[K In static member function ‘[01m[Kstatic ydlidar::core::base::Thread ydlidar::core::base::Thread::createThread(thread_proc_t, void*)[m[K’:
[1.019s] [01m[K/home/ubuntu/install/ydlidar_sdk/include/core/base/thread.h:55:61:[m[K [01;35m[Kwarning: [m[Kcast between incompatible function types from ‘[01m[Kthread_proc_t[m[K’ {aka ‘[01m[Klong unsigned int (*)(void*)[m[K’} to ‘[01m[Kvoid* (*)(void*)[m[K’ [[01;35m[K-Wcast-function-type[m[K]
[1.020s]    55 |                                    NULL, (void *(*)(void *))[01;35m[Kproc[m[K,
[1.020s]       |                                                             [01;35m[K^~~~[m[K
[1.020s] [01m[K/home/ubuntu/install/ydlidar_sdk/include/core/base/thread.h:[m[K In member function ‘[01m[Kint ydlidar::core::base::Thread::join(long unsigned int)[m[K’:
[1.020s] [01m[K/home/ubuntu/install/ydlidar_sdk/include/core/base/thread.h:136:46:[m[K [01;35m[Kwarning: [m[Kformat ‘[01m[K%X[m[K’ expects argument of type ‘[01m[Kunsigned int[m[K’, but argument 2 has type ‘[01m[K_size_t[m[K’ {aka ‘[01m[Klong unsigned int[m[K’} [[01;35m[K-Wformat=[m[K]
[1.020s]   136 |           printf("[YDLIDAR DEBUG] Thread [0x[01;35m[K%X[m[K] ready to cancel[%d]\n", [32m[K_handle[m[K, s);
[1.021s]       |                                             [01;35m[K~^[m[K                          [32m[K~~~~~~~[m[K
[1.021s]       |                                              [01;35m[K|[m[K                          [32m[K|[m[K
[1.021s]       |                                              [01;35m[Kunsigned int[m[K               [32m[K_size_t {aka long unsigned int}[m[K
[1.021s]       |                                             [32m[K%lX[m[K
[1.022s] [01m[K/home/ubuntu/install/ydlidar_sdk/include/core/base/thread.h:138:46:[m[K [01;35m[Kwarning: [m[Kformat ‘[01m[K%X[m[K’ expects argument of type ‘[01m[Kunsigned int[m[K’, but argument 2 has type ‘[01m[K_size_t[m[K’ {aka ‘[01m[Klong unsigned int[m[K’} [[01;35m[K-Wformat=[m[K]
[1.022s]   138 |           printf("[YDLIDAR DEBUG] Thread [0x[01;35m[K%X[m[K] ready to cancel[%d] time[%u]\n",
[1.022s]       |                                             [01;35m[K~^[m[K
[1.022s]       |                                              [01;35m[K|[m[K
[1.022s]       |                                              [01;35m[Kunsigned int[m[K
[1.023s]       |                                             [32m[K%lX[m[K
[1.023s]   139 |             [32m[K_handle[m[K, s, getms() - t);
[1.023s]       |             [32m[K~~~~~~~[m[K                           
[1.023s]       |             [32m[K|[m[K
[1.023s]       |             [32m[K_size_t {aka long unsigned int}[m[K
[1.024s] [01m[K/home/ubuntu/install/ydlidar_sdk/include/core/base/thread.h:142:42:[m[K [01;35m[Kwarning: [m[Kformat ‘[01m[K%X[m[K’ expects argument of type ‘[01m[Kunsigned int[m[K’, but argument 2 has type ‘[01m[K_size_t[m[K’ {aka ‘[01m[Klong unsigned int[m[K’} [[01;35m[K-Wformat=[m[K]
[1.024s]   142 |             printf("[YDLIDAR] Thread [0x[01;35m[K%X[m[K] has been canceled in other thread\n", [32m[K_handle[m[K);
[1.024s]       |                                         [01;35m[K~^[m[K                                        [32m[K~~~~~~~[m[K
[1.024s]       |                                          [01;35m[K|[m[K                                        [32m[K|[m[K
[1.024s]       |                                          [01;35m[Kunsigned int[m[K                             [32m[K_size_t {aka long unsigned int}[m[K
[1.025s]       |                                         [32m[K%lX[m[K
[1.026s] [01m[K/home/ubuntu/install/ydlidar_sdk/include/core/base/thread.h:147:74:[m[K [01;35m[Kwarning: [m[Kformat ‘[01m[K%X[m[K’ expects argument of type ‘[01m[Kunsigned int[m[K’, but argument 3 has type ‘[01m[K_size_t[m[K’ {aka ‘[01m[Klong unsigned int[m[K’} [[01;35m[K-Wformat=[m[K]
[1.026s]   147 |             fprintf(stderr, "[YDLIDAR] An error occurred while thread[0x[01;35m[K%X[m[K] cancelled!\n", [32m[K_handle[m[K);
[1.026s]       |                                                                         [01;35m[K~^[m[K                 [32m[K~~~~~~~[m[K
[1.026s]       |                                                                          [01;35m[K|[m[K                 [32m[K|[m[K
[1.027s]       |                                                                          [01;35m[Kunsigned int[m[K      [32m[K_size_t {aka long unsigned int}[m[K
[1.027s]       |                                                                         [32m[K%lX[m[K
[1.027s] [01m[K/home/ubuntu/install/ydlidar_sdk/include/core/base/thread.h:151:40:[m[K [01;35m[Kwarning: [m[Kformat ‘[01m[K%X[m[K’ expects argument of type ‘[01m[Kunsigned int[m[K’, but argument 2 has type ‘[01m[K_size_t[m[K’ {aka ‘[01m[Klong unsigned int[m[K’} [[01;35m[K-Wformat=[m[K]
[1.027s]   151 |           printf("[YDLIDAR] Thread [0x[01;35m[K%X[m[K] has been canceled\n", [32m[K_handle[m[K);
[1.027s]       |                                       [01;35m[K~^[m[K                        [32m[K~~~~~~~[m[K
[1.027s]       |                                        [01;35m[K|[m[K                        [32m[K|[m[K
[1.028s]       |                                        [01;35m[Kunsigned int[m[K             [32m[K_size_t {aka long unsigned int}[m[K
[1.028s]       |                                       [32m[K%lX[m[K
[1.194s] In file included from [01m[K/home/ubuntu/install/ydlidar_sdk/include/core/common/DriverInterface.h:6[m[K,
[1.195s]                  from [01m[K/home/ubuntu/install/ydlidar_sdk/include/src/CYdLidar.h:48[m[K,
[1.197s]                  from [01m[K/home/ubuntu/ros2_WS/src/ydlidar_ros2_driver/src/ydlidar_ros2_driver_node.cpp:16[m[K:
[1.198s] [01m[K/home/ubuntu/install/ydlidar_sdk/include/core/common/ydlidar_protocol.h:[m[K At global scope:
[1.200s] [01m[K/home/ubuntu/install/ydlidar_sdk/include/core/common/ydlidar_protocol.h:302:22:[m[K [01;35m[Kwarning: [m[Kmissing initializer for member ‘[01m[Kdevice_info::firmware_version[m[K’ [[01;35m[K-Wmissing-field-initializers[m[K]
[1.201s]   302 |   device_info di = {0[01;35m[K}[m[K;
[1.202s]       |                      [01;35m[K^[m[K
[1.204s] [01m[K/home/ubuntu/install/ydlidar_sdk/include/core/common/ydlidar_protocol.h:302:22:[m[K [01;35m[Kwarning: [m[Kmissing initializer for member ‘[01m[Kdevice_info::hardware_version[m[K’ [[01;35m[K-Wmissing-field-initializers[m[K]
[1.206s] [01m[K/home/ubuntu/install/ydlidar_sdk/include/core/common/ydlidar_protocol.h:302:22:[m[K [01;35m[Kwarning: [m[Kmissing initializer for member ‘[01m[Kdevice_info::serialnum[m[K’ [[01;35m[K-Wmissing-field-initializers[m[K]
[1.214s] In file included from [01m[K/home/ubuntu/install/ydlidar_sdk/include/src/CYdLidar.h:48[m[K,
[1.216s]                  from [01m[K/home/ubuntu/ros2_WS/src/ydlidar_ros2_driver/src/ydlidar_ros2_driver_node.cpp:16[m[K:
[1.217s] [01m[K/home/ubuntu/install/ydlidar_sdk/include/core/common/DriverInterface.h:[m[K In member function ‘[01m[Kvirtual bool ydlidar::core::common::DriverInterface::getDeviceInfoEx(device_info&, int)[m[K’:
[1.218s] [01m[K/home/ubuntu/install/ydlidar_sdk/include/core/common/DriverInterface.h:268:59:[m[K [01;35m[Kwarning: [m[Kunused parameter ‘[01m[Ktype[m[K’ [[01;35m[K-Wunused-parameter[m[K]
[1.219s]   268 |         virtual bool getDeviceInfoEx(device_info &di, [01;35m[Kint type=EPT_Module[m[K)
[1.220s]       |                                                       [01;35m[K~~~~^~~~~~~~~~~~~~~[m[K
[1.222s] [01m[K/home/ubuntu/install/ydlidar_sdk/include/core/common/DriverInterface.h:[m[K In member function ‘[01m[Kvirtual result_t ydlidar::core::common::DriverInterface::getScanFrequency(scan_frequency&, uint32_t)[m[K’:
[1.223s] [01m[K/home/ubuntu/install/ydlidar_sdk/include/core/common/DriverInterface.h:316:59:[m[K [01;35m[Kwarning: [m[Kunused parameter ‘[01m[Kfrequency[m[K’ [[01;35m[K-Wunused-parameter[m[K]
[1.224s]   316 |         virtual result_t getScanFrequency([01;35m[Kscan_frequency &frequency[m[K,
[1.225s]       |                                           [01;35m[K~~~~~~~~~~~~~~~~^~~~~~~~~[m[K
[1.227s] [01m[K/home/ubuntu/install/ydlidar_sdk/include/core/common/DriverInterface.h:317:52:[m[K [01;35m[Kwarning: [m[Kunused parameter ‘[01m[Ktimeout[m[K’ [[01;35m[K-Wunused-parameter[m[K]
[1.228s]   317 |                                           [01;35m[Kuint32_t timeout = DEFAULT_TIMEOUT[m[K)
[1.229s]       |                                           [01;35m[K~~~~~~~~~^~~~~~~~~~~~~~~~~~~~~~~~~[m[K
[1.230s] [01m[K/home/ubuntu/install/ydlidar_sdk/include/core/common/DriverInterface.h:[m[K In member function ‘[01m[Kvirtual result_t ydlidar::core::common::DriverInterface::setScanFrequencyAdd(scan_frequency&, uint32_t)[m[K’:
[1.231s] [01m[K/home/ubuntu/install/ydlidar_sdk/include/core/common/DriverInterface.h:331:62:[m[K [01;35m[Kwarning: [m[Kunused parameter ‘[01m[Kfrequency[m[K’ [[01;35m[K-Wunused-parameter[m[K]
[1.233s]   331 |         virtual result_t setScanFrequencyAdd([01;35m[Kscan_frequency &frequency[m[K,
[1.234s]       |                                              [01;35m[K~~~~~~~~~~~~~~~~^~~~~~~~~[m[K
[1.236s] [01m[K/home/ubuntu/install/ydlidar_sdk/include/core/common/DriverInterface.h:332:55:[m[K [01;35m[Kwarning: [m[Kunused parameter ‘[01m[Ktimeout[m[K’ [[01;35m[K-Wunused-parameter[m[K]
[1.237s]   332 |                                              [01;35m[Kuint32_t timeout = DEFAULT_TIMEOUT[m[K)
[1.239s]       |                                              [01;35m[K~~~~~~~~~^~~~~~~~~~~~~~~~~~~~~~~~~[m[K
[1.240s] [01m[K/home/ubuntu/install/ydlidar_sdk/include/core/common/DriverInterface.h:[m[K In member function ‘[01m[Kvirtual result_t ydlidar::core::common::DriverInterface::setScanFrequencyDis(scan_frequency&, uint32_t)[m[K’:
[1.242s] [01m[K/home/ubuntu/install/ydlidar_sdk/include/core/common/DriverInterface.h:346:62:[m[K [01;35m[Kwarning: [m[Kunused parameter ‘[01m[Kfrequency[m[K’ [[01;35m[K-Wunused-parameter[m[K]
[1.244s]   346 |         virtual result_t setScanFrequencyDis([01;35m[Kscan_frequency &frequency[m[K,
[1.245s]       |                                              [01;35m[K~~~~~~~~~~~~~~~~^~~~~~~~~[m[K
[1.246s] [01m[K/home/ubuntu/install/ydlidar_sdk/include/core/common/DriverInterface.h:347:55:[m[K [01;35m[Kwarning: [m[Kunused parameter ‘[01m[Ktimeout[m[K’ [[01;35m[K-Wunused-parameter[m[K]
[1.247s]   347 |                                              [01;35m[Kuint32_t timeout = DEFAULT_TIMEOUT[m[K)
[1.249s]       |                                              [01;35m[K~~~~~~~~~^~~~~~~~~~~~~~~~~~~~~~~~~[m[K
[1.250s] [01m[K/home/ubuntu/install/ydlidar_sdk/include/core/common/DriverInterface.h:[m[K In member function ‘[01m[Kvirtual result_t ydlidar::core::common::DriverInterface::setScanFrequencyAddMic(scan_frequency&, uint32_t)[m[K’:
[1.251s] [01m[K/home/ubuntu/install/ydlidar_sdk/include/core/common/DriverInterface.h:361:65:[m[K [01;35m[Kwarning: [m[Kunused parameter ‘[01m[Kfrequency[m[K’ [[01;35m[K-Wunused-parameter[m[K]
[1.252s]   361 |         virtual result_t setScanFrequencyAddMic([01;35m[Kscan_frequency &frequency[m[K,
[1.253s]       |                                                 [01;35m[K~~~~~~~~~~~~~~~~^~~~~~~~~[m[K
[1.254s] [01m[K/home/ubuntu/install/ydlidar_sdk/include/core/common/DriverInterface.h:362:58:[m[K [01;35m[Kwarning: [m[Kunused parameter ‘[01m[Ktimeout[m[K’ [[01;35m[K-Wunused-parameter[m[K]
[1.257s]   362 |                                                 [01;35m[Kuint32_t timeout = DEFAULT_TIMEOUT[m[K)
[1.258s]       |                                                 [01;35m[K~~~~~~~~~^~~~~~~~~~~~~~~~~~~~~~~~~[m[K
[1.260s] [01m[K/home/ubuntu/install/ydlidar_sdk/include/core/common/DriverInterface.h:[m[K In member function ‘[01m[Kvirtual result_t ydlidar::core::common::DriverInterface::setScanFrequencyDisMic(scan_frequency&, uint32_t)[m[K’:
[1.261s] [01m[K/home/ubuntu/install/ydlidar_sdk/include/core/common/DriverInterface.h:376:65:[m[K [01;35m[Kwarning: [m[Kunused parameter ‘[01m[Kfrequency[m[K’ [[01;35m[K-Wunused-parameter[m[K]
[1.263s]   376 |         virtual result_t setScanFrequencyDisMic([01;35m[Kscan_frequency &frequency[m[K,
[1.264s]       |                                                 [01;35m[K~~~~~~~~~~~~~~~~^~~~~~~~~[m[K
[1.265s] [01m[K/home/ubuntu/install/ydlidar_sdk/include/core/common/DriverInterface.h:377:58:[m[K [01;35m[Kwarning: [m[Kunused parameter ‘[01m[Ktimeout[m[K’ [[01;35m[K-Wunused-parameter[m[K]
[1.267s]   377 |                                                 [01;35m[Kuint32_t timeout = DEFAULT_TIMEOUT[m[K)
[1.268s]       |                                                 [01;35m[K~~~~~~~~~^~~~~~~~~~~~~~~~~~~~~~~~~[m[K
[1.270s] [01m[K/home/ubuntu/install/ydlidar_sdk/include/core/common/DriverInterface.h:[m[K In member function ‘[01m[Kvirtual result_t ydlidar::core::common::DriverInterface::getSamplingRate(sampling_rate&, uint32_t)[m[K’:
[1.272s] [01m[K/home/ubuntu/install/ydlidar_sdk/include/core/common/DriverInterface.h:391:57:[m[K [01;35m[Kwarning: [m[Kunused parameter ‘[01m[Krate[m[K’ [[01;35m[K-Wunused-parameter[m[K]
[1.273s]   391 |         virtual result_t getSamplingRate([01;35m[Ksampling_rate &rate[m[K,
[1.273s]       |                                          [01;35m[K~~~~~~~~~~~~~~~^~~~[m[K
[1.273s] [01m[K/home/ubuntu/install/ydlidar_sdk/include/core/common/DriverInterface.h:392:51:[m[K [01;35m[Kwarning: [m[Kunused parameter ‘[01m[Ktimeout[m[K’ [[01;35m[K-Wunused-parameter[m[K]
[1.273s]   392 |                                          [01;35m[Kuint32_t timeout = DEFAULT_TIMEOUT[m[K)
[1.273s]       |                                          [01;35m[K~~~~~~~~~^~~~~~~~~~~~~~~~~~~~~~~~~[m[K
[1.274s] [01m[K/home/ubuntu/install/ydlidar_sdk/include/core/common/DriverInterface.h:[m[K In member function ‘[01m[Kvirtual result_t ydlidar::core::common::DriverInterface::setSamplingRate(sampling_rate&, uint32_t)[m[K’:
[1.274s] [01m[K/home/ubuntu/install/ydlidar_sdk/include/core/common/DriverInterface.h:406:57:[m[K [01;35m[Kwarning: [m[Kunused parameter ‘[01m[Krate[m[K’ [[01;35m[K-Wunused-parameter[m[K]
[1.274s]   406 |         virtual result_t setSamplingRate([01;35m[Ksampling_rate &rate[m[K,
[1.274s]       |                                          [01;35m[K~~~~~~~~~~~~~~~^~~~[m[K
[1.274s] [01m[K/home/ubuntu/install/ydlidar_sdk/include/core/common/DriverInterface.h:407:51:[m[K [01;35m[Kwarning: [m[Kunused parameter ‘[01m[Ktimeout[m[K’ [[01;35m[K-Wunused-parameter[m[K]
[1.275s]   407 |                                          [01;35m[Kuint32_t timeout = DEFAULT_TIMEOUT[m[K)
[1.275s]       |                                          [01;35m[K~~~~~~~~~^~~~~~~~~~~~~~~~~~~~~~~~~[m[K
[1.275s] [01m[K/home/ubuntu/install/ydlidar_sdk/include/core/common/DriverInterface.h:[m[K In member function ‘[01m[Kvirtual result_t ydlidar::core::common::DriverInterface::getZeroOffsetAngle(offset_angle&, uint32_t)[m[K’:
[1.275s] [01m[K/home/ubuntu/install/ydlidar_sdk/include/core/common/DriverInterface.h:421:59:[m[K [01;35m[Kwarning: [m[Kunused parameter ‘[01m[Kangle[m[K’ [[01;35m[K-Wunused-parameter[m[K]
[1.275s]   421 |         virtual result_t getZeroOffsetAngle([01;35m[Koffset_angle &angle[m[K,
[1.275s]       |                                             [01;35m[K~~~~~~~~~~~~~~^~~~~[m[K
[1.276s] [01m[K/home/ubuntu/install/ydlidar_sdk/include/core/common/DriverInterface.h:422:54:[m[K [01;35m[Kwarning: [m[Kunused parameter ‘[01m[Ktimeout[m[K’ [[01;35m[K-Wunused-parameter[m[K]
[1.276s]   422 |                                             [01;35m[Kuint32_t timeout = DEFAULT_TIMEOUT[m[K)
[1.276s]       |                                             [01;35m[K~~~~~~~~~^~~~~~~~~~~~~~~~~~~~~~~~~[m[K
[1.276s] [01m[K/home/ubuntu/install/ydlidar_sdk/include/core/common/DriverInterface.h:[m[K In member function ‘[01m[Kvirtual result_t ydlidar::core::common::DriverInterface::setScanHeartbeat(scan_heart_beat&, uint32_t)[m[K’:
[1.276s] [01m[K/home/ubuntu/install/ydlidar_sdk/include/core/common/DriverInterface.h:437:60:[m[K [01;35m[Kwarning: [m[Kunused parameter ‘[01m[Kbeat[m[K’ [[01;35m[K-Wunused-parameter[m[K]
[1.276s]   437 |         virtual result_t setScanHeartbeat([01;35m[Kscan_heart_beat &beat[m[K,
[1.277s]       |                                           [01;35m[K~~~~~~~~~~~~~~~~~^~~~[m[K
[1.277s] [01m[K/home/ubuntu/install/ydlidar_sdk/include/core/common/DriverInterface.h:438:52:[m[K [01;35m[Kwarning: [m[Kunused parameter ‘[01m[Ktimeout[m[K’ [[01;35m[K-Wunused-parameter[m[K]
[1.277s]   438 |                                           [01;35m[Kuint32_t timeout = DEFAULT_TIMEOUT[m[K)
[1.277s]       |                                           [01;35m[K~~~~~~~~~^~~~~~~~~~~~~~~~~~~~~~~~~[m[K
[1.277s] [01m[K/home/ubuntu/install/ydlidar_sdk/include/core/common/DriverInterface.h:[m[K In member function ‘[01m[Kvirtual result_t ydlidar::core::common::DriverInterface::setWorkMode(int, uint8_t)[m[K’:
[1.277s] [01m[K/home/ubuntu/install/ydlidar_sdk/include/core/common/DriverInterface.h:469:42:[m[K [01;35m[Kwarning: [m[Kunused parameter ‘[01m[Kmode[m[K’ [[01;35m[K-Wunused-parameter[m[K]
[1.278s]   469 |         virtual result_t setWorkMode([01;35m[Kint mode = 0[m[K, uint8_t addr = 0x00) {
[1.278s]       |                                      [01;35m[K~~~~^~~~~~~~[m[K
[1.278s] [01m[K/home/ubuntu/install/ydlidar_sdk/include/core/common/DriverInterface.h:469:60:[m[K [01;35m[Kwarning: [m[Kunused parameter ‘[01m[Kaddr[m[K’ [[01;35m[K-Wunused-parameter[m[K]
[1.278s]   469 |         virtual result_t setWorkMode(int mode = 0, [01;35m[Kuint8_t addr = 0x00[m[K) {
[1.278s]       |                                                    [01;35m[K~~~~~~~~^~~~~~~~~~~[m[K
[2.797s] [01m[K/home/ubuntu/ros2_WS/src/ydlidar_ros2_driver/src/ydlidar_ros2_driver_node.cpp:[m[K In lambda function:
[2.797s] [01m[K/home/ubuntu/ros2_WS/src/ydlidar_ros2_driver/src/ydlidar_ros2_driver_node.cpp:168:54:[m[K [01;35m[Kwarning: [m[Kunused parameter ‘[01m[Krequest_header[m[K’ [[01;35m[K-Wunused-parameter[m[K]
[2.797s]   168 |     [&laser]([01;35m[Kconst std::shared_ptr<rmw_request_id_t> request_header[m[K,
[2.797s]       |              [01;35m[K~~~~~~~~~~~~~~~~~~~~~~~~~~~~~~~~~~~~~~~~^~~~~~~~~~~~~~[m[K
[2.797s] [01m[K/home/ubuntu/ros2_WS/src/ydlidar_ros2_driver/src/ydlidar_ros2_driver_node.cpp:169:56:[m[K [01;35m[Kwarning: [m[Kunused parameter ‘[01m[Kreq[m[K’ [[01;35m[K-Wunused-parameter[m[K]
[2.797s]   169 |   [01;35m[Kconst std::shared_ptr<std_srvs::srv::Empty::Request> req[m[K,
[2.798s]       |   [01;35m[K~~~~~~~~~~~~~~~~~~~~~~~~~~~~~~~~~~~~~~~~~~~~~~~~~~~~~^~~[m[K
[2.798s] [01m[K/home/ubuntu/ros2_WS/src/ydlidar_ros2_driver/src/ydlidar_ros2_driver_node.cpp:170:51:[m[K [01;35m[Kwarning: [m[Kunused parameter ‘[01m[Kresponse[m[K’ [[01;35m[K-Wunused-parameter[m[K]
[2.798s]   170 |   [01;35m[Kstd::shared_ptr<std_srvs::srv::Empty::Response> response[m[K) -> bool
[2.798s]       |   [01;35m[K~~~~~~~~~~~~~~~~~~~~~~~~~~~~~~~~~~~~~~~~~~~~~~~~^~~~~~~~[m[K
[2.802s] [01m[K/home/ubuntu/ros2_WS/src/ydlidar_ros2_driver/src/ydlidar_ros2_driver_node.cpp:[m[K In lambda function:
[2.802s] [01m[K/home/ubuntu/ros2_WS/src/ydlidar_ros2_driver/src/ydlidar_ros2_driver_node.cpp:178:54:[m[K [01;35m[Kwarning: [m[Kunused parameter ‘[01m[Krequest_header[m[K’ [[01;35m[K-Wunused-parameter[m[K]
[2.802s]   178 |     [&laser]([01;35m[Kconst std::shared_ptr<rmw_request_id_t> request_header[m[K,
[2.802s]       |              [01;35m[K~~~~~~~~~~~~~~~~~~~~~~~~~~~~~~~~~~~~~~~~^~~~~~~~~~~~~~[m[K
[2.803s] [01m[K/home/ubuntu/ros2_WS/src/ydlidar_ros2_driver/src/ydlidar_ros2_driver_node.cpp:179:56:[m[K [01;35m[Kwarning: [m[Kunused parameter ‘[01m[Kreq[m[K’ [[01;35m[K-Wunused-parameter[m[K]
[2.803s]   179 |   [01;35m[Kconst std::shared_ptr<std_srvs::srv::Empty::Request> req[m[K,
[2.803s]       |   [01;35m[K~~~~~~~~~~~~~~~~~~~~~~~~~~~~~~~~~~~~~~~~~~~~~~~~~~~~~^~~[m[K
[2.803s] [01m[K/home/ubuntu/ros2_WS/src/ydlidar_ros2_driver/src/ydlidar_ros2_driver_node.cpp:180:51:[m[K [01;35m[Kwarning: [m[Kunused parameter ‘[01m[Kresponse[m[K’ [[01;35m[K-Wunused-parameter[m[K]
[2.803s]   180 |   [01;35m[Kstd::shared_ptr<std_srvs::srv::Empty::Response> response[m[K) -> bool
[2.803s]       |   [01;35m[K~~~~~~~~~~~~~~~~~~~~~~~~~~~~~~~~~~~~~~~~~~~~~~~~^~~~~~~~[m[K
[5.197s] [ 75%] [32m[1mLinking CXX executable ydlidar_ros2_driver_node[0m
[5.504s] [ 75%] Built target ydlidar_ros2_driver_node
[6.360s] [100%] [32m[1mLinking CXX executable ydlidar_ros2_driver_client[0m
[6.625s] [100%] Built target ydlidar_ros2_driver_client
[6.637s] Invoked command in '/home/ubuntu/ros2_WS/build/ydlidar_ros2_driver' returned '0': CMAKE_PREFIX_PATH=${CMAKE_PREFIX_PATH}:/home/ubuntu/ros2_ws/install/ydlidar_tg15:/home/ubuntu/ros2_ws/install/ydliar_tg15_mapping:/home/ubuntu/install/ydlidar_tg15:/opt/ros/foxy /usr/bin/cmake --build /home/ubuntu/ros2_WS/build/ydlidar_ros2_driver -- -j8 -l8
[6.665s] Invoking command in '/home/ubuntu/ros2_WS/build/ydlidar_ros2_driver': CMAKE_PREFIX_PATH=${CMAKE_PREFIX_PATH}:/home/ubuntu/ros2_ws/install/ydlidar_tg15:/home/ubuntu/ros2_ws/install/ydliar_tg15_mapping:/home/ubuntu/install/ydlidar_tg15:/opt/ros/foxy /usr/bin/cmake --install /home/ubuntu/ros2_WS/build/ydlidar_ros2_driver
[6.680s] -- Install configuration: ""
[6.681s] -- Execute custom install script
[6.682s] -- Symlinking: /home/ubuntu/ros2_WS/install/ydlidar_ros2_driver/lib/ydlidar_ros2_driver/ydlidar_ros2_driver_node
[6.692s] -- Symlinking: /home/ubuntu/ros2_WS/install/ydlidar_ros2_driver/lib/ydlidar_ros2_driver/ydlidar_ros2_driver_client
[6.703s] -- Symlinking: /home/ubuntu/ros2_WS/install/ydlidar_ros2_driver/share/ydlidar_ros2_driver/launch/ydlidar.py
[6.714s] -- Symlinking: /home/ubuntu/ros2_WS/install/ydlidar_ros2_driver/share/ydlidar_ros2_driver/launch/ydlidar_launch.py
[6.723s] -- Symlinking: /home/ubuntu/ros2_WS/install/ydlidar_ros2_driver/share/ydlidar_ros2_driver/launch/ydlidar_launch_view.py
[6.734s] -- Symlinking: /home/ubuntu/ros2_WS/install/ydlidar_ros2_driver/share/ydlidar_ros2_driver/params/G1.yaml
[6.744s] -- Symlinking: /home/ubuntu/ros2_WS/install/ydlidar_ros2_driver/share/ydlidar_ros2_driver/params/G2.yaml
[6.754s] -- Symlinking: /home/ubuntu/ros2_WS/install/ydlidar_ros2_driver/share/ydlidar_ros2_driver/params/G6.yaml
[6.765s] -- Symlinking: /home/ubuntu/ros2_WS/install/ydlidar_ros2_driver/share/ydlidar_ros2_driver/params/GS2.yaml
[6.775s] -- Symlinking: /home/ubuntu/ros2_WS/install/ydlidar_ros2_driver/share/ydlidar_ros2_driver/params/TEA.yaml
[6.784s] -- Symlinking: /home/ubuntu/ros2_WS/install/ydlidar_ros2_driver/share/ydlidar_ros2_driver/params/TG.yaml
[6.793s] -- Symlinking: /home/ubuntu/ros2_WS/install/ydlidar_ros2_driver/share/ydlidar_ros2_driver/params/TminiPro.yaml
[6.802s] -- Symlinking: /home/ubuntu/ros2_WS/install/ydlidar_ros2_driver/share/ydlidar_ros2_driver/params/X2.yaml
[6.811s] -- Symlinking: /home/ubuntu/ros2_WS/install/ydlidar_ros2_driver/share/ydlidar_ros2_driver/params/X4-Pro.yaml
[6.820s] -- Symlinking: /home/ubuntu/ros2_WS/install/ydlidar_ros2_driver/share/ydlidar_ros2_driver/params/X4.yaml
[6.828s] -- Symlinking: /home/ubuntu/ros2_WS/install/ydlidar_ros2_driver/share/ydlidar_ros2_driver/params/ydlidar.yaml
[6.837s] -- Symlinking: /home/ubuntu/ros2_WS/install/ydlidar_ros2_driver/share/ydlidar_ros2_driver/startup/initenv.sh
[6.846s] -- Symlinking: /home/ubuntu/ros2_WS/install/ydlidar_ros2_driver/share/ydlidar_ros2_driver/config/ydlidar.rviz
[6.856s] -- Symlinking: /home/ubuntu/ros2_WS/install/ydlidar_ros2_driver/share/ament_index/resource_index/package_run_dependencies/ydlidar_ros2_driver
[6.868s] -- Symlinking: /home/ubuntu/ros2_WS/install/ydlidar_ros2_driver/share/ament_index/resource_index/parent_prefix_path/ydlidar_ros2_driver
[6.878s] -- Symlinking: /home/ubuntu/ros2_WS/install/ydlidar_ros2_driver/share/ydlidar_ros2_driver/environment/ament_prefix_path.sh
[6.888s] -- Symlinking: /home/ubuntu/ros2_WS/install/ydlidar_ros2_driver/share/ydlidar_ros2_driver/environment/ament_prefix_path.dsv
[6.897s] -- Symlinking: /home/ubuntu/ros2_WS/install/ydlidar_ros2_driver/share/ydlidar_ros2_driver/environment/path.sh
[6.907s] -- Symlinking: /home/ubuntu/ros2_WS/install/ydlidar_ros2_driver/share/ydlidar_ros2_driver/environment/path.dsv
[6.915s] -- Symlinking: /home/ubuntu/ros2_WS/install/ydlidar_ros2_driver/share/ydlidar_ros2_driver/local_setup.bash
[6.924s] -- Symlinking: /home/ubuntu/ros2_WS/install/ydlidar_ros2_driver/share/ydlidar_ros2_driver/local_setup.sh
[6.933s] -- Symlinking: /home/ubuntu/ros2_WS/install/ydlidar_ros2_driver/share/ydlidar_ros2_driver/local_setup.zsh
[6.941s] -- Symlinking: /home/ubuntu/ros2_WS/install/ydlidar_ros2_driver/share/ydlidar_ros2_driver/local_setup.dsv
[6.950s] -- Symlinking: /home/ubuntu/ros2_WS/install/ydlidar_ros2_driver/share/ydlidar_ros2_driver/package.dsv
[6.959s] -- Symlinking: /home/ubuntu/ros2_WS/install/ydlidar_ros2_driver/share/ament_index/resource_index/packages/ydlidar_ros2_driver
[6.974s] -- Symlinking: /home/ubuntu/ros2_WS/install/ydlidar_ros2_driver/share/ydlidar_ros2_driver/cmake/ydlidar_ros2_driverConfig.cmake
[6.983s] -- Symlinking: /home/ubuntu/ros2_WS/install/ydlidar_ros2_driver/share/ydlidar_ros2_driver/cmake/ydlidar_ros2_driverConfig-version.cmake
[6.991s] -- Symlinking: /home/ubuntu/ros2_WS/install/ydlidar_ros2_driver/share/ydlidar_ros2_driver/package.xml
[7.002s] Invoked command in '/home/ubuntu/ros2_WS/build/ydlidar_ros2_driver' returned '0': CMAKE_PREFIX_PATH=${CMAKE_PREFIX_PATH}:/home/ubuntu/ros2_ws/install/ydlidar_tg15:/home/ubuntu/ros2_ws/install/ydliar_tg15_mapping:/home/ubuntu/install/ydlidar_tg15:/opt/ros/foxy /usr/bin/cmake --install /home/ubuntu/ros2_WS/build/ydlidar_ros2_driver
