[0.483s] Invoking command in '/home/ubuntu/ros2_WS/src/build/ydlidar_ros2_driver': CMAKE_PREFIX_PATH=${CMAKE_PREFIX_PATH}:/home/ubuntu/ros2_WS/src/install/ydlidar_tg15:/opt/ros/foxy /usr/bin/cmake --build /home/ubuntu/ros2_WS/src/build/ydlidar_ros2_driver -- -j8 -l8
[0.570s] [ 50%] Built target ydlidar_ros2_driver_node
[0.575s] [100%] Built target ydlidar_ros2_driver_client
[0.927s] Invoked command in '/home/ubuntu/ros2_WS/src/build/ydlidar_ros2_driver' returned '0': CMAKE_PREFIX_PATH=${CMAKE_PREFIX_PATH}:/home/ubuntu/ros2_WS/src/install/ydlidar_tg15:/opt/ros/foxy /usr/bin/cmake --build /home/ubuntu/ros2_WS/src/build/ydlidar_ros2_driver -- -j8 -l8
[0.973s] Invoking command in '/home/ubuntu/ros2_WS/src/build/ydlidar_ros2_driver': CMAKE_PREFIX_PATH=${CMAKE_PREFIX_PATH}:/home/ubuntu/ros2_WS/src/install/ydlidar_tg15:/opt/ros/foxy /usr/bin/cmake --install /home/ubuntu/ros2_WS/src/build/ydlidar_ros2_driver
[0.990s] -- Install configuration: ""
[0.991s] -- Execute custom install script
[0.991s] -- Up-to-date symlink: /home/ubuntu/ros2_WS/src/install/ydlidar_ros2_driver/lib/ydlidar_ros2_driver/ydlidar_ros2_driver_node
[0.992s] -- Up-to-date symlink: /home/ubuntu/ros2_WS/src/install/ydlidar_ros2_driver/lib/ydlidar_ros2_driver/ydlidar_ros2_driver_client
[0.993s] -- Up-to-date symlink: /home/ubuntu/ros2_WS/src/install/ydlidar_ros2_driver/share/ydlidar_ros2_driver/launch/ydlidar.py
[0.995s] -- Up-to-date symlink: /home/ubuntu/ros2_WS/src/install/ydlidar_ros2_driver/share/ydlidar_ros2_driver/launch/ydlidar_launch.py
[0.996s] -- Up-to-date symlink: /home/ubuntu/ros2_WS/src/install/ydlidar_ros2_driver/share/ydlidar_ros2_driver/launch/ydlidar_launch_view.py
[0.996s] -- Up-to-date symlink: /home/ubuntu/ros2_WS/src/install/ydlidar_ros2_driver/share/ydlidar_ros2_driver/params/G1.yaml
[0.997s] -- Up-to-date symlink: /home/ubuntu/ros2_WS/src/install/ydlidar_ros2_driver/share/ydlidar_ros2_driver/params/G2.yaml
[0.997s] -- Up-to-date symlink: /home/ubuntu/ros2_WS/src/install/ydlidar_ros2_driver/share/ydlidar_ros2_driver/params/G6.yaml
[0.997s] -- Up-to-date symlink: /home/ubuntu/ros2_WS/src/install/ydlidar_ros2_driver/share/ydlidar_ros2_driver/params/GS2.yaml
[0.997s] -- Up-to-date symlink: /home/ubuntu/ros2_WS/src/install/ydlidar_ros2_driver/share/ydlidar_ros2_driver/params/TEA.yaml
[0.998s] -- Up-to-date symlink: /home/ubuntu/ros2_WS/src/install/ydlidar_ros2_driver/share/ydlidar_ros2_driver/params/TG.yaml
[0.998s] -- Up-to-date symlink: /home/ubuntu/ros2_WS/src/install/ydlidar_ros2_driver/share/ydlidar_ros2_driver/params/TminiPro.yaml
[0.998s] -- Up-to-date symlink: /home/ubuntu/ros2_WS/src/install/ydlidar_ros2_driver/share/ydlidar_ros2_driver/params/X2.yaml
[0.999s] -- Up-to-date symlink: /home/ubuntu/ros2_WS/src/install/ydlidar_ros2_driver/share/ydlidar_ros2_driver/params/X4-Pro.yaml
[0.999s] -- Up-to-date symlink: /home/ubuntu/ros2_WS/src/install/ydlidar_ros2_driver/share/ydlidar_ros2_driver/params/X4.yaml
[1.000s] -- Up-to-date symlink: /home/ubuntu/ros2_WS/src/install/ydlidar_ros2_driver/share/ydlidar_ros2_driver/params/ydlidar.yaml
[1.001s] -- Up-to-date symlink: /home/ubuntu/ros2_WS/src/install/ydlidar_ros2_driver/share/ydlidar_ros2_driver/startup/initenv.sh
[1.001s] -- Up-to-date symlink: /home/ubuntu/ros2_WS/src/install/ydlidar_ros2_driver/share/ydlidar_ros2_driver/config/ydlidar.rviz
[1.003s] -- Up-to-date symlink: /home/ubuntu/ros2_WS/src/install/ydlidar_ros2_driver/share/ament_index/resource_index/package_run_dependencies/ydlidar_ros2_driver
[1.004s] -- Up-to-date symlink: /home/ubuntu/ros2_WS/src/install/ydlidar_ros2_driver/share/ament_index/resource_index/parent_prefix_path/ydlidar_ros2_driver
[1.004s] -- Up-to-date symlink: /home/ubuntu/ros2_WS/src/install/ydlidar_ros2_driver/share/ydlidar_ros2_driver/environment/ament_prefix_path.sh
[1.004s] -- Up-to-date symlink: /home/ubuntu/ros2_WS/src/install/ydlidar_ros2_driver/share/ydlidar_ros2_driver/environment/ament_prefix_path.dsv
[1.005s] -- Up-to-date symlink: /home/ubuntu/ros2_WS/src/install/ydlidar_ros2_driver/share/ydlidar_ros2_driver/environment/path.sh
[1.006s] -- Up-to-date symlink: /home/ubuntu/ros2_WS/src/install/ydlidar_ros2_driver/share/ydlidar_ros2_driver/environment/path.dsv
[1.010s] -- Up-to-date symlink: /home/ubuntu/ros2_WS/src/install/ydlidar_ros2_driver/share/ydlidar_ros2_driver/local_setup.bash
[1.011s] -- Up-to-date symlink: /home/ubuntu/ros2_WS/src/install/ydlidar_ros2_driver/share/ydlidar_ros2_driver/local_setup.sh
[1.014s] -- Up-to-date symlink: /home/ubuntu/ros2_WS/src/install/ydlidar_ros2_driver/share/ydlidar_ros2_driver/local_setup.zsh
[1.014s] -- Up-to-date symlink: /home/ubuntu/ros2_WS/src/install/ydlidar_ros2_driver/share/ydlidar_ros2_driver/local_setup.dsv
[1.014s] -- Symlinking: /home/ubuntu/ros2_WS/src/install/ydlidar_ros2_driver/share/ydlidar_ros2_driver/package.dsv
[1.021s] -- Up-to-date symlink: /home/ubuntu/ros2_WS/src/install/ydlidar_ros2_driver/share/ament_index/resource_index/packages/ydlidar_ros2_driver
[1.021s] -- Up-to-date symlink: /home/ubuntu/ros2_WS/src/install/ydlidar_ros2_driver/share/ydlidar_ros2_driver/cmake/ydlidar_ros2_driverConfig.cmake
[1.022s] -- Up-to-date symlink: /home/ubuntu/ros2_WS/src/install/ydlidar_ros2_driver/share/ydlidar_ros2_driver/cmake/ydlidar_ros2_driverConfig-version.cmake
[1.022s] -- Up-to-date symlink: /home/ubuntu/ros2_WS/src/install/ydlidar_ros2_driver/share/ydlidar_ros2_driver/package.xml
[1.030s] Invoked command in '/home/ubuntu/ros2_WS/src/build/ydlidar_ros2_driver' returned '0': CMAKE_PREFIX_PATH=${CMAKE_PREFIX_PATH}:/home/ubuntu/ros2_WS/src/install/ydlidar_tg15:/opt/ros/foxy /usr/bin/cmake --install /home/ubuntu/ros2_WS/src/build/ydlidar_ros2_driver
