[2.098s] DEBUG:colcon:Command line arguments: ['/usr/bin/colcon', 'build', '--symlink-install']
[2.098s] DEBUG:colcon:Parsed command line arguments: Namespace(allow_overriding=[], ament_cmake_args=None, base_paths=['.'], build_base='build', catkin_cmake_args=None, catkin_skip_building_tests=False, cmake_args=None, cmake_clean_cache=False, cmake_clean_first=False, cmake_force_configure=False, cmake_target=None, cmake_target_skip_unavailable=False, continue_on_error=False, event_handlers=None, executor='parallel', ignore_user_meta=False, install_base='install', log_base=None, log_level=None, main=<bound method BuildVerb.main of <colcon_core.verb.build.BuildVerb object at 0x7f668aec6fd0>>, merge_install=False, metas=['./colcon.meta'], packages_above=None, packages_above_and_dependencies=None, packages_above_depth=None, packages_end=None, packages_ignore=None, packages_ignore_regex=None, packages_select=None, packages_select_build_failed=False, packages_select_by_dep=None, packages_select_regex=None, packages_select_test_failures=False, packages_skip=None, packages_skip_build_finished=False, packages_skip_by_dep=None, packages_skip_regex=None, packages_skip_test_passed=False, packages_skip_up_to=None, packages_start=None, packages_up_to=None, packages_up_to_regex=None, parallel_workers=8, paths=None, symlink_install=True, test_result_base=None, verb_extension=<colcon_core.verb.build.BuildVerb object at 0x7f668aec6fd0>, verb_name='build', verb_parser=<colcon_defaults.argument_parser.defaults.DefaultArgumentsDecorator object at 0x7f668aed4d60>)
[2.192s] Level 1:colcon.colcon_core.package_discovery:discover_packages(colcon_meta) check parameters
[2.192s] Level 1:colcon.colcon_core.package_discovery:discover_packages(recursive) check parameters
[2.192s] Level 1:colcon.colcon_core.package_discovery:discover_packages(ignore) check parameters
[2.192s] Level 1:colcon.colcon_core.package_discovery:discover_packages(path) check parameters
[2.192s] Level 1:colcon.colcon_core.package_discovery:discover_packages(colcon_meta) discover
[2.192s] Level 1:colcon.colcon_core.package_discovery:discover_packages(recursive) discover
[2.192s] INFO:colcon.colcon_core.package_discovery:Crawling recursively for packages in '/home/ubuntu/ros2_WS'
[2.192s] Level 1:colcon.colcon_core.package_identification:_identify(.) by extensions ['ignore', 'ignore_ament_install']
[2.193s] Level 1:colcon.colcon_core.package_identification:_identify(.) by extension 'ignore'
[2.193s] Level 1:colcon.colcon_core.package_identification:_identify(.) by extension 'ignore_ament_install'
[2.193s] Level 1:colcon.colcon_core.package_identification:_identify(.) by extensions ['colcon_pkg']
[2.193s] Level 1:colcon.colcon_core.package_identification:_identify(.) by extension 'colcon_pkg'
[2.193s] Level 1:colcon.colcon_core.package_identification:_identify(.) by extensions ['colcon_meta']
[2.193s] Level 1:colcon.colcon_core.package_identification:_identify(.) by extension 'colcon_meta'
[2.193s] Level 1:colcon.colcon_core.package_identification:_identify(.) by extensions ['ros']
[2.193s] Level 1:colcon.colcon_core.package_identification:_identify(.) by extension 'ros'
[2.203s] Level 1:colcon.colcon_core.package_identification:_identify(.) by extensions ['cmake', 'python']
[2.204s] Level 1:colcon.colcon_core.package_identification:_identify(.) by extension 'cmake'
[2.204s] Level 1:colcon.colcon_core.package_identification:_identify(.) by extension 'python'
[2.204s] Level 1:colcon.colcon_core.package_identification:_identify(.) by extensions ['python_setup_py']
[2.204s] Level 1:colcon.colcon_core.package_identification:_identify(.) by extension 'python_setup_py'
[2.204s] Level 1:colcon.colcon_core.package_identification:_identify(build) by extensions ['ignore', 'ignore_ament_install']
[2.204s] Level 1:colcon.colcon_core.package_identification:_identify(build) by extension 'ignore'
[2.204s] Level 1:colcon.colcon_core.package_identification:_identify(build) ignored
[2.205s] Level 1:colcon.colcon_core.package_identification:_identify(install) by extensions ['ignore', 'ignore_ament_install']
[2.205s] Level 1:colcon.colcon_core.package_identification:_identify(install) by extension 'ignore'
[2.205s] Level 1:colcon.colcon_core.package_identification:_identify(install) ignored
[2.205s] Level 1:colcon.colcon_core.package_identification:_identify(log) by extensions ['ignore', 'ignore_ament_install']
[2.205s] Level 1:colcon.colcon_core.package_identification:_identify(log) by extension 'ignore'
[2.206s] Level 1:colcon.colcon_core.package_identification:_identify(log) ignored
[2.206s] Level 1:colcon.colcon_core.package_identification:_identify(src) by extensions ['ignore', 'ignore_ament_install']
[2.206s] Level 1:colcon.colcon_core.package_identification:_identify(src) by extension 'ignore'
[2.206s] Level 1:colcon.colcon_core.package_identification:_identify(src) by extension 'ignore_ament_install'
[2.206s] Level 1:colcon.colcon_core.package_identification:_identify(src) by extensions ['colcon_pkg']
[2.206s] Level 1:colcon.colcon_core.package_identification:_identify(src) by extension 'colcon_pkg'
[2.206s] Level 1:colcon.colcon_core.package_identification:_identify(src) by extensions ['colcon_meta']
[2.206s] Level 1:colcon.colcon_core.package_identification:_identify(src) by extension 'colcon_meta'
[2.206s] Level 1:colcon.colcon_core.package_identification:_identify(src) by extensions ['ros']
[2.206s] Level 1:colcon.colcon_core.package_identification:_identify(src) by extension 'ros'
[2.207s] Level 1:colcon.colcon_core.package_identification:_identify(src) by extensions ['cmake', 'python']
[2.207s] Level 1:colcon.colcon_core.package_identification:_identify(src) by extension 'cmake'
[2.207s] Level 1:colcon.colcon_core.package_identification:_identify(src) by extension 'python'
[2.207s] Level 1:colcon.colcon_core.package_identification:_identify(src) by extensions ['python_setup_py']
[2.207s] Level 1:colcon.colcon_core.package_identification:_identify(src) by extension 'python_setup_py'
[2.207s] Level 1:colcon.colcon_core.package_identification:_identify(src/YDLidar-SDK) by extensions ['ignore', 'ignore_ament_install']
[2.207s] Level 1:colcon.colcon_core.package_identification:_identify(src/YDLidar-SDK) by extension 'ignore'
[2.207s] Level 1:colcon.colcon_core.package_identification:_identify(src/YDLidar-SDK) by extension 'ignore_ament_install'
[2.208s] Level 1:colcon.colcon_core.package_identification:_identify(src/YDLidar-SDK) by extensions ['colcon_pkg']
[2.208s] Level 1:colcon.colcon_core.package_identification:_identify(src/YDLidar-SDK) by extension 'colcon_pkg'
[2.208s] Level 1:colcon.colcon_core.package_identification:_identify(src/YDLidar-SDK) by extensions ['colcon_meta']
[2.208s] Level 1:colcon.colcon_core.package_identification:_identify(src/YDLidar-SDK) by extension 'colcon_meta'
[2.208s] Level 1:colcon.colcon_core.package_identification:_identify(src/YDLidar-SDK) by extensions ['ros']
[2.208s] Level 1:colcon.colcon_core.package_identification:_identify(src/YDLidar-SDK) by extension 'ros'
[2.208s] Level 1:colcon.colcon_core.package_identification:_identify(src/YDLidar-SDK) by extensions ['cmake', 'python']
[2.208s] Level 1:colcon.colcon_core.package_identification:_identify(src/YDLidar-SDK) by extension 'cmake'
[2.235s] Level 1:colcon.colcon_core.package_identification:_identify(src/YDLidar-SDK) by extension 'python'
[2.235s] DEBUG:colcon.colcon_core.package_identification:Package 'src/YDLidar-SDK' with type 'cmake' and name 'ydlidar_sdk'
[2.235s] Level 1:colcon.colcon_core.package_identification:_identify(src/build) by extensions ['ignore', 'ignore_ament_install']
[2.235s] Level 1:colcon.colcon_core.package_identification:_identify(src/build) by extension 'ignore'
[2.236s] Level 1:colcon.colcon_core.package_identification:_identify(src/build) ignored
[2.236s] Level 1:colcon.colcon_core.package_identification:_identify(src/install) by extensions ['ignore', 'ignore_ament_install']
[2.236s] Level 1:colcon.colcon_core.package_identification:_identify(src/install) by extension 'ignore'
[2.236s] Level 1:colcon.colcon_core.package_identification:_identify(src/install) ignored
[2.236s] Level 1:colcon.colcon_core.package_identification:_identify(src/log) by extensions ['ignore', 'ignore_ament_install']
[2.236s] Level 1:colcon.colcon_core.package_identification:_identify(src/log) by extension 'ignore'
[2.236s] Level 1:colcon.colcon_core.package_identification:_identify(src/log) ignored
[2.236s] Level 1:colcon.colcon_core.package_identification:_identify(src/ydlidar_ros2_driver) by extensions ['ignore', 'ignore_ament_install']
[2.237s] Level 1:colcon.colcon_core.package_identification:_identify(src/ydlidar_ros2_driver) by extension 'ignore'
[2.237s] Level 1:colcon.colcon_core.package_identification:_identify(src/ydlidar_ros2_driver) by extension 'ignore_ament_install'
[2.237s] Level 1:colcon.colcon_core.package_identification:_identify(src/ydlidar_ros2_driver) by extensions ['colcon_pkg']
[2.237s] Level 1:colcon.colcon_core.package_identification:_identify(src/ydlidar_ros2_driver) by extension 'colcon_pkg'
[2.237s] Level 1:colcon.colcon_core.package_identification:_identify(src/ydlidar_ros2_driver) by extensions ['colcon_meta']
[2.237s] Level 1:colcon.colcon_core.package_identification:_identify(src/ydlidar_ros2_driver) by extension 'colcon_meta'
[2.237s] Level 1:colcon.colcon_core.package_identification:_identify(src/ydlidar_ros2_driver) by extensions ['ros']
[2.237s] Level 1:colcon.colcon_core.package_identification:_identify(src/ydlidar_ros2_driver) by extension 'ros'
[2.241s] DEBUG:colcon.colcon_core.package_identification:Package 'src/ydlidar_ros2_driver' with type 'ros.ament_cmake' and name 'ydlidar_ros2_driver'
[2.241s] Level 1:colcon.colcon_core.package_identification:_identify(src/ydlidar_tg15) by extensions ['ignore', 'ignore_ament_install']
[2.241s] Level 1:colcon.colcon_core.package_identification:_identify(src/ydlidar_tg15) by extension 'ignore'
[2.241s] Level 1:colcon.colcon_core.package_identification:_identify(src/ydlidar_tg15) by extension 'ignore_ament_install'
[2.241s] Level 1:colcon.colcon_core.package_identification:_identify(src/ydlidar_tg15) by extensions ['colcon_pkg']
[2.241s] Level 1:colcon.colcon_core.package_identification:_identify(src/ydlidar_tg15) by extension 'colcon_pkg'
[2.241s] Level 1:colcon.colcon_core.package_identification:_identify(src/ydlidar_tg15) by extensions ['colcon_meta']
[2.242s] Level 1:colcon.colcon_core.package_identification:_identify(src/ydlidar_tg15) by extension 'colcon_meta'
[2.242s] Level 1:colcon.colcon_core.package_identification:_identify(src/ydlidar_tg15) by extensions ['ros']
[2.242s] Level 1:colcon.colcon_core.package_identification:_identify(src/ydlidar_tg15) by extension 'ros'
[2.243s] DEBUG:colcon.colcon_core.package_identification:Package 'src/ydlidar_tg15' with type 'ros.ament_python' and name 'ydlidar_tg15'
[2.243s] Level 1:colcon.colcon_core.package_discovery:discover_packages(recursive) using defaults
[2.243s] Level 1:colcon.colcon_core.package_discovery:discover_packages(ignore) discover
[2.243s] Level 1:colcon.colcon_core.package_discovery:discover_packages(ignore) using defaults
[2.243s] Level 1:colcon.colcon_core.package_discovery:discover_packages(path) discover
[2.243s] Level 1:colcon.colcon_core.package_discovery:discover_packages(path) using defaults
[2.446s] Level 1:colcon.colcon_core.package_discovery:discover_packages(prefix_path) check parameters
[2.446s] Level 1:colcon.colcon_core.package_discovery:discover_packages(prefix_path) discover
[2.481s] WARNING:colcon.colcon_core.prefix_path.colcon:The path '/home/ubuntu/install' in the environment variable COLCON_PREFIX_PATH doesn't exist
[2.481s] WARNING:colcon.colcon_ros.prefix_path.ament:The path '/home/ubuntu/install/ydlidar_tg15' in the environment variable AMENT_PREFIX_PATH doesn't exist
[2.481s] WARNING:colcon.colcon_ros.prefix_path.ament:The path '/home/ubuntu/install/ydlidar_ros2_driver' in the environment variable AMENT_PREFIX_PATH doesn't exist
[2.482s] WARNING:colcon.colcon_ros.prefix_path.catkin:The path '/home/ubuntu/install/ydlidar_sdk' in the environment variable CMAKE_PREFIX_PATH doesn't exist
[2.482s] WARNING:colcon.colcon_ros.prefix_path.catkin:The path '/home/ubuntu/install/ydlidar_ros2_driver' in the environment variable CMAKE_PREFIX_PATH doesn't exist
[2.517s] DEBUG:colcon.colcon_installed_package_information.package_discovery:Found 3 installed packages in /home/ubuntu/ros2_WS/install
[2.557s] DEBUG:colcon.colcon_installed_package_information.package_discovery:Found 258 installed packages in /opt/ros/foxy
[2.558s] Level 1:colcon.colcon_core.package_discovery:discover_packages(prefix_path) using defaults
[2.696s] Level 5:colcon.colcon_core.verb:set package 'ydlidar_ros2_driver' build argument 'cmake_args' from command line to 'None'
[2.697s] Level 5:colcon.colcon_core.verb:set package 'ydlidar_ros2_driver' build argument 'cmake_target' from command line to 'None'
[2.697s] Level 5:colcon.colcon_core.verb:set package 'ydlidar_ros2_driver' build argument 'cmake_target_skip_unavailable' from command line to 'False'
[2.697s] Level 5:colcon.colcon_core.verb:set package 'ydlidar_ros2_driver' build argument 'cmake_clean_cache' from command line to 'False'
[2.697s] Level 5:colcon.colcon_core.verb:set package 'ydlidar_ros2_driver' build argument 'cmake_clean_first' from command line to 'False'
[2.697s] Level 5:colcon.colcon_core.verb:set package 'ydlidar_ros2_driver' build argument 'cmake_force_configure' from command line to 'False'
[2.697s] Level 5:colcon.colcon_core.verb:set package 'ydlidar_ros2_driver' build argument 'ament_cmake_args' from command line to 'None'
[2.697s] Level 5:colcon.colcon_core.verb:set package 'ydlidar_ros2_driver' build argument 'catkin_cmake_args' from command line to 'None'
[2.697s] Level 5:colcon.colcon_core.verb:set package 'ydlidar_ros2_driver' build argument 'catkin_skip_building_tests' from command line to 'False'
[2.697s] DEBUG:colcon.colcon_core.verb:Building package 'ydlidar_ros2_driver' with the following arguments: {'ament_cmake_args': None, 'build_base': '/home/ubuntu/ros2_WS/build/ydlidar_ros2_driver', 'catkin_cmake_args': None, 'catkin_skip_building_tests': False, 'cmake_args': None, 'cmake_clean_cache': False, 'cmake_clean_first': False, 'cmake_force_configure': False, 'cmake_target': None, 'cmake_target_skip_unavailable': False, 'install_base': '/home/ubuntu/ros2_WS/install/ydlidar_ros2_driver', 'merge_install': False, 'path': '/home/ubuntu/ros2_WS/src/ydlidar_ros2_driver', 'symlink_install': True, 'test_result_base': None}
[2.730s] Level 5:colcon.colcon_core.verb:set package 'ydlidar_sdk' build argument 'cmake_args' from command line to 'None'
[2.730s] Level 5:colcon.colcon_core.verb:set package 'ydlidar_sdk' build argument 'cmake_target' from command line to 'None'
[2.731s] Level 5:colcon.colcon_core.verb:set package 'ydlidar_sdk' build argument 'cmake_target_skip_unavailable' from command line to 'False'
[2.731s] Level 5:colcon.colcon_core.verb:set package 'ydlidar_sdk' build argument 'cmake_clean_cache' from command line to 'False'
[2.731s] Level 5:colcon.colcon_core.verb:set package 'ydlidar_sdk' build argument 'cmake_clean_first' from command line to 'False'
[2.731s] Level 5:colcon.colcon_core.verb:set package 'ydlidar_sdk' build argument 'cmake_force_configure' from command line to 'False'
[2.731s] Level 5:colcon.colcon_core.verb:set package 'ydlidar_sdk' build argument 'ament_cmake_args' from command line to 'None'
[2.731s] Level 5:colcon.colcon_core.verb:set package 'ydlidar_sdk' build argument 'catkin_cmake_args' from command line to 'None'
[2.731s] Level 5:colcon.colcon_core.verb:set package 'ydlidar_sdk' build argument 'catkin_skip_building_tests' from command line to 'False'
[2.731s] DEBUG:colcon.colcon_core.verb:Building package 'ydlidar_sdk' with the following arguments: {'ament_cmake_args': None, 'build_base': '/home/ubuntu/ros2_WS/build/ydlidar_sdk', 'catkin_cmake_args': None, 'catkin_skip_building_tests': False, 'cmake_args': None, 'cmake_clean_cache': False, 'cmake_clean_first': False, 'cmake_force_configure': False, 'cmake_target': None, 'cmake_target_skip_unavailable': False, 'install_base': '/home/ubuntu/ros2_WS/install/ydlidar_sdk', 'merge_install': False, 'path': '/home/ubuntu/ros2_WS/src/YDLidar-SDK', 'symlink_install': True, 'test_result_base': None}
[2.770s] Level 5:colcon.colcon_core.verb:set package 'ydlidar_tg15' build argument 'cmake_args' from command line to 'None'
[2.770s] Level 5:colcon.colcon_core.verb:set package 'ydlidar_tg15' build argument 'cmake_target' from command line to 'None'
[2.770s] Level 5:colcon.colcon_core.verb:set package 'ydlidar_tg15' build argument 'cmake_target_skip_unavailable' from command line to 'False'
[2.770s] Level 5:colcon.colcon_core.verb:set package 'ydlidar_tg15' build argument 'cmake_clean_cache' from command line to 'False'
[2.770s] Level 5:colcon.colcon_core.verb:set package 'ydlidar_tg15' build argument 'cmake_clean_first' from command line to 'False'
[2.770s] Level 5:colcon.colcon_core.verb:set package 'ydlidar_tg15' build argument 'cmake_force_configure' from command line to 'False'
[2.770s] Level 5:colcon.colcon_core.verb:set package 'ydlidar_tg15' build argument 'ament_cmake_args' from command line to 'None'
[2.770s] Level 5:colcon.colcon_core.verb:set package 'ydlidar_tg15' build argument 'catkin_cmake_args' from command line to 'None'
[2.770s] Level 5:colcon.colcon_core.verb:set package 'ydlidar_tg15' build argument 'catkin_skip_building_tests' from command line to 'False'
[2.770s] DEBUG:colcon.colcon_core.verb:Building package 'ydlidar_tg15' with the following arguments: {'ament_cmake_args': None, 'build_base': '/home/ubuntu/ros2_WS/build/ydlidar_tg15', 'catkin_cmake_args': None, 'catkin_skip_building_tests': False, 'cmake_args': None, 'cmake_clean_cache': False, 'cmake_clean_first': False, 'cmake_force_configure': False, 'cmake_target': None, 'cmake_target_skip_unavailable': False, 'install_base': '/home/ubuntu/ros2_WS/install/ydlidar_tg15', 'merge_install': False, 'path': '/home/ubuntu/ros2_WS/src/ydlidar_tg15', 'symlink_install': True, 'test_result_base': None}
[2.807s] INFO:colcon.colcon_core.executor:Executing jobs using 'parallel' executor
[2.848s] DEBUG:colcon.colcon_parallel_executor.executor.parallel:run_until_complete
[2.848s] INFO:colcon.colcon_ros.task.ament_cmake.build:Building ROS package in '/home/ubuntu/ros2_WS/src/ydlidar_ros2_driver' with build type 'ament_cmake'
[2.849s] INFO:colcon.colcon_cmake.task.cmake.build:Building CMake package in '/home/ubuntu/ros2_WS/src/ydlidar_ros2_driver'
[2.894s] INFO:colcon.colcon_core.plugin_system:Skipping extension 'colcon_core.shell.bat': Not used on non-Windows systems
[2.894s] INFO:colcon.colcon_core.shell:Skip shell extension 'powershell' for command environment: Not usable outside of PowerShell
[2.894s] DEBUG:colcon.colcon_core.shell:Skip shell extension 'dsv' for command environment
[3.006s] INFO:colcon.colcon_cmake.task.cmake.build:Building CMake package in '/home/ubuntu/ros2_WS/src/YDLidar-SDK'
[3.048s] INFO:colcon.colcon_core.shell:Skip shell extension 'powershell' for command environment: Not usable outside of PowerShell
[3.048s] DEBUG:colcon.colcon_core.shell:Skip shell extension 'dsv' for command environment
[3.165s] INFO:colcon.colcon_ros.task.ament_python.build:Building ROS package in '/home/ubuntu/ros2_WS/src/ydlidar_tg15' with build type 'ament_python'
[3.165s] Level 1:colcon.colcon_core.shell:create_environment_hook('ydlidar_tg15', 'ament_prefix_path')
[3.202s] INFO:colcon.colcon_core.shell:Creating environment hook '/home/ubuntu/ros2_WS/install/ydlidar_tg15/share/ydlidar_tg15/hook/ament_prefix_path.ps1'
[3.202s] INFO:colcon.colcon_core.shell:Creating environment descriptor '/home/ubuntu/ros2_WS/install/ydlidar_tg15/share/ydlidar_tg15/hook/ament_prefix_path.dsv'
[3.203s] INFO:colcon.colcon_core.shell:Creating environment hook '/home/ubuntu/ros2_WS/install/ydlidar_tg15/share/ydlidar_tg15/hook/ament_prefix_path.sh'
[3.239s] INFO:colcon.colcon_core.shell:Skip shell extension 'powershell' for command environment: Not usable outside of PowerShell
[3.239s] DEBUG:colcon.colcon_core.shell:Skip shell extension 'dsv' for command environment
[3.363s] DEBUG:colcon.colcon_core.event_handler.log_command:Invoking command in '/home/ubuntu/ros2_WS/build/ydlidar_ros2_driver': CMAKE_PREFIX_PATH=${CMAKE_PREFIX_PATH}:/home/ubuntu/install/ydlidar_tg15:/opt/ros/foxy /usr/bin/cmake --build /home/ubuntu/ros2_WS/build/ydlidar_ros2_driver -- -j8 -l8
[3.369s] DEBUG:colcon.colcon_core.event_handler.log_command:Invoking command in '/home/ubuntu/ros2_WS/build/ydlidar_sdk': /usr/bin/cmake --build /home/ubuntu/ros2_WS/build/ydlidar_sdk -- -j8 -l8
[3.661s] INFO:colcon.colcon_core.task.python.build:Building Python package in '/home/ubuntu/ros2_WS/src/ydlidar_tg15'
[3.703s] INFO:colcon.colcon_core.shell:Skip shell extension 'powershell' for command environment: Not usable outside of PowerShell
[3.703s] DEBUG:colcon.colcon_core.shell:Skip shell extension 'dsv' for command environment
[3.848s] DEBUG:colcon.colcon_core.event_handler.log_command:Invoked command in '/home/ubuntu/ros2_WS/build/ydlidar_ros2_driver' returned '0': CMAKE_PREFIX_PATH=${CMAKE_PREFIX_PATH}:/home/ubuntu/install/ydlidar_tg15:/opt/ros/foxy /usr/bin/cmake --build /home/ubuntu/ros2_WS/build/ydlidar_ros2_driver -- -j8 -l8
[3.851s] DEBUG:colcon.colcon_core.event_handler.log_command:Invoked command in '/home/ubuntu/ros2_WS/build/ydlidar_sdk' returned '0': /usr/bin/cmake --build /home/ubuntu/ros2_WS/build/ydlidar_sdk -- -j8 -l8
[3.888s] DEBUG:colcon.colcon_core.event_handler.log_command:Invoking command in '/home/ubuntu/ros2_WS/build/ydlidar_ros2_driver': CMAKE_PREFIX_PATH=${CMAKE_PREFIX_PATH}:/home/ubuntu/install/ydlidar_tg15:/opt/ros/foxy /usr/bin/cmake --install /home/ubuntu/ros2_WS/build/ydlidar_ros2_driver
[3.919s] DEBUG:colcon.colcon_core.event_handler.log_command:Invoking command in '/home/ubuntu/ros2_WS/build/ydlidar_sdk': /usr/bin/cmake --install /home/ubuntu/ros2_WS/build/ydlidar_sdk
[3.933s] Level 1:colcon.colcon_core.environment:create_environment_scripts_only(ydlidar_ros2_driver)
[3.941s] DEBUG:colcon.colcon_core.event_handler.log_command:Invoked command in '/home/ubuntu/ros2_WS/build/ydlidar_ros2_driver' returned '0': CMAKE_PREFIX_PATH=${CMAKE_PREFIX_PATH}:/home/ubuntu/install/ydlidar_tg15:/opt/ros/foxy /usr/bin/cmake --install /home/ubuntu/ros2_WS/build/ydlidar_ros2_driver
[4.020s] Level 1:colcon.colcon_core.environment:checking '/home/ubuntu/ros2_WS/install/ydlidar_ros2_driver' for CMake module files
[4.021s] Level 1:colcon.colcon_core.environment:checking '/home/ubuntu/ros2_WS/install/ydlidar_ros2_driver' for CMake config files
[4.021s] Level 1:colcon.colcon_core.shell:create_environment_hook('ydlidar_ros2_driver', 'cmake_prefix_path')
[4.062s] INFO:colcon.colcon_core.shell:Creating environment hook '/home/ubuntu/ros2_WS/install/ydlidar_ros2_driver/share/ydlidar_ros2_driver/hook/cmake_prefix_path.ps1'
[4.063s] INFO:colcon.colcon_core.shell:Creating environment descriptor '/home/ubuntu/ros2_WS/install/ydlidar_ros2_driver/share/ydlidar_ros2_driver/hook/cmake_prefix_path.dsv'
[4.064s] INFO:colcon.colcon_core.shell:Creating environment hook '/home/ubuntu/ros2_WS/install/ydlidar_ros2_driver/share/ydlidar_ros2_driver/hook/cmake_prefix_path.sh'
[4.065s] Level 1:colcon.colcon_core.environment:checking '/home/ubuntu/ros2_WS/install/ydlidar_ros2_driver/lib'
[4.065s] Level 1:colcon.colcon_core.environment:checking '/home/ubuntu/ros2_WS/install/ydlidar_ros2_driver/bin'
[4.065s] Level 1:colcon.colcon_core.environment:checking '/home/ubuntu/ros2_WS/install/ydlidar_ros2_driver/lib/pkgconfig/ydlidar_ros2_driver.pc'
[4.065s] Level 1:colcon.colcon_core.environment:checking '/home/ubuntu/ros2_WS/install/ydlidar_ros2_driver/lib/python3.8/site-packages'
[4.066s] Level 1:colcon.colcon_core.environment:checking '/home/ubuntu/ros2_WS/install/ydlidar_ros2_driver/bin'
[4.111s] INFO:colcon.colcon_core.shell:Creating package script '/home/ubuntu/ros2_WS/install/ydlidar_ros2_driver/share/ydlidar_ros2_driver/package.ps1'
[4.112s] INFO:colcon.colcon_core.shell:Creating package descriptor '/home/ubuntu/ros2_WS/install/ydlidar_ros2_driver/share/ydlidar_ros2_driver/package.dsv'
[4.112s] INFO:colcon.colcon_core.shell:Creating package script '/home/ubuntu/ros2_WS/install/ydlidar_ros2_driver/share/ydlidar_ros2_driver/package.sh'
[4.113s] INFO:colcon.colcon_core.shell:Creating package script '/home/ubuntu/ros2_WS/install/ydlidar_ros2_driver/share/ydlidar_ros2_driver/package.bash'
[4.114s] INFO:colcon.colcon_core.shell:Creating package script '/home/ubuntu/ros2_WS/install/ydlidar_ros2_driver/share/ydlidar_ros2_driver/package.zsh'
[4.114s] Level 1:colcon.colcon_core.environment:create_file_with_runtime_dependencies(/home/ubuntu/ros2_WS/install/ydlidar_ros2_driver/share/colcon-core/packages/ydlidar_ros2_driver)
[4.118s] Level 1:colcon.colcon_core.environment:create_environment_scripts_only(ydlidar_sdk)
[4.119s] DEBUG:colcon.colcon_core.event_handler.log_command:Invoked command in '/home/ubuntu/ros2_WS/build/ydlidar_sdk' returned '0': /usr/bin/cmake --install /home/ubuntu/ros2_WS/build/ydlidar_sdk
[4.167s] Level 1:colcon.colcon_core.environment:checking '/home/ubuntu/ros2_WS/install/ydlidar_sdk' for CMake module files
[4.167s] Level 1:colcon.colcon_core.environment:checking '/home/ubuntu/ros2_WS/install/ydlidar_sdk' for CMake config files
[4.167s] Level 1:colcon.colcon_core.shell:create_environment_hook('ydlidar_sdk', 'cmake_prefix_path')
[4.212s] INFO:colcon.colcon_core.shell:Creating environment hook '/home/ubuntu/ros2_WS/install/ydlidar_sdk/share/ydlidar_sdk/hook/cmake_prefix_path.ps1'
[4.212s] INFO:colcon.colcon_core.shell:Creating environment descriptor '/home/ubuntu/ros2_WS/install/ydlidar_sdk/share/ydlidar_sdk/hook/cmake_prefix_path.dsv'
[4.213s] INFO:colcon.colcon_core.shell:Creating environment hook '/home/ubuntu/ros2_WS/install/ydlidar_sdk/share/ydlidar_sdk/hook/cmake_prefix_path.sh'
[4.213s] Level 1:colcon.colcon_core.environment:checking '/home/ubuntu/ros2_WS/install/ydlidar_sdk/lib'
[4.213s] Level 1:colcon.colcon_core.environment:checking '/home/ubuntu/ros2_WS/install/ydlidar_sdk/bin'
[4.214s] Level 1:colcon.colcon_core.shell:create_environment_hook('ydlidar_sdk', 'path')
[4.254s] INFO:colcon.colcon_core.shell:Creating environment hook '/home/ubuntu/ros2_WS/install/ydlidar_sdk/share/ydlidar_sdk/hook/path.ps1'
[4.255s] INFO:colcon.colcon_core.shell:Creating environment descriptor '/home/ubuntu/ros2_WS/install/ydlidar_sdk/share/ydlidar_sdk/hook/path.dsv'
[4.255s] INFO:colcon.colcon_core.shell:Creating environment hook '/home/ubuntu/ros2_WS/install/ydlidar_sdk/share/ydlidar_sdk/hook/path.sh'
[4.256s] Level 1:colcon.colcon_core.environment:checking '/home/ubuntu/ros2_WS/install/ydlidar_sdk/lib/pkgconfig/ydlidar_sdk.pc'
[4.256s] Level 1:colcon.colcon_core.environment:checking '/home/ubuntu/ros2_WS/install/ydlidar_sdk/lib/python3.8/site-packages'
[4.256s] Level 1:colcon.colcon_core.environment:checking '/home/ubuntu/ros2_WS/install/ydlidar_sdk/bin'
[4.257s] Level 1:colcon.colcon_core.shell:create_environment_hook('ydlidar_sdk', 'pythonscriptspath')
[4.302s] INFO:colcon.colcon_core.shell:Creating environment hook '/home/ubuntu/ros2_WS/install/ydlidar_sdk/share/ydlidar_sdk/hook/pythonscriptspath.ps1'
[4.303s] INFO:colcon.colcon_core.shell:Creating environment descriptor '/home/ubuntu/ros2_WS/install/ydlidar_sdk/share/ydlidar_sdk/hook/pythonscriptspath.dsv'
[4.303s] INFO:colcon.colcon_core.shell:Creating environment hook '/home/ubuntu/ros2_WS/install/ydlidar_sdk/share/ydlidar_sdk/hook/pythonscriptspath.sh'
[4.345s] INFO:colcon.colcon_core.shell:Creating package script '/home/ubuntu/ros2_WS/install/ydlidar_sdk/share/ydlidar_sdk/package.ps1'
[4.345s] INFO:colcon.colcon_core.shell:Creating package descriptor '/home/ubuntu/ros2_WS/install/ydlidar_sdk/share/ydlidar_sdk/package.dsv'
[4.346s] INFO:colcon.colcon_core.shell:Creating package script '/home/ubuntu/ros2_WS/install/ydlidar_sdk/share/ydlidar_sdk/package.sh'
[4.347s] INFO:colcon.colcon_core.shell:Creating package script '/home/ubuntu/ros2_WS/install/ydlidar_sdk/share/ydlidar_sdk/package.bash'
[4.347s] INFO:colcon.colcon_core.shell:Creating package script '/home/ubuntu/ros2_WS/install/ydlidar_sdk/share/ydlidar_sdk/package.zsh'
[4.348s] Level 1:colcon.colcon_core.environment:create_file_with_runtime_dependencies(/home/ubuntu/ros2_WS/install/ydlidar_sdk/share/colcon-core/packages/ydlidar_sdk)
[4.398s] Level 1:colcon.colcon_core.environment:create_environment_scripts_only(ydlidar_ros2_driver)
[4.433s] Level 1:colcon.colcon_core.environment:checking '/home/ubuntu/ros2_WS/install/ydlidar_ros2_driver' for CMake module files
[4.434s] Level 1:colcon.colcon_core.environment:checking '/home/ubuntu/ros2_WS/install/ydlidar_ros2_driver' for CMake config files
[4.434s] Level 1:colcon.colcon_core.shell:create_environment_hook('ydlidar_ros2_driver', 'cmake_prefix_path')
[4.470s] INFO:colcon.colcon_core.shell:Creating environment hook '/home/ubuntu/ros2_WS/install/ydlidar_ros2_driver/share/ydlidar_ros2_driver/hook/cmake_prefix_path.ps1'
[4.471s] INFO:colcon.colcon_core.shell:Creating environment descriptor '/home/ubuntu/ros2_WS/install/ydlidar_ros2_driver/share/ydlidar_ros2_driver/hook/cmake_prefix_path.dsv'
[4.471s] INFO:colcon.colcon_core.shell:Creating environment hook '/home/ubuntu/ros2_WS/install/ydlidar_ros2_driver/share/ydlidar_ros2_driver/hook/cmake_prefix_path.sh'
[4.471s] Level 1:colcon.colcon_core.environment:checking '/home/ubuntu/ros2_WS/install/ydlidar_ros2_driver/lib'
[4.472s] Level 1:colcon.colcon_core.environment:checking '/home/ubuntu/ros2_WS/install/ydlidar_ros2_driver/bin'
[4.472s] Level 1:colcon.colcon_core.environment:checking '/home/ubuntu/ros2_WS/install/ydlidar_ros2_driver/lib/pkgconfig/ydlidar_ros2_driver.pc'
[4.472s] Level 1:colcon.colcon_core.environment:checking '/home/ubuntu/ros2_WS/install/ydlidar_ros2_driver/lib/python3.8/site-packages'
[4.472s] Level 1:colcon.colcon_core.environment:checking '/home/ubuntu/ros2_WS/install/ydlidar_ros2_driver/bin'
[4.514s] INFO:colcon.colcon_core.shell:Creating package script '/home/ubuntu/ros2_WS/install/ydlidar_ros2_driver/share/ydlidar_ros2_driver/package.ps1'
[4.514s] INFO:colcon.colcon_core.shell:Creating package descriptor '/home/ubuntu/ros2_WS/install/ydlidar_ros2_driver/share/ydlidar_ros2_driver/package.dsv'
[4.515s] INFO:colcon.colcon_core.shell:Creating package script '/home/ubuntu/ros2_WS/install/ydlidar_ros2_driver/share/ydlidar_ros2_driver/package.sh'
[4.515s] INFO:colcon.colcon_core.shell:Creating package script '/home/ubuntu/ros2_WS/install/ydlidar_ros2_driver/share/ydlidar_ros2_driver/package.bash'
[4.516s] INFO:colcon.colcon_core.shell:Creating package script '/home/ubuntu/ros2_WS/install/ydlidar_ros2_driver/share/ydlidar_ros2_driver/package.zsh'
[4.516s] Level 1:colcon.colcon_core.environment:create_file_with_runtime_dependencies(/home/ubuntu/ros2_WS/install/ydlidar_ros2_driver/share/colcon-core/packages/ydlidar_ros2_driver)
[4.521s] DEBUG:colcon.colcon_core.event_handler.log_command:Invoking command in '/home/ubuntu/ros2_WS/build/ydlidar_tg15': PYTHONPATH=/home/ubuntu/ros2_WS/build/ydlidar_tg15/prefix_override:/home/ubuntu/ros2_WS/install/ydlidar_tg15/lib/python3.8/site-packages:${PYTHONPATH} /usr/bin/python3 setup.py develop --editable --build-directory /home/ubuntu/ros2_WS/build/ydlidar_tg15/build --no-deps install_data
[4.958s] Level 1:colcon.colcon_core.shell:create_environment_hook('ydlidar_tg15', 'pythonpath_develop')
[4.959s] DEBUG:colcon.colcon_core.event_handler.log_command:Invoked command in '/home/ubuntu/ros2_WS/build/ydlidar_tg15' returned '0': PYTHONPATH=/home/ubuntu/ros2_WS/build/ydlidar_tg15/prefix_override:/home/ubuntu/ros2_WS/install/ydlidar_tg15/lib/python3.8/site-packages:${PYTHONPATH} /usr/bin/python3 setup.py develop --editable --build-directory /home/ubuntu/ros2_WS/build/ydlidar_tg15/build --no-deps install_data
[4.995s] INFO:colcon.colcon_core.shell:Creating environment hook '/home/ubuntu/ros2_WS/build/ydlidar_tg15/share/ydlidar_tg15/hook/pythonpath_develop.ps1'
[4.996s] INFO:colcon.colcon_core.shell:Creating environment descriptor '/home/ubuntu/ros2_WS/build/ydlidar_tg15/share/ydlidar_tg15/hook/pythonpath_develop.dsv'
[4.996s] INFO:colcon.colcon_core.shell:Creating environment hook '/home/ubuntu/ros2_WS/build/ydlidar_tg15/share/ydlidar_tg15/hook/pythonpath_develop.sh'
[5.035s] Level 1:colcon.colcon_core.environment:checking '/home/ubuntu/ros2_WS/install/ydlidar_tg15' for CMake module files
[5.035s] Level 1:colcon.colcon_core.environment:checking '/home/ubuntu/ros2_WS/install/ydlidar_tg15' for CMake config files
[5.036s] Level 1:colcon.colcon_core.environment:checking '/home/ubuntu/ros2_WS/install/ydlidar_tg15/lib'
[5.036s] Level 1:colcon.colcon_core.environment:checking '/home/ubuntu/ros2_WS/install/ydlidar_tg15/bin'
[5.036s] Level 1:colcon.colcon_core.environment:checking '/home/ubuntu/ros2_WS/install/ydlidar_tg15/lib/pkgconfig/ydlidar_tg15.pc'
[5.036s] Level 1:colcon.colcon_core.environment:checking '/home/ubuntu/ros2_WS/install/ydlidar_tg15/lib/python3.8/site-packages'
[5.036s] Level 1:colcon.colcon_core.shell:create_environment_hook('ydlidar_tg15', 'pythonpath')
[5.071s] INFO:colcon.colcon_core.shell:Creating environment hook '/home/ubuntu/ros2_WS/install/ydlidar_tg15/share/ydlidar_tg15/hook/pythonpath.ps1'
[5.072s] INFO:colcon.colcon_core.shell:Creating environment descriptor '/home/ubuntu/ros2_WS/install/ydlidar_tg15/share/ydlidar_tg15/hook/pythonpath.dsv'
[5.072s] INFO:colcon.colcon_core.shell:Creating environment hook '/home/ubuntu/ros2_WS/install/ydlidar_tg15/share/ydlidar_tg15/hook/pythonpath.sh'
[5.073s] Level 1:colcon.colcon_core.environment:checking '/home/ubuntu/ros2_WS/install/ydlidar_tg15/bin'
[5.073s] Level 1:colcon.colcon_core.environment:create_environment_scripts_only(ydlidar_tg15)
[5.111s] INFO:colcon.colcon_core.shell:Creating package script '/home/ubuntu/ros2_WS/install/ydlidar_tg15/share/ydlidar_tg15/package.ps1'
[5.111s] INFO:colcon.colcon_core.shell:Creating package descriptor '/home/ubuntu/ros2_WS/install/ydlidar_tg15/share/ydlidar_tg15/package.dsv'
[5.112s] INFO:colcon.colcon_core.shell:Creating package script '/home/ubuntu/ros2_WS/install/ydlidar_tg15/share/ydlidar_tg15/package.sh'
[5.112s] INFO:colcon.colcon_core.shell:Creating package script '/home/ubuntu/ros2_WS/install/ydlidar_tg15/share/ydlidar_tg15/package.bash'
[5.112s] INFO:colcon.colcon_core.shell:Creating package script '/home/ubuntu/ros2_WS/install/ydlidar_tg15/share/ydlidar_tg15/package.zsh'
[5.113s] Level 1:colcon.colcon_core.environment:create_file_with_runtime_dependencies(/home/ubuntu/ros2_WS/install/ydlidar_tg15/share/colcon-core/packages/ydlidar_tg15)
[5.113s] DEBUG:colcon.colcon_parallel_executor.executor.parallel:closing loop
[5.113s] DEBUG:colcon.colcon_parallel_executor.executor.parallel:loop closed
[5.113s] DEBUG:colcon.colcon_parallel_executor.executor.parallel:run_until_complete finished with '0'
[5.113s] DEBUG:colcon.colcon_core.event_reactor:joining thread
[5.153s] INFO:colcon.colcon_core.plugin_system:Skipping extension 'colcon_notification.desktop_notification.terminal_notifier': Not used on non-Darwin systems
[5.153s] INFO:colcon.colcon_core.plugin_system:Skipping extension 'colcon_notification.desktop_notification.win32': Not used on non-Windows systems
[5.153s] INFO:colcon.colcon_notification.desktop_notification:Sending desktop notification using 'notify2'
[5.161s] DEBUG:colcon.colcon_core.event_reactor:joined thread
[5.197s] INFO:colcon.colcon_core.shell:Creating prefix script '/home/ubuntu/ros2_WS/install/local_setup.ps1'
[5.198s] INFO:colcon.colcon_core.shell:Creating prefix util module '/home/ubuntu/ros2_WS/install/_local_setup_util_ps1.py'
[5.199s] INFO:colcon.colcon_core.shell:Creating prefix chain script '/home/ubuntu/ros2_WS/install/setup.ps1'
[5.239s] INFO:colcon.colcon_core.shell:Creating prefix script '/home/ubuntu/ros2_WS/install/local_setup.sh'
[5.240s] INFO:colcon.colcon_core.shell:Creating prefix util module '/home/ubuntu/ros2_WS/install/_local_setup_util_sh.py'
[5.241s] INFO:colcon.colcon_core.shell:Creating prefix chain script '/home/ubuntu/ros2_WS/install/setup.sh'
[5.276s] INFO:colcon.colcon_core.shell:Creating prefix script '/home/ubuntu/ros2_WS/install/local_setup.bash'
[5.277s] INFO:colcon.colcon_core.shell:Creating prefix chain script '/home/ubuntu/ros2_WS/install/setup.bash'
[5.316s] INFO:colcon.colcon_core.shell:Creating prefix script '/home/ubuntu/ros2_WS/install/local_setup.zsh'
[5.316s] INFO:colcon.colcon_core.shell:Creating prefix chain script '/home/ubuntu/ros2_WS/install/setup.zsh'
